00:00:11 <medos> http://minus.com/mXVs41HSmjLhY
00:00:16 <medos> best photo album title ever
00:00:20 <medos> also: helpful
00:00:26 <TheWhisper> hahah
00:00:52 <TheWhisper> Oh wow
00:00:53 <TheWhisper> http://i.minus.com/jnUWTlEAu09Mh.jpg
00:00:55 <TheWhisper> that looks so sexy
00:01:02 <TheWhisper> I don't even know what it is
00:01:05 <TheWhisper> Oh, telescope
00:01:29 <medos> replicate the lens gradient
00:01:29 <medos> go
00:01:51 <TheWhisper> I see
00:01:53 <TheWhisper> dark red
00:01:55 <TheWhisper> red
00:02:01 <TheWhisper> purple
00:02:01 <TheWhisper> pink
00:02:08 <TheWhisper> ^ good enough?
00:02:13 <medos> nope
00:02:17 <medos> horribly off
00:03:25 <TheWhisper> ;(
00:03:42 <TheWhisper> fine gimme a sec
00:03:43 <TheWhisper> BRO
00:03:55 <TheWhisper> fucking fuck why is this site not working
00:12:27 <medos> so?
00:15:35 <medos> http://i.imgur.com/r5DcM.png
00:15:46 <medos> where's yours?
00:17:18 <TheWhisper> http://i.imgur.com/JQzN5.jpg
00:17:32 <medos> show me your gradient slider
00:17:35 <TheWhisper> k
00:17:45 <TheWhisper> http://i.imgur.com/1XMyG.png
00:17:49 <TheWhisper> I also had
00:18:00 <TheWhisper> http://i.imgur.com/INlm1.png brush that i blurred
00:18:06 <TheWhisper> to get a little bit of darkness there
00:18:12 <TheWhisper> that i couldn't get on the gradient
00:18:28 <TheWhisper> hm let's judge whose was better
00:18:33 <TheWhisper> nazbot
00:18:35 <TheWhisper> you here?
00:18:50 <medos> no
00:18:52 <medos> show
00:18:52 <medos> me
00:18:53 <medos> your
00:18:55 <medos> gradient
00:18:56 <medos> slider
00:19:00 <TheWhisper> ?
00:19:03 <TheWhisper> Didn't I just do that?
00:19:08 <TheWhisper> http://i.imgur.com/INlm1.png
00:19:11 <TheWhisper> i mean
00:19:12 <TheWhisper> http://i.imgur.com/1XMyG.png
00:19:13 <TheWhisper> ?
00:19:14 <medos> oops
00:19:16 <medos> you did
00:19:16 <TheWhisper> That's the gradient slider?
00:19:18 <medos> didn't see
00:19:18 <TheWhisper> :P
00:19:21 <medos> http://i.imgur.com/czVGx.png
00:19:26 <medos> yours is pretty fucking horrible
00:19:46 <TheWhisper> Compared to yours?
00:19:47 <medos> because that's one color being reflected
00:19:49 <medos> yeah
00:19:53 <medos> you did a color gradient
00:20:04 <medos> a lens is not a fucking color gradient lol
00:20:16 <medos> technically it replicates well
00:20:20 <TheWhisper> Hm
00:20:25 <medos> in theory you fucked up
00:21:12 <TheWhisper> Yeah. Technically mine looks like super close
00:21:12 <medos> http://i.imgur.com/3Yw1X.png
00:21:23 <TheWhisper> But I see what you mean
00:21:25 <TheWhisper> Find the color of the lense
00:21:32 <TheWhisper> and then go darker/lighter from that
00:21:45 <TheWhisper> but you used greys
00:21:51 <medos> nope
00:21:58 <TheWhisper> ?
00:22:01 <medos> black at opacity
00:22:07 <medos> 20 or 60 or 40 or 69
00:22:09 <TheWhisper> yeah, same thing though
00:22:13 <TheWhisper> Aren't you not supposed to do that
00:22:29 <TheWhisper> Aren't you supposed to use different saturations/values of the base color?
00:22:29 <medos> no
00:22:32 <medos> not the same thing
00:22:38 <medos> http://i.imgur.com/EqUeC.png
00:22:56 <EDSGD> I went shopping :3
00:23:00 <EDSGD> ;3
00:23:00 <TheWhisper> yeah
00:23:01 <TheWhisper> but
00:23:05 <medos> but
00:23:07 <TheWhisper> How is that not the same thing?
00:23:20 <TheWhisper> You put low opacity blacks
00:23:25 <TheWhisper> over a pink or w.e
00:23:51 <medos> http://i.imgur.com/yQfDb.png
00:23:58 <medos> does this look like the same thing to you?
00:24:05 <medos> i switched 69 opacity black
00:24:14 <medos> with 69%black at 100% opacity
00:24:33 <TheWhisper> Ohhhh
00:25:12 <TheWhisper> I see
00:25:15 <TheWhisper> ish
00:25:44 <medos> if you have a green tshirt
00:25:48 <medos> and shade that green tshirt
00:25:51 <medos> and want it in blue
00:26:01 <medos> your approach fucks up
00:26:04 <medos> mine just changes color
00:26:07 <TheWhisper> Brb putting something in the oven
00:27:04 <EDSGD> ooooohhhhhh
00:27:22 <EDSGD> medos and creative brief template?
00:27:25 <EDSGD> *any
00:28:08 <medos> make an image not using text or photos
00:28:10 <medos> :P
00:28:22 <EDSGD> lol
00:28:26 <TheWhisper> okay back
00:28:26 <EDSGD> you know what I mean.
00:28:29 <EDSGD> :p
00:28:54 <TheWhisper> Make an image without using anything that will stimulate a human's retina
00:29:28 <TheWhisper> edsgd http://www.therumble2012.com/index.html
00:29:38 <TheWhisper> I'm trying to watch this but the order page is down lol
00:29:42 <TheWhisper> Too many people, I guess
00:30:57 <EDSGD> Why'd you link me to that?
00:33:33 <medos> because he's not able to do http://i.imgur.com/X6Kit.png
00:34:00 <EDSGD> Use gradients in photoshop?
00:34:33 <medos> no, replicate light reflections
00:35:05 <EDSGD> LOL. It comes with practice. 
00:35:13 <EDSGD> One can't just do it.
00:35:55 <medos> :P
00:36:23 <EDSGD> Found one of my creative briefs YAY!
00:36:33 <EDSGD> now just to rework it 
00:36:34 <EDSGD> :D
00:41:02 <TheWhisper> lol
00:41:03 <TheWhisper> edsgd
00:41:03 <TheWhisper> wait
00:41:15 <TheWhisper> edsgddddddd
00:42:18 <TheWhisper> nvm
00:49:09 <EDSGD> Computer went stupid for a cool second.
00:56:18 <TheWhisper> Uncool
01:07:36 <medos> run some more local sql servers
01:11:15 <EDSGD> LOL
01:12:00 <EDSGD> medos a bit better?
01:12:14 <EDSGD> fonts fo numbahs
01:12:16 <medos> what is?
01:12:22 <medos> where?
01:12:25 <medos> dropbox?
01:12:30 <medos> i aint got that running atm
01:12:41 <EDSGD> LOL sorry http://i.imgur.com/ZyREf.png
01:13:08 <medos> more businesslike-readable
01:13:12 <medos> so definitely better
01:13:17 <EDSGD> YAY! :)
01:16:42 <medos> i also lost my cigarettes
01:17:33 <EDSGD> LOL
01:17:53 <EDSGD> Damn its been a while since I've been killing my lungs
01:17:54 <EDSGD> :(
01:19:27 <medos> just breathe
01:19:41 <medos> 60-80 years you'll be gone
01:20:21 <medos> killing yo lungs a second at a time
01:20:24 <medos> found my cigarettes
01:20:30 <medos> manual shading is tricky
01:21:36 <medos> fact: breathing kills any human being after X amount of time passed
01:23:33 <medos> fact: promoting a bugged iphone application which costs 00 dollars and then updating with a fix, killing every free users unlimited item feature
01:23:36 <medos> kills ratings
01:24:07 <TheWhisper> ;(
01:24:15 <TheWhisper> edsgd numbers are better
01:24:16 <TheWhisper> but 
01:24:41 <TheWhisper> http://i.imgur.com/TUJD5.png should line up 
01:24:51 <TheWhisper> or at least have some sort of order to them
01:25:06 <TheWhisper> edsgd did you ever see my biz report thing?
01:25:20 <medos> orly
01:28:37 <medos> french gui says 2,39 euro c'est pretty trop cher
01:30:01 -!- TheWhisper [~TheWhispe@unaffiliated/thewhisper] has left ##reddit-gd
01:30:12 -!- TheWhisper [~TheWhispe@unaffiliated/thewhisper] has joined ##reddit-gd
01:30:13 -!- mode/##reddit-gd [+o TheWhisper] by ChanServ
01:30:22 <TheWhisper> c'eci nest un pas
01:32:15 <medos> need to finish 3 other things before i can make app bien
01:46:15 <TheWhisper> .g c'eci nest un pas
01:46:28 <TheWhisper> .g this is not a pipe
01:48:02 <medos> pipe
01:48:07 <medos> oh
01:48:10 <medos> you were serious
01:51:29 <medos> lelele
01:51:30 <TheWhisper> http://i.imgur.com/DGlbq.png
01:51:32 <TheWhisper> http://i.imgur.com/G2H3o.png
01:51:42 <TheWhisper> http://i.imgur.com/QcBnx.png
01:51:48 <medos> bro
01:51:57 <TheWhisper> http://i.imgur.com/1Q2NG.png
01:51:59 <medos> watcha doin'
01:52:02 <TheWhisper> showing the fail of the show
01:52:06 <TheWhisper> the guy's head blows up
01:52:09 <medos> oh
01:52:10 <TheWhisper> but he's still pulling his gun out
01:52:15 <medos> neat
01:52:18 <medos> pointing out failures
01:52:19 <TheWhisper> and you can see his head through the smoke after
01:52:21 <medos> ;)
01:52:26 <TheWhisper> ;)
01:55:25 <medos> what show
01:55:29 <medos> why should i care
01:55:34 <medos> while csi is funny
01:55:52 <medos> details like that are notreally funny or interesting
01:56:27 <TheWhisper> Grimm
01:56:31 <TheWhisper> .w grimm
01:56:41 <TheWhisper> .w list of grimm episodes
01:56:47 <TheWhisper> ^
01:56:51 <TheWhisper> First season was average
01:56:55 <TheWhisper> Second season is a lot better
01:57:13 <TheWhisper> Also, it's why i've been asking you about german words
01:57:17 <TheWhisper> because they speak german in it
01:59:27 <medos> subtitles?
01:59:35 <medos> even if they show german
01:59:43 <medos> that would be readable for me copy pasted
02:00:17 <TheWhisper> uh
02:00:37 <TheWhisper> I'm sure there are, but not in my downloaded versions lol
02:00:50 <TheWhisper> They don't usually do subs for the german speaking though either
02:01:07 <TheWhisper> You have to figure it out through context, though
02:01:19 <TheWhisper> I usually get it, but I never know what the exact translation is
02:01:31 <TheWhisper> like 'fleschen jachd' or w.e
02:01:36 <TheWhisper> was about some sort of hunt
02:01:41 <TheWhisper> but idk what it means exactly
02:07:52 <medos> something with bottles (flaschen) or meat (fleisch)
02:08:06 <TheWhisper> bottle hunt
02:08:06 <TheWhisper> lol
02:08:16 <TheWhisper> Fleish is more likely
02:08:29 <TheWhisper> *fleisch
02:08:30 <TheWhisper> as
02:08:31 <medos> flasche = colloquial for loser
02:08:31 <TheWhisper> flesh
02:08:32 <TheWhisper> yeah
02:08:38 <TheWhisper> flesh hunt sounds like it would fit
02:09:10 <TheWhisper> hm
02:09:17 <TheWhisper> I'm still hungry
02:09:25 <TheWhisper> after my delicious meal that I cooked
02:09:57 <TheWhisper> lemme show you just how delicious
02:12:12 <TheWhisper> http://i.imgur.com/Ze91g.jpg
02:12:21 <TheWhisper> Blackberry cameras suck
02:12:34 <TheWhisper> also, that's salmon with horseradish shit on top
02:15:35 <medos> wat
02:15:38 <medos> http://i.imgur.com/ETASn.jpg
02:16:41 <TheWhisper> lol
02:16:47 <TheWhisper> hotdogs 
02:16:48 <TheWhisper> pickles
02:16:55 <TheWhisper> fried onion things?
02:17:00 <TheWhisper> that looks delicious
02:17:07 <TheWhisper> do you put pickles on everything you eat?
02:17:13 <TheWhisper> I put pickles on most of the things I eat
02:17:17 <TheWhisper> I love pickles
02:38:19 <medos> do you
02:40:10 <TheWhisper> yup
02:44:02 <medos> you can go look for reference material for new category icons for me
02:45:42 <TheWhisper> ?
02:45:48 <TheWhisper> for pickles?
02:45:53 <medos> for example
02:46:04 <TheWhisper> nah
02:46:51 <medos> y
02:46:53 <medos> m
02:46:54 <medos> c
02:46:54 <medos> a
02:47:50 <TheWhisper> amcy
02:48:03 <edodes> acmy
02:48:31 <EDSGD> medos what do you think so far? 
02:48:34 <EDSGD> http://i.imgur.com/Wsr4g.png
02:48:38 <EDSGD> hmmmmm
02:48:46 <TheWhisper> The photo
02:48:48 <TheWhisper> is 
02:48:50 <medos> i liked the orange bar :(
02:48:56 <EDSGD> looks like shit.
02:48:58 <TheWhisper> looks like an I(c)BM hit that photo
02:49:05 <EDSGD> the photo
02:49:13 <TheWhisper> Yes, that photo
02:49:23 <EDSGD> I like the orange thing too but wasn't sure where to put 
02:49:31 <TheWhisper> What did the orange thing look like?
02:49:50 <medos> indesign y u so bright :(
02:50:09 <EDSGD> The Whisper http://i.imgur.com/e88qB.png
02:50:25 <EDSGD> It does look better.
02:50:31 <EDSGD> I'll see what I can do.
02:50:34 <EDSGD> :)
02:52:32 <EDSGD> Wish I had ink on my printer so I can see how small I can go with the font.
02:52:40 <TheWhisper> 5 pt
02:53:08 <medos> what's with the dodging readability while there are so many other ways to save space
02:53:37 <EDSGD> flow it to the next page :D
02:53:48 <TheWhisper> I think he just wants it to be mi(bm)niscule
02:53:56 <TheWhisper> or
02:54:00 <TheWhisper> (ib)minisculoe
02:54:02 <TheWhisper> *le
02:54:03 <TheWhisper> LE
02:54:19 <EDSGD>  TheWhisper I remember when you *le
02:54:26 <TheWhisper> ?
02:55:38 <EDSGD> leleleleelel
02:58:52 <medos> lelele
02:59:11 <TheWhisper> eel
03:00:03 <TheWhisper> IN A LAND OF MYTH
03:00:05 <TheWhisper> AND A TIME OF MAGIC
03:00:44 <medos> .tell eleledsgd lelle
03:07:07 <TheWhisper> That's one message that will never get delivered
03:15:03 <eleledsgd> sure?
03:38:34 <TheWhisper> jesus why am i still hungry
03:38:35 <TheWhisper> grgkreg
03:46:11 <medos> watching tv-shows is proven to burn calories like hell
03:46:21 <medos> .tv snopes tv makes hungry
03:46:27 <medos> .snopes tv makes hungry
03:50:48 <TheWhisper> lol
03:50:54 <TheWhisper> .snopes hungry tv
03:51:02 <TheWhisper> lol
03:51:34 <TheWhisper> http://boards.straightdope.com/sdmb/archive/index.php/t-26927.html
03:52:23 <TheWhisper> Meh
03:52:28 <TheWhisper> All these guys are getting it wrong
03:52:31 <TheWhisper> It's not actual hunger
03:52:33 <TheWhisper> It's boredom
03:56:56 <EDSGD> aklsjdlkaje laksjd lksjd
03:56:57 <EDSGD> :D
04:02:14 <EDSGD> Last Edit for the day. http://i.imgur.com/vwzHy.png
04:02:20 <EDSGD> medos^
04:02:48 <TheWhisper> y not me
04:02:59 <EDSGD> because it won't be fair.
04:03:02 <TheWhisper> ?
04:03:04 <TheWhisper> What/
04:03:06 <TheWhisper> ?
04:03:12 <TheWhisper> Also, I still really dislike what you did to the picture
04:03:20 <EDSGD> HAHAH
04:03:31 <TheWhisper> Also, I think the orange is nice, but a bit too strong
04:03:32 <medos> what you did
04:03:35 <EDSGD> Hey man I don't have images to work.
04:03:38 <TheWhisper> My eyes are drawn straight to it
04:03:41 <medos> is the important part
04:03:50 <medos> lelele
04:04:05 <EDSGD> very helpful medos 
04:04:09 <EDSGD> :p
04:04:22 <TheWhisper> Did you write the body?
04:04:27 <EDSGD> Hell no.
04:04:31 <TheWhisper> Lol okay
04:04:39 <TheWhisper> I was gonna say I could proof it for ya
04:04:44 <medos> EDSGD is that eurostyle top left?
04:04:51 <EDSGD> Nope.
04:04:53 <medos> hm
04:04:54 <TheWhisper> The slab serif?
04:04:56 <TheWhisper> why wuold
04:04:57 <TheWhisper> oh 
04:04:59 <TheWhisper> nevermind
04:05:33 <medos> you only critique what bothers you :P
04:06:11 <medos> EDSGD sooooome graphical element on the left would balance the looks
04:06:18 <medos> right now it looks too much like a magazine
04:06:26 <medos> where left article, right advertisement
04:06:27 <medos> is common
04:07:09 <TheWhisper> ^
04:07:13 <medos> i really really liked your first fullpage approach
04:07:18 <medos> with the block on the left
04:07:26 <medos> TheWhisper likes to eat and watch tv shows
04:07:28 <medos> ^
04:07:32 <TheWhisper> ^
04:07:38 <TheWhisper> >^<^<^>^>^<^
04:07:40 <EDSGD> K
04:07:42 <TheWhisper> ^ the cheat code
04:07:55 <EDSGD> I'll be doing more massage work tomorrow.
04:08:01 <EDSGD> My eyes fucking hurt.
04:08:19 <TheWhisper> At least your fucking eyes don't hurt
04:08:29 <TheWhisper> Gotta keep those salacious for da ladeez
04:12:37 -!- Azra-el [~Azra-el@sala-mediapromagic.mediasat.ro] has joined ##reddit-gd
04:12:37 -!- Azra-el [~Azra-el@unaffiliated/azra-el] has joined ##reddit-gd
04:12:37 -!- mode/##reddit-gd [+o Azra-el] by ChanServ
04:14:04 <medos> i ask him how hard it would be to fix the layout for iphone5
04:14:07 <medos> he quits
04:14:13 <medos> fucking
04:14:37 <EDSGD> hahah
04:14:41 <EDSGD> ?edsgd
04:17:10 <TheWhisper> wtf http://i.imgur.com/4wIZ5.jpg
04:17:15 <TheWhisper> hahahah
04:19:44 <TheWhisper> OMG
04:19:46 <TheWhisper> it's MORDRED
04:19:50 <TheWhisper> .g mordred merlin
04:20:35 <TheWhisper> Damn he's from like s1
04:24:50 <medos> .gis prestige
04:24:53 -!- Carson [~carson@wnat-152010251122.appstate.edu] has joined ##reddit-gd
04:39:32 <medos> http://i.imgur.com/CaxA6.png
04:43:48 <medos> tuna: Aphex Twin - Xtal [04:54m/3380kbps/96kHz]
05:05:53 <EDSGD>   medos do you like eurostyle?
05:09:18 <medos> it's a good typeface
05:09:22 <medos> i don't really like it
05:09:41 <medos> but it's shitloads better than most dafont imitations with
05:09:44 <medos> similar styles
05:09:47 <medos> -s
05:09:58 <medos> it's a very good typeface
05:11:19 <EDSGD> Right.
05:11:31 <EDSGD> Hey thanks again bro.
05:17:59 <TheWhisper> You're welcome
05:18:07 <EDSGD> :D
05:18:16 <EDSGD> lelelle
05:18:31 <EDSGD> Going to see whats on the front page of reddit.
05:18:33 <EDSGD> :p
05:20:12 <medos> .gis kitten
05:20:22 <medos> .gis Advice animal
05:20:43 <medos> .gis my friend just
05:20:59 <medos> there ya go
05:21:02 <medos> summary of the day
05:22:19 <EDSGD> WOW LOL - saw this on I'm Going to hell for this. 
05:22:23 <EDSGD> So bad, http://imgur.com/a/y7IZS
05:33:34 <EDSGD> http://i.imgur.com/5QQp5.png :D
05:53:15 -!- zakmac [~zakmac@c-24-21-113-121.hsd1.or.comcast.net] has joined ##reddit-gd
05:53:15 -!- mode/##reddit-gd [+o zakmac] by ChanServ
11:13:39 <medos> CHROME
11:13:46 <medos> fuck you and your close button
11:31:23 <medos> i once joined #reddit-photography
11:31:43 <medos> (09:35:22) #reddit-photography url is http://www.reddit.com/r/photography/
11:31:43 <medos> (09:46:41) (medos) http://i.imgur.com/4CePB.png
11:31:43 <medos> (09:47:18) (measter) ok... why am i looking at a picture of what i assume is your laptop?
11:32:04 <medos> then i left
11:44:51 -!- ChanServ [ChanServ@services.] has joined ##reddit-gd
11:44:51 -!- mode/##reddit-gd [+o ChanServ] by rajaniemi.freenode.net
13:15:19 -!- internetpolice [~medos@p5B3DAC3D.dip.t-dialin.net] has joined ##reddit-gd
14:13:00 -!- nazbot-pc [~nazbot@24-246-58-30.cable.teksavvy.com] has joined ##reddit-gd
15:51:04 -!- acous_ [uid658@gateway/web/irccloud.com/x-pntihxbjotzrplfp] has joined ##reddit-gd
15:55:10 <TheWhisper> .lol
16:00:32 <internetpolice> ?lol
16:00:40 <internetpolice> ?dafuq
16:04:40 <TheWhisper> "Heck, riding a bike in European cities varies wildly. Rome, you feel like the main character in a new way of mixing death sentence and reality show entertainment ("Will he survive this crossing? Oh, swift, he avoided the truck racing out of the one way in wrong direction!"). Netherlands, you feel like a first class citizen. "
16:04:41 <TheWhisper> lol
16:05:11 <TheWhisper> I guess I should probably wear a helmet when I start biking again
16:07:04 <internetpolice> http://i.imgur.com/CXj1c.png
16:07:38 <TheWhisper> Clock hands?
16:08:00 <internetpolice> http://i.imgur.com/tfWVB.png
16:08:27 <internetpolice> http://i.imgur.com/appf8.png
16:09:09 <TheWhisper> http://i.imgur.com/Hoqr8.png
16:09:26 <internetpolice> hahaha
16:09:27 <TheWhisper> Why is Dropbox running for firefox...
16:10:23 <TheWhisper> Also, that's a nicely detailed orange clock hand
16:10:51 <internetpolice> http://dl.dropbox.com/u/22130024/orange-needle-suggestion.png
16:10:54 <TheWhisper> This guy must have been working at like 3x and then shrunk down
16:11:03 <internetpolice> http://dribbble.com/shots/759335-Needles-psd
16:11:54 <TheWhisper> His lighting is all weird
16:12:04 <internetpolice> yeah
16:12:08 <internetpolice> orange needle being the worst
16:12:50 <internetpolice> to be fair though those needles are going to be used separately
16:13:18 <internetpolice> so as long as each of them is properly lit by itself
16:14:13 <TheWhisper> http://i.imgur.com/DmyKW.png
16:14:30 <TheWhisper> yeah
16:15:03 <TheWhisper> I'm not too sure about how lighting on things like http://i.imgur.com/tYiFI.png are supposed to play out
16:15:25 <TheWhisper> whoa http://www.theverge.com/2012/6/13/3082329/ios-6-button-tilt-change-reflection
16:15:29 <internetpolice> varying lighting gives a surreal effect though
16:15:46 <TheWhisper> That's awesome
16:17:14 <TheWhisper> I feel like most people don't get the metal button reflections right anyway
16:17:23 <TheWhisper> But have no real life examples
16:17:24 <TheWhisper> so idk
16:19:00 <TheWhisper> lol
16:19:01 <TheWhisper> http://www.shutterstock.com/pic-113044492/stock-photo-knob-on-grunge-background-illustration.html?src=96e07c519c0fe66c804734593486031f-1-26
16:19:06 <TheWhisper>  is on shutterstock as a 'photo'
16:19:08 <TheWhisper> okay sure
16:19:23 <internetpolice> http://i.minus.com/ibva7Je78022Pk.png
16:19:37 <internetpolice> lelele
16:19:47 <internetpolice> totally wrong
16:20:17 <TheWhisper> The perspectives on the icons look so radically off
16:20:34 <TheWhisper> also it looks like the bottom borders of them are pixel shifted 
16:20:35 <TheWhisper> lol
16:21:09 <TheWhisper> http://i.imgur.com/ToE7b.png I like that area though
16:22:00 <TheWhisper> also http://i.imgur.com/OEobM.png why doesn't the shelf just rotate and flip over
16:22:19 <TheWhisper> If it is loose enough that it stays flat when the main shaft tilts
16:22:24 <TheWhisper> what keeps it upright? :P
16:22:48 <internetpolice> http://i.imgur.com/AiOsP.png
16:22:55 <internetpolice> such a fucking perfect balance
16:23:07 <internetpolice> that not only the wad of money and cubes are balanced
16:23:09 <TheWhisper> we should make a
16:23:16 <TheWhisper> stock repository of irl buttons
16:23:20 <internetpolice> but the wad of money and the cubes each balance the platform
16:24:00 <TheWhisper> hm
16:24:17 <TheWhisper> Pretty shitty scale if it requires the user to perfectly balance the items they place on it first :P
16:25:00 <TheWhisper> see if you can find a button repository on minus
16:25:09 <TheWhisper> I'm really surprised no one has made on before
16:25:44 <internetpolice> a wat
16:25:50 <internetpolice> repository wat
16:25:53 <internetpolice> button?
16:25:56 <internetpolice> you mean ui kit?
16:26:03 <TheWhisper> nah
16:26:03 <TheWhisper> Like
16:26:05 <TheWhisper> Real buttons
16:26:09 <TheWhisper> of all different kinds
16:26:18 <TheWhisper> so people can figure out how they actually work
16:26:29 <TheWhisper> instead of just doing shitty bad chrome brushed buttons
16:26:32 <internetpolice> http://dribbble.com/shots/329422-Clean-UI-Kit
16:26:34 <TheWhisper> that look shitty
16:26:37 <internetpolice> wat u tolkien aboot
16:26:45 <TheWhisper> Like
16:26:45 <internetpolice> make some if you can't explain yourself
16:26:47 <internetpolice> MAKE
16:26:48 <TheWhisper> real life buttons
16:26:50 <internetpolice> not SAY
16:26:56 <TheWhisper> PHOTOGRAPHS OF BUTTONS
16:27:00 <TheWhisper> THAT ARE REAL
16:27:18 <internetpolice> MAKE SOME
16:27:29 <internetpolice> push button receive .cr2
16:27:35 <TheWhisper> so instead of this http://i.imgur.com/n1rXM.jpg
16:27:52 <TheWhisper> christ all i get are shirt buttons lol
16:27:57 <internetpolice> yeah
16:28:07 <TheWhisper> NO ONE CARES ABOUT YOUR ARTSY PHOTO OF BUTTONS
16:29:51 <TheWhisper> http://www.flickr.com/photos/disatasu/2510853910/
16:30:49 <internetpolice> sp
16:30:50 <internetpolice> so
16:30:53 <internetpolice> push one
16:30:55 <internetpolice> push it
16:30:58 <internetpolice> click it
16:31:10 <internetpolice> receive e-fame by unveiling the greatest mystery of humankind
16:31:23 <TheWhisper> lol
16:31:38 <TheWhisper> I'm just saying, a repository of these things would be nice
16:33:04 <internetpolice> a bit like
16:33:09 <internetpolice> .g chromeography
16:33:13 <internetpolice> ?
16:33:27 <internetpolice> just with brushed buttons?
16:33:30 <TheWhisper> Well
16:33:44 <TheWhisper> With /all/ sorts of buttons and wheels and hooks and pins and shit
16:33:58 <TheWhisper> like just in front of me
16:34:29 <TheWhisper> I can count 11 different types of buttons (including all my keyboard keys as 1)
16:37:56 <TheWhisper> http://bookcoverarchive.com/ btw
16:37:58 <TheWhisper> awesome
16:38:34 <TheWhisper> House of Leaves has a cool cover
16:38:59 <internetpolice> it's a coolios book
16:39:00 <internetpolice> http://www.reddit.com/r/graphic_design/comments/1134ch/i_have_an_idea_for_a_tshirt_where_do_i_take_it/
16:39:07 <TheWhisper> looks like a hassle to read though
16:39:23 <TheWhisper> LOL
16:39:25 <TheWhisper> That guy's shirt
16:39:26 <TheWhisper> what 
16:40:13 <TheWhisper> lol
16:40:18 <TheWhisper> this entire thread
16:41:07 <TheWhisper> http://i.imgur.com/9kVrI.png okay bro
16:41:33 <internetpolice> lol
16:43:09 <TheWhisper> http://www.youtube.com/watch?feature=player_embedded&v=MSTge5IDxF4&hd=1 add in a little shake/bob compensation
16:43:12 <TheWhisper> and yes please
16:45:19 -!- EDSGD [~Thunderbi@cpe-75-83-30-231.socal.res.rr.com] has joined ##reddit-gd
16:45:20 -!- mode/##reddit-gd [+o EDSGD] by ChanServ
16:45:37 <EDSGD> Morning. 
16:45:50 <EDSGD> Another day spending it indoors. ;)
16:46:21 <TheWhisper> http://www.youtube.com/watch?v=N65pkGh8gy0&feature=youtu.be 
16:47:31 <EDSGD> <3 These calligraphy things. Makes me all jelly. Lp
16:47:34 <EDSGD> :p
16:47:58 <TheWhisper> I feel like as a lefty, I could never do this
16:48:03 <TheWhisper> smudge smudge smudge
16:48:33 <internetpolice> <3 These US-viewable youtube videos. Makes me all jelly. Lo
16:48:34 <internetpolice> http://i.imgur.com/CXzws.png
16:48:37 <internetpolice> ololo
16:48:56 <TheWhisper> https://docs.google.com/viewer?a=v&q=cache:ELAp1e69r1sJ:www.iampeth.com/lessons/left-handers/Left%2520Handed%2520Calligraphy-8.2010.pdf+&hl=en&gl=us&pid=bl&srcid=ADGEESjXWsmTdxiuo73vIE_tEUcyxjyFJA-Bkl_vIvVQWXueI7OUAaJ4yn_0n_WMWGg72rhGVItQoC7Qsrvc2UVNSP57YGje6YyC8QZDf0CJQdsJIHL2w8JY2qEAMYeLlGla14cPM4yp&sig=AHIEtbRm2X5bjBLRdbbeEGsy4J_C7ECwtA
16:49:06 <TheWhisper> LOL
16:49:34 <TheWhisper> dammit medos just install this http://userscripts.org/scripts/show/98840
16:49:56 <internetpolice> no u
16:50:00 <internetpolice> u install this
16:50:11 <EDSGD> He doesn't want to. I've told him in the past and afterwards he started sending me WWF/ WWE videos for a while.
16:51:03 <TheWhisper> Hm
16:51:21 <TheWhisper> I see. Is not installing that the external way you limit the time you spend watching random youtube videos? ;)
16:52:30 <TheWhisper> DAMMIT WHATISHANG if something hangs for <1 second, I still want to be able to see why!
16:52:53 <TheWhisper> They should at least have like a filter thing where you can say "if file = blank.exe, log all hangs"
16:52:54 <TheWhisper> or something
16:52:54 <EDSGD> Damn, Casshern Sins is getting interesting. <3 how old it feels watching it.  
16:53:15 <internetpolice> TheWhisper http://i.imgur.com/zofvc.png
16:53:37 <TheWhisper> did you really just download it...
16:53:39 <TheWhisper> seriously
16:53:44 <internetpolice> yes
16:53:48 <TheWhisper> why
16:53:50 <internetpolice> because EDSGD liked it
16:53:55 <EDSGD> LOL
16:54:00 <TheWhisper> Still seems like a hassle
16:54:05 <internetpolice> if you post something it usually pisses him off
16:54:10 <internetpolice> if it doesn't
16:54:13 <internetpolice> it must be good
16:54:32 <internetpolice> http://offliberty.com/
16:54:37 <internetpolice> clicked a button
16:54:39 <internetpolice> clicked dl
16:54:40 <EDSGD> No it doesn't.
16:54:42 <internetpolice> watching
16:54:53 <EDSGD> That's you internetpolice
16:55:14 <internetpolice> that style looks horrible
16:55:16 <internetpolice> D:
16:55:19 -!- medos [~medos@unaffiliated/medos] has joined ##reddit-gd
16:55:28 <TheWhisper> Seems like a hassle
16:55:32 <medos> does it
16:55:42 <medos> you know the story about
16:55:44 <medos> plugins
16:55:45 <medos> addons
16:55:46 <medos> tools
16:55:49 <medos> running?
16:56:04 <medos> i don't like having useless shit running :p
16:56:59 <EDSGD> medos http://www.youtube.com/watch?v=pRebkWHsHC0
16:57:30 <TheWhisper> useless shit = a single script that only runs on youtube and doesn't even require an external extension to run it on chrome, because chrome can run greasemonkey scripts out of its own engine
16:58:09 <medos> says the guy with a context menu like a 2001 internet explorer toolbar
16:59:08 <TheWhisper> Hey, it looks a lot better http://i.imgur.com/rFuzk.png
17:00:02 <medos> lelele
17:00:05 <medos> nope
17:00:13 <TheWhisper> Maybe not for you
17:00:20 <TheWhisper> but it has the things I need to do on a regular basis
17:00:21 <TheWhisper> Well
17:00:36 <TheWhisper> I couldn't get rid of the scan with MSE
17:00:38 <TheWhisper> or the include in library
17:00:40 <TheWhisper> but otherwise
17:00:44 <TheWhisper> I use the other functions
17:00:56 <medos> mse is easy to kill off
17:01:01 <medos> .g mse context menu remove
17:02:42 <TheWhisper> yay
17:03:18 <medos> what kind of stuff are you running with sandboxie?
17:04:11 <TheWhisper> http://i.imgur.com/dv0K1.png thoughts?
17:05:06 <medos> yes
17:05:40 <TheWhisper> And I open things like keygens/sketchy files/etc
17:05:57 <medos> for what?
17:05:59 <medos> ?whisper
17:06:57 <TheWhisper> http://i.imgur.com/UwhoZ.png oh cool where did these randomly come from
17:07:22 <medos> you run adobe tools sandboxed? D:
17:07:25 <TheWhisper> no
17:07:28 <TheWhisper> keygens
17:07:32 <medos> do you
17:07:42 <TheWhisper> and that way I can turn off the music to them also
17:07:44 <medos> why not just
17:07:46 <TheWhisper> by just muting the sandbox
17:07:49 <medos> make
17:07:54 <TheWhisper> because the win7 volume controls don't wok
17:07:57 <TheWhisper> *work right
17:07:57 <medos> one virtual box
17:08:08 <medos> with winxp, no wlan, one read only folder
17:08:14 <TheWhisper> Seems like overkill
17:08:16 <medos> and alllllllllllll your bs can go in there?
17:08:30 <medos> seems like one solution that will work no matter what
17:08:37 <medos> even for safe tools that you want to try
17:08:50 <TheWhisper> Meh, everything works fine in sandboxie
17:09:53 <TheWhisper> dammit
17:09:58 <TheWhisper> I can't get include in library to go away
17:10:31 <TheWhisper> nvm
17:10:32 <TheWhisper> got it
17:12:17 <medos> .g icons context menu shell32
17:14:01 <medos> http://windowsxp.mvps.org/slowrightclick.htm
17:14:18 <EDSGD> ?medos
17:14:21 <EDSGD> lame.
17:14:28 <medos> add something else
17:14:59 <medos> .rem medos overly condescending irc-bot
17:21:43 <TheWhisper> Woo, explorer crashed
17:21:44 <TheWhisper> fun times
17:23:00 <TheWhisper> Woo, no record of it in appcrashview
17:25:36 <TheWhisper> brb
17:39:55 <medos> awesome part:
17:40:09 <medos> he must've fucked up bad
17:40:56 <medos> http://i.imgur.com/g89W4.png
17:50:02 <EDSGD> LOL what did he do?
17:51:21 -!- TheWhisper [~TheWhispe@cpe-67-246-114-120.twcny.res.rr.com] has joined ##reddit-gd
17:51:21 -!- TheWhisper [~TheWhispe@unaffiliated/thewhisper] has joined ##reddit-gd
17:51:21 -!- mode/##reddit-gd [+o TheWhisper] by ChanServ
17:51:37 <TheWhisper> Lol, medos, the scan with MSE context menu came back after a restart :P
18:06:01 <medos> neat
18:07:11 <EDSGD> Working on anything today?
18:11:58 -!- EDSGD [~Thunderbi@cpe-75-83-30-231.socal.res.rr.com] has joined ##reddit-gd
18:11:58 -!- mode/##reddit-gd [+o EDSGD] by ChanServ
18:13:21 <EDSGD> Wish there was a Starbucks or Coffee Bean near where I live. 
18:13:34 <EDSGD> My home coffee tastes awful.
18:13:46 <TheWhisper> http://i.imgur.com/xOt6t.png lol
18:14:07 <TheWhisper> Coffee made at home tastes worse than Starbucks? What the fuck are you doing to it
18:14:42 <EDSGD> I don't know. Just tastes awful.
18:14:44 <EDSGD> :(
18:14:50 <EDSGD> Work mode: ON!
18:15:07 <TheWhisper> http://www.facebook.com/apparelbykarma 
18:15:12 <TheWhisper> 5<Inexib5> I'm actually looking for a designer to develop a new brand for me. I own a clothing line.
18:15:53 <EDSGD> Facebook looks super generic now.
18:16:12 <TheWhisper> As opposed to when?
18:16:22 <EDSGD> Just sayin'
18:17:47 <TheWhisper> Edsgd, check http://branch.com/
18:18:13 <TheWhisper> <Inexib> Karma Apparel is the clothing line
18:18:13 <TheWhisper> <Inexib> And we make our own brands
18:18:13 <TheWhisper> <Inexib> So yeah, it would technically be a line of hsirts
18:18:14 <TheWhisper> wtf
18:18:21 <TheWhisper> This dude is saying that a line of t-shirts = a brand
18:18:21 <TheWhisper> wat
18:18:43 <EDSGD> Video is awful.
18:18:58 <TheWhisper> oh wwow
18:19:03 <TheWhisper> Yeah, the quality is super low for me
18:19:03 <TheWhisper> wtf
18:19:35 <TheWhisper> https://vimeo.com/47334795 if you view it on vimeo it's a lot better
18:19:57 <EDSGD> They can't even use the align tool http://i.imgur.com/qeRb5.png
18:20:34 <EDSGD> Nah. I'd rather just communicate via texts and actually talking on the phone now.
18:20:48 <EDSGD> and in person.
18:21:20 <EDSGD> https://joindiaspora.com/
18:22:49 <TheWhisper>  I really like the simplicity of branch though
18:22:52 <TheWhisper> http://branch.com/b/is-art-or-science-more-important-in-building-the-right-product
18:22:58 <TheWhisper> is just like a discussion
18:23:13 <TheWhisper> It's sort of like
18:23:15 <TheWhisper> shit what's that site
18:23:23 <TheWhisper> where people aggregate pieces of stories from different places
18:23:25 <EDSGD> qoura?
18:23:26 <TheWhisper> onto one page
18:23:29 <EDSGD> Reddit.
18:23:36 <TheWhisper> Nah
18:23:39 <TheWhisper> It's like
18:23:48 <TheWhisper> Say there's a dude holding someone hostage
18:23:54 <TheWhisper> they would take like chunks of that story
18:23:57 <TheWhisper> from one news source
18:24:00 <TheWhisper> a photo from another
18:24:02 <TheWhisper> a chunk from another
18:24:06 <TheWhisper> some stuff from twitter
18:24:07 <TheWhisper> etc
18:24:11 <TheWhisper> and put it all on one page
18:24:31 <EDSGD> I see.
18:26:50 <medos> oh got
18:26:59 <medos> TheWhisper are you still in ##design ?
18:27:05 <TheWhisper> Yes
18:27:09 <medos> *god
18:27:14 <TheWhisper> Which is why that guy messaged me
18:41:41 <TheWhisper> Okay, all cleaned. Time to vacuum.
18:42:02 <TheWhisper> Btw medos
18:42:16 <TheWhisper> You were saying I should use an external as a scratch disk for ps
18:42:39 <TheWhisper> What would be a good speed
18:42:41 <TheWhisper> for it
18:48:25 <medos> e-sata
18:48:32 <medos> a good speed would be
18:48:39 <medos> starting with an internal ssd
18:49:23 <medos> http://www.youtube.com/watch?v=96dWOEa4Djs&hd=1
18:49:25 <medos> <3
18:51:43 <medos> at 2:23 you see photoshop for a second
18:53:34 <EDSGD> I saw it.
18:53:35 <EDSGD>  :D
18:54:44 <medos> more like 2:22
18:55:28 <TheWhisper> well
18:55:30 <TheWhisper> no duh
18:55:35 <TheWhisper> we already discussed that i need a new computer
18:55:39 <TheWhisper> and all of this
18:55:46 <TheWhisper> but I have to external drives
18:55:48 <TheWhisper> sitting here
18:55:55 <TheWhisper> that I can use for /something/ at least
18:55:57 <EDSGD> What you need is a mouse.
18:56:12 <medos> ?mouse
18:56:44 <TheWhisper> I have a mouse
18:56:48 <TheWhisper> wat
18:57:02 <TheWhisper> Also, why are they defragging their SSD in this video
18:57:29 <medos> go on twitter
18:57:35 <medos> .g samsung twitter
18:58:04 <TheWhisper> "Hey yeah you guys uploaded a video 4 years ago. I have a question about it."
18:58:21 <medos> yeah
18:58:23 <medos> do it
18:58:31 <medos> get it out of your system
18:59:03 <TheWhisper> Google's stabilization tech makes videos worse
18:59:08 <TheWhisper> *Youtube's
18:59:56 <medos> show me yours i show you mine
18:59:59 <medos> http://www.youtube.com/watch?v=vApLg9eHSak
19:00:02 <medos> ^stabilized
19:00:54 <EDSGD> http://www.youtube.com/watch?v=DU7Ngr1P3Ic
19:01:17 <EDSGD> I smear cream cheese
19:01:29 <EDSGD> on my gold locket 
19:01:30 <EDSGD> :D
19:03:07 <EDSGD> http://www.youtube.com/watch?v=dzrWMIumZ1s&feature=endscreen&NR=1 I remember this 
19:05:47 <EDSGD> LOL I remember this. http://www.youtube.com/watch?v=0f2O7aVG72M
19:06:32 <TheWhisper> Whoa
19:06:41 <TheWhisper> Yours stabilized looks really cool, medos
19:06:45 <TheWhisper> I think
19:06:49 <TheWhisper> What does it look like unstabilized?
19:07:41 <TheWhisper> It's interesting how much your camera moves do for the video
19:08:06 <medos> http://i.imgur.com/JedgT.png
19:08:47 <TheWhisper> http://i.imgur.com/EOK6c.png
19:09:25 <medos> http://www.youtube.com/watch?v=X8VPc-kgV6o&feature=source_video
19:10:01 <TheWhisper> Wait
19:10:11 <TheWhisper> The stabilization added those camera moves?
19:10:19 <TheWhisper> whoa
19:10:32 <TheWhisper> It made it /so/ much better
19:10:41 <medos> lol
19:10:54 <TheWhisper> That's actually really cool
19:12:09 <TheWhisper> Also, I finally realize why you have multiple windows open like that
19:12:20 <TheWhisper> because moving when zoomed in moves it less than a pixel
19:16:02 <medos> whatcha sayin' ?
19:16:29 <TheWhisper> ?
19:16:35 <medos> ohhh
19:16:42 <medos> you mean my preference for floating toolbars
19:16:46 <TheWhisper> nah
19:17:26 <TheWhisper> "At 100%, nudging with the arrow keys will move your vector point exactly 1 pixel. At 200%, nudging moves the point by half a pixel. At 300%, it moves by a third of a pixel."
19:17:36 <TheWhisper> http://www.smashingmagazine.com/2011/04/14/mastering-photoshop-pixel-perfection-when-rotating-pasting-and-nudging/ ctrl+f nudging
19:17:46 <medos> booyee
19:18:00 <TheWhisper> What?
19:18:03 <EDSGD> BOI
19:18:30 <medos> .u boyee
19:18:36 <medos> .u booyee
19:18:44 <EDSGD> .u boi
19:19:12 <EDSGD> HAHAHAHAHA
19:19:36 <EDSGD> I did not know that.
19:20:02 <TheWhisper> whoa
19:20:02 <TheWhisper> http://bjango.com/images/articles/photoshopcs6masking/pathoperations.png
19:20:05 <TheWhisper> that's in PS now
19:20:09 <TheWhisper> weird
19:21:30 <medos> photoshop vector editing is still miles away from illustrator
19:21:32 <medos> :[
19:21:54 <TheWhisper> Ah
19:22:03 <TheWhisper> If you have pixel snapping enabled in PS
19:22:10 <TheWhisper> then nudging always moves one pixe
19:22:11 <TheWhisper> pixel
19:22:13 <TheWhisper> no matter the zoom
19:22:30 <TheWhisper> one pixel relative to current position
19:24:36 <medos> there are about 6 settings in AI which influence pixel / vectorpoint nudging behaviour
19:24:47 <medos> i say that's awesome
19:24:56 <medos> people say that sucks because they know half of them at most
19:25:22 <TheWhisper> http://bjango.com/articles/everythingisagrid/
19:26:46 <medos> i mailed bjango
19:26:54 <medos> and asked him about my rounded corners stuff
19:27:46 <medos> http://i.imgur.com/OEo5f.png
19:28:17 <EDSGD> Cool.
19:28:17 <TheWhisper> lame
19:28:25 <medos> now the kicker
19:28:34 <medos> i had plenty of feathered masks in my dribbble post
19:28:38 <medos> which i linked him two
19:28:40 <medos> *too
19:29:08 <medos> what happens a day later? :P
19:29:09 <medos> http://dribbble.com/shots/758642-Bjango-Actions-1-6
19:29:22 <medos> woooo actions for scaling feathered masks
19:29:50 <TheWhisper> lol
19:30:02 <TheWhisper> um
19:30:09 <TheWhisper> why couldn't you just paste them as a shape instead of a smart object?
19:30:49 <medos> wat
19:31:25 <medos> http://www.youtube.com/watch?v=C0F9ZN8oXFA&feature=player_detailpage#t=224s
19:31:38 <TheWhisper> http://dribbble.com/shots/759119-PolyScript?list=popular&offset=1 oh cool low poly 3d
19:31:48 <TheWhisper> (sarcasm)
19:32:14 <TheWhisper> Can you not edit shapes that you paste in?
19:32:20 <TheWhisper> I've never tried
19:32:21 <TheWhisper> or anything
19:32:23 <TheWhisper> Probably not
19:32:37 <medos> you could manually adjust vector points
19:32:50 <medos> or you could use a smartobject which is a photoshop shape that you manually adjust
19:33:05 <medos> but the actual usage of this is that one edit influences a whole range of buttons
19:33:11 <TheWhisper> Yeah
19:33:33 <TheWhisper> okay work out time
19:34:53 <TheWhisper> ow
19:34:59 <TheWhisper> i think i pulled a muscle
19:35:04 <TheWhisper> .g intercostal muscle
19:36:00 <medos> you will die
19:36:01 <TheWhisper> http://i.imgur.com/5A8Wc.png that fucker
19:36:09 <TheWhisper> :O
19:36:10 <medos> of old age
19:36:13 <medos> someday
19:36:16 <medos> sup?
19:36:29 <TheWhisper> Unless I die first!
19:36:37 <TheWhisper> You'll never catch me, old age! Muahaha
19:42:21 <EDSGD> Old Age. I can't wait. Fuck 30 years.
19:42:33 <medos> i need 3d glasses
19:42:39 <medos> made one of my vids three dee
19:42:55 <medos> http://i.imgur.com/6LmU7.png
19:42:56 <medos> lelele
19:44:23 <TheWhisper> lemme try it
19:44:26 <TheWhisper> i have 3d glasees
19:44:29 <TheWhisper> i'll look after my workout
19:44:56 <EDSGD> NAOW!
19:45:22 <EDSGD> I would have watched it if I hadn't thrown mine away. 
19:45:25 <EDSGD> :3
19:48:28 <medos> https://www.youtube.com/watch?v=NprRJqn9h3k
19:48:53 <medos> click the gear
19:49:01 <medos> should show a 3d buttan
19:49:47 <medos> http://i.imgur.com/1vYSf.png
19:53:52 <EDSGD> Nope.
19:54:15 <EDSGD> Saw it.
19:55:22 <TheWhisper> Doesn't work
19:55:27 <TheWhisper> Cuz it's just the same image
19:55:30 <TheWhisper> put side by side
19:55:36 <TheWhisper> and then one's made red
19:55:39 <TheWhisper> and the other cyan
19:55:47 <TheWhisper> so i'm just seeing the normal image in the end
19:55:53 <TheWhisper> because they're the same
19:56:43 <TheWhisper> try setting it to http://i.imgur.com/vW3R5.png
19:56:52 <TheWhisper> and then crossing your eyes until the white dots align
19:56:55 <TheWhisper> you'll see that it don't work
20:03:20 <TheWhisper> well that's enough for toda
20:03:21 <TheWhisper> y
20:36:00 <EDSGD> *le
20:39:58 <EDSGD> anyone know any scary movies?
20:41:26 <medos> .suggest horror movie hidden gem
20:42:00 <medos> oh wait
20:42:15 <medos> EDSGD in the mouth of madness
20:42:27 <EDSGD> LOL too much reddit. GEM
20:42:30 <EDSGD> :D
20:42:42 <medos> .u gem
20:43:31 <EDSGD> Sounds cool.
20:43:45 <EDSGD> It also has that guy from 'Jurassic Park'
20:44:47 <medos> paranormal activity
20:44:50 <medos> blair witch project
20:44:56 <EDSGD> Seen it. Seen it.
20:46:09 <medos> um
20:46:38 <EDSGD> Cool I can stream this one. Might watch it. http://www.youtube.com/watch?v=tkwEFKdTckk&feature=related
20:47:06 <medos> misery
20:47:17 <EDSGD> Good movie.
20:48:57 <medos> machinist
20:49:25 <medos> videodrome
20:49:27 <medos> room 1408
20:49:37 <medos> cube
20:50:31 <medos> the mist
20:50:47 <EDSGD> The Mist is not good and you know it.
20:51:02 <medos> eraserhead
20:51:44 <medos> pi
20:52:11 <EDSGD> OMFG SO GOOOD http://www.youtube.com/watch?v=dU7OqGCIcak
20:52:39 <medos> YO
20:52:48 <EDSGD> LOl I bet you know why I like it medos
20:53:02 <medos> did you see it already?
20:53:11 <medos> or just the trailer just now?
20:53:13 <EDSGD> No. I just <3 the trailer
20:53:16 <medos> oh
20:53:17 <medos> ok
20:53:24 <EDSGD> Will be watching it.
20:53:30 <medos> don't blame me when any of those movies i mentioned seem boring
20:53:36 <EDSGD> Nice angle and obscure sound
20:53:38 <medos> because you got half of the plot from the trailer
20:53:47 <EDSGD> So.
20:54:02 <medos> you wanted scary movies
20:54:05 <EDSGD> I love things that cool cinematography 
20:54:08 <EDSGD> *has
20:54:25 <EDSGD> CAMERA ANGLES <33333
20:54:26 <medos> the movies i mentioned are all highly recommended
20:54:27 <medos> :P
20:55:01 <medos> http://www.youtube.com/watch?v=wKiIroiCvZ0
20:55:39 <EDSGD> Except The Mist
20:56:22 <EDSGD> OOOOOHHHHHHHH
20:56:28 <EDSGD> True Words.
20:56:34 <medos> the mist is good and i know it
20:56:38 <EDSGD> I only watch ignorant things on my phone
20:56:39 <medos> i enjoyed it
20:56:49 <EDSGD> The Old one or the new one?
20:57:24 <medos> 2007
20:58:28 <medos> i enjoyed it
20:58:33 <medos> i would never watch it again
20:58:40 <EDSGD> LIES
20:58:48 <medos> did you watch it?
20:59:48 <medos> if so, you might understand my appreciation for it after seeing X million hollywood horror movies being same old same old
21:00:40 <medos> vacancy
21:01:17 <medos> three extremes
21:01:21 <medos> i think that's about it
21:01:26 <medos> with movies i remember
21:02:19 <medos> sidenote: i try to never watch trailers before watching a movie
21:02:30 <TheWhisper> back
21:02:33 <medos> cabin in the woods blew my mind
21:03:35 <medos> because i did not watch any trailer, excerpt or read reviews
21:03:42 <medos> if i would've it would've had less of an impact
21:03:57 <TheWhisper> I hate horror movies
21:04:07 <medos> EDSGD http://www.youtube.com/watch?v=wBoEMTtCJnE <- when you're done with eraserhead watch this interview
21:04:11 <TheWhisper> And like
21:04:17 <TheWhisper> I've never seen primer
21:04:20 <TheWhisper> but I've read a ton about it
21:04:25 <TheWhisper> And I feel like that will make it better
21:04:35 <TheWhisper> That's my big experiment though
21:04:46 <TheWhisper> Usually I try not to read about movies beforehand 
21:04:50 <medos> ^
21:04:55 <TheWhisper> And I usually only go by what they show in the first trailer
21:04:59 <medos> i hated primer for an hour
21:05:02 <TheWhisper>  slash rottentomatoes rating
21:05:02 <medos> then it went :O
21:05:11 <medos> *30 minutes rather
21:05:23 <TheWhisper> Rottentomatoes ratings are usually pretty good at predicting my likes/dislikes
21:05:25 <TheWhisper> Though not always
21:05:28 <medos> i don't know i just like to watch movies, not trailers and then movies
21:05:40 <TheWhisper> Have you read The Great Gatsby?
21:05:47 <TheWhisper> Probably not cuz it's such an American book
21:05:59 <TheWhisper> But they're making a movie adaptation of it
21:06:08 <TheWhisper> with Leo Dickaprio 
21:06:14 <medos> awesome
21:06:15 <EDSGD> Its like th 3rd adaption
21:06:21 <TheWhisper> And I'm actually really psyched to see it
21:06:25 <TheWhisper> even though I know the entire plot
21:06:35 <TheWhisper> Simply because I feel like the set design is going to be SO FUCKING GOOD
21:06:41 <TheWhisper> slash art deco
21:06:50 <TheWhisper> .gimg gatsby movie poster
21:06:55 <medos> .g synchechode new york
21:06:57 <TheWhisper> .gis gatsby movie poster
21:06:59 <medos> LG
21:07:03 <EDSGD> I hope it has good camera angles and shit.
21:07:04 <EDSGD> :D
21:07:04 <TheWhisper> synechdoche
21:07:07 <TheWhisper> not synec chode
21:07:07 <TheWhisper> lol
21:07:23 <EDSGD> EEEWWWW they tried to hard with the poster
21:07:32 <EDSGD> and what the fuck 3D?
21:07:41 <TheWhisper> ungggh the poster is so good
21:07:48 <EDSGD> It's awful.
21:07:49 <medos> judging the poster from a 300x200 jpg
21:07:55 <EDSGD> Yes.
21:08:00 <medos> k
21:08:02 <medos> lele
21:08:07 <medos> you judge movies by trailers too
21:08:10 <medos> so that makes sense :P
21:08:20 <EDSGD> Yes.
21:09:01 <TheWhisper> I could've sworn I had a hi res of it
21:09:08 <EDSGD> Smashing of the window
21:09:19 <EDSGD> is gonna look sweet in 3d and the car accident.
21:09:27 <EDSGD> :3
21:10:38 <TheWhisper> Can't find it
21:10:43 <TheWhisper> Eh
21:10:44 <TheWhisper> Fuck that
21:10:48 <TheWhisper> I'm not seeing it in 3D
21:10:51 <TheWhisper> At least not the first time
21:10:55 <TheWhisper> 2D first
21:10:58 <TheWhisper> and then I'll read about the 3D
21:11:01 <TheWhisper> and see if it's any good
21:12:07 <medos> EDSGD what did you think of There Will Be Blood?
21:12:15 <TheWhisper> Great movie
21:12:24 <TheWhisper> Also, I can't find any higher res versions of this poster. Very strange.
21:12:56 <medos> i guess it'll be glossy anyway
21:13:00 <medos> not much help looking at pix
21:13:11 <TheWhisper> Yeah
21:13:12 <TheWhisper> Still
21:13:13 <TheWhisper> ungh
21:13:26 <TheWhisper> And Baz Luhrmann is directing it
21:13:27 <TheWhisper> nggdgdsg
21:13:32 <EDSGD> You mean the movie?
21:13:41 <EDSGD> Or the poster?
21:13:49 <TheWhisper> the movie
21:13:55 <TheWhisper> Yes, he's directing the poster lol
21:13:56 <EDSGD> Its cool.
21:14:03 <TheWhisper> http://www.youtube.com/watch?v=sTJ7AzBIJoI 
21:14:04 <TheWhisper> ^
21:14:44 <medos> .y luis guzman
21:14:49 <TheWhisper> He's the cartel dude
21:14:51 <TheWhisper> right
21:14:57 <TheWhisper> Oh
21:14:59 <TheWhisper> HAHAHA
21:15:06 <TheWhisper> That's
21:15:11 <TheWhisper> .y joaquin guzman
21:16:01 <EDSGD> My Uncle
21:16:41 <medos> GD = guzman design?
21:17:02 <EDSGD> :3
21:18:35 <TheWhisper> lol
21:18:46 <TheWhisper> I like this speech
21:21:23 <TheWhisper> http://www.youtube.com/watch?v=b9DMiy_DVok&feature=related wow
21:21:45 <TheWhisper> these people suckat running
21:23:21 <medos> if you run like you work out
21:23:23 <medos> (21:33:57) (@TheWhisper): okay work out time
21:23:23 <medos> (21:35:17) (@TheWhisper): ow
21:23:30 <medos> you're worse
21:24:20 <TheWhisper> hahaha
21:24:31 <TheWhisper> Well, I meant more that they see a tsunami coming for them
21:24:36 <TheWhisper> and thing "oh i'll film this and run backwards"
21:25:13 <TheWhisper> Also, if the water fucking recedes, you gotta know what that precedes
21:25:29 <medos> doin' it
21:25:56 <TheWhisper> Hm
21:26:01 <TheWhisper> Now I wonder if there's a rhyme in there
21:26:07 <TheWhisper> "When the water recedes, 
21:26:31 <TheWhisper> run, motherfuckeredes"
21:27:20 <TheWhisper> Yeah, also, just watched the Lynch thing
21:27:24 <TheWhisper> I don't get watching things on phones anyway
21:27:27 <TheWhisper> Seems dumb
21:27:33 <TheWhisper> But I also don't get playing games on your phone either
21:27:47 <TheWhisper> So I probably just don't get it because I have a blackberry
21:28:22 <medos> indeed
21:28:35 <medos> your toilet visits are boring and you do not even know it yet
21:29:26 <TheWhisper> Nah, I know that
21:29:30 <TheWhisper> I just read stuff during them
21:29:52 <TheWhisper> If I'm reading an actual book, sometimes I'll just sit there way too long because I'm so engrossed in it lol
21:32:55 <TheWhisper> Really, I enjoy reading more than any other form of entertainment
21:32:57 <TheWhisper> hm
21:34:51 <medos> not my impression
21:35:50 <EDSGD> President Obama uses a Blackberry
21:39:39 <medos> .gis obama reddit
21:40:09 <medos> http://i.imgur.com/ITuKy.png
21:40:11 <EDSGD> It runs Windows
21:40:34 <EDSGD> WTF What am I suppose to be seeing?
21:41:04 <medos> .gis obama blackberry
21:41:10 <TheWhisper> Medos, the reason that is not your impression is 1) if I'm reading, I'm not on here
21:41:23 <TheWhisper> 2) I generally don't talk about what I'm reading with people who haven't also read those same things
21:41:46 <TheWhisper> 3) I haven't read much over the past 2 months simply because /I enjoy reading too much/
21:41:56 <TheWhisper> And once I start, I hyperfocus in on it
21:42:00 <TheWhisper> (if it's a good book, at least)
21:42:09 <TheWhisper> and next thing I know, it's 4 AM and I'm almost done
21:42:13 <EDSGD> The Hunger Games
21:42:16 <TheWhisper> ^ shit
21:42:23 <TheWhisper> Read Battle Royale
21:42:27 <TheWhisper> Much better
21:42:39 <EDSGD> :D
21:42:46 <TheWhisper> Comparison: Battle Royal > Hunger Games
21:42:47 <TheWhisper> But
21:42:52 <TheWhisper> Battle Royale by itself?
21:42:52 <TheWhisper> Eh
21:43:33 <TheWhisper> Medos, I'll take a picture of my bookshelves when I get home
21:43:36 <EDSGD> http://i.imgur.com/5gLxV.png
21:43:42 <TheWhisper> They're /literally/ overflowing with books
21:43:50 <EDSGD> Battle Royal has pictures
21:43:51 <TheWhisper> lol
21:43:54 <TheWhisper> The novel, not the manga
21:47:45 <EDSGD> Wow my *scanlation crap are still around
21:47:59 <TheWhisper> ?
21:48:07 <TheWhisper> You're surprised that people are still scanlating
21:48:08 <TheWhisper> ?
21:48:21 <EDSGD> The ones I did are still around
21:49:40 <TheWhisper> LOL
21:49:49 <TheWhisper> .g "hentai" "edsgd"
21:49:52 <TheWhisper> damn
21:49:53 <TheWhisper> ;)
21:50:38 <EDSGD> LOL TBH the last one I did fell along the lines of that :D
21:50:54 <EDSGD> It was a group decision to do that :p
21:51:19 <TheWhisper> eroge?
21:52:02 <TheWhisper> wait
21:52:09 <TheWhisper> eroge are games i think
21:54:25 <TheWhisper> something
21:54:32 <TheWhisper> oh edsgd, ecchi?
21:54:40 <EDSGD> Kind of.
21:54:59 <TheWhisper> LINK
21:54:59 <EDSGD> Seinen
21:55:01 <TheWhisper> I wanna laugh at you
21:55:04 <TheWhisper> .g seinen
21:55:32 <EDSGD> :3
21:56:08 <TheWhisper> oh
21:56:10 <TheWhisper> akira
21:56:11 <TheWhisper> gantz
21:56:15 <TheWhisper> gits
21:56:20 <TheWhisper> that's like normal shit
21:56:39 -!- Kocho [~Chris@unaffiliated/kocho] has joined ##reddit-gd
21:56:45 <TheWhisper> KOCHO
21:56:49 <TheWhisper> do showtells
21:56:52 <EDSGD> lol
21:56:53 <Kocho> hello
21:57:24 <Kocho> did you ge the Fuji Tahoe?
21:57:36 <TheWhisper> Not yet
21:57:38 <Kocho> ok
21:57:41 <Kocho> let me look it up
21:57:42 <TheWhisper> I only talked with a regular employee
21:57:47 <TheWhisper> cuz the owner was away
21:57:53 <TheWhisper> I'm gonna go back in tomorrow when he's back
21:58:01 <TheWhisper> and see if he can gimme some sort of bundle if i buy a helmet and lock
21:58:03 <Kocho> its new yeah?
21:58:09 <TheWhisper> nah
21:58:09 <TheWhisper> used
21:58:14 <Kocho> oh ak
21:58:15 <TheWhisper> What did I send to you? I don't even remember
21:58:17 <Kocho> ah ok*
21:58:18 <Kocho> lol
21:58:24 <Kocho> 2 days 2 hours ago
21:58:34 <TheWhisper> lemme look
21:59:45 <Kocho> i've never road a 29er
21:59:50 <TheWhisper> lol
21:59:53 <Kocho> ridden?
21:59:53 <TheWhisper> I wrote that it was used :P
22:00:00 <TheWhisper> rode
22:00:03 <TheWhisper> ridden
22:00:05 <TheWhisper> shit
22:00:06 <Kocho> oh yeah
22:00:06 <TheWhisper> hm
22:00:07 <Kocho> you did
22:00:15 <TheWhisper> .g rode vs ridden
22:00:18 <TheWhisper> I think ridden is not a word
22:00:19 <TheWhisper> but idk
22:00:30 <Kocho> yeah i think so too
22:00:34 <TheWhisper> Nope, it is a word
22:00:45 <Kocho> oh?
22:01:11 <TheWhisper> Yeah
22:01:17 <TheWhisper> ridden is right
22:01:18 <Kocho> do you know how old the bike is?
22:01:19 <TheWhisper> for your sentence
22:01:23 <TheWhisper> uh
22:01:26 <TheWhisper> he said a few years
22:01:29 <Kocho> ok
22:01:29 <TheWhisper> idk exactly
22:01:55 <Kocho> ask for $200 and get them to throw in at least a decent helment
22:02:03 <TheWhisper> Yeah
22:02:03 <Kocho> or get a decent helmet
22:02:05 -!- PeachPlum [438eb61a@gateway/web/freenode/ip.67.142.182.26] has joined ##reddit-gd
22:02:11 <Kocho> something around $70
22:02:13 <PeachPlum> Hello
22:02:18 <TheWhisper> Hey, peachplum
22:02:33 <TheWhisper> Kocho, I'm gonna see if I can get a helmet + lock too for like 230-240
22:02:39 <TheWhisper> including the bike
22:02:39 <Kocho> ah ok
22:02:40 <Kocho> yep
22:02:49 <Kocho> looks good though
22:02:53 <TheWhisper> Suhweet
22:03:00 <Kocho> but like i said, never ridden/rode a 29er
22:03:03 <TheWhisper> Peachplum, student, professional, or freelancer?
22:03:05 <TheWhisper> 29er?
22:03:10 <Kocho> but they're in fashion att the moment
22:03:13 <Kocho> at*
22:03:25 <Kocho> mountain bike with bigger wheels*
22:03:27 <TheWhisper> Ah
22:03:35 <TheWhisper> Yeah, well, I think it'll be good
22:03:39 <TheWhisper> Assuming we have a harsh winter
22:03:40 <Kocho> yeah i think so too
22:04:16 <Kocho> Fuji are a well known brand usually at a entry / mid level
22:04:22 <TheWhisper> Okay
22:04:31 <Kocho> know if it's got hydraulic brakes?
22:04:33 <TheWhisper> Nope
22:04:45 <TheWhisper> One thing I was worried was that it's a 17" frame
22:04:55 <Kocho> ah ok
22:05:03 <Kocho> yeah that's probably a bit small
22:05:11 <TheWhisper> (PeachPlum, don't worry - you're not in the wrong channel. :P)
22:05:19 <Kocho> but its tough to know because everyones different
22:05:24 <TheWhisper> Yeah, I figured I'd see what the boss says anyway
22:05:25 <Kocho> just make sure you feel comfortable
22:05:31 <TheWhisper> I'm sure he knows more than the kid who was there
22:05:36 <Kocho> ok
22:10:02 <TheWhisper> Also, Kocho, wanna see my site? I think I have the main page and stuff pretty much done
22:10:09 <Kocho> yeah for sure
22:10:12 <TheWhisper> Not live though
22:10:19 <Kocho> thats ok
22:10:33 <TheWhisper> https://www.dropbox.com/s/6q0tk27ma40h08b/TFW_StoryPage_1.png 
22:10:37 <TheWhisper> then https://www.dropbox.com/s/buyf909c95zl64r/TFW_StoryPage_2.png
22:10:46 <PeachPlum> I'm sorry! I stepped away from my computer.
22:11:05 <TheWhisper> No worries :)
22:11:13 <PeachPlum> I am a fresh grad and was actually wondering if I could get some advice from others from here.
22:11:33 <TheWhisper> We'll try haha
22:11:40 <TheWhisper> You have a site?
22:11:57 <PeachPlum> Yes. http://www.kaylabonzo.com
22:12:03 <Kocho> no way
22:12:06 <TheWhisper> bonzooo
22:12:09 <Kocho> someone actually has a site!
22:12:20 <TheWhisper> :P
22:12:33 <PeachPlum> shhh, thats my last name, heh. Its weird
22:12:33 <TheWhisper> Damn, loving the LoL illustration
22:12:58 <PeachPlum> Thank you, I posted it on the League subreddit before. :)
22:13:35 <TheWhisper> Um
22:13:46 <TheWhisper> Your photos all look very low res though
22:13:55 <TheWhisper> like you upsized them after saving
22:14:03 <TheWhisper> Ah
22:14:03 <TheWhisper> I see
22:14:26 <PeachPlum> Thats weird, I'll have to go fix that.
22:14:49 <medos> So many people!
22:14:49 <TheWhisper> I think that what it may be
22:14:50 <medos> hi
22:14:51 <TheWhisper> is that
22:15:07 <TheWhisper> hm
22:15:13 <PeachPlum> Im actually planning a complete site and logo rehaul, I don't really like what I have right now.
22:15:23 <Kocho> medos, hi, student / professional / freelancer 
22:15:28 <TheWhisper> I don't know actually. The size you've specified in the html is the exact size of the image
22:15:45 <TheWhisper> And when I right click > view image, it looks sharp and crisp
22:15:49 <medos> whoa
22:16:00 <TheWhisper> It could be http://i.imgur.com/NZic8.png that
22:16:01 <TheWhisper> idk though
22:16:04 <PeachPlum> Maybe its Wordpress?
22:16:38 <TheWhisper> Lemme just make sure it's not firefox acting up
22:17:06 <TheWhisper> Nope, happens in chrome too
22:17:07 <medos> Looks fine to me.
22:17:38 <TheWhisper> http://i.imgur.com/KUFmj.png is how it looks for me
22:17:53 <TheWhisper> http://i.imgur.com/JiiCd.png is how the image alone looks
22:18:03 <PeachPlum> Thank you Medos
22:18:04 <medos> hi Kocho professional freelancer educating students in his free time is what I am, how about you?
22:18:29 <PeachPlum> Actually I see what you are seeing Whisper
22:18:35 <TheWhisper> I think it's that width: 100% in your CSS
22:18:35 <Kocho> ms paint hobbiest
22:18:41 <PeachPlum> I'll have to figure this out.
22:18:50 <TheWhisper> Your stuff is cool though :P
22:18:54 <PeachPlum> That kinda goes in hand with what I was wanting to ask for advice about.
22:19:01 <TheWhisper> Damn, really nice Hare too
22:19:09 <Kocho> it is width 100%
22:19:11 <medos> PeachPlum awesome stuff in there, I'll look at your pieces in a bit ;)
22:19:18 <Kocho> thats pixellating the images
22:19:21 <PeachPlum> I don't really know web design, I only learned purely print and illustration.
22:19:37 <PeachPlum> And I'm haveing trouble finding work because of it.
22:19:45 <TheWhisper> Ah
22:20:02 <PeachPlum> Is web design something I should try to learn on my own or should I go back to school for it?
22:20:12 -!- Rachen [~Rachen@65.129.139.44] has joined ##reddit-gd
22:20:15 <TheWhisper> I think it's definitely something one can learn on their own
22:20:23 <TheWhisper> If they take the time to do so
22:20:53 <TheWhisper> And, in some cases, I think people may be better off doing it themselves, as school curriculae are often behind the times.
22:21:22 <TheWhisper> *curriculum
22:21:45 <PeachPlum> Alright, how should I go about it then? Pick up some books or certain websites?
22:21:57 <medos> ?wordpress
22:22:00 <PeachPlum> I took one basic class my senior year, I didn't do very well in it.
22:22:01 <medos> ?webdesign
22:22:02 <TheWhisper> Medos, has some great resources
22:22:07 <TheWhisper> ^
22:22:13 <TheWhisper> He made that post 
22:22:31 <medos> That's a post full of designer-goes-frontend-webdev-content
22:22:37 <PeachPlum> nice, thanks
22:22:42 <medos> ?freelance
22:22:43 <TheWhisper> and I think a good book for learning basic HTML / CSS is http://htmlandcssbook.com/
22:22:51 <medos> ^ For troubles finding work
22:23:35 <PeachPlum> Thank you
22:24:11 <TheWhisper> We're always glad to help
22:24:21 <medos> Yeah :)
22:24:24 <TheWhisper> brb making dinner
22:24:29 <TheWhisper> medos look at pm 
22:24:48 <PeachPlum> Is there anything that sticks out in my portfolio that I should work on? (Besides the awful resolution, I'm working on that right now :P)
22:25:40 <medos> hmmm
22:26:16 <medos> That really really depends on what kind of clients you're looking for
22:26:28 <medos> In my opinion it's an awesome collection of work
22:27:35 <medos> Do you mind if i ask how you go about finding clients?
22:28:46 <PeachPlum> Well, to be honest I don't feel confident on doing freelance work right now, I've been  applying to design firms and businesses looking for inhouse designers. But I'm under experienced for a lot of places.
22:29:18 <medos> says who? :P
22:29:20 <PeachPlum> The few freelance projects I have done have mostly been by found by word of mouth from teachers and friends.
22:29:46 <medos> ok, sounds like a start
22:30:36 <medos> (sorry if i'm not instantly replying, kinda doing 2-3 things at once)
22:30:56 <Kocho> PeachPlum get rid of width: 100% line 66 in custom.css
22:31:12 <PeachPlum> Pretty much every where I've applied. ._. They either want folks with lots of experience, like 5+ or if they want still in school kids for their internships.
22:31:18 <PeachPlum> Alright Kocho. Thanks!
22:32:20 <medos> http://kaylabonzo.com/2012/05/ivory-pawn/ <- get rid of these mockups
22:32:25 <medos> ?psd
22:32:38 <EDSGD> Damn these stock photos. How can you be happy looking at meat packaging
22:32:40 <medos> http://www.psdcovers.com/
22:33:31 <medos> I think these are free product templates
22:33:58 <medos> which would give a more corporate vibe
22:34:20 <medos> *replace them
22:34:22 <medos> I mean
22:34:24 <TheWhisper>  Back
22:34:32 <PeachPlum> Oh these are nice!
22:35:23 <medos> you just need a Creativecommons Attribution on your website
22:35:43 <medos> worth trading a small attribution for more realistic mockups
22:36:07 <TheWhisper> Unless the packaging was part of the brand
22:36:13 <TheWhisper> Then maybe remake it 
22:36:19 <TheWhisper> but otherwise, I agree with medos
22:37:17 <medos> as cheesy as it may sound: standard looking mockups will put the focus on your design/logo/content
22:38:23 <PeachPlum> Ah, makes sense.
22:38:43 <medos> your cup/box are heavily shaded right now
22:38:52 <medos> i'm looking more at the cup than the logo on it
22:40:09 <TheWhisper> PeachPlum, did you do the entire LoL illustration in PS, or did you sketch & scan?
22:41:12 <PeachPlum> In Photoshop, my scanner is dead. :(
22:41:18 <TheWhisper> Nice
22:41:30 <TheWhisper> .tell edsgd http://www.cracktwo.com/2011/04/25-abandoned-soviet-monuments-that-look.html
22:42:25 <TheWhisper> PeachPlum, have you used IRC before?
22:43:00 <PeachPlum> Its been a looong while.
22:43:25 <medos> feel free to stay and ask random questions from time to time ;)
22:43:29 <TheWhisper> Yeah
22:43:47 <PeachPlum> Cool, thanks.
22:43:48 <medos> Kocho http://dribbble.com/shots/759335-Needles-psd
22:43:53 <TheWhisper> We get a lot of people who come for a minute, and then leave without saying anything.
22:43:56 <medos> :(
22:44:06 <Kocho> oh nice
22:44:09 <TheWhisper> Because they don't realize that IRC is not like AIM or FB chat :P
22:44:32 -!- heeya [53ff041d@gateway/web/freenode/ip.83.255.4.29] has joined ##reddit-gd
22:44:35 <medos> I just fixed the orange one though not all of them
22:44:41 <medos> because their shading is all over the place
22:44:44 <TheWhisper> Hello, heeya
22:44:53 <Kocho> lol nicely done ;)
22:44:54 <heeya> Hey
22:45:01 <medos> heeya! :)
22:45:14 <TheWhisper> Student, freelancer, or pro?
22:45:24 <heeya> Yeah, didnt know that this sub had a chat :)
22:45:45 <TheWhisper> Lots of people don't :P
22:45:52 <heeya> yeah, too bad
22:46:02 <TheWhisper> Eh, keeps out the riffraff ;)
22:46:22 <heeya> i'm gonna log out and log in with my real nick; look out for "iasmatt"
22:47:05 -!- iasmatt [53ff041d@gateway/web/freenode/ip.83.255.4.29] has joined ##reddit-gd
22:47:20 <medos> TheWhisper if you want to be productive feel free to write a small tutorial about irc. :)
22:47:30 <iasmatt> ... and i'm back
22:47:32 <TheWhisper> Hey
22:47:35 <medos> welcome back
22:47:39 <iasmatt> thanks
22:47:40 <TheWhisper> And medos, doin' work
22:47:52 <TheWhisper> You already wrote a tutorial anyway
22:48:02 <EDSGD> Coool TheWhisper
22:48:19 <TheWhisper> I figured you'd like it
22:48:19 <EDSGD> you cal also post things on the front page of reddit
22:48:24 <EDSGD> *can
22:48:24 <PeachPlum> I'm still here, I'm just messing with my site so sorry if I respond late. :P
22:48:32 <TheWhisper> No worries
22:48:38 <TheWhisper> And edsgd, what?
22:49:52 <medos> iasmatt there's no rule to use your reddit nick here, I think half the guys in here have a different nickname on irc
22:50:15 <iasmatt> well, that's okay for me.
22:50:16 <medos> <- champ-ooh
22:50:55 <TheWhisper> <- ICanBeYourHeroBaby
22:51:06 <iasmatt> i was just clicking around aimlessly and found a link to the chat.. wrote in heeya, and well... here I am
22:51:07 <iasmatt> :D
22:51:37 <iasmatt> you seemed nice so i changed to something I can remember if i return
22:52:19 <medos> haha, testing the waters with a fake idendity
22:52:26 <medos> *identity even
22:52:38 <iasmatt> yup!
22:52:59 <TheWhisper> Haha
22:53:02 <iasmatt> what are you all up to btw?
22:53:13 <TheWhisper> I'm working on this website for a school event
22:53:22 <TheWhisper> slash eating
22:53:35 <medos> < brand book thingie that needs to get done
22:53:37 <TheWhisper> Are you a student?
22:53:43 <medos> or styleguide?
22:53:45 <iasmatt> oh, ok. cool!
22:53:47 <medos> whichever
22:54:09 <iasmatt> nope i'm working full time + freelancing, trying to get in to school
22:54:22 <TheWhisper> Ah, nice
22:54:25 <TheWhisper> Got a site?
22:55:25 <iasmatt> so right now i'm double-checking 50+ business cards.
22:55:43 <iasmatt> I hereby hate people with two (or more) surnames :/
22:56:03 <iasmatt> messes up with my clever data merging...
22:56:38 <TheWhisper> :P
22:57:10 <iasmatt> @TheWhisper, sorry haven't got a site up yet. personal projects are pushed back :)
22:57:19 <TheWhisper> No problemo
22:57:21 <TheWhisper> I don't have one either
22:57:24 <TheWhisper> Neither does medos
22:57:29 <TheWhisper> edsgd does
22:57:32 <TheWhisper> so does kocho
22:57:41 <iasmatt> and you two; pro, student or a styleguide?
22:57:43 <iasmatt> ah okey:D
22:58:19 <medos> freelancer
22:58:31 <medos> best i can offer is http://champ-ooh.minus.com/muCmRzAcm
22:58:36 <TheWhisper> Student
22:59:02 <TheWhisper> Lol, medos, what's that photo of your pants?
23:00:02 <medos> artistically valuable dry denim 1 year of wear photographed while drunk and found to be just that: artistically valuable
23:00:21 <iasmatt> haha!
23:00:23 <EDSGD> I love your humor medos http://i.minus.com/jbcpU7PIWc2yQF.png
23:01:10 <TheWhisper> I thought it was you attempting to do one of those surrealist photos
23:01:13 <iasmatt> my jeans never last a full year, especially when they're raw denim... i need to start walking more like a cowboy :)
23:01:20 <TheWhisper> Where the pants looked like they had legs in them
23:01:24 <EDSGD> http://i.minus.com/jKUhYxRLwaAlB.jpg
23:01:54 <medos> i like my placement of the O there
23:02:41 <EDSGD> http://i.minus.com/jb2qj1h9s7rvIe.jpg
23:02:50 <medos> there too
23:03:16 <medos> that's lime juice and vodka photography
23:03:22 <EDSGD> http://i.minus.com/iXeVJ3MhI91Vr.gif
23:03:58 <medos> that's a friend asking for a dj-mix cover image
23:03:59 <medos> http://www.mixcloud.com/Ezca/release-the-sawtooth/
23:04:04 <medos> didn't pick my approach
23:04:29 <EDSGD> http://i.minus.com/ikqWPdmW2vyRa.jpg
23:05:03 <medos> that's from the time dolan was funny and i posted this saying "actually was m night shamalyan"
23:05:04 <TheWhisper> Medos, on Win8, did you use winamp or the music app?
23:05:13 <medos> foobar
23:05:33 <TheWhisper> Why foobar over the music app?
23:06:08 <medos> because the windows 8 preview music app was unusable
23:06:19 <TheWhisper> Ah
23:06:22 <TheWhisper> http://www.msfn.org/board/topic/156894-windows-8-music-app-thats-a-joke-right/
23:06:25 <TheWhisper> seems like it lol
23:07:13 <medos> who cares, i will use foobar when i install w8 again, no matter what
23:07:29 <medos> :P
23:07:39 <medos> i'll be back later, got stuff to dooooo
23:08:06 <TheWhisper> Resistance to change rabble rabble rabble 
23:08:09 <TheWhisper> lol
23:08:44 <TheWhisper> whoa
23:11:29 <iasmatt> well i have to go aswell, my batch looks ok for now, and i need to get some sleep. I've got work in the morning..
23:11:59 <TheWhisper> Okay, night. Feel free to stop in again :)
23:12:08 <iasmatt> I'll be back some other time. This place seems nice. For now at least :)
23:12:18 <PeachPlum> What do you guys usually do for inspiration?
23:12:35 <iasmatt> almost sleep :D
23:12:57 <iasmatt> Bye!
23:13:22 <EDSGD> dribbbbble
23:13:27 <EDSGD> :p
23:13:46 <TheWhisper> PeachPlum, lots of places. 
23:13:51 <TheWhisper> Pretty much anywhere :
23:13:52 <TheWhisper> :P
23:14:01 <TheWhisper> Depends on what specifically you're looking for inspiration on
23:14:19 <PeachPlum> I like Logo pond :D
23:14:32 <TheWhisper> They're not bad
23:15:30 <Kocho> logopond is ok
23:15:40 <TheWhisper> ?inspiration
23:15:41 <Kocho> i find that it's a bit average now
23:15:47 <TheWhisper> hm
23:15:48 <Kocho> i still like logo books
23:15:53 <TheWhisper> ?resources
23:16:05 <medos> huh
23:16:07 <TheWhisper> I could've sworn there was an inspiration thing there
23:16:19 <TheWhisper> Medos, didn't you make a post on inspiration recently
23:16:46 <medos> i made plenty of those on reddit
23:16:55 <medos> ?looking
23:18:30 <TheWhisper> That's not inspiring ;)
23:18:30 <TheWhisper> jk
23:18:49 <TheWhisper> Can you link one? PeachPlum was asking above about good places for inspiration.
23:19:29 <medos> OH
23:19:32 <medos> wait
23:19:34 <TheWhisper> Lol
23:19:45 -!- superbgoblin [5ed45a04@gateway/web/freenode/ip.94.212.90.4] has joined ##reddit-gd
23:19:46 <TheWhisper> Yes, a person who doesn't annoy you was asking
23:19:47 <medos> (i remembered what you were talking about)
23:19:50 <TheWhisper> Lol
23:19:54 <TheWhisper> Hey, superbgoblin!
23:19:59 <superbgoblin> Hi
23:20:11 <TheWhisper> Student, freelancer, or pro?
23:21:19 <superbgoblin> Student. But not in graphical design yet. Planning to help others out that eventually
23:21:26 <medos> PeachPlum http://www.reddit.com/r/graphic_design/comments/zo08q/where_do_you_get_your_inspiration/
23:21:32 <EDSGD> http://i.imgur.com/4740c.png
23:21:38 <PeachPlum> Awesome! 
23:21:43 <TheWhisper> edsgd, what is that?
23:22:00 <TheWhisper> Also, superbgoblin, cool. What can we help ya with?
23:22:13 <EDSGD> A girl smiling.
23:22:14 <superbgoblin> I only started 3 days ago working in after effects.
23:22:30 <superbgoblin> With nothing! just joined to have a nice chat
23:22:38 <TheWhisper> Ah, cool
23:23:09 <TheWhisper> Well, we have some guys in here who know how to use AE
23:23:13 <TheWhisper> I personally don't
23:23:42 <TheWhisper> I'm also still really hungry, so brb
23:24:15 <superbgoblin> Well its takes time to learn.
23:24:45 <Kocho> cs6 indesign, do you guys have High Quality Print as a PDF export option?
23:25:05 <medos> define HQ
23:25:24 <Kocho> it was an option in cs5,4,3,2,1,0,-1,-2
23:25:25 <medos> 300dpi?
23:25:38 <Kocho> yeah 300dpi
23:25:39 <Kocho> but
23:25:41 <EDSGD> File > Adobe PDF.... > Press Quality 
23:25:43 <EDSGD> ?????
23:25:45 <Kocho> it wasn't x1a
23:26:06 <Kocho> yeah i don't even have press quality there
23:26:11 <medos> uhhhh
23:26:17 <Kocho> is High Quality Print there EDSGD?
23:26:21 <medos> http://i.imgur.com/Q6JGD.png
23:26:28 <medos> there's no "high" quality in print
23:26:39 <medos> you have losless vectors and eps data for gradients colors
23:26:41 <medos> and images
23:26:51 <medos> at a fixed dpi setting
23:27:00 <Kocho> 1 sec
23:27:34 <medos> File -> Adobe PDF Presets -> High Quality Print
23:27:36 <medos> is what i see
23:27:43 <Kocho> yeah so it is there
23:27:45 <Kocho> hrmm
23:27:52 <Kocho> why don't i have those options
23:28:35 <medos> to save you from thinking there's a printing press somewhere that has a high medium and low quality print button
23:28:43 <medos> http://i.imgur.com/rizht.png
23:28:53 <medos> :P
23:28:56 <Kocho> grr, yeah i don't have those
23:28:59 <Kocho> or 2008
23:29:06 <Kocho> just have 1a and 3
23:29:30 <Kocho> i guess i can import those options from cs5
23:29:44 <PeachPlum> I have to go and make dinner. I'll start comeing here more often though, everyone is really nice and helpful!
23:29:45 <medos> i would recommend looking at the settings for each
23:29:51 <PeachPlum> Later!
23:30:02 <superbgoblin> What subredit would be appropiate to post your own creations?
23:30:03 <Kocho> i don't have them to look at
23:30:28 <medos> superbgoblin r/idesignedthis i think
23:30:42 <superbgoblin> Thanks!
23:31:31 <TheWhisper> Link them in here too so we can see :P
23:31:57 <TheWhisper> Also, any suggestions for sauce to put on pasta? I have tomato sauce, but don't want to use that because it gives me reflux.
23:32:06 <TheWhisper> I could do olive oil, I guess, but that's meh
23:32:23 <TheWhisper> hm
23:32:37 <superbgoblin> Can I link my creation?
23:32:45 <superbgoblin> Dont expect much. I started this weekend
23:33:10 <superbgoblin> Only 2 worth showing.
23:33:12 <superbgoblin> 1. http://www.youtube.com/watch?v=78WAftPKrEo
23:33:19 <Kocho> medos can you export your 2008 one?
23:33:39 <superbgoblin> 2. http://www.youtube.com/watch?v=LhX1oJBrGW4
23:33:59 <Kocho> medos and High Quality Print *
23:34:03 <Kocho> if possible
23:34:11 <Kocho> please + thank you too
23:34:38 <medos> bah
23:34:53 <medos> have to reboot as dropbox will kill my machine
23:35:16 <Kocho> ok nvm
23:36:09 <Kocho> got it it's ok
23:36:21 <medos> brb
23:36:26 <medos> superbgoblin not bad :)
23:37:01 -!- Carson [~carson@enat-152010252043.appstate.edu] has joined ##reddit-gd
23:37:06 <superbgoblin> Thanks.
23:46:30 -!- medos [~medos@p5B3DAC3D.dip.t-dialin.net] has joined ##reddit-gd
23:46:31 -!- medos [~medos@unaffiliated/medos] has joined ##reddit-gd
23:47:11 <medos> had like 6 services disabled that are needed to connect to my wireless network >:(
23:48:00 <TheWhisper> Yumm
23:48:24 <TheWhisper> Cool stuff, superbgoblin
23:48:30 <superbgoblin> Cheers
23:48:59 <TheWhisper> <medos> had like 6 services disabled that are needed to connect to my wireless network >:( 
23:49:08 <TheWhisper> Make a "enable" and "disable" bat file
23:49:10 <TheWhisper> :)
23:49:41 <medos> why?
23:50:57 <Kocho> 'cause they'll suck your blood
23:51:00 <Kocho> otherwise
23:51:07 <Kocho> wait thats vampires
23:51:10 <Kocho> not bats
23:54:14 -!- internetpolice [~medos@p5B3DAC3D.dip.t-dialin.net] has joined ##reddit-gd
23:54:43 -!- medos [~medos@unaffiliated/medos] has joined ##reddit-gd
