17:32:32 :asimov.freenode.net 001 Awesomius :Welcome to the freenode Internet Relay Chat Network Awesomius
17:32:32 :asimov.freenode.net 002 Awesomius :Your host is asimov.freenode.net[174.143.119.91/6667], running version ircd-seven-1.1.3
17:32:32 :asimov.freenode.net 003 Awesomius :This server was created Sun Dec 11 2011 at 22:15:09 UTC
17:32:32 :asimov.freenode.net 004 Awesomius asimov.freenode.net ircd-seven-1.1.3 DOQRSZaghilopswz CFILMPQbcefgijklmnopqrstvz bkloveqjfI
17:32:32 :asimov.freenode.net 005 Awesomius CHANTYPES=# EXCEPTS INVEX CHANMODES=eIbq,k,flj,CFLMPQcgimnprstz CHANLIMIT=#:120 PREFIX=(ov)@+ MAXLIST=bqeI:100 MODES=4 NETWORK=freenode KNOCK STATUSMSG=@+ CALLERID=g :are supported by this server
17:32:32 :asimov.freenode.net 005 Awesomius CASEMAPPING=rfc1459 CHARSET=ascii NICKLEN=16 CHANNELLEN=50 TOPICLEN=390 ETRACE CPRIVMSG CNOTICE DEAF=D MONITOR=100 FNC TARGMAX=NAMES:1,LIST:1,KICK:1,WHOIS:1,PRIVMSG:4,NOTICE:4,ACCEPT:,MONITOR: :are supported by this server
17:32:32 :asimov.freenode.net 005 Awesomius EXTBAN=$,arx WHOX CLIENTVER=3.0 SAFELIST ELIST=CTU :are supported by this server
17:32:32 :asimov.freenode.net 251 Awesomius :There are 232 users and 79734 invisible on 32 servers
17:32:32 :asimov.freenode.net 252 Awesomius 54 :IRC Operators online
17:32:32 :asimov.freenode.net 253 Awesomius 23 :unknown connection(s)
17:32:32 :asimov.freenode.net 254 Awesomius 37432 :channels formed
17:32:32 :asimov.freenode.net 255 Awesomius :I have 5296 clients and 1 servers
17:32:32 :asimov.freenode.net 265 Awesomius 5296 10617 :Current local users 5296, max 10617
17:32:32 :asimov.freenode.net 266 Awesomius 79966 83501 :Current global users 79966, max 83501
17:32:32 :asimov.freenode.net 250 Awesomius :Highest connection count: 10618 (10617 clients) (2752651 connections received)
17:32:32 :asimov.freenode.net 375 Awesomius :- asimov.freenode.net Message of the Day - 
17:32:32 :asimov.freenode.net 372 Awesomius :- Welcome to asimov.freenode.net in TX, USA!  Thanks to
17:32:32 :asimov.freenode.net 372 Awesomius :- Rackspace (www.rackspace.com) for sponsoring
17:32:32 :asimov.freenode.net 372 Awesomius :- this server!
17:32:32 :asimov.freenode.net 372 Awesomius :-  
17:32:32 :asimov.freenode.net 372 Awesomius :- ASIMOV, ISAAC [1920-1992].  One of the brightest stars of the
17:32:32 :asimov.freenode.net 372 Awesomius :- science fiction universe.  Author of I Robot, the
17:32:32 :asimov.freenode.net 372 Awesomius :- Foundation series (which "grew like Topsy"), Pebble in the
17:32:32 :asimov.freenode.net 372 Awesomius :- Sky and hundreds of works of science fact and science
17:32:32 :asimov.freenode.net 372 Awesomius :- fiction.
17:32:32 :asimov.freenode.net 372 Awesomius :-  
17:32:32 :asimov.freenode.net 372 Awesomius :- You're using freenode, a service of Peer-Directed Projects
17:32:32 :asimov.freenode.net 372 Awesomius :- Center Ltd (http://freenode.net/pdpc.shtml).
17:32:32 :asimov.freenode.net 372 Awesomius :-  
17:32:32 :asimov.freenode.net 372 Awesomius :- By connecting to freenode you indicate that you have read
17:32:32 :asimov.freenode.net 372 Awesomius :- and agree to adhere to our policies and procedures as per
17:32:32 :asimov.freenode.net 372 Awesomius :- the website (http://freenode.net). We would like to remind
17:32:32 :asimov.freenode.net 372 Awesomius :- you that unauthorized public logging of channels on the
17:32:32 :asimov.freenode.net 372 Awesomius :- network is prohibited. Public channel logging should only
17:32:32 :asimov.freenode.net 372 Awesomius :- take place where the channel owner(s) has requested this
17:32:32 :asimov.freenode.net 372 Awesomius :- and users of the channel are all made aware (if you are
17:32:32 :asimov.freenode.net 372 Awesomius :- publically logging your channel, you may wish to keep a
17:32:32 :asimov.freenode.net 372 Awesomius :- notice in topic and perhaps as a on-join message).
17:32:32 :asimov.freenode.net 372 Awesomius :-  
17:32:32 :asimov.freenode.net 372 Awesomius :- freenode runs an open proxy scanner. Your use of the network
17:32:32 :asimov.freenode.net 372 Awesomius :- indicates your acceptance of this policy. For details on
17:32:32 :asimov.freenode.net 372 Awesomius :- freenode network policy, please take a look at our policy
17:32:32 :asimov.freenode.net 372 Awesomius :- page (http://freenode.net/policy.shtml). Thank you for using
17:32:32 :asimov.freenode.net 372 Awesomius :- the network!
17:32:32 :asimov.freenode.net 372 Awesomius :-  
17:32:32 :asimov.freenode.net 372 Awesomius :- Don't forget to check out these other Peer-Directed Projects:
17:32:32 :asimov.freenode.net 372 Awesomius :- FOSSCON [http://www.fosscon.org] and fossevents 
17:32:32 :asimov.freenode.net 372 Awesomius :- [http://www.fossevents.org], and soon we'll repeat last years 
17:32:32 :asimov.freenode.net 372 Awesomius :- success with Picnics for Geeks across the globe, more info at 
17:32:32 :asimov.freenode.net 372 Awesomius :- [http://geeknic.org]
17:32:32 :asimov.freenode.net 372 Awesomius :-  
17:32:32 :asimov.freenode.net 372 Awesomius :- freenode is a service of Peer-Directed Projects Center Ltd,
17:32:32 :asimov.freenode.net 372 Awesomius :- a not for profit organisation registered in England and Wales.
17:32:32 :asimov.freenode.net 372 Awesomius :-  
17:32:32 :asimov.freenode.net 372 Awesomius :- If you support the work we do and wish to donate to the PDPC, 
17:32:32 :asimov.freenode.net 372 Awesomius :- you may do so over at http://freenode.net/pdpc_donations.shtml
17:32:32 :asimov.freenode.net 372 Awesomius :-  
17:32:32 :asimov.freenode.net 372 Awesomius :- Thank you for using freenode!
17:32:32 :asimov.freenode.net 372 Awesomius :-  
17:32:32 :asimov.freenode.net 372 Awesomius :- ***************************************************************
17:32:32 :asimov.freenode.net 372 Awesomius :- Please read http://blog.freenode.net/2010/11/be-safe-out-there/
17:32:32 :asimov.freenode.net 372 Awesomius :- ***************************************************************
17:32:32 :asimov.freenode.net 376 Awesomius :End of /MOTD command.
17:32:38 :asimov.freenode.net 353 Awesomius @ #redditgdtest :Awesomius @Azra-el
17:32:38 :asimov.freenode.net 366 Awesomius #redditgdtest :End of /NAMES list.
17:32:39 :asimov.freenode.net 396 Awesomius unaffiliated/azra-el/bot/awesomius :is now your hidden host (set by services.)
