16:26:59 :calvino.freenode.net 001 Awesomius :Welcome to the freenode Internet Relay Chat Network Awesomius
16:26:59 :calvino.freenode.net 002 Awesomius :Your host is calvino.freenode.net[213.92.8.4/6667], running version ircd-seven-1.1.3
16:26:59 :calvino.freenode.net 003 Awesomius :This server was created Sun Dec 4 2011 at 14:42:47 CET
16:26:59 :calvino.freenode.net 004 Awesomius calvino.freenode.net ircd-seven-1.1.3 DOQRSZaghilopswz CFILMPQbcefgijklmnopqrstvz bkloveqjfI
16:26:59 :calvino.freenode.net 005 Awesomius CHANTYPES=# EXCEPTS INVEX CHANMODES=eIbq,k,flj,CFLMPQcgimnprstz CHANLIMIT=#:120 PREFIX=(ov)@+ MAXLIST=bqeI:100 MODES=4 NETWORK=freenode KNOCK STATUSMSG=@+ CALLERID=g :are supported by this server
16:26:59 :calvino.freenode.net 005 Awesomius CASEMAPPING=rfc1459 CHARSET=ascii NICKLEN=16 CHANNELLEN=50 TOPICLEN=390 ETRACE CPRIVMSG CNOTICE DEAF=D MONITOR=100 FNC TARGMAX=NAMES:1,LIST:1,KICK:1,WHOIS:1,PRIVMSG:4,NOTICE:4,ACCEPT:,MONITOR: :are supported by this server
16:26:59 :calvino.freenode.net 005 Awesomius EXTBAN=$,arx WHOX CLIENTVER=3.0 SAFELIST ELIST=CTU :are supported by this server
16:26:59 :calvino.freenode.net 251 Awesomius :There are 232 users and 79389 invisible on 32 servers
16:26:59 :calvino.freenode.net 252 Awesomius 54 :IRC Operators online
16:26:59 :calvino.freenode.net 253 Awesomius 23 :unknown connection(s)
16:26:59 :calvino.freenode.net 254 Awesomius 37441 :channels formed
16:26:59 :calvino.freenode.net 255 Awesomius :I have 4756 clients and 1 servers
16:26:59 :calvino.freenode.net 265 Awesomius 4756 10768 :Current local users 4756, max 10768
16:26:59 :calvino.freenode.net 266 Awesomius 79621 83501 :Current global users 79621, max 83501
16:26:59 :calvino.freenode.net 250 Awesomius :Highest connection count: 10769 (10768 clients) (2037866 connections received)
16:26:59 :calvino.freenode.net 375 Awesomius :- calvino.freenode.net Message of the Day - 
16:26:59 :calvino.freenode.net 372 Awesomius :- Welcome to calvino.freenode.net in Milan, Italy! Thanks to
16:26:59 :calvino.freenode.net 372 Awesomius :- I.Net S.p.A. (www.inet.it) for sponsoring this server!
16:26:59 :calvino.freenode.net 372 Awesomius :-  
16:26:59 :calvino.freenode.net 372 Awesomius :- CALVINO, ITALO [1923-1985].  Born in Cuba, Italo Calvino grew
16:26:59 :calvino.freenode.net 372 Awesomius :- up in San Remo, Italy.  During World War II, he joined the
16:26:59 :calvino.freenode.net 372 Awesomius :- partisans during the German occupation and, after writing a
16:26:59 :calvino.freenode.net 372 Awesomius :- series of stories which drew on his experiences, he became a
16:26:59 :calvino.freenode.net 372 Awesomius :- journalist. His work included Mr. Palomar, Under the
16:26:59 :calvino.freenode.net 372 Awesomius :- Jaguar Sun, Cosmicomics and t zero.  Calvino made
16:26:59 :calvino.freenode.net 372 Awesomius :- important contributions to Italian literature in the middle
16:26:59 :calvino.freenode.net 372 Awesomius :- of the last century.
16:26:59 :calvino.freenode.net 372 Awesomius :-  
16:26:59 :calvino.freenode.net 372 Awesomius :- You're using freenode, a service of Peer-Directed Projects
16:26:59 :calvino.freenode.net 372 Awesomius :- Center Ltd (http://freenode.net/pdpc.shtml).
16:26:59 :calvino.freenode.net 372 Awesomius :-  
16:26:59 :calvino.freenode.net 372 Awesomius :- By connecting to freenode you indicate that you have read
16:26:59 :calvino.freenode.net 372 Awesomius :- and agree to adhere to our policies and procedures as per
16:26:59 :calvino.freenode.net 372 Awesomius :- the website (http://freenode.net). We would like to remind
16:26:59 :calvino.freenode.net 372 Awesomius :- you that unauthorized public logging of channels on the
16:26:59 :calvino.freenode.net 372 Awesomius :- network is prohibited. Public channel logging should only
16:26:59 :calvino.freenode.net 372 Awesomius :- take place where the channel owner(s) has requested this
16:26:59 :calvino.freenode.net 372 Awesomius :- and users of the channel are all made aware (if you are
16:26:59 :calvino.freenode.net 372 Awesomius :- publically logging your channel, you may wish to keep a
16:26:59 :calvino.freenode.net 372 Awesomius :- notice in topic and perhaps as a on-join message).
16:26:59 :calvino.freenode.net 372 Awesomius :-  
16:26:59 :calvino.freenode.net 372 Awesomius :- freenode runs an open proxy scanner. Your use of the network
16:26:59 :calvino.freenode.net 372 Awesomius :- indicates your acceptance of this policy. For details on
16:26:59 :calvino.freenode.net 372 Awesomius :- freenode network policy, please take a look at our policy
16:26:59 :calvino.freenode.net 372 Awesomius :- page (http://freenode.net/policy.shtml). Thank you for using
16:26:59 :calvino.freenode.net 372 Awesomius :- the network!
16:26:59 :calvino.freenode.net 372 Awesomius :-  
16:26:59 :calvino.freenode.net 372 Awesomius :- Don't forget to check out these other Peer-Directed Projects:
16:26:59 :calvino.freenode.net 372 Awesomius :- FOSSCON [http://www.fosscon.org] and fossevents 
16:26:59 :calvino.freenode.net 372 Awesomius :- [http://www.fossevents.org], and soon we'll repeat last years 
16:26:59 :calvino.freenode.net 372 Awesomius :- success with Picnics for Geeks across the globe, more info at 
16:26:59 :calvino.freenode.net 372 Awesomius :- [http://geeknic.org]
16:26:59 :calvino.freenode.net 372 Awesomius :-  
16:26:59 :calvino.freenode.net 372 Awesomius :- freenode is a service of Peer-Directed Projects Center Ltd,
16:26:59 :calvino.freenode.net 372 Awesomius :- a not for profit organisation registered in England and Wales.
16:26:59 :calvino.freenode.net 372 Awesomius :-  
16:26:59 :calvino.freenode.net 372 Awesomius :- If you support the work we do and wish to donate to the PDPC, 
16:26:59 :calvino.freenode.net 372 Awesomius :- you may do so over at http://freenode.net/pdpc_donations.shtml
16:26:59 :calvino.freenode.net 372 Awesomius :-  
16:26:59 :calvino.freenode.net 372 Awesomius :- Thank you for using freenode!
16:26:59 :calvino.freenode.net 372 Awesomius :-  
16:26:59 :calvino.freenode.net 372 Awesomius :- ***************************************************************
16:26:59 :calvino.freenode.net 372 Awesomius :- Please read http://blog.freenode.net/2010/11/be-safe-out-there/
16:26:59 :calvino.freenode.net 372 Awesomius :- ***************************************************************
16:26:59 :calvino.freenode.net 376 Awesomius :End of /MOTD command.
16:27:06 :calvino.freenode.net 353 Awesomius @ #redditgdtest :Awesomius @Azra-el
16:27:06 :calvino.freenode.net 366 Awesomius #redditgdtest :End of /NAMES list.
