15:51:29 :gibson.freenode.net 001 Awesomius :Welcome to the freenode Internet Relay Chat Network Awesomius
15:51:29 :gibson.freenode.net 002 Awesomius :Your host is gibson.freenode.net[213.179.58.83/6667], running version ircd-seven-1.1.3
15:51:29 :gibson.freenode.net 003 Awesomius :This server was created Sun Dec 4 2011 at 15:39:36 CET
15:51:29 :gibson.freenode.net 004 Awesomius gibson.freenode.net ircd-seven-1.1.3 DOQRSZaghilopswz CFILMPQbcefgijklmnopqrstvz bkloveqjfI
15:51:29 :gibson.freenode.net 005 Awesomius CHANTYPES=# EXCEPTS INVEX CHANMODES=eIbq,k,flj,CFLMPQcgimnprstz CHANLIMIT=#:120 PREFIX=(ov)@+ MAXLIST=bqeI:100 MODES=4 NETWORK=freenode KNOCK STATUSMSG=@+ CALLERID=g :are supported by this server
15:51:29 :gibson.freenode.net 005 Awesomius CASEMAPPING=rfc1459 CHARSET=ascii NICKLEN=16 CHANNELLEN=50 TOPICLEN=390 ETRACE CPRIVMSG CNOTICE DEAF=D MONITOR=100 FNC TARGMAX=NAMES:1,LIST:1,KICK:1,WHOIS:1,PRIVMSG:4,NOTICE:4,ACCEPT:,MONITOR: :are supported by this server
15:51:29 :gibson.freenode.net 005 Awesomius EXTBAN=$,arx WHOX CLIENTVER=3.0 SAFELIST ELIST=CTU :are supported by this server
15:51:29 :gibson.freenode.net 251 Awesomius :There are 226 users and 69989 invisible on 32 servers
15:51:29 :gibson.freenode.net 252 Awesomius 46 :IRC Operators online
15:51:29 :gibson.freenode.net 253 Awesomius 2 :unknown connection(s)
15:51:29 :gibson.freenode.net 254 Awesomius 37491 :channels formed
15:51:29 :gibson.freenode.net 255 Awesomius :I have 2274 clients and 1 servers
15:51:29 :gibson.freenode.net 265 Awesomius 2274 7283 :Current local users 2274, max 7283
15:51:29 :gibson.freenode.net 266 Awesomius 70215 83501 :Current global users 70215, max 83501
15:51:29 :gibson.freenode.net 250 Awesomius :Highest connection count: 7284 (7283 clients) (440976 connections received)
15:51:29 :gibson.freenode.net 375 Awesomius :- gibson.freenode.net Message of the Day - 
15:51:29 :gibson.freenode.net 372 Awesomius :- Welcome to gibson.freenode.net in Norway, EU!  Thanks to
15:51:29 :gibson.freenode.net 372 Awesomius :- SSC Networks (www.ssc.no) for sponsoring this server!
15:51:29 :gibson.freenode.net 372 Awesomius :-  
15:51:29 :gibson.freenode.net 372 Awesomius :- GIBSON, WILLIAM (1948-) He is married with two children. In
15:51:29 :gibson.freenode.net 372 Awesomius :- the early 1980s he wrote Neuromancer, and with this novel he
15:51:29 :gibson.freenode.net 372 Awesomius :- helped establish a new kind of science fiction literature
15:51:29 :gibson.freenode.net 372 Awesomius :- called cyberpunk. William Gibson defined the word cyberspace,
15:51:29 :gibson.freenode.net 372 Awesomius :- and described virtual reality long before we saw the
15:51:29 :gibson.freenode.net 372 Awesomius :- similarities with todays Internet. He has won the Hugo Award,
15:51:29 :gibson.freenode.net 372 Awesomius :- Nebula Award and the Philipp K. Dick Award.
15:51:29 :gibson.freenode.net 372 Awesomius :-  
15:51:29 :gibson.freenode.net 372 Awesomius :- You're using freenode, a service of Peer-Directed Projects
15:51:29 :gibson.freenode.net 372 Awesomius :- Center Ltd (http://freenode.net/pdpc.shtml).
15:51:29 :gibson.freenode.net 372 Awesomius :-  
15:51:29 :gibson.freenode.net 372 Awesomius :- By connecting to freenode you indicate that you have read
15:51:29 :gibson.freenode.net 372 Awesomius :- and agree to adhere to our policies and procedures as per
15:51:29 :gibson.freenode.net 372 Awesomius :- the website (http://freenode.net). We would like to remind
15:51:29 :gibson.freenode.net 372 Awesomius :- you that unauthorized public logging of channels on the
15:51:29 :gibson.freenode.net 372 Awesomius :- network is prohibited. Public channel logging should only
15:51:29 :gibson.freenode.net 372 Awesomius :- take place where the channel owner(s) has requested this
15:51:29 :gibson.freenode.net 372 Awesomius :- and users of the channel are all made aware (if you are
15:51:29 :gibson.freenode.net 372 Awesomius :- publically logging your channel, you may wish to keep a
15:51:29 :gibson.freenode.net 372 Awesomius :- notice in topic and perhaps as a on-join message).
15:51:29 :gibson.freenode.net 372 Awesomius :-  
15:51:29 :gibson.freenode.net 372 Awesomius :- freenode runs an open proxy scanner. Your use of the network
15:51:29 :gibson.freenode.net 372 Awesomius :- indicates your acceptance of this policy. For details on
15:51:29 :gibson.freenode.net 372 Awesomius :- freenode network policy, please take a look at our policy
15:51:29 :gibson.freenode.net 372 Awesomius :- page (http://freenode.net/policy.shtml). Thank you for using
15:51:29 :gibson.freenode.net 372 Awesomius :- the network!
15:51:29 :gibson.freenode.net 372 Awesomius :-  
15:51:29 :gibson.freenode.net 372 Awesomius :- Don't forget to check out these other Peer-Directed Projects:
15:51:29 :gibson.freenode.net 372 Awesomius :- FOSSCON [http://www.fosscon.org] and fossevents 
15:51:29 :gibson.freenode.net 372 Awesomius :- [http://www.fossevents.org], and soon we'll repeat last years 
15:51:29 :gibson.freenode.net 372 Awesomius :- success with Picnics for Geeks across the globe, more info at 
15:51:29 :gibson.freenode.net 372 Awesomius :- [http://geeknic.org]
15:51:29 :gibson.freenode.net 372 Awesomius :-  
15:51:29 :gibson.freenode.net 372 Awesomius :- freenode is a service of Peer-Directed Projects Center Ltd,
15:51:29 :gibson.freenode.net 372 Awesomius :- a not for profit organisation registered in England and Wales.
15:51:29 :gibson.freenode.net 372 Awesomius :-  
15:51:29 :gibson.freenode.net 372 Awesomius :- If you support the work we do and wish to donate to the PDPC, 
15:51:29 :gibson.freenode.net 372 Awesomius :- you may do so over at http://freenode.net/pdpc_donations.shtml
15:51:29 :gibson.freenode.net 372 Awesomius :-  
15:51:29 :gibson.freenode.net 372 Awesomius :- Thank you for using freenode!
15:51:29 :gibson.freenode.net 372 Awesomius :-  
15:51:29 :gibson.freenode.net 372 Awesomius :- ***************************************************************
15:51:29 :gibson.freenode.net 372 Awesomius :- Please read http://blog.freenode.net/2010/11/be-safe-out-there/
15:51:29 :gibson.freenode.net 372 Awesomius :- ***************************************************************
15:51:29 :gibson.freenode.net 376 Awesomius :End of /MOTD command.
15:51:35 :gibson.freenode.net 332 Awesomius ##reddit-gd :Welcome to the official www.reddit.com/r/graphic_design channel — where your opinon can't get smashed by arrows ⬆ ⬇ || http://rgdchallenges.tumblr.com/ [WEEK 5: https://dl.dropbox.com/u/22130024/week5.zip - Participants: arrow, medos, whisper | Due: September 17th] - any complaints about two bots pm medos
15:51:35 :gibson.freenode.net 333 Awesomius ##reddit-gd TheWhisper!~TheWhispe@unaffiliated/thewhisper 1346957835
15:51:35 :gibson.freenode.net 353 Awesomius @ ##reddit-gd :Awesomius @TheWhisper cyoz medos nazbot-pc ArrowBot @DerPfeilFliegt @Azra-el @ChanServ lahwran acous
15:51:35 :gibson.freenode.net 366 Awesomius ##reddit-gd :End of /NAMES list.
15:51:36 :gibson.freenode.net 396 Awesomius unaffiliated/azra-el/bot/awesomius :is now your hidden host (set by services.)
