09:41:20 :hubbard.freenode.net 001 awesomius :Welcome to the freenode Internet Relay Chat Network awesomius
09:41:20 :hubbard.freenode.net 002 awesomius :Your host is hubbard.freenode.net[128.237.157.136/6667], running version ircd-seven-1.1.3
09:41:20 :hubbard.freenode.net 003 awesomius :This server was created Sun Feb 19 2012 at 06:53:11 EST
09:41:20 :hubbard.freenode.net 004 awesomius hubbard.freenode.net ircd-seven-1.1.3 DOQRSZaghilopswz CFILMPQbcefgijklmnopqrstvz bkloveqjfI
09:41:20 :hubbard.freenode.net 005 awesomius CHANTYPES=# EXCEPTS INVEX CHANMODES=eIbq,k,flj,CFLMPQcgimnprstz CHANLIMIT=#:120 PREFIX=(ov)@+ MAXLIST=bqeI:100 MODES=4 NETWORK=freenode KNOCK STATUSMSG=@+ CALLERID=g :are supported by this server
09:41:20 :hubbard.freenode.net 005 awesomius CASEMAPPING=rfc1459 CHARSET=ascii NICKLEN=16 CHANNELLEN=50 TOPICLEN=390 ETRACE CPRIVMSG CNOTICE DEAF=D MONITOR=100 FNC TARGMAX=NAMES:1,LIST:1,KICK:1,WHOIS:1,PRIVMSG:4,NOTICE:4,ACCEPT:,MONITOR: :are supported by this server
09:41:20 :hubbard.freenode.net 005 awesomius EXTBAN=$,arx WHOX CLIENTVER=3.0 SAFELIST ELIST=CTU :are supported by this server
09:41:20 :hubbard.freenode.net 251 awesomius :There are 224 users and 72813 invisible on 33 servers
09:41:20 :hubbard.freenode.net 252 awesomius 48 :IRC Operators online
09:41:20 :hubbard.freenode.net 253 awesomius 1 :unknown connection(s)
09:41:20 :hubbard.freenode.net 254 awesomius 37647 :channels formed
09:41:20 :hubbard.freenode.net 255 awesomius :I have 3701 clients and 1 servers
09:41:20 :hubbard.freenode.net 265 awesomius 3701 10330 :Current local users 3701, max 10330
09:41:20 :hubbard.freenode.net 266 awesomius 73037 83501 :Current global users 73037, max 83501
09:41:20 :hubbard.freenode.net 250 awesomius :Highest connection count: 10331 (10330 clients) (1112074 connections received)
09:41:20 :hubbard.freenode.net 375 awesomius :- hubbard.freenode.net Message of the Day - 
09:41:20 :hubbard.freenode.net 372 awesomius :- Massive thanks to Carnegie Mellon University (http://www.cmu.edu) and 
09:41:20 :hubbard.freenode.net 372 awesomius :- the CMU Computer Club for sponsoring this server!
09:41:20 :hubbard.freenode.net 372 awesomius :-  
09:41:20 :hubbard.freenode.net 372 awesomius :- Hubbard, Lafayette Ronald [1911 - 1986]. Was an american Sci-Fi writer, 
09:41:20 :hubbard.freenode.net 372 awesomius :- perhaps more famed for devising Dianetics and Scientology.
09:41:20 :hubbard.freenode.net 372 awesomius :- You're using freenode, a service of Peer-Directed Projects
09:41:20 :hubbard.freenode.net 372 awesomius :- Center Ltd (http://freenode.net/pdpc.shtml).
09:41:20 :hubbard.freenode.net 372 awesomius :-  
09:41:20 :hubbard.freenode.net 372 awesomius :- By connecting to freenode you indicate that you have read
09:41:20 :hubbard.freenode.net 372 awesomius :- and agree to adhere to our policies and procedures as per
09:41:20 :hubbard.freenode.net 372 awesomius :- the website (http://freenode.net). We would like to remind
09:41:20 :hubbard.freenode.net 372 awesomius :- you that unauthorized public logging of channels on the
09:41:20 :hubbard.freenode.net 372 awesomius :- network is prohibited. Public channel logging should only
09:41:20 :hubbard.freenode.net 372 awesomius :- take place where the channel owner(s) has requested this
09:41:20 :hubbard.freenode.net 372 awesomius :- and users of the channel are all made aware (if you are
09:41:20 :hubbard.freenode.net 372 awesomius :- publically logging your channel, you may wish to keep a
09:41:20 :hubbard.freenode.net 372 awesomius :- notice in topic and perhaps as a on-join message).
09:41:20 :hubbard.freenode.net 372 awesomius :-  
09:41:20 :hubbard.freenode.net 372 awesomius :- freenode runs an open proxy scanner. Your use of the network
09:41:20 :hubbard.freenode.net 372 awesomius :- indicates your acceptance of this policy. For details on
09:41:20 :hubbard.freenode.net 372 awesomius :- freenode network policy, please take a look at our policy
09:41:20 :hubbard.freenode.net 372 awesomius :- page (http://freenode.net/policy.shtml). Thank you for using
09:41:20 :hubbard.freenode.net 372 awesomius :- the network!
09:41:20 :hubbard.freenode.net 372 awesomius :-  
09:41:20 :hubbard.freenode.net 372 awesomius :- Don't forget to check out these other Peer-Directed Projects:
09:41:20 :hubbard.freenode.net 372 awesomius :- FOSSCON [http://www.fosscon.org] and fossevents 
09:41:20 :hubbard.freenode.net 372 awesomius :- [http://www.fossevents.org], and soon we'll repeat last years 
09:41:20 :hubbard.freenode.net 372 awesomius :- success with Picnics for Geeks across the globe, more info at 
09:41:20 :hubbard.freenode.net 372 awesomius :- [http://geeknic.org]
09:41:20 :hubbard.freenode.net 372 awesomius :-  
09:41:20 :hubbard.freenode.net 372 awesomius :- freenode is a service of Peer-Directed Projects Center Ltd,
09:41:20 :hubbard.freenode.net 372 awesomius :- a not for profit organisation registered in England and Wales.
09:41:20 :hubbard.freenode.net 372 awesomius :-  
09:41:20 :hubbard.freenode.net 372 awesomius :- If you support the work we do and wish to donate to the PDPC, 
09:41:20 :hubbard.freenode.net 372 awesomius :- you may do so over at http://freenode.net/pdpc_donations.shtml
09:41:20 :hubbard.freenode.net 372 awesomius :-  
09:41:20 :hubbard.freenode.net 372 awesomius :- Thank you for using freenode!
09:41:20 :hubbard.freenode.net 372 awesomius :-  
09:41:20 :hubbard.freenode.net 372 awesomius :- ***************************************************************
09:41:20 :hubbard.freenode.net 372 awesomius :- Please read http://blog.freenode.net/2010/11/be-safe-out-there/
09:41:20 :hubbard.freenode.net 372 awesomius :- ***************************************************************
09:41:20 :hubbard.freenode.net 376 awesomius :End of /MOTD command.
09:41:27 :hubbard.freenode.net 353 awesomius @ #redditgdtest :@awesomius
09:41:27 :hubbard.freenode.net 366 awesomius #redditgdtest :End of /NAMES list.
