09:47:55 <medos> .bam pepsi
09:48:01 <medos> bam pepsi
09:48:11 <medos> .allah
09:48:17 <medos> .koran 15.15
09:51:02 <medos> .mem
09:51:20 <medos> .bible
09:51:22 <medos> .dice
09:51:28 <medos> .dice 55
09:51:37 <medos> .mtg
09:51:58 <medos> .python
10:58:37 <medos> .showtells
10:58:42 <medos> .suggest
10:58:53 <medos> .tag
10:59:00 <medos> .weather
10:59:06 <medos> .weather hamburg
10:59:10 <medos> .weather hamburg
10:59:12 <medos> .weather hamburg
10:59:18 <medos> .help
10:59:23 <medos> .hats
10:59:35 <medos> .hats champ_ooh
10:59:42 <medos> .hats champ-ooh
10:59:50 <medos> .hats CHAMP-OOH
12:00:21 <medos> .down twitter.com
16:34:27 <medos> .tell TheWhisper MKV files , especially compressed to hell and back codec video containing mkv files are fragile as FFFFFFFUUUUUUUUUUUCK that's all, a few wrong bytes and you end up with a broken file
19:14:30 <medos> .tell
19:16:06 <medos> .tell Azra-el FILLET FILLET FILLET -- relay
19:16:26 <medos> .tell Kocho :D
