09:36:37 <medos> .list
09:36:42 <medos> .help
09:57:28 <medos> .drama
09:57:34 <medos> .drama apple
09:57:48 <medos> .allah hello
09:57:54 <medos> .babel
10:00:06 <medos> .bam HI
10:00:09 <medos> .bam
10:00:15 <medos> .bam pepsi HI
10:02:33 <medos> .bf
10:03:21 <medos> .bible wine
10:04:13 <medos> .choose
10:04:19 <medos> .choose food or sport
10:04:33 <medos> .choose HEADS, TAILS
10:06:08 <medos> .cs
10:06:28 <medos> .dice
10:07:08 <medos> .down google.com
10:11:42 <medos> .list
10:11:47 <medos> .help
10:12:05 <medos> .dictionary dick
10:18:38 <medos> .etymology
10:18:46 <medos> .e michael
10:19:13 <medos> .explain
10:20:23 <medos> .fs
10:21:03 <medos> .hash
10:21:10 <medos> .hash hello mang
10:24:23 <medos> .hats
10:24:33 <medos> .hats CHAMP-OOH
10:25:01 <medos> .help
10:25:03 <medos> .imdb
10:25:07 <medos> .imdb fight club
10:26:07 <medos> .mem
10:26:23 <medos> .mtg
10:26:31 <medos> .mtg taurus
10:27:32 <medos> .oblique
10:27:59 <medos> .profile
10:28:04 <medos> .profile derp
10:33:32 <medos> .quote
10:39:58 <medos> .seen EDSGD
10:40:25 <medos> .showtells
10:40:29 <medos> .snopes
10:40:33 <medos> .suggest
10:41:06 <medos> .tag
10:41:38 <medos> .translate dog
10:42:06 <medos> .tv_next
10:42:16 <medos> .tv_next Breaking Bad
10:42:23 <medos> .tv_next Glee
10:42:48 <medos> .tv supernatural
10:43:23 <medos> .validate
10:43:39 <medos> .validate www.ckgd.net
10:44:10 <medos> .w george bush
10:44:23 <medos> .wiki Haskell
10:44:30 <medos> .w Haskell
10:44:44 <medos> .wa 1 hour in seconds
10:44:52 <medos> .wa 1 hour
11:01:18 <medos> .u womp
11:58:21 <medos> ?nazbot
15:00:20 <medos> .help
22:13:20 <medos> .tell EDSGD_ http://i.imgur.com/8mNOv.jpg NSFW LOLOL
