00:25:06 -!- EDSGD has quit [Ping timeout: 244 seconds]
00:38:51 -!- thearrowflies has quit [Changing host]
00:43:42 -!- Azra-el has quit [Ping timeout: 244 seconds]
01:42:34 -!- Azra-el has quit [Ping timeout: 244 seconds]
02:36:44 -!- Carson has quit [Remote host closed the connection]
02:37:15 -!- AmandaS4ys has quit [Read error: Connection reset by peer]
02:45:25 -!- Azra-el has quit [Ping timeout: 260 seconds]
02:48:32 -!- Carson has quit [Ping timeout: 268 seconds]
03:43:53 -!- Carson_ has quit [Remote host closed the connection]
03:44:32 -!- Azra-el has quit [Ping timeout: 244 seconds]
04:43:51 -!- Azra-el has quit [Ping timeout: 268 seconds]
05:53:29 -!- EDSGD has quit [Quit: EDSGD]
05:55:38 -!- medos has quit [Read error: Connection reset by peer]
05:56:25 -!- medos has quit [Changing host]
06:29:36 -!- Azra-el has quit [Ping timeout: 245 seconds]
06:58:04 -!- Kocho has quit [Quit: Kocho]
07:43:18 -!- Azra-el has quit [Ping timeout: 264 seconds]
08:19:55 -!- Azra-el has quit [Changing host]
11:23:36 -!- thearrowflies has quit [Ping timeout: 255 seconds]
13:25:59 -!- medos has quit [Disconnected by services]
14:30:12 -!- Azra-el has quit [Ping timeout: 248 seconds]
14:54:35 -!- thearrowflies has quit [Changing host]
15:24:42 -!- MrLime has quit [Client Quit]
15:45:49 -!- zakmac has quit [Quit: zakmac]
18:45:04 -!- Azra-el has quit [Changing host]
20:16:21 -!- Carson_ has quit [Read error: Connection reset by peer]
20:16:30 -!- Carson has quit [Ping timeout: 244 seconds]
20:33:19 -!- Matt3000 has quit [Quit: Leaving]
20:42:53 -!- Carson__ has quit [Read error: Connection reset by peer]
20:52:22 -!- Carson has quit [Remote host closed the connection]
21:27:52 -!- marshmallow has quit [Quit: Page closed]
22:10:57 -!- Carson has quit [Ping timeout: 268 seconds]
22:32:52 -!- Kocho has quit [Changing host]
23:28:39 -!- Carson has quit [Ping timeout: 268 seconds]
