00:07:38 -!- Sat has quit []
01:05:58 -!- EDSGD_ has quit [Ping timeout: 240 seconds]
01:18:53 -!- zakmac has quit [Quit: zakmac]
02:28:32 -!- EDSGD_ has quit [Quit: Page closed]
04:30:01 -!- Azra-el has quit [Ping timeout: 245 seconds]
04:48:23 -!- TheWhisper has quit [Quit: Leaving ()]
04:53:46 -!- TheWhisper has quit [Read error: Connection reset by peer]
04:54:08 -!- TheWhisper has quit [Changing host]
04:55:44 -!- R0tt3n has quit []
05:26:33 -!- thearrowflies has quit [Ping timeout: 244 seconds]
05:45:35 -!- Azra-el has quit [Ping timeout: 260 seconds]
05:50:22 -!- marshmallow has quit [Quit: sleeeeeeeeeeeeeeep]
06:00:53 -!- EDSGD has quit [Remote host closed the connection]
06:35:31 -!- Matt3000 has quit [Read error: Connection reset by peer]
06:44:28 -!- Azra-el has quit [Ping timeout: 240 seconds]
07:44:20 -!- Azra-el has quit [Ping timeout: 248 seconds]
08:52:02 -!- Kocho has quit [Quit: Kocho]
09:52:40 -!- medos has quit [Quit: <<]
11:09:06 -!- medos has quit [Changing host]
11:10:52 -!- medos has quit [Client Quit]
11:12:42 -!- medos has quit [Changing host]
11:26:54 -!- Azra-el has quit [Changing host]
12:01:44 -!- Azra-el has quit [Ping timeout: 252 seconds]
13:07:27 -!- medos has quit [Disconnected by services]
13:07:36 -!- medos has quit [Changing host]
13:49:42 -!- EDSGD has quit [Quit: EDSGD]
15:26:43 -!- Carson has quit [Remote host closed the connection]
16:03:57 -!- zakmac has quit [Quit: zakmac]
16:39:20 -!- thearrowflies has quit [Ping timeout: 255 seconds]
17:09:34 -!- Azra-el has quit []
18:15:10 -!- adding_confusion has quit [Ping timeout: 240 seconds]
18:16:50 -!- Matt3000 has quit [Ping timeout: 246 seconds]
19:18:41 -!- Clusk has quit [Quit: Page closed]
19:48:38 -!- Azra-el has quit []
20:21:57 -!- Carson has quit [Read error: Connection reset by peer]
20:31:55 -!- Azra-el has quit [Changing host]
20:38:44 -!- flyingonion has quit [Client Quit]
20:47:15 -!- Carson has quit [Read error: Connection reset by peer]
20:54:37 -!- thearrowflies_ has quit [Changing host]
20:58:52 -!- Carson has quit [Read error: Connection reset by peer]
21:12:31 -!- medos has quit [Quit: <<]
21:16:08 -!- Carson has quit [Read error: Connection reset by peer]
21:19:01 -!- medos has quit [Changing host]
21:37:30 -!- marshmallow has quit [Quit: Page closed]
21:57:20 -!- Matt3000 has quit [Ping timeout: 246 seconds]
21:59:50 -!- Carson has quit [Remote host closed the connection]
22:32:53 -!- Sat has quit [Quit: Sat]
22:45:11 -!- Rachen has quit [Quit: Page closed]
23:01:10 -!- adding_confusion has quit [Ping timeout: 240 seconds]
23:11:38 -!- TheWhisper has quit [Quit: Leaving ()]
23:13:13 -!- TheWhisper has quit [Changing host]
23:39:13 -!- cal has quit [Quit: Page closed]
23:45:58 -!- Kocho_ has quit [Changing host]
23:46:08 -!- Kocho has quit [Read error: Connection reset by peer]
23:52:09 -!- Rachenlol has quit [Client Quit]
