00:21:34 -!- thearrowflies has quit [Changing host]
00:28:08 -!- zakmac has quit [Quit: zakmac]
01:01:32 -!- nazbot has quit [Quit: nazbot]
03:04:19 -!- R0tt3n has quit [Quit: Page closed]
03:07:15 -!- nazbot has quit [Read error: Connection reset by peer]
03:54:43 -!- nazbot has quit [Read error: Connection reset by peer]
04:07:57 -!- nazbot has quit [Quit: nazbot]
04:39:04 -!- marshmallow has quit []
07:09:05 -!- EDSGD has quit [Quit: EDSGD]
08:29:38 -!- IAmLegend has quit [Quit: IAmLegend]
08:59:41 -!- medos has quit [Ping timeout: 265 seconds]
09:36:53 -!- nazbot-pc has quit []
11:01:40 -!- jhollk has quit [Client Quit]
11:06:56 -!- zakmac has quit [Quit: zakmac]
12:20:40 -!- zakmac has quit [Quit: zakmac]
13:49:18 -!- zakmac has quit [Quit: zakmac]
14:54:20 -!- zakmac has quit [Read error: Connection reset by peer]
15:08:22 -!- zkamca has quit [Quit: zkamca]
15:24:17 -!- medos has quit [Changing host]
15:26:14 -!- Azra-el has quit [Ping timeout: 240 seconds]
15:29:45 -!- Carson has quit [Ping timeout: 244 seconds]
15:36:53 -!- Carson has quit [Read error: Connection reset by peer]
16:06:48 -!- Carson has quit [Read error: Connection reset by peer]
16:11:10 -!- Carson has quit [Remote host closed the connection]
16:15:58 -!- Carson has quit [Ping timeout: 245 seconds]
16:22:49 -!- zakmac has quit [Quit: zakmac]
17:35:45 -!- Carson has quit [Remote host closed the connection]
17:40:36 -!- Carson has quit [Ping timeout: 248 seconds]
18:17:39 -!- Carson has quit [Read error: Connection reset by peer]
18:33:18 -!- Carson has quit [Read error: Connection reset by peer]
18:45:20 -!- Carson has quit [Remote host closed the connection]
18:50:28 -!- Carson has quit [Ping timeout: 248 seconds]
19:32:18 -!- Carson has quit [Remote host closed the connection]
19:35:45 -!- Carson has quit [Read error: Connection reset by peer]
20:30:00 -!- MrLime has quit [Quit: Page closed]
20:40:56 -!- Carson_ has quit [Remote host closed the connection]
20:46:09 -!- Carson has quit [Ping timeout: 260 seconds]
21:23:54 -!- marshmallow has quit [Quit: Page closed]
21:41:56 -!- Carson has quit [Remote host closed the connection]
21:46:55 -!- Carson has quit [Ping timeout: 244 seconds]
22:07:38 -!- Carson has quit [Read error: Connection reset by peer]
23:08:45 -!- Carson has quit [Read error: Connection reset by peer]
