00:37:07 -!- marshmallow has quit [Ping timeout: 252 seconds]
00:39:30 -!- thearrowflies has quit [Changing host]
03:36:55 -!- EDSGD has quit [Quit: EDSGD]
05:16:55 -!- marshmallow2 has quit []
06:19:41 -!- EDSGD has quit [Quit: EDSGD]
06:28:28 -!- jc_ has quit [Quit: Page closed]
07:29:24 -!- medos has quit [Read error: Connection reset by peer]
07:30:09 -!- medos has quit [Changing host]
09:47:56 -!- acous has quit [Remote host closed the connection]
10:39:31 -!- Kocho has quit [Quit: Kocho]
13:26:21 -!- medos has quit [Disconnected by services]
13:32:38 -!- medos has quit [Changing host]
13:41:57 -!- Sat_ has quit [Ping timeout: 244 seconds]
14:25:50 -!- Russ3001 has quit [Ping timeout: 245 seconds]
14:35:14 -!- Sat has quit [Quit: Sat]
19:05:38 -!- medos has quit [Quit: <<]
19:10:43 -!- medos has quit [Changing host]
19:12:44 -!- medos has quit [Client Quit]
19:52:43 -!- medos has quit [Changing host]
21:00:52 -!- temporalD has quit [Quit: temporalD]
21:02:44 -!- marshmallow has quit [Quit: Page closed]
21:31:02 -!- Azra-el has quit [Ping timeout: 240 seconds]
22:18:07 -!- Kocho has quit [Quit: Kocho]
23:03:24 -!- EDSGD_ has quit [Quit: Page closed]
23:03:32 -!- Azra-el has quit [Ping timeout: 244 seconds]
23:44:51 -!- Azra-el has quit [Ping timeout: 272 seconds]
