00:29:02 -!- Carson has quit [Read error: Connection reset by peer]
00:36:43 -!- zakmac has quit [Quit: zakmac]
00:41:44 -!- Carson has quit [Read error: Connection reset by peer]
00:56:41 -!- Carson has quit [Ping timeout: 256 seconds]
01:09:35 -!- nazbot has quit [Quit: nazbot]
01:11:20 -!- nazbot has quit [Client Quit]
01:19:17 -!- Sat has quit []
01:19:54 -!- Carson_ has quit [Ping timeout: 264 seconds]
01:51:06 -!- aztec_warrior has quit [Quit: Page closed]
02:10:35 -!- Carson has quit [Remote host closed the connection]
02:37:56 -!- Kocho has quit [Ping timeout: 245 seconds]
02:38:14 -!- Kocho has quit [Changing host]
03:28:43 -!- zakmac has quit [Quit: zakmac]
04:01:47 -!- throatvibrations has quit [Quit: Page closed]
05:19:08 -!- marshmallow has quit []
05:24:25 -!- Matt3000 has quit [Read error: Connection reset by peer]
05:40:18 -!- zakmac_ has quit [Quit: Colloquy for iPhone - http://colloquy.mobi]
06:50:56 -!- zakmac_ has quit [Quit: Colloquy for iPhone - http://colloquy.mobi]
07:06:25 -!- EDSGD has quit [Quit: EDSGD]
07:06:53 -!- nazbot has quit [Quit: nazbot]
08:20:40 -!- IAmLegend has quit [Quit: IAmLegend]
09:19:48 -!- thearrowflies has quit [Ping timeout: 248 seconds]
11:29:41 -!- zakmac has quit [Read error: Connection reset by peer]
11:30:49 -!- zkamca has quit [Read error: Connection reset by peer]
11:33:10 -!- zakmac has quit [Read error: Connection reset by peer]
11:35:49 -!- zkamca has quit [Read error: Connection reset by peer]
12:29:09 -!- zakmac has quit [Read error: Connection reset by peer]
12:30:50 -!- zkamca has quit [Read error: Connection reset by peer]
12:59:07 -!- zakmac_ has quit [Quit: Colloquy for iPhone - http://colloquy.mobi]
13:17:53 -!- nazbot has quit [Read error: Connection reset by peer]
13:39:38 -!- medos has quit [Disconnected by services]
13:41:44 -!- medos has quit [Changing host]
13:43:42 -!- Sat has quit []
14:43:40 -!- thearrowflies has quit [Changing host]
16:11:10 -!- zakmac has quit [Quit: zakmac]
16:50:03 -!- Satz has quit [Read error: Operation timed out]
17:09:11 -!- EDSGD has quit [Quit: EDSGD]
17:45:04 -!- nazbot has quit [Quit: nazbot]
18:42:43 -!- Sat has quit [Quit: Sat]
18:42:43 -!- Satz has quit [Quit: Satz]
20:18:04 -!- thearrowflies has quit [Ping timeout: 252 seconds]
20:37:18 -!- beep41 has quit [Client Quit]
21:35:02 -!- marshmallow has quit [Quit: Page closed]
22:05:01 -!- TheWhisper has quit [Quit: Leaving ()]
22:20:53 -!- TheWhisper has quit [Changing host]
22:49:52 -!- Kocho has quit [Changing host]
