00:52:12 -!- medos has quit [Read error: Connection reset by peer]
00:57:39 -!- Whisper has quit [Client Quit]
00:59:40 -!- Whisper has quit [Client Quit]
02:07:55 -!- Kocho has quit [Quit: Kocho]
02:14:02 -!- Kocho has quit [Changing host]
05:23:02 -!- marshmallow has quit []
05:39:09 -!- thearrowflies has quit [Ping timeout: 268 seconds]
06:23:16 -!- EDSGD1 has quit [Quit: EDSGD1]
07:16:31 -!- nazbot-pc has quit []
07:36:46 -!- medos has quit [Ping timeout: 244 seconds]
07:37:28 -!- Kocho has quit [Quit: Kocho]
07:37:52 -!- medos has quit [Changing host]
08:16:31 -!- Sylvir has quit []
10:16:01 -!- medos has quit [Read error: Connection reset by peer]
12:05:38 -!- thearrowflies has quit [Changing host]
12:09:56 -!- ArrowBot has quit [Ping timeout: 248 seconds]
17:02:24 -!- medos has quit [Changing host]
17:04:53 -!- thearrowflies has quit [Ping timeout: 268 seconds]
17:45:25 -!- CottonBalls has quit [Ping timeout: 245 seconds]
19:21:40 -!- EDSGD_ has quit [Ping timeout: 245 seconds]
19:24:10 -!- cubic has quit [Ping timeout: 245 seconds]
21:33:16 -!- marshmallow has quit [Quit: Page closed]
21:59:08 -!- CottonBalls_ has quit [Quit: Page closed]
22:29:46 -!- whips has quit [Quit: Page closed]
23:56:47 -!- Kocho has quit [Changing host]
