02:40:00 -!- zakmac has quit [Quit: zakmac]
03:44:18 -!- shutterxflash has quit [Quit: Page closed]
03:47:56 -!- edodes has quit [Read error: Connection reset by peer]
03:48:21 -!- edodes has quit [Changing host]
04:26:54 -!- Carson has quit [Ping timeout: 240 seconds]
05:28:17 -!- EDSGD has quit [Quit: EDSGD]
10:16:36 -!- medos has quit [Read error: Connection reset by peer]
14:03:45 -!- Carson has quit [Read error: Connection reset by peer]
14:08:19 -!- Carson_ has quit [Read error: Connection reset by peer]
14:11:30 -!- Carson has quit [Remote host closed the connection]
14:35:40 -!- medos has quit [Changing host]
18:23:00 -!- EDSGD has quit [Quit: EDSGD]
18:44:40 -!- Carson has quit [Remote host closed the connection]
21:38:53 -!- MrLime has quit [Quit: Page closed]
21:57:55 -!- EDSGD_ has quit [Quit: Page closed]
22:01:29 -!- Carson has quit [Remote host closed the connection]
22:06:14 -!- Carson has quit [Ping timeout: 240 seconds]
22:39:35 -!- TheWhisper has quit [Quit: Leaving ()]
22:57:33 -!- zakmac has quit [Read error: Connection reset by peer]
23:19:47 -!- Carson has quit [Remote host closed the connection]
23:55:18 -!- EDSGD has quit [Quit: EDSGD]
