00:35:14 -!- TheWhisper has quit [Remote host closed the connection]
00:36:16 -!- TheWhisper has quit [Changing host]
01:25:00 -!- R0tt3n has quit [Ping timeout: 245 seconds]
05:55:16 -!- EDSGD1 has quit [Quit: EDSGD1]
07:18:08 -!- TheWhisper has quit [Remote host closed the connection]
13:26:42 -!- medos has quit [Disconnected by services]
13:28:03 -!- medos has quit [Changing host]
13:45:42 -!- TheWhisper has quit [Changing host]
14:09:25 -!- EDSGD has quit [Client Quit]
15:14:54 -!- EDSGD has quit [Remote host closed the connection]
15:28:05 -!- TheWhisper has quit [Quit: ChatZilla 0.9.88.2 [Firefox 15.0.1/20120905151427]]
15:34:31 -!- TheWhisper has quit [Changing host]
16:35:24 -!- TheWhisper has quit [Quit: ChatZilla 0.9.88.2 [Firefox 15.0.1/20120905151427]]
16:35:51 -!- TheWhisper has quit [Changing host]
17:41:21 -!- EDSGD has quit [Quit: Leaving.]
18:14:47 -!- TheWhisper has quit [Remote host closed the connection]
18:15:34 -!- TheWhisper has quit [Changing host]
18:43:37 -!- EDSGD has quit [Quit: Leaving.]
18:49:46 -!- TheWhisper has quit [Quit: ChatZilla 0.9.88.2 [Firefox 15.0.1/20120905151427]]
18:56:00 -!- TheWhisper has quit [Changing host]
19:15:07 -!- EDSGD has quit [Quit: Leaving.]
19:45:08 -!- cyoz has quit [Ping timeout: 252 seconds]
20:53:39 -!- cyoz1 has quit [Read error: Connection reset by peer]
22:57:30 -!- EDSGD has quit [Ping timeout: 245 seconds]
