00:09:02 -!- EDSGD_ has quit [Quit: Page closed]
00:33:31 -!- Sat has quit [Quit: Sat]
01:53:47 -!- zm has quit [Quit: zm]
02:12:26 -!- thearrowflies_ has quit [Quit: 0118 999 881 999 119 725 3]
02:13:24 -!- thearrowflies has quit [Changing host]
02:42:52 -!- Kocho has quit [Quit: Kocho]
02:43:26 -!- Kocho has quit [Changing host]
03:24:12 -!- EDSGD_ has quit [Quit: Page closed]
04:01:56 -!- Whispery has quit [Quit: Page closed]
05:24:13 -!- marshmallow has quit [Quit: sleeeeeeeeeeeeeeeep]
05:39:41 -!- Matt3000 has quit [Read error: Connection reset by peer]
06:03:54 -!- Kocho has quit [Quit: Kocho]
06:04:55 -!- iasmatt has quit [Quit: iasmatt]
06:21:52 -!- thearrowflies_ has quit [Changing host]
06:24:38 -!- thearrowflies has quit [Ping timeout: 255 seconds]
06:30:17 -!- thearrowflies_ has quit [Ping timeout: 256 seconds]
06:31:09 -!- EDSGD has quit [Quit: EDSGD]
06:39:59 -!- nazbot has quit [Read error: Connection reset by peer]
06:42:20 -!- thearrowflies has quit [Changing host]
07:34:36 -!- thearrowflies has quit [Ping timeout: 245 seconds]
08:39:52 -!- Rachen has quit [Quit: - nbs-irc 2.39 - www.nbs-irc.net -]
09:19:39 -!- zakmac has quit [Ping timeout: 260 seconds]
10:26:44 -!- nazbot has quit [Quit: nazbot]
11:55:35 -!- thearrowflies has quit [Changing host]
13:15:20 -!- medos has quit [Disconnected by services]
13:50:27 -!- ruzmutuz has quit [Quit: Page closed]
15:40:12 -!- nazbot has quit [Quit: nazbot]
15:46:42 -!- medos has quit [Changing host]
16:02:58 -!- thejoot has quit [Quit: Page closed]
16:40:07 -!- zakmac has quit [Quit: zakmac]
16:53:55 -!- thearrowflies has quit [Ping timeout: 256 seconds]
