01:07:45 -!- EDSGD_ has quit [Quit: Page closed]
02:48:48 -!- Kocho has quit [Read error: Connection reset by peer]
04:11:16 -!- nazbot-pc has quit []
04:27:28 -!- Azra-el has quit []
05:30:08 -!- marshmallow has quit []
05:53:20 -!- medos has quit [Disconnected by services]
06:18:07 -!- ChanServ has quit [*.net *.split]
06:23:05 -!- EDSGD has quit [Quit: EDSGD]
07:06:51 -!- Kocho has quit [Quit: Kocho]
07:22:36 -!- medos has quit [Changing host]
09:04:11 -!- acous has quit [Remote host closed the connection]
09:52:27 -!- medos has quit [Disconnected by services]
09:52:33 -!- medos has quit [Changing host]
10:00:00 -!- Sat has quit [Quit: Sat]
11:52:26 -!- medos has quit [Ping timeout: 244 seconds]
11:55:50 -!- internetpolice has quit [Remote host closed the connection]
11:56:34 -!- medos has quit [Changing host]
12:29:30 -!- Azra-el has quit [Ping timeout: 260 seconds]
12:29:53 -!- Azra-el has quit [Changing host]
13:08:56 -!- Azra-el has quit [Read error: No route to host]
13:14:04 -!- Azra-el has quit [Changing host]
13:26:20 -!- medos has quit [Disconnected by services]
14:04:17 -!- medos has quit [Changing host]
15:55:01 -!- acous has quit [Remote host closed the connection]
16:36:27 -!- TheWhisper has quit [Ping timeout: 276 seconds]
16:42:15 -!- TheWhisper has quit [Changing host]
16:43:09 -!- acous has quit [Remote host closed the connection]
16:44:45 -!- Whisper has quit [Ping timeout: 246 seconds]
17:19:47 -!- acous has quit [Remote host closed the connection]
17:30:55 -!- EDSGD has quit [Quit: EDSGD]
17:34:29 -!- EDSGD has quit [Client Quit]
17:47:46 -!- thearrowflies_ has quit [Changing host]
17:50:37 -!- thearrowflies has quit [Ping timeout: 240 seconds]
17:50:59 -!- TheWhisper has quit [Quit: Leaving ()]
17:58:22 -!- thearrowflies_ has quit [Quit: 0118 999 881 999 119 725 3]
17:58:41 -!- thearrowflies has quit [Changing host]
18:11:55 -!- TheWhisper has quit [Changing host]
18:24:21 -!- TheWhisper has quit [Ping timeout: 268 seconds]
18:48:26 -!- temporalD has quit [Quit: temporalD]
19:59:59 -!- shottyb has quit [Quit: Page closed]
20:16:39 -!- Mr has quit [Quit: Page closed]
20:33:20 -!- CottonBalls has quit [Ping timeout: 245 seconds]
20:38:19 -!- thearrowflies has quit [Ping timeout: 260 seconds]
21:02:41 -!- Azra-el has quit [Ping timeout: 244 seconds]
21:03:39 -!- Azra-el has quit [Changing host]
21:36:01 -!- marshmallow has quit [Quit: Page closed]
22:29:05 -!- cubic has quit [Quit: Page closed]
22:36:47 -!- MrLime has quit [Quit: Page closed]
22:45:58 -!- CottonBalls has quit [Quit: Page closed]
23:44:40 -!- Satz has quit []
23:45:24 -!- Whisper has quit [Quit: Leaving ()]
23:45:46 -!- TheWhisper has quit [Changing host]
