00:44:37 -!- Azra-el has quit [Ping timeout: 240 seconds]
01:32:17 -!- Kocho has quit [Changing host]
01:44:01 -!- Azra-el has quit [Ping timeout: 260 seconds]
02:12:42 -!- Kocho has quit [Ping timeout: 264 seconds]
02:55:02 -!- EDSGD has quit [Quit: EDSGD]
02:57:05 -!- EDSGD1 has quit [Client Quit]
02:59:40 -!- EDSGD has quit [Remote host closed the connection]
03:31:40 -!- edodes has quit [Quit: Leaving]
03:32:45 -!- Azra-el has quit [Ping timeout: 260 seconds]
03:38:03 -!- EDSGD has quit [Quit: EDSGD]
04:09:35 -!- ChanServ has quit [*.net *.split]
04:44:25 -!- Azra-el has quit [Ping timeout: 272 seconds]
05:44:59 -!- Azra-el has quit [Ping timeout: 244 seconds]
06:43:39 -!- EDSGD has quit [Quit: EDSGD]
06:44:20 -!- Azra-el has quit [Ping timeout: 255 seconds]
07:45:42 -!- Azra-el has quit [Ping timeout: 264 seconds]
08:28:40 -!- thearrowflies has quit [Ping timeout: 246 seconds]
08:33:26 -!- ChanServ has quit [shutting down]
08:44:01 -!- Azra-el has quit [Ping timeout: 240 seconds]
09:45:09 -!- Azra-el has quit [Ping timeout: 260 seconds]
09:46:30 -!- medos has quit [Disconnected by services]
10:06:12 -!- medos has quit [Changing host]
10:43:14 -!- Azra-el has quit [Ping timeout: 252 seconds]
11:43:41 -!- Azra-el has quit [Ping timeout: 240 seconds]
12:43:53 -!- Azra-el has quit [Ping timeout: 260 seconds]
13:26:28 -!- medos has quit [Disconnected by services]
13:27:05 -!- medos has quit [Changing host]
13:38:29 -!- thearrowflies has quit [Changing host]
13:46:41 -!- Azra-el has quit [Ping timeout: 240 seconds]
14:43:21 -!- Azra-el has quit [Ping timeout: 240 seconds]
15:35:16 -!- Azra-el has quit [Ping timeout: 246 seconds]
16:36:01 -!- Azra-el has quit [Ping timeout: 244 seconds]
17:11:51 -!- TheWhisper has quit [Quit: Leaving ()]
17:12:15 -!- TheWhisper has quit [Changing host]
17:34:55 -!- Azra-el has quit [Ping timeout: 244 seconds]
18:34:41 -!- Azra-el has quit [Ping timeout: 255 seconds]
19:36:20 -!- Azra-el has quit [Ping timeout: 244 seconds]
20:34:40 -!- Azra-el has quit [Ping timeout: 252 seconds]
21:08:37 -!- thearrowflies has quit [Ping timeout: 272 seconds]
21:13:04 -!- thearrowflies has quit [Changing host]
21:35:13 -!- Azra-el has quit [Ping timeout: 272 seconds]
22:35:11 -!- Azra-el has quit [Ping timeout: 252 seconds]
22:52:43 -!- EDSGD_ has quit [Quit: Page closed]
23:34:57 -!- Azra-el has quit [Ping timeout: 252 seconds]
