00:07:47 -!- EDSGD has quit [Quit: Page closed]
01:20:59 -!- Rachen has quit [Quit: Page closed]
01:27:06 -!- Carson has quit [Ping timeout: 252 seconds]
01:27:31 -!- Carson_ has quit [Ping timeout: 245 seconds]
01:31:52 -!- Carson__ has quit [Read error: Connection reset by peer]
01:33:54 -!- Matt3000 has quit [Ping timeout: 240 seconds]
02:25:15 -!- nazbot-pc has quit []
02:31:54 -!- Azra-el5 has quit [Ping timeout: 264 seconds]
02:51:29 -!- Kocho has quit [Quit: Kocho]
02:54:53 -!- Carson has quit [Read error: Connection reset by peer]
03:05:26 -!- Carson_ has quit [Read error: Connection reset by peer]
03:23:46 -!- medos has quit [Quit: <<]
03:29:57 -!- Whispy has quit [Client Quit]
03:30:10 -!- medos has quit [Changing host]
03:30:20 -!- TheWhisper has quit [Changing host]
03:33:49 -!- Whisper has quit [Ping timeout: 256 seconds]
03:45:08 -!- Azra-el has quit [Ping timeout: 256 seconds]
04:08:56 -!- Satz has quit [Read error: Connection reset by peer]
04:37:36 -!- Kocho has quit [Changing host]
04:45:04 -!- Azra-el has quit [Ping timeout: 246 seconds]
04:59:24 -!- marshmallow has quit [Quit: sleeeeeeeeeeeeep]
05:09:19 -!- EDSGD has quit [Quit: EDSGD]
05:25:05 -!- Matt3000 has quit [Read error: Connection reset by peer]
05:43:54 -!- Azra-el has quit [Ping timeout: 240 seconds]
06:41:33 -!- Guest95638 has quit [Remote host closed the connection]
06:45:17 -!- Azra-el has quit [Ping timeout: 265 seconds]
08:00:27 -!- Azra-el has quit [Ping timeout: 245 seconds]
08:20:51 -!- Azra-el has quit [Changing host]
08:31:19 -!- Rachen has quit [Read error: Connection reset by peer]
08:46:03 -!- thearrowflies_ has quit [Ping timeout: 256 seconds]
09:06:15 -!- Kocho has quit [Quit: Kocho]
13:39:20 -!- medos has quit [Disconnected by services]
13:41:40 -!- zakphone has quit [Quit: Colloquy for iPhone - http://colloquy.mobi]
13:46:45 -!- internetpolice has quit [Ping timeout: 265 seconds]
14:32:11 -!- medos has quit [Changing host]
14:32:29 -!- medios has quit [Remote host closed the connection]
15:13:33 -!- EDSGD has quit [Remote host closed the connection]
15:31:19 -!- zakmac has quit [Quit: zakmac]
15:46:04 -!- thearrowflies has quit [Changing host]
18:11:08 -!- TheWhisper has quit [Quit: Leaving ()]
18:11:35 -!- TheWhisper has quit [Changing host]
18:40:32 -!- edodes has quit [Changing host]
19:58:07 -!- Matt3000 has quit [Ping timeout: 256 seconds]
20:17:55 -!- R0tt3n has quit [Ping timeout: 245 seconds]
20:24:28 -!- thearrowflies has quit [Ping timeout: 246 seconds]
21:17:30 -!- R0tt3n has quit [Ping timeout: 245 seconds]
21:17:56 -!- temporalD has quit [Quit: temporalD]
21:32:41 -!- marshmallow has quit [Quit: Page closed]
22:04:35 -!- acous has quit [Remote host closed the connection]
22:39:04 -!- ChanServ has quit [*.net *.split]
22:42:44 -!- medos has quit [Ping timeout: 252 seconds]
22:46:31 -!- EDSGD has quit [Remote host closed the connection]
22:46:41 -!- medos has quit [Changing host]
22:46:41 -!- Kocho has quit [Changing host]
23:24:42 -!- Matt3000 has quit [Ping timeout: 264 seconds]
23:41:24 -!- notveryloudnoise has quit [Quit: Page closed]
23:44:04 -!- Sat has quit []
