00:24:56 -!- zakmac has quit [Quit: zakmac]
00:40:52 -!- thearrowflies has quit [Changing host]
00:49:16 -!- thearrowflies has quit [Quit: 0118 999 881 999 119 725 3]
01:23:28 -!- Kocho has quit [Quit: Kocho]
01:37:09 -!- Matt3000 has quit [Read error: Connection reset by peer]
03:18:28 -!- thearrowflies has quit [Changing host]
05:33:41 -!- marshmallow has quit [Quit: sleeeeeeeeeeeep]
06:07:27 -!- Matt3000 has quit [Read error: Connection reset by peer]
06:08:35 -!- thearrowflies has quit [Read error: Connection reset by peer]
06:09:01 -!- thearrowflies has quit [Changing host]
06:32:11 -!- EDSGD has quit [Remote host closed the connection]
06:53:11 -!- Kocho has quit [Quit: Kocho]
10:27:06 -!- medos has quit [Changing host]
12:45:38 -!- thearrowflies_ has quit [Changing host]
12:46:10 -!- thearrowflies has quit [*.net *.split]
12:46:10 -!- zakmac has quit [*.net *.split]
12:46:10 -!- Azra-el has quit [*.net *.split]
12:47:28 -!- Azra-el has quit [Changing host]
13:03:38 -!- zakmac has quit [Quit: zakmac]
13:20:54 -!- medos has quit [Disconnected by services]
13:45:52 -!- Ageown has quit [Client Quit]
13:53:30 -!- medos has quit [Changing host]
15:01:34 -!- edodes has quit [Read error: Connection reset by peer]
15:01:58 -!- edodes has quit [Changing host]
16:56:14 -!- thearrowflies_ has quit [Ping timeout: 240 seconds]
19:01:01 -!- temporalD has quit [Quit: temporalD]
19:31:48 -!- edodes has quit [Read error: Connection reset by peer]
19:32:04 -!- edodes has quit [Changing host]
19:49:54 -!- edodes has quit [Ping timeout: 264 seconds]
21:05:56 -!- thearrowflies has quit [Changing host]
21:15:45 -!- Azra-el has quit []
21:19:30 -!- marshmallow has quit [Quit: Page closed]
21:47:37 -!- Carson has quit [Ping timeout: 260 seconds]
22:44:34 -!- cubic has quit [Quit: Page closed]
22:54:44 -!- Kocho has quit [Changing host]
23:02:36 -!- Carson_ has quit [Remote host closed the connection]
23:03:18 -!- Kocho has quit [Quit: Kocho]
23:05:45 -!- Carson has quit [Remote host closed the connection]
23:08:18 -!- Kocho has quit [Changing host]
23:10:39 -!- vadoo has quit [Quit: Page closed]
23:43:49 -!- whippersnapper has quit [Quit: Page closed]
23:49:25 -!- Sat has quit []
