00:12:54 -!- nazbot-pc has quit [Client Quit]
07:37:00 -!- thearrowflies_ has quit [Read error: Connection reset by peer]
07:37:23 -!- thearrowflies_ has quit [Changing host]
07:40:10 -!- EDSGD has quit [Quit: EDSGD]
09:44:14 -!- medos has quit [Changing host]
10:43:17 -!- Rachenlol has quit [Quit: - nbs-irc 2.39 - www.nbs-irc.net -]
13:15:06 -!- medos has quit [Disconnected by services]
13:15:36 -!- medos has quit [Changing host]
13:34:43 -!- medos has quit [Disconnected by services]
16:09:44 -!- medos has quit [Changing host]
16:47:20 -!- zakmac has quit [Quit: zakmac]
16:57:27 -!- nazbot has quit [Quit: nazbot]
18:26:50 -!- Carson has quit [Remote host closed the connection]
18:42:35 -!- Carson has quit [Remote host closed the connection]
20:41:38 -!- EDSGD has quit [Remote host closed the connection]
21:16:06 -!- medos has quit [Quit: <<]
21:32:31 -!- Carson has quit [Remote host closed the connection]
22:22:37 -!- Carson has quit [Remote host closed the connection]
22:50:22 -!- Carson has quit [Remote host closed the connection]
22:58:49 -!- Carson has quit [Remote host closed the connection]
23:07:21 -!- Carson has quit [Remote host closed the connection]
23:10:44 -!- medos has quit [Changing host]
23:14:46 -!- Carson has quit [Remote host closed the connection]
23:22:23 -!- Carson has quit [Remote host closed the connection]
23:32:05 -!- nazbot has quit [Quit: nazbot]
