00:15:12 -!- EDSGD has quit [Read error: Operation timed out]
00:27:22 -!- Carson has quit [Remote host closed the connection]
01:22:21 -!- thearrowflies_ has quit [Changing host]
01:22:23 -!- thearrowflies__ has quit [Changing host]
01:23:53 -!- thearrowflies has quit [Quit: 0118 999 881 999 119 725 3]
01:23:56 -!- thearrowflies__ has quit [Client Quit]
01:24:01 -!- thearrowflies_ has quit [Client Quit]
01:34:10 -!- thearrowflies has quit [Changing host]
01:34:13 -!- thearrowflies_ has quit [Changing host]
01:35:05 -!- thearrowflies has quit [Client Quit]
01:35:05 -!- thearrowflies_ has quit [Client Quit]
01:48:47 -!- thearrowflies has quit [Changing host]
02:35:59 -!- Carson has quit [Read error: Connection reset by peer]
02:38:45 -!- R0tt3n has quit [Ping timeout: 245 seconds]
03:30:50 -!- adding_confusion has quit [Ping timeout: 245 seconds]
03:38:49 -!- EDSGD has quit [Ping timeout: 246 seconds]
03:56:22 -!- Carson_ has quit [Read error: Connection reset by peer]
05:13:48 -!- Carson has quit [Read error: Connection reset by peer]
05:26:20 -!- EDSGD has quit [Quit: EDSGD]
05:48:09 -!- adding_confusion has quit [Quit: Page closed]
06:30:23 -!- Carson has quit [Remote host closed the connection]
07:31:51 -!- Matt3000 has quit [Read error: Connection reset by peer]
07:36:46 -!- Carson has quit [Remote host closed the connection]
08:04:56 -!- nazbot-pc has quit []
08:52:33 -!- thearrowflies has quit [Read error: Connection reset by peer]
13:42:06 -!- internetpolice has quit [Ping timeout: 245 seconds]
19:00:10 -!- Carson has quit [Remote host closed the connection]
19:17:56 -!- Matt3000 has quit [Ping timeout: 245 seconds]
19:54:37 -!- Carson has quit [Remote host closed the connection]
20:35:00 -!- adding_confusion has quit [Ping timeout: 245 seconds]
20:47:29 -!- EDSGD has quit [Quit: EDSGD]
21:17:19 -!- EDSGD has quit [Quit: EDSGD]
22:26:18 -!- Kocho has quit [Changing host]
22:38:39 -!- EDSGD has quit [Ping timeout: 260 seconds]
23:16:05 -!- zakmac has quit [Read error: Connection reset by peer]
23:29:32 -!- Carson has quit [Remote host closed the connection]
