00:04:10 -!- EDSGD_ has quit [Quit: Page closed]
00:12:44 -!- Carson_ has quit [Read error: Connection reset by peer]
00:14:34 -!- Carson has quit [Ping timeout: 240 seconds]
00:34:11 -!- Carson__ has quit [Remote host closed the connection]
00:55:51 -!- Kocho has quit [Quit: Kocho]
01:05:34 -!- zakmac has quit [Quit: zakmac]
01:07:29 -!- Kocho has quit [Changing host]
01:20:16 -!- Kocho has quit [Quit: Kocho]
01:20:32 -!- Kocho has quit [Changing host]
01:44:08 -!- Kocho has quit [Read error: Connection reset by peer]
02:05:10 -!- Carson has quit [Ping timeout: 244 seconds]
02:35:38 -!- Carson_ has quit [Remote host closed the connection]
02:42:29 -!- Azra-el has quit [*.net *.split]
02:48:32 -!- EDSGD has quit [Remote host closed the connection]
04:32:07 -!- Azra-el has quit [Ping timeout: 240 seconds]
04:33:30 -!- Carson has quit [Read error: Connection reset by peer]
04:38:57 -!- Carson_ has quit [Ping timeout: 256 seconds]
04:40:25 -!- Carson__ has quit [Remote host closed the connection]
04:42:45 -!- Carson has quit [Ping timeout: 244 seconds]
06:08:32 -!- Azra-el has quit [Ping timeout: 244 seconds]
06:19:21 -!- Matt3000 has quit [Read error: Connection reset by peer]
06:19:32 -!- thearrowflies_ has quit [Changing host]
06:22:41 -!- thearrowflies has quit [Ping timeout: 255 seconds]
06:28:04 -!- EDSGD has quit [Remote host closed the connection]
06:42:17 -!- Azra-el has quit [Ping timeout: 246 seconds]
07:06:55 -!- IAmLegend has quit [Quit: IAmLegend]
07:20:35 -!- thearrowflies_ has quit [Read error: Connection reset by peer]
07:22:13 -!- thearrowflies has quit [Changing host]
07:42:08 -!- Azra-el has quit [Ping timeout: 246 seconds]
07:54:07 -!- thearrowflies has quit [Read error: Connection reset by peer]
07:54:52 -!- thearrowflies has quit [Changing host]
12:27:16 -!- zakmac has quit [Quit: zakmac]
12:46:52 -!- medos has quit [Quit: <<]
12:49:36 -!- medos has quit [Changing host]
13:20:36 -!- medos has quit [Disconnected by services]
15:10:22 -!- medos has quit [Changing host]
15:17:43 -!- AmandaS4ys has quit [Quit: Page closed]
16:55:53 -!- EDSGD has quit [Quit: EDSGD]
17:48:48 -!- Azra-el has quit [Ping timeout: 252 seconds]
18:29:21 -!- jelkala has quit [Client Quit]
18:49:52 -!- temporalD has quit [Quit: temporalD]
19:11:06 -!- ChanServ has quit [shutting down]
19:21:41 -!- marshmallow has quit [Ping timeout: 245 seconds]
19:22:05 -!- cubic has quit [Ping timeout: 245 seconds]
19:30:42 -!- Azra-el has quit [Ping timeout: 264 seconds]
20:10:03 -!- Azra-el has quit [Changing host]
20:12:25 -!- TheWhisper has quit [Quit: Leaving ()]
20:12:55 -!- TheWhisper has quit [Changing host]
20:24:52 -!- thearrowflies has quit [Ping timeout: 248 seconds]
21:18:00 -!- marshmallow has quit []
22:02:55 -!- Matt3000 has quit [Read error: Connection reset by peer]
22:39:13 -!- Kocho has quit [Changing host]
