00:03:32 -!- Carson has quit [Remote host closed the connection]
00:28:59 -!- zakmac has quit [Quit: zakmac]
01:37:14 -!- TheWhisper has quit [Ping timeout: 260 seconds]
01:52:01 -!- Carson has quit [Remote host closed the connection]
02:24:34 -!- TheWhisper has quit [Changing host]
03:06:07 -!- Carson has quit [Read error: Connection reset by peer]
03:45:54 -!- Carson_ has quit [Ping timeout: 240 seconds]
04:06:02 -!- Carson has quit [Read error: Connection reset by peer]
04:07:18 -!- Carson_ has quit [Ping timeout: 252 seconds]
05:38:08 -!- nazbot has quit [Quit: nazbot]
06:05:53 -!- EDSGD has quit [Quit: EDSGD]
06:07:05 -!- Matt3000 has quit [Ping timeout: 255 seconds]
09:09:12 -!- edodes has quit [Read error: Connection reset by peer]
13:39:37 -!- medos has quit [Disconnected by services]
15:03:53 -!- nazbot has quit [Ping timeout: 245 seconds]
15:10:36 -!- nazbot-pc has quit [Read error: Connection reset by peer]
17:53:58 -!- EDSGD has quit [Ping timeout: 246 seconds]
18:09:14 -!- EDSGD1 has quit [Quit: EDSGD1]
19:38:46 -!- Carson has quit [Remote host closed the connection]
22:31:25 -!- Carson has quit [Remote host closed the connection]
22:59:56 -!- Matt3000 has quit [Ping timeout: 252 seconds]
23:27:54 -!- thearrowflies_ has quit [Changing host]
23:28:14 -!- thearrowflies has quit [Ping timeout: 240 seconds]
23:33:46 -!- thearrowflies_ has quit [Ping timeout: 245 seconds]
23:50:29 -!- thearrowflies has quit [Changing host]
