01:11:48 -!- thearrowflies has quit [Ping timeout: 248 seconds]
01:37:54 -!- AmandaS4ys has quit [Read error: Connection reset by peer]
03:30:21 -!- EDSGD has quit [Quit: EDSGD]
04:39:13 -!- EDSGD has quit [Remote host closed the connection]
05:48:06 -!- sushi__ has quit [Quit: Page closed]
05:50:18 -!- CottonBalls has quit [Quit: Page closed]
06:50:36 -!- Azra-el has quit [Changing host]
07:04:34 -!- Kocho has quit [Quit: Kocho]
10:22:15 -!- Azra-el has quit [Read error: Connection reset by peer]
10:22:27 -!- Azra-el has quit [Changing host]
13:26:55 -!- medos has quit [Disconnected by services]
13:27:05 -!- medos has quit [Changing host]
14:47:05 -!- vadoo has quit [Ping timeout: 245 seconds]
15:23:35 -!- EDSGD has quit [Quit: EDSGD]
16:25:58 -!- Whispy has quit [Quit: Page closed]
20:16:34 -!- EDSGD2 has quit [Quit: Leaving.]
20:19:35 -!- R0tt3n has quit [Ping timeout: 245 seconds]
20:20:51 -!- thearrowflies has quit [Quit: 0118 999 881 999 119 725 3]
20:43:16 -!- EDSGD2 has quit [Client Quit]
21:27:56 -!- marshmallow-9-11 has quit [Quit: Page closed]
21:56:49 -!- EDSGD2 has quit [Read error: Connection reset by peer]
22:20:15 -!- cubic has quit [Quit: Page closed]
22:24:50 -!- Kocho has quit [Changing host]
23:10:58 -!- VP_ has quit [Quit: Page closed]
23:16:26 -!- VP_ has quit [Quit: Page closed]
23:47:07 -!- EDSGD_ has quit [Quit: Page closed]
23:53:40 -!- thearrowflies has quit [Changing host]
23:54:24 -!- lerabbithole has quit [Client Quit]
23:59:19 -!- ArrowBot has quit [Client Quit]
