00:08:41 -!- thearrowflies has quit [Changing host]
00:52:39 -!- zakmac has quit [Quit: Leaving.]
01:38:44 -!- Azra-el has quit [Ping timeout: 260 seconds]
02:10:06 -!- Azra-el has quit [Changing host]
03:00:05 -!- acous_ has quit [*.net *.split]
03:28:42 -!- zakmac has quit [Quit: Leaving.]
03:35:23 -!- zakmac has quit [Client Quit]
03:55:41 -!- zakmac has quit [Quit: Leaving.]
04:07:39 -!- zakmac has quit [Client Quit]
04:25:33 -!- marshmallow has quit [Ping timeout: 256 seconds]
05:37:37 -!- pandaaaaaaaaaa has quit [Quit: sleeeeeeeeeeeeeeeeep!]
05:50:00 -!- Matt3000 has quit [Read error: Connection reset by peer]
06:07:18 -!- Carson has quit [Remote host closed the connection]
06:45:58 -!- Carson has quit [Ping timeout: 245 seconds]
07:40:06 -!- EDSGD has quit [Quit: EDSGD]
07:46:06 -!- IAmLegend has quit [Quit: IAmLegend]
09:47:32 -!- Carson has quit [Ping timeout: 248 seconds]
10:48:15 -!- Carson has quit [Ping timeout: 260 seconds]
11:48:42 -!- Carson has quit [Ping timeout: 264 seconds]
12:48:14 -!- Carson has quit [Ping timeout: 240 seconds]
13:07:14 -!- medos has quit [Disconnected by services]
13:15:43 -!- medos has quit [Changing host]
14:13:54 -!- Carson has quit [Ping timeout: 240 seconds]
14:14:54 -!- Carson_ has quit [Ping timeout: 240 seconds]
14:51:28 -!- medos has quit [Quit: <<]
14:54:38 -!- medos has quit [Changing host]
15:03:40 -!- medos has quit [Quit: <<]
15:06:42 -!- medos has quit [Changing host]
15:23:31 -!- acous_ has quit [Read error: Connection reset by peer]
15:32:34 -!- medos has quit [Quit: <<]
15:57:34 -!- adding_confusion has quit [Ping timeout: 240 seconds]
17:33:09 -!- Carson has quit [Remote host closed the connection]
17:58:06 -!- Carson has quit [Read error: Connection reset by peer]
18:07:58 -!- adding_confusion has quit [Ping timeout: 240 seconds]
18:29:21 -!- Carson has quit [Remote host closed the connection]
20:13:58 -!- adding_confusion has quit [Ping timeout: 240 seconds]
20:14:46 -!- edsgd has quit [Ping timeout: 240 seconds]
20:15:10 -!- pandaaaaaaaaaaaa has quit [Ping timeout: 240 seconds]
20:18:02 -!- medos has quit [Changing host]
20:40:42 -!- marshmallow has quit [Quit: Page closed]
21:05:30 -!- zakmac has quit [Quit: zakmac]
21:24:09 -!- thearrowflies_ has quit [Changing host]
21:24:20 -!- lolarrows has quit [Read error: Connection reset by peer]
22:20:44 -!- Carson has quit [Remote host closed the connection]
22:27:22 -!- medos has quit [Ping timeout: 246 seconds]
22:30:11 -!- Carson has quit [Remote host closed the connection]
