00:09:02 -!- zakmac has quit [Quit: zakmac]
00:22:46 -!- Rachen has quit [Quit: Page closed]
01:06:26 -!- acous has quit [Read error: Connection reset by peer]
01:24:40 -!- temporalD has quit [Quit: temporalD]
01:28:36 -!- Carson has quit [Ping timeout: 244 seconds]
01:52:30 -!- AmandaS4ys has quit [Read error: Connection reset by peer]
02:13:03 -!- Carson has quit [Read error: Connection reset by peer]
03:23:12 -!- Carson_ has quit [Remote host closed the connection]
03:45:46 -!- thearrowflies has quit [Quit: 0118 999 881 999 119 725 3]
04:03:16 -!- TheWhisper has quit [Excess Flood]
04:03:45 -!- TheWhisper has quit [Changing host]
05:23:31 -!- Matt3000 has quit [Read error: Connection reset by peer]
05:48:02 -!- marshmallow has quit []
06:16:07 -!- EDSGD has quit [Quit: EDSGD]
06:21:17 -!- internetpolice has quit [Read error: Connection reset by peer]
06:22:54 -!- medos has quit [Changing host]
08:47:23 -!- Azra-el has quit []
08:56:52 -!- medos has quit [Ping timeout: 246 seconds]
09:22:32 -!- acous has quit [Remote host closed the connection]
10:57:56 -!- medos has quit [Ping timeout: 245 seconds]
11:03:26 -!- medos has quit [Changing host]
11:41:48 -!- Kocho has quit [Quit: Kocho]
13:06:13 -!- thearrowflies has quit [Changing host]
13:26:09 -!- medos has quit [Disconnected by services]
13:27:49 -!- medos has quit [Changing host]
15:56:58 -!- zakmac has quit [Quit: zakmac]
16:58:20 -!- nazbot-pc has quit []
17:49:20 -!- EDSGD has quit [Quit: EDSGD]
18:39:10 -!- marshmallow has quit [Ping timeout: 245 seconds]
20:02:50 -!- vadoo has quit [Quit: Page closed]
20:19:45 -!- thearrowflies has quit [Ping timeout: 260 seconds]
21:30:26 -!- marshmallow_ has quit []
21:42:24 -!- Sat has quit []
22:06:07 -!- temporalD has quit [Quit: temporalD]
22:42:33 -!- Kocho has quit [Changing host]
23:21:56 -!- medos has quit [Ping timeout: 248 seconds]
23:22:36 -!- TheWhisper has quit [Quit: Leaving ()]
