00:19:00 -!- nazbot has quit [Client Quit]
00:52:54 -!- Kocho has quit [Ping timeout: 264 seconds]
00:59:09 -!- Kocho has quit [Changing host]
05:01:10 -!- Kocho has quit [Quit: Kocho]
05:06:32 -!- Kocho has quit [Changing host]
05:58:39 -!- Kocho has quit [Ping timeout: 252 seconds]
06:11:27 -!- Kocho has quit [Changing host]
06:19:39 -!- EDSGD has quit [Quit: EDSGD]
08:05:31 -!- Kocho has quit [Quit: Kocho]
09:47:25 -!- medos has quit [Disconnected by services]
09:47:34 -!- medos has quit [Changing host]
13:26:11 -!- medos has quit [Disconnected by services]
13:26:26 -!- medos has quit [Changing host]
13:50:25 -!- R0tt3n has quit [Ping timeout: 245 seconds]
14:04:10 -!- R0tt3n has quit [Ping timeout: 245 seconds]
14:28:48 -!- R0tt3n has quit [Quit: Page closed]
15:29:18 -!- R0tt3n has quit [Quit: Page closed]
16:52:28 -!- temporalD has quit [Quit: temporalD]
17:24:44 -!- R0tt3n has quit [Quit: Page closed]
17:42:44 -!- MrLime has quit [Quit: Page closed]
