00:06:12 -!- thearrowflies has quit [Read error: Connection reset by peer]
00:06:40 -!- thearrowflies has quit [Changing host]
00:51:19 -!- Carson has quit [Remote host closed the connection]
00:51:35 -!- zakmac has quit [Quit: zakmac]
01:38:54 -!- TheWhisper has quit [Ping timeout: 240 seconds]
01:40:56 -!- Whisper has quit [Client Quit]
01:41:18 -!- TheWhisper has quit [Changing host]
04:43:18 -!- ElliotSH has quit [Quit: Page closed]
04:46:55 -!- marshmallow has quit [Quit: sleep]
04:55:10 -!- EDSGD has quit [Quit: Page closed]
05:32:20 -!- Matt3000 has quit [Read error: Connection reset by peer]
05:57:50 -!- TheWhisper has quit [Quit: Leaving ()]
07:08:06 -!- EDSGD has quit [Quit: EDSGD]
07:55:55 -!- thearrowflies has quit [Ping timeout: 244 seconds]
13:07:15 -!- medos has quit [Disconnected by services]
13:08:34 -!- medos has quit [Changing host]
14:51:32 -!- thearrowflies has quit [Changing host]
17:09:12 -!- zakmac has quit [Quit: zakmac]
17:56:15 -!- TheWhisper has quit [Changing host]
21:23:40 -!- marshmallow has quit [Quit: Page closed]
22:37:53 -!- Kocho has quit [Changing host]
22:49:37 -!- adding_confusion has quit [Quit: Page closed]
23:28:05 -!- Matt3000 has quit [Ping timeout: 246 seconds]
