00:22:46 -!- superbgoblin has quit [Quit: Page closed]
00:34:51 -!- Carson has quit [Remote host closed the connection]
05:57:36 -!- IAmLegend has quit [Quit: IAmLegend]
06:43:09 -!- EDSGD has quit [Quit: EDSGD]
09:51:11 -!- Rachen has quit [Quit: - nbs-irc 2.39 - www.nbs-irc.net -]
10:07:31 -!- thearrowflies has quit [Read error: Connection reset by peer]
10:31:34 -!- thejoot has quit [Ping timeout: 240 seconds]
11:35:32 -!- thearrowflies has quit [Changing host]
11:55:51 -!- thearrowflies has quit [Quit: 0118 999 881 999 119 725 3]
11:56:00 -!- thearrowflies has quit [Changing host]
13:15:31 -!- medos has quit [Disconnected by services]
13:19:17 -!- medos has quit [Changing host]
16:01:36 -!- thejoot_ has quit [Quit: Page closed]
16:25:52 -!- zakmac has quit [Quit: zakmac]
16:31:58 -!- marshmallow has quit [Ping timeout: 240 seconds]
16:51:58 -!- marshmallow_ has quit [Ping timeout: 263 seconds]
21:10:28 -!- iasmatt has quit [Quit: iasmatt]
21:30:29 -!- EDSGD has quit [Quit: Page closed]
21:32:10 -!- Matt3000 has quit [Ping timeout: 246 seconds]
21:32:41 -!- marshmallow has quit [Quit: weeeeeeeeeeeeeeeeeeeeeeeeeeee]
21:46:59 -!- Kocho has quit [Changing host]
