00:04:34 -!- Carson has quit [Remote host closed the connection]
00:22:27 -!- Azra-el has quit []
00:36:02 -!- EDSGD has quit [Ping timeout: 256 seconds]
00:38:08 -!- thearrowflies has quit [Quit: 0118 999 881 999 119 725 3]
00:42:18 -!- thearrowflies has quit [Changing host]
00:52:25 -!- thearrowflies has quit [Read error: Connection reset by peer]
00:52:52 -!- thearrowflies has quit [Changing host]
01:01:49 -!- EDSGD has quit [Quit: EDSGD]
01:31:39 -!- Sat has quit []
02:22:00 -!- EDSGD has quit [Quit: EDSGD]
02:26:24 -!- thearrowflies has quit [Read error: Connection reset by peer]
02:26:40 -!- R0tt3n has quit [Ping timeout: 245 seconds]
02:26:51 -!- thearrowflies has quit [Changing host]
02:53:03 -!- thearrowflies_ has quit [Changing host]
02:56:22 -!- thearrowflies has quit [Read error: Connection timed out]
05:52:30 -!- EDSGD has quit [Quit: EDSGD]
06:09:22 -!- Matt3000 has quit [Quit: Leaving]
06:52:28 -!- lahwran has quit [*.net *.split]
06:52:50 -!- acous has quit [Read error: Operation timed out]
06:53:25 -!- acous has quit [Changing host]
07:17:34 -!- edodes has quit [Read error: Connection reset by peer]
12:11:46 -!- medos has quit [Read error: Connection reset by peer]
15:17:23 -!- nazbot-pc has quit []
15:31:37 -!- TheWhisper has quit [Changing host]
15:51:27 -!- medos has quit [Changing host]
17:28:36 -!- EDSGD has quit [Quit: EDSGD]
17:34:10 -!- EDSGD has quit [Remote host closed the connection]
19:45:50 -!- EDSGD has quit [Quit: EDSGD]
19:58:42 -!- Carson has quit [Read error: Connection reset by peer]
20:27:43 -!- Carson has quit [Remote host closed the connection]
20:29:05 -!- EDSGD has quit [Remote host closed the connection]
20:33:06 -!- Carson has quit [Ping timeout: 264 seconds]
21:01:19 -!- edodes has quit [Changing host]
21:13:25 -!- EDSGD has quit [Quit: EDSGD]
21:31:33 -!- EDSGD has quit [Client Quit]
22:03:11 -!- Carson has quit [Remote host closed the connection]
23:43:00 -!- Kocho has quit [Changing host]
