00:34:07 -!- zakmac has quit [Quit: zakmac]
00:55:21 -!- thearrowflies has quit [Changing host]
00:55:51 -!- zakmac has quit [Client Quit]
01:02:56 -!- Carson has quit [Remote host closed the connection]
01:08:07 -!- Carson has quit [Ping timeout: 256 seconds]
01:18:04 -!- zakmac has quit [Quit: zakmac]
01:21:26 -!- nazbot has quit [Quit: nazbot]
01:42:07 -!- Carson has quit [Ping timeout: 256 seconds]
02:01:22 -!- Carson_ has quit [Read error: Connection reset by peer]
02:13:44 -!- Carson has quit [Remote host closed the connection]
02:18:56 -!- Carson has quit [Ping timeout: 256 seconds]
04:36:25 -!- Kocho has quit [Quit: Kocho]
04:37:37 -!- Kocho has quit [Changing host]
04:59:02 -!- R0tt3n has quit []
05:38:11 -!- EDSGD has quit [Quit: EDSGD]
06:43:56 -!- Matt3000 has quit [Read error: Connection reset by peer]
10:02:28 -!- Kocho has quit [Quit: Kocho]
10:42:15 -!- Azra-el has quit []
11:15:23 -!- nazbot has quit [Read error: Connection reset by peer]
11:44:15 -!- nazbot has quit [Quit: nazbot]
13:39:37 -!- medos has quit [Disconnected by services]
14:07:37 -!- medos has quit [Changing host]
15:37:28 -!- nazbot has quit [Quit: nazbot]
15:49:35 -!- marshmallow has quit [Ping timeout: 245 seconds]
15:50:04 -!- Sat has quit []
16:05:09 -!- Kocho has quit [Changing host]
16:09:38 -!- Kocho has quit [Ping timeout: 244 seconds]
16:19:03 -!- zakmac has quit [Quit: zakmac]
19:15:46 -!- nazbot has quit [Quit: nazbot]
20:06:43 -!- Carson has quit [Remote host closed the connection]
20:11:39 -!- Carson has quit [Ping timeout: 256 seconds]
21:01:16 -!- Carson has quit [Remote host closed the connection]
21:27:34 -!- throatvibration has quit [Quit: Page closed]
21:33:56 -!- marshmallow has quit [Quit: Page closed]
22:04:33 -!- TheWhisper has quit [Read error: Connection reset by peer]
22:04:56 -!- TheWhisper has quit [Changing host]
22:27:27 -!- Carson has quit [Remote host closed the connection]
22:29:44 -!- Carson has quit [Remote host closed the connection]
22:32:20 -!- Kocho has quit [Changing host]
22:37:41 -!- EDSGD has quit [Quit: Page closed]
23:13:21 -!- Kocho has quit [Quit: Kocho]
23:18:46 -!- Kocho has quit [Changing host]
23:22:48 -!- Kocho has quit [Client Quit]
23:23:09 -!- Kocho has quit [Changing host]
23:52:56 -!- Carson has quit [Remote host closed the connection]
23:57:48 -!- Carson has quit [Ping timeout: 252 seconds]
