01:42:42 -!- Azra-el has quit [Ping timeout: 264 seconds]
02:45:29 -!- Azra-el has quit [Ping timeout: 268 seconds]
03:44:05 -!- Azra-el has quit [Ping timeout: 256 seconds]
04:43:46 -!- Azra-el has quit [Ping timeout: 246 seconds]
05:34:31 -!- Matt3000 has quit [Read error: Connection reset by peer]
05:42:42 -!- Azra-el has quit [Ping timeout: 264 seconds]
05:51:20 -!- EDSGD has quit [Quit: EDSGD]
06:10:29 -!- Carson_ has quit [Read error: Connection reset by peer]
06:11:24 -!- Carson_ has quit [Read error: Connection reset by peer]
06:12:50 -!- Carson has quit [Ping timeout: 246 seconds]
06:13:33 -!- Carson_ has quit [Read error: Connection reset by peer]
06:29:36 -!- Carson has quit [Remote host closed the connection]
06:44:08 -!- Azra-el has quit [Ping timeout: 268 seconds]
07:24:55 -!- Rachen has quit [Quit: - nbs-irc 2.39 - www.nbs-irc.net -]
07:42:41 -!- Azra-el has quit [Ping timeout: 260 seconds]
08:44:04 -!- Azra-el has quit [Ping timeout: 248 seconds]
09:16:24 -!- Kocho has quit [Ping timeout: 244 seconds]
09:21:49 -!- thearrowflies has quit [Ping timeout: 256 seconds]
09:43:35 -!- Azra-el has quit [Ping timeout: 268 seconds]
11:23:22 -!- zakmac has quit [Quit: Colloquy for iPhone - http://colloquy.mobi]
12:28:56 -!- thearrowflies_ has quit [Changing host]
13:36:16 -!- edodes has quit [Ping timeout: 256 seconds]
13:39:08 -!- medos has quit [Disconnected by services]
13:51:53 -!- EDSGD has quit [Quit: EDSGD]
13:54:06 -!- Azra-el has quit [Changing host]
14:55:12 -!- zakmac has quit [Quit: zakmac]
15:57:30 -!- edodes_ has quit [Read error: Connection reset by peer]
16:51:06 -!- thearrowflies_ has quit [Ping timeout: 264 seconds]
16:59:26 -!- medos has quit [Changing host]
17:15:25 -!- R0tt3n has quit [Ping timeout: 245 seconds]
18:15:53 -!- temporalD has quit [Quit: temporalD]
18:47:05 -!- EDSGD has quit [Ping timeout: 245 seconds]
18:47:30 -!- Rachen has quit [Ping timeout: 245 seconds]
18:47:30 -!- marshmallow has quit [Ping timeout: 245 seconds]
19:02:06 -!- EDSGD_ has quit [Ping timeout: 245 seconds]
19:28:47 -!- marshmallow_ has quit [Ping timeout: 245 seconds]
19:30:59 -!- marshmallow has quit [Changing host]
19:48:39 -!- Matt3000 has quit [Ping timeout: 245 seconds]
19:55:13 -!- medos has quit [Read error: Connection reset by peer]
19:56:00 -!- medos has quit [Changing host]
20:24:16 -!- edodes has quit [Changing host]
21:03:05 -!- thearrowflies has quit [Changing host]
21:22:52 -!- thearrowflies_ has quit [Changing host]
21:24:08 -!- thearrowflies has quit [Ping timeout: 248 seconds]
21:27:12 -!- marshmallow has quit [Quit: Page closed]
21:32:43 -!- Matt3000 has quit [Ping timeout: 240 seconds]
21:32:44 -!- medos has quit [Read error: Connection reset by peer]
21:33:03 -!- medos has quit [Changing host]
21:42:50 -!- Azra-el has quit [Disconnected by services]
21:43:07 -!- Azra-el5 has quit [Changing host]
21:50:32 -!- Sat has quit [Ping timeout: 248 seconds]
22:23:25 -!- zakmac has quit [Quit: zakmac]
23:00:31 -!- Kocho has quit [Changing host]
23:58:45 -!- TheWhisper has quit [Ping timeout: 461 seconds]
