00:30:47 -!- Sat has quit []
00:57:42 -!- thearrowflies has quit [Changing host]
00:59:46 -!- zakmac has quit [Quit: zakmac]
01:18:09 -!- edodes has quit [Changing host]
02:53:40 -!- Azra-el has quit [Ping timeout: 252 seconds]
03:42:16 -!- Azra-el has quit [Ping timeout: 244 seconds]
04:23:11 -!- TheWhisper has quit [*.net *.split]
04:23:21 -!- TheWhisper has quit [Changing host]
04:43:34 -!- Azra-el has quit [Ping timeout: 240 seconds]
05:27:12 -!- marshmallow has quit []
05:43:48 -!- Azra-el has quit [Ping timeout: 248 seconds]
06:04:56 -!- Matt3000 has quit [Read error: Connection reset by peer]
06:09:13 -!- Kocho has quit [Read error: Connection reset by peer]
06:09:13 -!- Kocho_ has quit [Changing host]
06:24:01 -!- zakmac has quit [Quit: zakmac]
06:37:26 -!- EDSGD has quit [Quit: EDSGD]
06:38:26 -!- Kocho has quit [Ping timeout: 252 seconds]
06:52:01 -!- Azra-el has quit [Ping timeout: 256 seconds]
07:43:42 -!- Azra-el has quit [Ping timeout: 252 seconds]
07:53:33 -!- medos has quit [Disconnected by services]
08:10:09 -!- EDSGD has quit [Remote host closed the connection]
08:42:45 -!- Azra-el has quit [Ping timeout: 246 seconds]
09:48:34 -!- thearrowflies has quit [Ping timeout: 240 seconds]
11:06:35 -!- internetpolice has quit [Quit: <<]
11:15:33 -!- medos has quit [Changing host]
13:21:30 -!- medos has quit [Disconnected by services]
14:49:35 -!- marshmallow has quit [Ping timeout: 245 seconds]
14:56:45 -!- EDSGD has quit [Quit: EDSGD]
15:09:10 -!- marshmallow2 has quit [Ping timeout: 245 seconds]
15:29:10 -!- R0tt3n has quit [Ping timeout: 245 seconds]
15:45:25 -!- Carson has quit [Remote host closed the connection]
15:57:42 -!- zakmac has quit [Quit: zakmac]
16:02:05 -!- Carson has quit [Ping timeout: 260 seconds]
17:05:41 -!- Carson has quit [Ping timeout: 244 seconds]
17:19:55 -!- thearrowflies_ has quit [Changing host]
17:23:43 -!- R0tt3n has quit []
17:27:48 -!- medos has quit [Changing host]
17:45:54 -!- EDSGD has quit [Quit: EDSGD]
19:13:01 -!- nazbot-pc has quit []
19:20:30 -!- medos has quit [Ping timeout: 264 seconds]
19:37:30 -!- medos has quit [Changing host]
21:04:15 -!- marshmallow has quit [Quit: Page closed]
21:28:26 -!- zakmac has quit [Quit: zakmac]
21:38:20 -!- r0tt3n has quit [Ping timeout: 245 seconds]
21:40:24 -!- zakmac has quit [Ping timeout: 268 seconds]
22:57:22 -!- EDSGD has quit [Quit: Page closed]
23:33:14 -!- Sat has quit []
