00:21:16 -!- iSylvir has quit [Ping timeout: 245 seconds]
01:02:33 -!- thearrowflies has quit [Changing host]
01:07:56 -!- ArrowBot has quit [Remote host closed the connection]
02:05:52 -!- thearrowflies has quit [Quit: 0118 999 881 999 119 725 3]
02:09:49 -!- ArrowBot has quit [Ping timeout: 244 seconds]
02:15:16 -!- TheWhisper has quit [Quit: Leaving ()]
02:15:42 -!- TheWhisper has quit [Changing host]
05:57:24 -!- CottonBalls has quit [Quit: Page closed]
06:06:06 -!- EDSGD has quit [Quit: EDSGD]
06:06:47 -!- Kocho has quit [Quit: Kocho]
06:30:26 -!- EDSGD has quit [Remote host closed the connection]
08:17:11 -!- Azra-el has quit [Read error: No route to host]
10:31:41 -!- medos has quit [Disconnected by services]
12:10:29 -!- medoS has quit [Changing host]
13:26:43 -!- medos has quit [Disconnected by services]
13:26:55 -!- MEDOS has quit [Changing host]
14:30:50 -!- vadoo has quit [Ping timeout: 245 seconds]
15:44:18 -!- vadoo has quit [Quit: Page closed]
17:11:26 -!- demonicblackcat has quit [Quit: Page closed]
18:12:08 -!- CottonBalls has quit [Quit: Page closed]
19:06:51 -!- MrLime has quit [Client Quit]
19:58:45 -!- CottonBalls has quit [Ping timeout: 245 seconds]
20:57:53 -!- thearrowflies has quit [Changing host]
21:03:19 -!- ArrowBot has quit [Remote host closed the connection]
21:25:34 -!- marshmallow has quit []
21:32:44 -!- ArrowBot has quit [Quit: thearrowflies]
23:24:12 -!- Kocho has quit [Changing host]
23:26:32 -!- Kocho has quit [Client Quit]
23:26:53 -!- Kocho has quit [Changing host]
