00:00:30 -!- Carson has quit [Remote host closed the connection]
00:38:32 -!- zm has quit [Quit: zm]
01:15:24 -!- Carson has quit [Ping timeout: 244 seconds]
01:41:02 -!- Carson has quit [Remote host closed the connection]
01:47:33 -!- AmandaS4ys has quit [Ping timeout: 240 seconds]
01:59:35 -!- marshmallow has quit [Ping timeout: 255 seconds]
02:20:25 -!- Carson has quit [Ping timeout: 256 seconds]
02:25:22 -!- Carson_ has quit [Read error: Connection reset by peer]
02:32:38 -!- Carson has quit [Remote host closed the connection]
02:34:06 -!- zm-washing has quit [Ping timeout: 244 seconds]
03:04:14 -!- Carson has quit [Ping timeout: 260 seconds]
03:25:41 -!- EDSGD has quit [Excess Flood]
03:30:46 -!- Carson_ has quit [Remote host closed the connection]
04:10:53 -!- Carson has quit [Read error: Connection reset by peer]
04:11:50 -!- Carson has quit [Remote host closed the connection]
04:23:33 -!- Carson has quit [Read error: Connection reset by peer]
04:32:42 -!- Carson_ has quit [Remote host closed the connection]
04:51:22 -!- medos has quit [Quit: <<]
04:57:56 -!- Carson has quit [Remote host closed the connection]
05:12:56 -!- marshmallow has quit [Quit: sleeeeeeeeeeeeeeeeeep]
05:21:35 -!- medos has quit [Changing host]
05:52:49 -!- Matt3000 has quit [Read error: Connection reset by peer]
05:58:00 -!- R0tt3n has quit []
06:13:00 -!- EDSGD has quit [Quit: EDSGD]
06:20:45 -!- thearrowflies_ has quit [Changing host]
06:22:54 -!- thearrowflies has quit [Ping timeout: 240 seconds]
06:44:53 -!- IAmLegend has quit [Quit: IAmLegend]
06:53:32 -!- Rachen has quit [Quit: - nbs-irc 2.39 - www.nbs-irc.net -]
07:12:49 -!- zakmac_ has quit [Quit: Colloquy for iPhone - http://colloquy.mobi]
08:57:56 -!- medos has quit [Ping timeout: 245 seconds]
15:06:04 -!- medos has quit [Changing host]
15:10:50 -!- Azra-el has quit [Ping timeout: 252 seconds]
15:18:30 -!- Azra-el has quit [Changing host]
16:18:49 -!- zakmac has quit [Quit: zakmac]
17:23:31 -!- adding_confusion has quit [Quit: Page closed]
17:28:10 -!- medos has quit [Quit: <<]
17:32:46 -!- medos has quit [Changing host]
18:07:59 -!- medos has quit [Quit: <<]
18:10:03 -!- medos has quit [Changing host]
19:52:14 -!- Matt3000 has quit [Ping timeout: 240 seconds]
19:59:48 -!- thearrowflies has quit [Ping timeout: 248 seconds]
20:58:00 -!- medos has quit [Read error: Connection reset by peer]
20:58:45 -!- medos has quit [Changing host]
21:26:23 -!- Matt3000 has quit [Ping timeout: 245 seconds]
21:28:33 -!- marshmallow has quit [Quit: Page closed]
22:15:41 -!- zm has quit [Quit: zm]
22:16:40 -!- nickyjames has quit [Quit: Page closed]
22:29:16 -!- Kocho has quit [Changing host]
22:57:55 -!- adding_confusion has quit [Quit: Page closed]
22:58:04 -!- EDSGD has quit [Quit: EDSGD]
