01:34:37 -!- Rachen has quit [Read error: Connection reset by peer]
04:07:59 -!- Azra-el has quit [Ping timeout: 260 seconds]
04:12:37 -!- Azra-el has quit [Changing host]
04:12:52 -!- nazbot has quit [Quit: nazbot]
04:31:12 -!- Carson has quit [Remote host closed the connection]
05:54:33 -!- EDSGD has quit [Remote host closed the connection]
11:35:25 -!- ChanServ has quit [*.net *.split]
13:15:20 -!- medos has quit [Disconnected by services]
15:07:04 -!- nazbot-pc has quit []
15:46:48 -!- acous_ has quit [Remote host closed the connection]
16:55:19 -!- medos has quit [Changing host]
17:25:36 -!- TheWhisper has quit [Quit: Leaving ()]
17:51:21 -!- TheWhisper has quit [Changing host]
18:08:10 -!- EDSGD has quit [Quit: EDSGD]
22:46:28 -!- heeya has quit [Client Quit]
23:13:01 -!- iasmatt has quit [Quit: Page closed]
23:30:00 -!- PeachPlum has quit [Quit: Page closed]
23:36:29 -!- medos has quit [Quit: <<]
23:46:31 -!- medos has quit [Changing host]
23:54:15 -!- medos has quit [Disconnected by services]
23:54:43 -!- medos has quit [Changing host]
