00:02:30 -!- thearrowflies has quit [Changing host]
00:02:48 -!- ArrowBot has quit [Disconnected by services]
00:04:50 -!- ArrowBot has quit [Disconnected by services]
00:05:19 -!- DerPfeilFliegt has quit [Ping timeout: 246 seconds]
01:58:23 -!- EDSGD has quit [Quit: EDSGD]
04:41:09 -!- EDSGD has quit [Quit: EDSGD]
04:44:02 -!- EDSGD has quit [Client Quit]
05:38:16 -!- nazbot-pc has quit []
05:54:36 -!- ArrowBot has quit [Ping timeout: 246 seconds]
05:54:53 -!- EDSGD has quit [Remote host closed the connection]
05:55:25 -!- thearrowflies has quit [Ping timeout: 272 seconds]
08:10:52 -!- ployer has quit [Quit: Leaving.]
09:12:37 -!- acous has quit [Remote host closed the connection]
10:49:12 -!- thearrowflies has quit [Changing host]
10:55:20 -!- ArrowBot has quit [Remote host closed the connection]
13:12:19 -!- ArrowBot has quit [Ping timeout: 255 seconds]
13:14:00 -!- thearrowflies has quit [Ping timeout: 276 seconds]
13:26:15 -!- medos has quit [Disconnected by services]
13:37:48 -!- thearrowflies has quit [Changing host]
13:43:05 -!- ArrowBot has quit [Remote host closed the connection]
14:54:41 -!- medos has quit [Changing host]
15:36:28 -!- EDSGD has quit [Remote host closed the connection]
16:08:49 -!- EDSGD has quit [Quit: EDSGD]
17:03:40 -!- ArrowBot has quit [Ping timeout: 244 seconds]
17:04:31 -!- thearrowflies has quit [Ping timeout: 268 seconds]
17:35:56 -!- TheWhisper has quit [Quit: ChatZilla 0.9.88.2 [Firefox 15.0.1/20120905151427]]
17:38:06 -!- MrLime93 has quit [Quit: Page closed]
17:43:07 -!- medos has quit [Quit: BRB]
17:47:54 -!- medos has quit [Changing host]
17:52:31 -!- Whisper has quit [Client Quit]
17:53:32 -!- TheWhisper has quit [Quit: ChatZilla 0.9.88.2 [Firefox 15.0.1/20120905151427]]
17:53:34 -!- Whisper has quit [Client Quit]
17:54:00 -!- TheWhisper has quit [Changing host]
18:22:33 -!- TheWhisper_ has quit [Client Quit]
19:04:04 -!- Whisper has quit [Client Quit]
19:05:55 -!- Whisper has quit [Client Quit]
19:11:36 -!- Whisper has quit [Quit: Leaving]
19:11:38 -!- TheWhisper has quit [Quit: Leaving ()]
19:12:11 -!- TheWhisper has quit [Changing host]
19:13:02 -!- TheWhisper has quit [Client Quit]
19:13:17 -!- TheWhisper has quit [Changing host]
19:22:05 -!- TheWhisper has quit [Quit: Leaving ()]
19:23:23 -!- TheWhisper has quit [Changing host]
20:06:40 -!- Joe_____ has quit [Ping timeout: 245 seconds]
20:35:10 -!- Joe has quit [Quit: Page closed]
23:19:46 -!- medos has quit [Read error: Connection reset by peer]
23:20:34 -!- medos has quit [Changing host]
23:28:53 -!- Kocho has quit [Changing host]
