00:23:54 -!- ChanServ has quit [*.net *.split]
00:28:09 -!- EDSGD has quit [Remote host closed the connection]
00:34:43 -!- Azra-el has quit [Ping timeout: 252 seconds]
01:44:11 -!- Azra-el has quit [Ping timeout: 245 seconds]
02:43:37 -!- Azra-el has quit [Ping timeout: 244 seconds]
03:43:30 -!- Azra-el has quit [Ping timeout: 268 seconds]
04:44:33 -!- Azra-el has quit [Ping timeout: 268 seconds]
05:44:47 -!- Azra-el has quit [Ping timeout: 272 seconds]
06:20:02 -!- EDSGD has quit [Quit: EDSGD]
06:42:37 -!- Azra-el has quit [Ping timeout: 255 seconds]
06:47:58 -!- ChanServ has quit [*.net *.split]
06:47:59 -!- zakmac has quit [*.net *.split]
07:43:56 -!- Azra-el has quit [Ping timeout: 246 seconds]
08:43:58 -!- Azra-el has quit [Ping timeout: 252 seconds]
09:45:27 -!- Azra-el has quit [Ping timeout: 272 seconds]
10:43:07 -!- Azra-el has quit [Ping timeout: 240 seconds]
11:43:46 -!- Azra-el has quit [Ping timeout: 255 seconds]
12:44:07 -!- Azra-el has quit [Ping timeout: 240 seconds]
13:26:34 -!- medos has quit [Disconnected by services]
13:43:19 -!- Azra-el has quit [Ping timeout: 240 seconds]
13:45:03 -!- medos has quit [Changing host]
14:42:39 -!- Azra-el has quit [Ping timeout: 240 seconds]
15:30:14 -!- Azra-el has quit [Ping timeout: 252 seconds]
16:43:27 -!- Azra-el has quit [Ping timeout: 252 seconds]
17:43:06 -!- Azra-el has quit [Ping timeout: 244 seconds]
18:03:27 -!- EDSGD has quit [Quit: EDSGD]
18:08:59 -!- medos has quit [Quit: <<]
18:32:26 -!- medos has quit [Changing host]
18:43:37 -!- Azra-el has quit [Ping timeout: 246 seconds]
19:43:33 -!- Azra-el has quit [Ping timeout: 260 seconds]
20:43:44 -!- Azra-el has quit [Ping timeout: 252 seconds]
21:44:36 -!- Azra-el has quit [Ping timeout: 252 seconds]
21:47:36 -!- carson has quit [Quit: Page closed]
22:43:43 -!- Azra-el has quit [Ping timeout: 255 seconds]
22:46:40 -!- Carson has quit [Remote host closed the connection]
22:54:18 -!- Kocho has quit [Changing host]
23:31:15 -!- gufcfan has quit [Ping timeout: 245 seconds]
23:33:21 -!- DerPfeilFliegt has quit [Ping timeout: 245 seconds]
23:43:15 -!- Azra-el has quit [Ping timeout: 244 seconds]
23:48:20 -!- EDSGD has quit [Quit: EDSGD]
