00:39:46 -!- TheWhisper has quit [Read error: Connection reset by peer]
00:44:53 -!- TheWhisper has quit [Changing host]
04:45:26 -!- medos has quit [Changing host]
04:48:05 -!- EDSGD1 has quit [Quit: EDSGD1]
05:15:47 -!- medos has quit [Disconnected by services]
05:17:18 -!- medos has quit [Changing host]
06:07:15 -!- EDSGD1 has quit [Quit: EDSGD1]
06:15:48 -!- thearrowafks has quit [Ping timeout: 248 seconds]
06:24:11 -!- thearrowflies has quit [Changing host]
08:08:43 -!- Kocho has quit [Quit: Kocho]
12:02:11 -!- thearrowflies has quit [Ping timeout: 246 seconds]
12:05:20 -!- thearrowflies has quit [Changing host]
12:09:16 -!- ArrowBot has quit [Changing host]
12:14:00 -!- ArrowBot has quit [Remote host closed the connection]
12:21:22 -!- thearrowflies_ has quit [Changing host]
12:22:37 -!- thearrowflies has quit [Ping timeout: 260 seconds]
13:26:41 -!- medos has quit [Disconnected by services]
13:36:28 -!- medos has quit [Changing host]
13:43:28 -!- EDSGD has quit [Quit: EDSGD]
16:12:16 -!- somebear has quit [Quit: Computer has gone to sleep.]
18:35:10 -!- nazbot2 has quit []
19:24:02 -!- EDSGD has quit [Quit: Page closed]
20:46:23 -!- temporalD has quit [Quit: temporalD]
21:22:16 -!- Kocho has quit [Changing host]
21:25:14 -!- marshmallow has quit [Quit: Page closed]
22:17:54 -!- nazbot has quit [Quit: nazbot]
22:39:32 -!- cubic has quit [Quit: Page closed]
23:25:58 -!- gethaased has quit [Quit: Page closed]
23:55:13 -!- EDSGD has quit [Quit: Page closed]
