00:09:53 -!- Dekthro has quit [Quit: Page closed]
00:44:29 -!- Rachen has quit [Quit: Page closed]
01:01:29 -!- EDSGD has quit [Quit: Page closed]
01:24:03 -!- Kocho has quit [Read error: Connection reset by peer]
01:25:52 -!- Kocho has quit [Changing host]
01:34:31 -!- zm has quit [Quit: zm]
01:35:00 -!- medos has quit [Disconnected by services]
01:35:30 -!- medos has quit [Changing host]
03:18:54 -!- medos has quit [Ping timeout: 260 seconds]
04:43:54 -!- marshmallow has quit [Quit: sleeeeeeeeeep]
04:48:50 -!- Rachen has quit [Quit: - nbs-irc 2.39 - www.nbs-irc.net -]
05:14:25 -!- Kocho has quit [Quit: Kocho]
05:14:27 -!- Matt3000 has quit [Read error: Connection reset by peer]
06:02:35 -!- Kocho has quit [Quit: Kocho]
07:42:11 -!- EDSGD has quit [Quit: EDSGD]
08:03:38 -!- Azra-el has quit []
08:41:01 -!- thearrowflies has quit [Ping timeout: 246 seconds]
09:12:29 -!- medos has quit [Changing host]
12:19:20 -!- thearrowflies has quit [Changing host]
13:15:18 -!- medos has quit [Disconnected by services]
13:17:21 -!- medos has quit [Changing host]
16:18:14 -!- nazbot-pc has quit []
16:21:22 -!- zakmac has quit [Quit: zakmac]
17:02:58 -!- thejoot has quit [Ping timeout: 245 seconds]
19:12:10 -!- iasmatt has quit [Quit: iasmatt]
19:28:02 -!- Sat has quit [Read error: Operation timed out]
19:46:33 -!- Matt3000 has quit [Ping timeout: 256 seconds]
19:55:54 -!- thearrowflies has quit [Ping timeout: 264 seconds]
19:56:56 -!- iasmatt has quit [Quit: iasmatt]
20:39:39 -!- medos has quit [Read error: Connection reset by peer]
20:44:43 -!- medos has quit [Changing host]
20:49:33 -!- Dekthro has quit [Quit: Page closed]
20:58:47 -!- nazbot has quit [Quit: nazbot]
21:24:57 -!- marshmallow has quit [Quit: Page closed]
21:32:03 -!- Kocho has quit [Changing host]
22:15:15 -!- medos has quit [Quit: <<]
22:18:15 -!- medos has quit [Changing host]
23:44:19 -!- Rachen has quit [Quit: Page closed]
