00:25:37 -!- TheWhisper has quit [Quit: Leaving ()]
00:26:30 -!- TheWhisper has quit [Changing host]
01:32:44 -!- thearrowflies has quit [Ping timeout: 252 seconds]
02:43:26 -!- medos has quit [Quit: <<]
02:47:31 -!- Kocho has quit [Read error: Connection reset by peer]
02:50:16 -!- Kocho has quit [Changing host]
04:47:06 -!- Matt3000 has quit [Read error: Connection reset by peer]
05:18:57 -!- Carson has quit [Remote host closed the connection]
05:46:35 -!- EDSGD has quit [Quit: EDSGD]
06:50:37 -!- IAmLegend has quit [Quit: IAmLegend]
09:04:07 -!- thearrowflies_ has quit [Ping timeout: 260 seconds]
10:17:15 -!- medos has quit [Changing host]
10:30:52 -!- medos has quit [Quit: <<]
11:05:54 -!- ChanServ has quit [*.net *.split]
11:22:06 -!- Azra-el has quit [Read error: Connection reset by peer]
11:30:09 -!- medos has quit [Changing host]
11:40:07 -!- thearrowflies has quit [Changing host]
12:13:45 -!- zkamca has quit [Quit: zkamca]
13:07:39 -!- medos has quit [Disconnected by services]
13:42:19 -!- EDSGD has quit [Quit: EDSGD]
14:08:53 -!- medos has quit [Changing host]
14:23:46 -!- Azra-el5 has quit [Changing host]
14:27:14 -!- Guest76736 has quit [Ping timeout: 240 seconds]
14:31:31 -!- Azra-el has quit []
16:30:58 -!- zakmac has quit [Quit: zakmac]
20:41:59 -!- medos has quit [Quit: <<]
20:58:42 -!- EDSGD has quit [Quit: Page closed]
21:09:20 -!- Carson has quit [Remote host closed the connection]
21:24:51 -!- medos has quit [Changing host]
21:36:30 -!- Carson has quit [Ping timeout: 252 seconds]
21:38:02 -!- Carson_ has quit [Read error: Connection reset by peer]
21:39:17 -!- TheWhisper has quit [Read error: Connection reset by peer]
21:39:43 -!- TheWhisper has quit [Changing host]
21:44:41 -!- Carson has quit [Read error: Connection reset by peer]
21:57:43 -!- Carson has quit [Remote host closed the connection]
22:15:13 -!- marshmallow has quit [Quit: Page closed]
22:57:21 -!- adding_confusion has quit [Quit: Page closed]
