00:15:19 :rajaniemi.freenode.net 001 Awesomius :Welcome to the freenode Internet Relay Chat Network Awesomius
00:15:19 :rajaniemi.freenode.net 002 Awesomius :Your host is rajaniemi.freenode.net[195.148.124.79/6667], running version ircd-seven-1.1.3
00:15:19 :rajaniemi.freenode.net 003 Awesomius :This server was created Tue Apr 17 2012 at 20:43:50 EEST
00:15:19 :rajaniemi.freenode.net 004 Awesomius rajaniemi.freenode.net ircd-seven-1.1.3 DOQRSZaghilopswz CFILMPQbcefgijklmnopqrstvz bkloveqjfI
00:15:19 :rajaniemi.freenode.net 005 Awesomius CHANTYPES=# EXCEPTS INVEX CHANMODES=eIbq,k,flj,CFLMPQcgimnprstz CHANLIMIT=#:120 PREFIX=(ov)@+ MAXLIST=bqeI:100 MODES=4 NETWORK=freenode KNOCK STATUSMSG=@+ CALLERID=g :are supported by this server
00:15:19 :rajaniemi.freenode.net 005 Awesomius CASEMAPPING=rfc1459 CHARSET=ascii NICKLEN=16 CHANNELLEN=50 TOPICLEN=390 ETRACE CPRIVMSG CNOTICE DEAF=D MONITOR=100 FNC TARGMAX=NAMES:1,LIST:1,KICK:1,WHOIS:1,PRIVMSG:4,NOTICE:4,ACCEPT:,MONITOR: :are supported by this server
00:15:19 :rajaniemi.freenode.net 005 Awesomius EXTBAN=$,arx WHOX CLIENTVER=3.0 SAFELIST ELIST=CTU :are supported by this server
00:15:19 :rajaniemi.freenode.net 251 Awesomius :There are 220 users and 69012 invisible on 32 servers
00:15:19 :rajaniemi.freenode.net 252 Awesomius 51 :IRC Operators online
00:15:19 :rajaniemi.freenode.net 253 Awesomius 6 :unknown connection(s)
00:15:19 :rajaniemi.freenode.net 254 Awesomius 37316 :channels formed
00:15:19 :rajaniemi.freenode.net 255 Awesomius :I have 3341 clients and 1 servers
00:15:19 :rajaniemi.freenode.net 265 Awesomius 3341 4417 :Current local users 3341, max 4417
00:15:19 :rajaniemi.freenode.net 266 Awesomius 69232 83501 :Current global users 69232, max 83501
00:15:19 :rajaniemi.freenode.net 250 Awesomius :Highest connection count: 4418 (4417 clients) (283163 connections received)
00:15:19 :rajaniemi.freenode.net 375 Awesomius :- rajaniemi.freenode.net Message of the Day - 
00:15:19 :rajaniemi.freenode.net 372 Awesomius :- Welcome to rajaniemi.freenode.net in Helsinki, Finland.  Our thanks to
00:15:19 :rajaniemi.freenode.net 372 Awesomius :- Helsinki University of Technology for sponsoring this server!
00:15:19 :rajaniemi.freenode.net 372 Awesomius :-  
00:15:19 :rajaniemi.freenode.net 372 Awesomius :- RAJANIEME, Hannu  (1978-). Born in Ylivieska, Finland, Rajaniemi is the
00:15:19 :rajaniemi.freenode.net 372 Awesomius :- author of two novels and several short stories, and his debut novel 'The
00:15:19 :rajaniemi.freenode.net 372 Awesomius :- Quantum Thief' was nominated for the 2011 Locus Award for Best First
00:15:19 :rajaniemi.freenode.net 372 Awesomius :- Novel.  Rajaniemi lives in Edinburgh, Scotland where he is founding
00:15:19 :rajaniemi.freenode.net 372 Awesomius :- director of ThinkTank Maths, a commercial research
00:15:19 :rajaniemi.freenode.net 372 Awesomius :-  
00:15:19 :rajaniemi.freenode.net 372 Awesomius :-  
00:15:19 :rajaniemi.freenode.net 372 Awesomius :- You're using freenode, a service of Peer-Directed Projects
00:15:19 :rajaniemi.freenode.net 372 Awesomius :- Center Ltd (http://freenode.net/pdpc.shtml).
00:15:19 :rajaniemi.freenode.net 372 Awesomius :-  
00:15:19 :rajaniemi.freenode.net 372 Awesomius :- By connecting to freenode you indicate that you have read
00:15:19 :rajaniemi.freenode.net 372 Awesomius :- and agree to adhere to our policies and procedures as per
00:15:19 :rajaniemi.freenode.net 372 Awesomius :- the website (http://freenode.net). We would like to remind
00:15:19 :rajaniemi.freenode.net 372 Awesomius :- you that unauthorized public logging of channels on the
00:15:19 :rajaniemi.freenode.net 372 Awesomius :- network is prohibited. Public channel logging should only
00:15:19 :rajaniemi.freenode.net 372 Awesomius :- take place where the channel owner(s) has requested this
00:15:19 :rajaniemi.freenode.net 372 Awesomius :- and users of the channel are all made aware (if you are
00:15:19 :rajaniemi.freenode.net 372 Awesomius :- publically logging your channel, you may wish to keep a
00:15:19 :rajaniemi.freenode.net 372 Awesomius :- notice in topic and perhaps as a on-join message).
00:15:19 :rajaniemi.freenode.net 372 Awesomius :-  
00:15:19 :rajaniemi.freenode.net 372 Awesomius :- freenode runs an open proxy scanner. Your use of the network
00:15:19 :rajaniemi.freenode.net 372 Awesomius :- indicates your acceptance of this policy. For details on
00:15:19 :rajaniemi.freenode.net 372 Awesomius :- freenode network policy, please take a look at our policy
00:15:19 :rajaniemi.freenode.net 372 Awesomius :- page (http://freenode.net/policy.shtml). Thank you for using
00:15:19 :rajaniemi.freenode.net 372 Awesomius :- the network!
00:15:19 :rajaniemi.freenode.net 372 Awesomius :-  
00:15:19 :rajaniemi.freenode.net 372 Awesomius :- Don't forget to check out these other Peer-Directed Projects:
00:15:19 :rajaniemi.freenode.net 372 Awesomius :- FOSSCON [http://www.fosscon.org] and fossevents 
00:15:19 :rajaniemi.freenode.net 372 Awesomius :- [http://www.fossevents.org], and soon we'll repeat last years 
00:15:19 :rajaniemi.freenode.net 372 Awesomius :- success with Picnics for Geeks across the globe, more info at 
00:15:19 :rajaniemi.freenode.net 372 Awesomius :- [http://geeknic.org]
00:15:19 :rajaniemi.freenode.net 372 Awesomius :-  
00:15:19 :rajaniemi.freenode.net 372 Awesomius :- freenode is a service of Peer-Directed Projects Center Ltd,
00:15:19 :rajaniemi.freenode.net 372 Awesomius :- a not for profit organisation registered in England and Wales.
00:15:19 :rajaniemi.freenode.net 372 Awesomius :-  
00:15:19 :rajaniemi.freenode.net 372 Awesomius :- If you support the work we do and wish to donate to the PDPC, 
00:15:19 :rajaniemi.freenode.net 372 Awesomius :- you may do so over at http://freenode.net/pdpc_donations.shtml
00:15:19 :rajaniemi.freenode.net 372 Awesomius :-  
00:15:19 :rajaniemi.freenode.net 372 Awesomius :- Thank you for using freenode!
00:15:19 :rajaniemi.freenode.net 372 Awesomius :-  
00:15:19 :rajaniemi.freenode.net 372 Awesomius :- ***************************************************************
00:15:19 :rajaniemi.freenode.net 372 Awesomius :- Please read http://blog.freenode.net/2010/11/be-safe-out-there/
00:15:19 :rajaniemi.freenode.net 372 Awesomius :- ***************************************************************
00:15:19 :rajaniemi.freenode.net 376 Awesomius :End of /MOTD command.
00:15:25 :rajaniemi.freenode.net 332 Awesomius ##reddit-gd :Welcome to the official www.reddit.com/r/graphic_design channel — where your opinon can't get smashed by arrows ⬆ ⬇ || http://rgdchallenges.tumblr.com/ [WEEK 5: https://dl.dropbox.com/u/22130024/week5.zip - Participants: arrow, medos, whisper | Due: September 17th] - any complaints about two bots pm medos
00:15:25 :rajaniemi.freenode.net 333 Awesomius ##reddit-gd TheWhisper!~TheWhispe@unaffiliated/thewhisper 1346957821
00:15:25 :rajaniemi.freenode.net 353 Awesomius @ ##reddit-gd :Awesomius R0tt3n nazbot-pc @EDSGD EDSGD1 medos ArrowBot @DerPfeilFliegt @TheWhisper @Azra-el @ChanServ lahwran acous
00:15:25 :rajaniemi.freenode.net 366 Awesomius ##reddit-gd :End of /NAMES list.
00:15:25 :rajaniemi.freenode.net 396 Awesomius unaffiliated/azra-el/bot/awesomius :is now your hidden host (set by services.)
