00:00:18 PING :rajaniemi.freenode.net
00:02:46 PING :rajaniemi.freenode.net
00:04:34 :Carson!~carson@enat-152010252032.appstate.edu QUIT :Remote host closed the connection
00:05:14 PING :rajaniemi.freenode.net
00:07:42 PING :rajaniemi.freenode.net
00:07:43 :EDSGD!~Thunderbi@cpe-75-83-30-231.socal.res.rr.com JOIN ##reddit-gd
00:07:43 :ChanServ!ChanServ@services. MODE ##reddit-gd +o EDSGD
00:08:08 :EDSGD!~Thunderbi@cpe-75-83-30-231.socal.res.rr.com PRIVMSG ##reddit-gd :LOL
00:08:35 :EDSGD!~Thunderbi@cpe-75-83-30-231.socal.res.rr.com PRIVMSG ##reddit-gd :so this girl really want her charger back and I was like I can't man.
00:08:43 :EDSGD!~Thunderbi@cpe-75-83-30-231.socal.res.rr.com PRIVMSG ##reddit-gd :you're going to have to wait a week
00:08:53 :EDSGD!~Thunderbi@cpe-75-83-30-231.socal.res.rr.com PRIVMSG ##reddit-gd :and she was all like mail it to me and then I said sure.
00:10:10 PING :rajaniemi.freenode.net
00:12:38 PING :rajaniemi.freenode.net
00:15:06 PING :rajaniemi.freenode.net
00:17:34 PING :rajaniemi.freenode.net
00:17:58 :medos!~medos@unaffiliated/medos PRIVMSG ##reddit-gd :y u mail charger
00:19:09 :EDSGD!~Thunderbi@cpe-75-83-30-231.socal.res.rr.com PRIVMSG ##reddit-gd :she keeps bothering me about it
00:20:02 PING :rajaniemi.freenode.net
00:20:12 :EDSGD!~Thunderbi@cpe-75-83-30-231.socal.res.rr.com PRIVMSG ##reddit-gd :hey medos 
00:20:27 :EDSGD!~Thunderbi@cpe-75-83-30-231.socal.res.rr.com PRIVMSG ##reddit-gd :can you recommend some stuff for some windows maintenance stuff 
00:20:28 :medos!~medos@unaffiliated/medos PRIVMSG ##reddit-gd :soup?
00:20:32 :medos!~medos@unaffiliated/medos PRIVMSG ##reddit-gd :oh
00:20:44 :medos!~medos@unaffiliated/medos PRIVMSG ##reddit-gd :hmmmm
00:20:49 :EDSGD!~Thunderbi@cpe-75-83-30-231.socal.res.rr.com PRIVMSG ##reddit-gd :going to do some cleaning
00:20:54 :medos!~medos@unaffiliated/medos PRIVMSG ##reddit-gd :.g puran system tools
00:21:22 :medos!~medos@unaffiliated/medos PRIVMSG ##reddit-gd :http://www.puransoftware.com/Puran-Utilities-Download.html ?
00:21:34 :medos!~medos@unaffiliated/medos PRIVMSG ##reddit-gd :would be the only useful all-in-one package i know of
00:22:27 :Azra-el!~Azra-el@sala-mediapromagic.mediasat.ro QUIT :
00:22:35 :EDSGD!~Thunderbi@cpe-75-83-30-231.socal.res.rr.com PRIVMSG ##reddit-gd :Thanks.
00:22:40 :EDSGD!~Thunderbi@cpe-75-83-30-231.socal.res.rr.com PRIVMSG ##reddit-gd :I'll see how it does/
00:23:07 PING :rajaniemi.freenode.net
00:25:35 PING :rajaniemi.freenode.net
00:26:12 :medos!~medos@unaffiliated/medos PRIVMSG ##reddit-gd :make a system restore point
00:26:13 :medos!~medos@unaffiliated/medos PRIVMSG ##reddit-gd :also
00:26:19 :EDSGD!~Thunderbi@cpe-75-83-30-231.socal.res.rr.com PRIVMSG ##reddit-gd :always.
00:26:20 :medos!~medos@unaffiliated/medos PRIVMSG ##reddit-gd :keep your C:\ drive as free as possible
00:26:24 :medos!~medos@unaffiliated/medos PRIVMSG ##reddit-gd :like
00:26:24 :EDSGD!~Thunderbi@cpe-75-83-30-231.socal.res.rr.com PRIVMSG ##reddit-gd :I will.
00:26:31 :EDSGD!~Thunderbi@cpe-75-83-30-231.socal.res.rr.com PRIVMSG ##reddit-gd :Remember that screenshot
00:26:31 :medos!~medos@unaffiliated/medos PRIVMSG ##reddit-gd :below 20% or 30% of free space
00:26:37 :medos!~medos@unaffiliated/medos PRIVMSG ##reddit-gd :yeah
00:26:39 :EDSGD!~Thunderbi@cpe-75-83-30-231.socal.res.rr.com PRIVMSG ##reddit-gd ::p
00:26:57 :EDSGD!~Thunderbi@cpe-75-83-30-231.socal.res.rr.com PRIVMSG ##reddit-gd :Like that "look for empty folders" feature/
00:28:03 PING :rajaniemi.freenode.net
00:28:37 :medos!~medos@unaffiliated/medos PRIVMSG ##reddit-gd :http://technet.microsoft.com/en-us/sysinternals/bb842062 <- recommending this too
00:28:41 :medos!~medos@unaffiliated/medos PRIVMSG ##reddit-gd :it doesn't need to be installed
00:30:31 PING :rajaniemi.freenode.net
00:30:50 :medos!~medos@unaffiliated/medos PRIVMSG ##reddit-gd :it's a bunch of minitools by microsoft
00:32:59 PING :rajaniemi.freenode.net
00:35:27 PING :rajaniemi.freenode.net
00:36:02 :EDSGD!~Thunderbi@cpe-75-83-30-231.socal.res.rr.com QUIT :Ping timeout: 256 seconds
00:37:24 :medos!~medos@unaffiliated/medos PRIVMSG ##reddit-gd :commence explanation for tools i recommended
00:37:55 PING :rajaniemi.freenode.net
00:38:08 :thearrowflies!~thearrowf@unaffiliated/thearrowflies QUIT :Quit: 0118 999 881 999 119 725 3
00:38:58 :EDSGD!~Thunderbi@cpe-75-83-30-231.socal.res.rr.com JOIN ##reddit-gd
00:38:58 :ChanServ!ChanServ@services. MODE ##reddit-gd +o EDSGD
00:40:23 PING :rajaniemi.freenode.net
00:42:18 :thearrowflies!~thearrowf@209-6-41-37.c3-0.smr-ubr1.sbo-smr.ma.cable.rcn.com JOIN ##reddit-gd
00:42:18 :thearrowflies!~thearrowf@209-6-41-37.c3-0.smr-ubr1.sbo-smr.ma.cable.rcn.com QUIT :Changing host
00:42:18 :thearrowflies!~thearrowf@unaffiliated/thearrowflies JOIN ##reddit-gd
00:42:18 :ChanServ!ChanServ@services. MODE ##reddit-gd +o thearrowflies
00:42:51 PING :rajaniemi.freenode.net
00:45:19 PING :rajaniemi.freenode.net
00:47:47 PING :rajaniemi.freenode.net
00:50:15 PING :rajaniemi.freenode.net
00:52:25 :thearrowflies!~thearrowf@unaffiliated/thearrowflies QUIT :Read error: Connection reset by peer
00:52:43 PING :rajaniemi.freenode.net
00:52:52 :thearrowflies!~thearrowf@209-6-41-37.c3-0.smr-ubr1.sbo-smr.ma.cable.rcn.com JOIN ##reddit-gd
00:52:52 :thearrowflies!~thearrowf@209-6-41-37.c3-0.smr-ubr1.sbo-smr.ma.cable.rcn.com QUIT :Changing host
00:52:52 :thearrowflies!~thearrowf@unaffiliated/thearrowflies JOIN ##reddit-gd
00:52:52 :ChanServ!ChanServ@services. MODE ##reddit-gd +o thearrowflies
00:55:11 PING :rajaniemi.freenode.net
00:57:39 PING :rajaniemi.freenode.net
01:00:07 PING :rajaniemi.freenode.net
01:01:49 :EDSGD!~Thunderbi@cpe-75-83-30-231.socal.res.rr.com QUIT :Quit: EDSGD
01:02:35 PING :rajaniemi.freenode.net
01:05:03 PING :rajaniemi.freenode.net
01:07:31 PING :rajaniemi.freenode.net
01:08:15 :medos!~medos@unaffiliated/medos PRIVMSG ##reddit-gd :jeeeeeeeebus fucking christ
01:09:59 PING :rajaniemi.freenode.net
01:12:27 PING :rajaniemi.freenode.net
01:14:24 :nazbot-pc!~nazbot@24-246-58-30.cable.teksavvy.com JOIN ##reddit-gd
01:14:55 PING :rajaniemi.freenode.net
01:17:23 PING :rajaniemi.freenode.net
01:19:48 :medos!~medos@unaffiliated/medos PRIVMSG ##reddit-gd :maaaadafakaaaaaa
01:19:51 PING :rajaniemi.freenode.net
01:20:17 :medos!~medos@unaffiliated/medos PRIVMSG ##reddit-gd :nazbot-pc i'll post the app icon as my first dribbble shot now
01:20:19 :medos!~medos@unaffiliated/medos PRIVMSG ##reddit-gd :yay or nay?
01:22:19 PING :rajaniemi.freenode.net
01:24:47 PING :rajaniemi.freenode.net
01:27:15 PING :rajaniemi.freenode.net
01:29:43 PING :rajaniemi.freenode.net
01:31:39 :Sat!Sat@5ac15c3e.bb.sky.com QUIT :
01:32:11 PING :rajaniemi.freenode.net
01:34:39 PING :rajaniemi.freenode.net
01:37:07 PING :rajaniemi.freenode.net
01:37:09 :nazbot-pc!~nazbot@24-246-58-30.cable.teksavvy.com PRIVMSG ##reddit-gd :yay
01:37:19 :nazbot-pc!~nazbot@24-246-58-30.cable.teksavvy.com PRIVMSG ##reddit-gd :works for me
01:37:38 :medos!~medos@unaffiliated/medos PRIVMSG ##reddit-gd :hokay
01:38:28 :nazbot-pc!~nazbot@24-246-58-30.cable.teksavvy.com PRIVMSG ##reddit-gd :hokay
01:39:35 PING :rajaniemi.freenode.net
01:42:03 PING :rajaniemi.freenode.net
01:44:31 PING :rajaniemi.freenode.net
01:46:43 :R0tt3n!1834e45a@gateway/web/freenode/ip.24.52.228.90 JOIN ##reddit-gd
01:46:59 PING :rajaniemi.freenode.net
01:47:06 :R0tt3n!1834e45a@gateway/web/freenode/ip.24.52.228.90 PRIVMSG ##reddit-gd :Sup everyone
01:49:27 PING :rajaniemi.freenode.net
01:51:55 PING :rajaniemi.freenode.net
01:54:23 PING :rajaniemi.freenode.net
01:56:51 PING :rajaniemi.freenode.net
01:58:36 :medos!~medos@unaffiliated/medos PRIVMSG ##reddit-gd :heyah thar
01:59:19 PING :rajaniemi.freenode.net
02:01:47 PING :rajaniemi.freenode.net
02:04:15 PING :rajaniemi.freenode.net
02:05:04 :EDSGD!~Thunderbi@cpe-75-83-30-231.socal.res.rr.com JOIN ##reddit-gd
02:05:04 :ChanServ!ChanServ@services. MODE ##reddit-gd +o EDSGD
02:05:33 :EDSGD!~Thunderbi@cpe-75-83-30-231.socal.res.rr.com PRIVMSG ##reddit-gd :Wow. Just finished installing windows updates
02:06:43 PING :rajaniemi.freenode.net
02:08:53 :thearrowflies!~thearrowf@unaffiliated/thearrowflies PRIVMSG ##reddit-gd :http://dl.dropbox.com/u/6380273/scoreb.png
02:08:57 :thearrowflies!~thearrowf@unaffiliated/thearrowflies PRIVMSG ##reddit-gd :good scoreboard?
02:09:10 :thearrowflies!~thearrowf@unaffiliated/thearrowflies PRIVMSG ##reddit-gd :decent*
02:09:11 PING :rajaniemi.freenode.net
02:11:05 :EDSGD!~Thunderbi@cpe-75-83-30-231.socal.res.rr.com PRIVMSG ##reddit-gd :What is that?
02:11:14 :thearrowflies!~thearrowf@unaffiliated/thearrowflies PRIVMSG ##reddit-gd :scoreboard
02:11:22 :EDSGD!~Thunderbi@cpe-75-83-30-231.socal.res.rr.com PRIVMSG ##reddit-gd :looks muddy
02:11:22 :thearrowflies!~thearrowf@unaffiliated/thearrowflies PRIVMSG ##reddit-gd :a bad one imo
02:11:26 :EDSGD!~Thunderbi@cpe-75-83-30-231.socal.res.rr.com PRIVMSG ##reddit-gd :moar contrast
02:11:27 :thearrowflies!~thearrowf@unaffiliated/thearrowflies PRIVMSG ##reddit-gd :muddy?
02:11:29 :thearrowflies!~thearrowf@unaffiliated/thearrowflies PRIVMSG ##reddit-gd :ah
02:11:30 :thearrowflies!~thearrowf@unaffiliated/thearrowflies PRIVMSG ##reddit-gd :ok
02:11:38 :EDSGD!~Thunderbi@cpe-75-83-30-231.socal.res.rr.com PRIVMSG ##reddit-gd :Especially with the text
02:11:39 PING :rajaniemi.freenode.net
02:12:08 :EDSGD!~Thunderbi@cpe-75-83-30-231.socal.res.rr.com PRIVMSG ##reddit-gd :Joy gets lost.
02:12:25 :thearrowflies!~thearrowf@unaffiliated/thearrowflies PRIVMSG ##reddit-gd :i see what you mean
02:12:34 :thearrowflies!~thearrowf@unaffiliated/thearrowflies PRIVMSG ##reddit-gd :im waiting for theguy to reply if he likes it
02:12:38 :medos!~medos@unaffiliated/medos PRIVMSG ##reddit-gd :http://dribbble.com/shots/740298-Fridge-Pal-App-Icon-with-making-of
02:12:47 :thearrowflies!~thearrowf@unaffiliated/thearrowflies PRIVMSG ##reddit-gd :i couldve made it in paint and he wouldnt care
02:13:02 :medos!~medos@unaffiliated/medos PRIVMSG ##reddit-gd ::O
02:13:37 :EDSGD!~Thunderbi@cpe-75-83-30-231.socal.res.rr.com PRIVMSG ##reddit-gd :Gave it a <3
02:13:49 :EDSGD!~Thunderbi@cpe-75-83-30-231.socal.res.rr.com PRIVMSG ##reddit-gd :whoa
02:13:54 :EDSGD!~Thunderbi@cpe-75-83-30-231.socal.res.rr.com PRIVMSG ##reddit-gd :Thearrowflies
02:13:56 :EDSGD!~Thunderbi@cpe-75-83-30-231.socal.res.rr.com PRIVMSG ##reddit-gd :whoa
02:13:57 :EDSGD!~Thunderbi@cpe-75-83-30-231.socal.res.rr.com PRIVMSG ##reddit-gd :whoa
02:13:59 :thearrowflies!~thearrowf@unaffiliated/thearrowflies PRIVMSG ##reddit-gd :?
02:14:07 PING :rajaniemi.freenode.net
02:14:08 :thearrowflies!~thearrowf@unaffiliated/thearrowflies PRIVMSG ##reddit-gd :what
02:14:16 :EDSGD!~Thunderbi@cpe-75-83-30-231.socal.res.rr.com PRIVMSG ##reddit-gd :"i couldve made it in paint and he wouldnt care"
02:14:27 :medos!~medos@unaffiliated/medos PRIVMSG ##reddit-gd :yaaaaaaay
02:14:33 :medos!~medos@unaffiliated/medos PRIVMSG ##reddit-gd :lol
02:14:34 :EDSGD!~Thunderbi@cpe-75-83-30-231.socal.res.rr.com PRIVMSG ##reddit-gd ::3
02:14:45 :thearrowflies!~thearrowf@unaffiliated/thearrowflies PRIVMSG ##reddit-gd :you should have seen the one he had before
02:14:57 :thearrowflies!~thearrowf@unaffiliated/thearrowflies PRIVMSG ##reddit-gd :it was a square with 2 gradients on it
02:14:59 :thearrowflies!~thearrowf@unaffiliated/thearrowflies PRIVMSG ##reddit-gd :rectangle*
02:15:28 :EDSGD!~Thunderbi@cpe-75-83-30-231.socal.res.rr.com PRIVMSG ##reddit-gd :medos look what happened http://i.imgur.com/NQ6xB.png
02:15:30 :EDSGD!~Thunderbi@cpe-75-83-30-231.socal.res.rr.com PRIVMSG ##reddit-gd :hahhaah
02:15:37 :EDSGD!~Thunderbi@cpe-75-83-30-231.socal.res.rr.com PRIVMSG ##reddit-gd :have to look for my serial number
02:15:38 :EDSGD!~Thunderbi@cpe-75-83-30-231.socal.res.rr.com PRIVMSG ##reddit-gd :lol
02:15:51 :thearrowflies!~thearrowf@unaffiliated/thearrowflies PRIVMSG ##reddit-gd :wat remover
02:16:03 :EDSGD!~Thunderbi@cpe-75-83-30-231.socal.res.rr.com PRIVMSG ##reddit-gd :My copy is legit bro
02:16:09 :EDSGD!~Thunderbi@cpe-75-83-30-231.socal.res.rr.com PRIVMSG ##reddit-gd :not sure why that happened
02:16:15 :thearrowflies!~thearrowf@unaffiliated/thearrowflies PRIVMSG ##reddit-gd :oh
02:16:25 :EDSGD!~Thunderbi@cpe-75-83-30-231.socal.res.rr.com PRIVMSG ##reddit-gd :looking for my box with the serial number
02:16:35 PING :rajaniemi.freenode.net
02:17:06 :medos!~medos@unaffiliated/medos PRIVMSG ##reddit-gd :text in the middle should either bee veeeeeeery bright
02:17:10 :medos!~medos@unaffiliated/medos PRIVMSG ##reddit-gd :oh fuck
02:17:13 :medos!~medos@unaffiliated/medos PRIVMSG ##reddit-gd :didn't scroll down
02:17:24 :medos!~medos@unaffiliated/medos PRIVMSG ##reddit-gd :still applies
02:19:03 PING :rajaniemi.freenode.net
02:21:31 PING :rajaniemi.freenode.net
02:22:00 :EDSGD!~Thunderbi@cpe-75-83-30-231.socal.res.rr.com QUIT :Quit: EDSGD
02:23:59 PING :rajaniemi.freenode.net
02:26:24 :thearrowflies!~thearrowf@unaffiliated/thearrowflies QUIT :Read error: Connection reset by peer
02:26:27 PING :rajaniemi.freenode.net
02:26:40 :R0tt3n!1834e45a@gateway/web/freenode/ip.24.52.228.90 QUIT :Ping timeout: 245 seconds
02:26:50 :thearrowflies!~thearrowf@209-6-41-37.c3-0.smr-ubr1.sbo-smr.ma.cable.rcn.com JOIN ##reddit-gd
02:26:51 :thearrowflies!~thearrowf@209-6-41-37.c3-0.smr-ubr1.sbo-smr.ma.cable.rcn.com QUIT :Changing host
02:26:51 :thearrowflies!~thearrowf@unaffiliated/thearrowflies JOIN ##reddit-gd
02:26:51 :ChanServ!ChanServ@services. MODE ##reddit-gd +o thearrowflies
02:28:55 PING :rajaniemi.freenode.net
02:31:23 PING :rajaniemi.freenode.net
02:33:51 PING :rajaniemi.freenode.net
02:36:19 PING :rajaniemi.freenode.net
02:38:47 PING :rajaniemi.freenode.net
02:41:15 PING :rajaniemi.freenode.net
02:43:43 PING :rajaniemi.freenode.net
02:46:11 PING :rajaniemi.freenode.net
02:47:46 :zkamca!~zakmac@c-24-21-113-121.hsd1.or.comcast.net PRIVMSG ##reddit-gd :That was an enjoyable nappy nap
02:48:39 PING :rajaniemi.freenode.net
02:51:07 PING :rajaniemi.freenode.net
02:53:02 :thearrowflies_!~thearrowf@209-6-41-37.c3-0.smr-ubr1.sbo-smr.ma.cable.rcn.com JOIN ##reddit-gd
02:53:03 :thearrowflies_!~thearrowf@209-6-41-37.c3-0.smr-ubr1.sbo-smr.ma.cable.rcn.com QUIT :Changing host
02:53:03 :thearrowflies_!~thearrowf@unaffiliated/thearrowflies JOIN ##reddit-gd
02:53:03 :ChanServ!ChanServ@services. MODE ##reddit-gd +o thearrowflies_
02:53:35 PING :rajaniemi.freenode.net
02:56:03 PING :rajaniemi.freenode.net
02:56:22 :thearrowflies!~thearrowf@unaffiliated/thearrowflies QUIT :Read error: Connection timed out
02:57:36 :medos!~medos@unaffiliated/medos PRIVMSG ##reddit-gd :nazbot-pc
02:57:56 :medos!~medos@unaffiliated/medos PRIVMSG ##reddit-gd :http://dribbble.com/shots/740298-Fridge-Pal-App-Icon-with-making-of < like my shot yo
02:58:31 PING :rajaniemi.freenode.net
02:58:31 :medos!~medos@unaffiliated/medos PRIVMSG ##reddit-gd :good morning/evening zak
03:00:25 :thearrowflies_!~thearrowf@unaffiliated/thearrowflies PRIVMSG ##reddit-gd :http://i.imgur.com/TIWK9.jpg
03:00:59 PING :rajaniemi.freenode.net
03:01:02 :zkamca!~zakmac@c-24-21-113-121.hsd1.or.comcast.net PRIVMSG ##reddit-gd :Ha, that guy's got balls
03:01:14 :medos!~medos@unaffiliated/medos PRIVMSG ##reddit-gd :lol
03:01:23 :zkamca!~zakmac@c-24-21-113-121.hsd1.or.comcast.net PRIVMSG ##reddit-gd :From the article of course, not rdt
03:01:41 :zkamca!~zakmac@c-24-21-113-121.hsd1.or.comcast.net PRIVMSG ##reddit-gd :medos: that icon looks great
03:01:52 :medos!~medos@unaffiliated/medos PRIVMSG ##reddit-gd :thank you :)
03:02:16 :medos!~medos@unaffiliated/medos PRIVMSG ##reddit-gd :i spent almost two hours tweaking the shabizzle around the stupid icon
03:02:41 :zkamca!~zakmac@c-24-21-113-121.hsd1.or.comcast.net PRIVMSG ##reddit-gd :The hell is a shabizzle?
03:02:50 :medos!~medos@unaffiliated/medos PRIVMSG ##reddit-gd :.u shabizzle
03:03:10 :zkamca!~zakmac@c-24-21-113-121.hsd1.or.comcast.net PRIVMSG ##reddit-gd :...
03:03:19 :zkamca!~zakmac@c-24-21-113-121.hsd1.or.comcast.net PRIVMSG ##reddit-gd :Where does he get definitions from?
03:03:24 :medos!~medos@unaffiliated/medos PRIVMSG ##reddit-gd :urbandictionary
03:03:27 :medos!~medos@unaffiliated/medos PRIVMSG ##reddit-gd :is .u
03:03:28 :edodes!~edodes@unaffiliated/edodes PRIVMSG ##reddit-gd :shabizzle doesn't sound intelligent xD
03:03:33 :zkamca!~zakmac@c-24-21-113-121.hsd1.or.comcast.net PRIVMSG ##reddit-gd :Nice
03:03:37 :medos!~medos@unaffiliated/medos PRIVMSG ##reddit-gd :.dictionary shabizzle
03:03:49 :medos!~medos@unaffiliated/medos PRIVMSG ##reddit-gd :.define shabizzle
03:03:51 :zkamca!~zakmac@c-24-21-113-121.hsd1.or.comcast.net PRIVMSG ##reddit-gd :Vector trollface is vector
03:03:54 :medos!~medos@unaffiliated/medos PRIVMSG ##reddit-gd :okay
03:04:25 :medos!~medos@unaffiliated/medos PRIVMSG ##reddit-gd :i'm not even sure why that was in there
03:04:51 :zkamca!~zakmac@c-24-21-113-121.hsd1.or.comcast.net PRIVMSG ##reddit-gd :Good lord this dinner is tasty 
03:05:25 :zkamca!~zakmac@c-24-21-113-121.hsd1.or.comcast.net PRIVMSG ##reddit-gd :Flatbread rounds (like a tortilla of wheat break but thicker), garlic hummus, tomato, onion and spinach
03:05:29 :zkamca!~zakmac@c-24-21-113-121.hsd1.or.comcast.net PRIVMSG ##reddit-gd :AQ winning combo
03:05:55 PING :rajaniemi.freenode.net
03:06:05 :medos!~medos@unaffiliated/medos PRIVMSG ##reddit-gd :.define AQ
03:07:47 :zkamca!~zakmac@c-24-21-113-121.hsd1.or.comcast.net PRIVMSG ##reddit-gd :.setdefinition AQ zak has fat fingers
03:08:23 PING :rajaniemi.freenode.net
03:08:30 :medos!~medos@unaffiliated/medos PRIVMSG ##reddit-gd :OH
03:08:34 :medos!~medos@unaffiliated/medos PRIVMSG ##reddit-gd :A WINNING COMBO
03:08:36 :medos!~medos@unaffiliated/medos PRIVMSG ##reddit-gd :lol
03:09:08 :medos!~medos@unaffiliated/medos PRIVMSG ##reddit-gd :.rem zakmac (@zkamca): .setdefinition AQ zak has fat fingers
03:09:12 :medos!~medos@unaffiliated/medos PRIVMSG ##reddit-gd :LOL
03:09:32 :zkamca!~zakmac@c-24-21-113-121.hsd1.or.comcast.net PRIVMSG ##reddit-gd :Ha
03:11:03 :zkamca!~zakmac@c-24-21-113-121.hsd1.or.comcast.net PRIVMSG ##reddit-gd :Why am I still watching this damn video
03:11:28 PING :rajaniemi.freenode.net
03:12:07 :medos!~medos@unaffiliated/medos PRIVMSG ##reddit-gd :to feel my pain?
03:13:09 :zkamca!~zakmac@c-24-21-113-121.hsd1.or.comcast.net PRIVMSG ##reddit-gd :Nah. While your work is very detailed I've long been under the impression your workflow is over complex in a lot of respects
03:13:43 :zkamca!~zakmac@c-24-21-113-121.hsd1.or.comcast.net PRIVMSG ##reddit-gd :Will say though, the jam jar is an impressive touch, I wouldn't have thought to make it look used
03:13:56 PING :rajaniemi.freenode.net
03:15:32 :medos!~medos@unaffiliated/medos PRIVMSG ##reddit-gd :probably 80% of that video is figuring out how to make an app icon
03:16:24 PING :rajaniemi.freenode.net
03:17:01 :medos!~medos@unaffiliated/medos PRIVMSG ##reddit-gd :point taken about overly complex workflow, i try to balance that with the goal to speed up said workflow :)
03:18:50 :zkamca!~zakmac@c-24-21-113-121.hsd1.or.comcast.net PRIVMSG ##reddit-gd :Mine is based off being lazy, purely lazy
03:18:52 PING :rajaniemi.freenode.net
03:19:20 :zkamca!~zakmac@c-24-21-113-121.hsd1.or.comcast.net PRIVMSG ##reddit-gd :I jump from ps to ai, you do not. This means your work when finished can be abused more in the future with else effort. But mine got out the door faster
03:21:20 PING :rajaniemi.freenode.net
03:23:48 PING :rajaniemi.freenode.net
03:24:55 :medos!~medos@unaffiliated/medos PRIVMSG ##reddit-gd :jump from ps to ai?
03:25:44 :zkamca!~zakmac@c-24-21-113-121.hsd1.or.comcast.net PRIVMSG ##reddit-gd :Yes, a lot of what you did in AI I would've done in PS, mainly for time saving
03:25:54 :zkamca!~zakmac@c-24-21-113-121.hsd1.or.comcast.net PRIVMSG ##reddit-gd :Such as the jam jar and some texturing
03:26:16 PING :rajaniemi.freenode.net
03:27:55 :medos!~medos@unaffiliated/medos PRIVMSG ##reddit-gd :ahh
03:28:14 :medos!~medos@unaffiliated/medos PRIVMSG ##reddit-gd :to be fair i started to like photoshop a lot more after making that icon
03:28:27 :medos!~medos@unaffiliated/medos PRIVMSG ##reddit-gd :nowhere close to illustrator still
03:28:36 :medos!~medos@unaffiliated/medos PRIVMSG ##reddit-gd :but brushing some stuff a little
03:28:39 :zkamca!~zakmac@c-24-21-113-121.hsd1.or.comcast.net PRIVMSG ##reddit-gd :Right on. To each their own
03:28:40 :medos!~medos@unaffiliated/medos PRIVMSG ##reddit-gd :is quite handy
03:28:44 PING :rajaniemi.freenode.net
03:28:55 :zkamca!~zakmac@c-24-21-113-121.hsd1.or.comcast.net PRIVMSG ##reddit-gd :This bad boy likes some variety in his life, and speaking in the third person apparently
03:30:51 :medos!~medos@unaffiliated/medos PRIVMSG ##reddit-gd :Medos says: if photoshop had artboards and freedom in hotkey-customization i would value ai and ps equal
03:30:53 :medos!~medos@unaffiliated/medos PRIVMSG ##reddit-gd :ly
03:31:12 PING :rajaniemi.freenode.net
03:33:40 PING :rajaniemi.freenode.net
03:34:11 :zkamca!~zakmac@c-24-21-113-121.hsd1.or.comcast.net PRIVMSG ##reddit-gd :.choose apple, different apple
03:34:20 :zkamca!~zakmac@c-24-21-113-121.hsd1.or.comcast.net PRIVMSG ##reddit-gd :Thought thats how it worked
03:34:32 :zkamca!~zakmac@c-24-21-113-121.hsd1.or.comcast.net PRIVMSG ##reddit-gd :.choose work on fuel nanny design, work on fuel nanny codebase
03:34:37 :zkamca!~zakmac@c-24-21-113-121.hsd1.or.comcast.net PRIVMSG ##reddit-gd :Woo, yay
03:35:14 :medos!~medos@unaffiliated/medos PRIVMSG ##reddit-gd :.choose zakmac makes timelapse of it, zakmac works in peace
03:35:17 :medos!~medos@unaffiliated/medos PRIVMSG ##reddit-gd :DANGIT
03:35:27 :zkamca!~zakmac@c-24-21-113-121.hsd1.or.comcast.net PRIVMSG ##reddit-gd :Hah
03:35:45 :zkamca!~zakmac@c-24-21-113-121.hsd1.or.comcast.net PRIVMSG ##reddit-gd :90% of the video would be me deleting a 75% complete project 10x over
03:36:17 :zkamca!~zakmac@c-24-21-113-121.hsd1.or.comcast.net PRIVMSG ##reddit-gd :What was the app Quentarez made? I think I still have it
03:36:30 :medos!~medos@unaffiliated/medos PRIVMSG ##reddit-gd :oh
03:36:33 :medos!~medos@unaffiliated/medos PRIVMSG ##reddit-gd :voice tutor
03:36:43 :zkamca!~zakmac@c-24-21-113-121.hsd1.or.comcast.net PRIVMSG ##reddit-gd :No the little screenshot thingamabob
03:37:03 :medos!~medos@unaffiliated/medos PRIVMSG ##reddit-gd :snappy?
03:37:09 :medos!~medos@unaffiliated/medos PRIVMSG ##reddit-gd :screenshotty?
03:37:22 PING :rajaniemi.freenode.net
03:37:27 :medos!~medos@unaffiliated/medos PRIVMSG ##reddit-gd :something similar to his divvy project
03:37:57 :zkamca!~zakmac@c-24-21-113-121.hsd1.or.comcast.net PRIVMSG ##reddit-gd :Oh snap, OSX has "Grab" built in
03:39:08 :zkamca!~zakmac@c-24-21-113-121.hsd1.or.comcast.net PRIVMSG ##reddit-gd :Fret not, I won't be time lapsing but I will keep you abreast of whats going on with screenshots
03:39:14 :zkamca!~zakmac@c-24-21-113-121.hsd1.or.comcast.net PRIVMSG ##reddit-gd :Frequently
03:39:50 PING :rajaniemi.freenode.net
03:40:10 :zkamca!~zakmac@c-24-21-113-121.hsd1.or.comcast.net PRIVMSG ##reddit-gd :http://i.imgur.com/YxbNk.png
03:40:20 :medos!~medos@unaffiliated/medos PRIVMSG ##reddit-gd :DEFAULT LAYOUT D:
03:40:44 :zkamca!~zakmac@c-24-21-113-121.hsd1.or.comcast.net PRIVMSG ##reddit-gd :I reinstalled a couple weeks back. Its not default though
03:41:04 :medos!~medos@unaffiliated/medos PRIVMSG ##reddit-gd :says essentials @ top right
03:41:15 :zkamca!~zakmac@c-24-21-113-121.hsd1.or.comcast.net PRIVMSG ##reddit-gd :I'm happy to be arbitrarily told to design by some robot though. I haven't in so long
03:41:47 :zkamca!~zakmac@c-24-21-113-121.hsd1.or.comcast.net PRIVMSG ##reddit-gd :Thats just what blocks are loaded, not their layout
03:42:00 :medos!~medos@unaffiliated/medos PRIVMSG ##reddit-gd :.choose go to bed, spend an hour on a fuelnannymockup
03:42:10 :medos!~medos@unaffiliated/medos PRIVMSG ##reddit-gd :D:
03:42:54 :zkamca!~zakmac@c-24-21-113-121.hsd1.or.comcast.net PRIVMSG ##reddit-gd :Awesomius has spoken
03:44:09 PING :rajaniemi.freenode.net
03:46:37 PING :rajaniemi.freenode.net
03:46:40 :medos!~medos@unaffiliated/medos PRIVMSG ##reddit-gd :am i allowed to?
03:46:42 :medos!~medos@unaffiliated/medos PRIVMSG ##reddit-gd ::P
03:46:47 :zkamca!~zakmac@c-24-21-113-121.hsd1.or.comcast.net PRIVMSG ##reddit-gd :Sure have at
03:47:27 :zkamca!~zakmac@c-24-21-113-121.hsd1.or.comcast.net PRIVMSG ##reddit-gd :Something that's not currently there: you will be able to customize MPG estimates by selecting your actual car
03:49:05 PING :rajaniemi.freenode.net
03:51:33 PING :rajaniemi.freenode.net
03:53:51 :medos!~medos@unaffiliated/medos PRIVMSG ##reddit-gd :i'll post what i have in half an hour
03:53:54 :medos!~medos@unaffiliated/medos PRIVMSG ##reddit-gd :then i'll go to bed
03:53:58 :medos!~medos@unaffiliated/medos PRIVMSG ##reddit-gd :half an hour should be enough
03:54:01 PING :rajaniemi.freenode.net
03:54:06 :zkamca!~zakmac@c-24-21-113-121.hsd1.or.comcast.net PRIVMSG ##reddit-gd :I'd hope
03:54:38 :zkamca!~zakmac@c-24-21-113-121.hsd1.or.comcast.net PRIVMSG ##reddit-gd :I'm ind of torn between workingg on the design or trying to get some of the heavy load off the javascript in terms of calculating numbers and displaying info and putting it into php.
03:55:00 :zkamca!~zakmac@c-24-21-113-121.hsd1.or.comcast.net PRIVMSG ##reddit-gd :I don't like how the page replaces values visibly
03:56:29 PING :rajaniemi.freenode.net
03:58:57 PING :rajaniemi.freenode.net
04:01:25 PING :rajaniemi.freenode.net
04:03:53 PING :rajaniemi.freenode.net
04:06:21 PING :rajaniemi.freenode.net
04:08:49 PING :rajaniemi.freenode.net
04:11:17 PING :rajaniemi.freenode.net
04:13:45 PING :rajaniemi.freenode.net
04:14:37 :medos!~medos@unaffiliated/medos PRIVMSG ##reddit-gd :haha
04:16:13 PING :rajaniemi.freenode.net
04:18:41 PING :rajaniemi.freenode.net
04:21:09 PING :rajaniemi.freenode.net
04:23:37 PING :rajaniemi.freenode.net
04:25:04 :medos!~medos@unaffiliated/medos PRIVMSG ##reddit-gd :oh dear
04:25:14 :medos!~medos@unaffiliated/medos PRIVMSG ##reddit-gd :half an hour is over
04:26:05 PING :rajaniemi.freenode.net
04:27:40 :zkamca!~zakmac@c-24-21-113-121.hsd1.or.comcast.net PRIVMSG ##reddit-gd :And
04:28:30 :zkamca!~zakmac@c-24-21-113-121.hsd1.or.comcast.net PRIVMSG ##reddit-gd :It would be safe to say I got distracted with these json responses - http://i.imgur.com/h1ahz.png
04:28:33 PING :rajaniemi.freenode.net
04:28:42 :medos!~medos@unaffiliated/medos PRIVMSG ##reddit-gd :i haven't really started yet
04:28:43 :zkamca!~zakmac@c-24-21-113-121.hsd1.or.comcast.net PART ##reddit-gd
04:28:45 :medos!~medos@unaffiliated/medos PRIVMSG ##reddit-gd :but
04:28:56 :zkamca!~zakmac@c-24-21-113-121.hsd1.or.comcast.net JOIN ##reddit-gd
04:28:56 :ChanServ!ChanServ@services. MODE ##reddit-gd +o zkamca
04:29:01 :medos!~medos@unaffiliated/medos PRIVMSG ##reddit-gd :LOL
04:30:09 :medos!~medos@unaffiliated/medos PRIVMSG ##reddit-gd :don't worry mine doesn't look much different http://i.imgur.com/2YpC9.png
04:31:01 PING :rajaniemi.freenode.net
04:31:40 :zkamca!~zakmac@c-24-21-113-121.hsd1.or.comcast.net PRIVMSG ##reddit-gd :Hah, nice
04:33:29 PING :rajaniemi.freenode.net
04:33:41 :medos!~medos@unaffiliated/medos PRIVMSG ##reddit-gd :but
04:35:57 PING :rajaniemi.freenode.net
04:37:03 :medos!~medos@unaffiliated/medos PRIVMSG ##reddit-gd :i would be done if my laptop would play along
04:38:25 PING :rajaniemi.freenode.net
04:40:53 PING :rajaniemi.freenode.net
04:41:39 :zkamca!~zakmac@c-24-21-113-121.hsd1.or.comcast.net PRIVMSG ##reddit-gd :MacBook Pro for the win
04:42:11 :medos!~medos@unaffiliated/medos PRIVMSG ##reddit-gd :wouldn't help
04:42:28 :medos!~medos@unaffiliated/medos PRIVMSG ##reddit-gd :i'm still betting that any mbp would die if i use it
04:42:32 :zkamca!~zakmac@c-24-21-113-121.hsd1.or.comcast.net PRIVMSG ##reddit-gd :This baby always plays along :)
04:42:51 :zkamca!~zakmac@c-24-21-113-121.hsd1.or.comcast.net PRIVMSG ##reddit-gd :SSD/8GB RAM, I rarely get it to choke
04:43:06 :zkamca!~zakmac@c-24-21-113-121.hsd1.or.comcast.net PRIVMSG ##reddit-gd :Though your files are insane as referenced by what you've sent me before
04:43:17 :medos!~medos@unaffiliated/medos PRIVMSG ##reddit-gd :yup
04:43:21 PING :rajaniemi.freenode.net
04:45:31 :EDSGD!~Thunderbi@cpe-75-83-30-231.socal.res.rr.com JOIN ##reddit-gd
04:45:32 :ChanServ!ChanServ@services. MODE ##reddit-gd +o EDSGD
04:45:49 PING :rajaniemi.freenode.net
04:46:02 :EDSGD!~Thunderbi@cpe-75-83-30-231.socal.res.rr.com PRIVMSG ##reddit-gd :WOOOOWWWW took me longer than I though to remove that stupid non genuine crap
04:48:17 PING :rajaniemi.freenode.net
04:50:45 PING :rajaniemi.freenode.net
04:53:13 PING :rajaniemi.freenode.net
04:55:41 PING :rajaniemi.freenode.net
04:58:09 PING :rajaniemi.freenode.net
04:58:37 :EDSGD!~Thunderbi@cpe-75-83-30-231.socal.res.rr.com PRIVMSG ##reddit-gd :.tell medos do you know of anything to control brightness on the monitor?
04:58:50 :medos!~medos@unaffiliated/medos PRIVMSG ##reddit-gd :buttons?
05:01:14 PING :rajaniemi.freenode.net
05:02:47 :medos!~medos@unaffiliated/medos PRIVMSG ##reddit-gd :.tell EDSGD visit the closest Victoria Secret and buy a sexy see-through nightie, then tape it over your tft-monitor.
05:03:36 :EDSGD!~Thunderbi@cpe-75-83-30-231.socal.res.rr.com PRIVMSG ##reddit-gd :I don't like reaching and touching the button on the monitor
05:03:54 :EDSGD!~Thunderbi@cpe-75-83-30-231.socal.res.rr.com PRIVMSG ##reddit-gd :prefer if there was a doing it on the keyboard like on laptops 
05:04:02 :medos!~medos@unaffiliated/medos PRIVMSG ##reddit-gd :hmmhm
05:04:23 :zkamca!~zakmac@c-24-21-113-121.hsd1.or.comcast.net PRIVMSG ##reddit-gd :EDSGD: http://i.imgur.com/RCJmq.png … jusy sayin
05:04:44 :EDSGD!~Thunderbi@cpe-75-83-30-231.socal.res.rr.com PRIVMSG ##reddit-gd :zakmac
05:04:47 :EDSGD!~Thunderbi@cpe-75-83-30-231.socal.res.rr.com PRIVMSG ##reddit-gd :damnnit
05:04:49 :EDSGD!~Thunderbi@cpe-75-83-30-231.socal.res.rr.com PRIVMSG ##reddit-gd :your cool
05:04:57 :EDSGD!~Thunderbi@cpe-75-83-30-231.socal.res.rr.com PRIVMSG ##reddit-gd :and have cool things
05:05:00 :EDSGD!~Thunderbi@cpe-75-83-30-231.socal.res.rr.com PRIVMSG ##reddit-gd :*you're
05:05:07 :EDSGD!~Thunderbi@cpe-75-83-30-231.socal.res.rr.com PRIVMSG ##reddit-gd :mines doesn't have such a thing
05:05:07 :zkamca!~zakmac@c-24-21-113-121.hsd1.or.comcast.net PRIVMSG ##reddit-gd :It is one of three cool things I own
05:05:08 :medos!~medos@unaffiliated/medos PRIVMSG ##reddit-gd :https://dl.dropbox.com/u/22130024/DisplayBrightnessConsole.exe
05:05:21 :zkamca!~zakmac@c-24-21-113-121.hsd1.or.comcast.net PRIVMSG ##reddit-gd :Second being my Cinema Display
05:05:41 :zkamca!~zakmac@c-24-21-113-121.hsd1.or.comcast.net PRIVMSG ##reddit-gd :And third being the iPhone 4 my friend gave me today that replaces the old iPhone 4 my boss gave me that got stolen
05:05:50 :EDSGD!~Thunderbi@cpe-75-83-30-231.socal.res.rr.com PRIVMSG ##reddit-gd :Nice. http://i.imgur.com/5t2bm.png
05:05:52 :zkamca!~zakmac@c-24-21-113-121.hsd1.or.comcast.net PRIVMSG ##reddit-gd :This one's black and 16gb though :(
05:06:10 PING :rajaniemi.freenode.net
05:06:17 :medos!~medos@unaffiliated/medos PRIVMSG ##reddit-gd :EDSGD
05:06:19 :medos!~medos@unaffiliated/medos PRIVMSG ##reddit-gd :you neeed to
05:06:26 :EDSGD!~Thunderbi@cpe-75-83-30-231.socal.res.rr.com PRIVMSG ##reddit-gd :yes Run as Admin?
05:06:30 :EDSGD!~Thunderbi@cpe-75-83-30-231.socal.res.rr.com PRIVMSG ##reddit-gd :idk
05:06:30 :medos!~medos@unaffiliated/medos PRIVMSG ##reddit-gd :make a shortcut to displaybrightnessconsole.exe
05:06:32 :medos!~medos@unaffiliated/medos PRIVMSG ##reddit-gd :nono
05:06:36 :zkamca!~zakmac@c-24-21-113-121.hsd1.or.comcast.net PRIVMSG ##reddit-gd :Woo, php is so fun once you get the stupid thing working
05:06:38 :medos!~medos@unaffiliated/medos PRIVMSG ##reddit-gd :and that shortcut needs
05:07:06 :EDSGD!~Thunderbi@cpe-75-83-30-231.socal.res.rr.com PRIVMSG ##reddit-gd :16GB is enough for a phone dude
05:07:31 :zkamca!~zakmac@c-24-21-113-121.hsd1.or.comcast.net PRIVMSG ##reddit-gd :PHone/iPod/Spotify Device
05:07:48 :zkamca!~zakmac@c-24-21-113-121.hsd1.or.comcast.net PRIVMSG ##reddit-gd :I miss my 32gb
05:08:09 :medos!~medos@unaffiliated/medos PRIVMSG ##reddit-gd :EDSGD
05:08:10 :EDSGD!~Thunderbi@cpe-75-83-30-231.socal.res.rr.com PRIVMSG ##reddit-gd :shortcut needs waht
05:08:19 :zkamca!~zakmac@c-24-21-113-121.hsd1.or.comcast.net PRIVMSG ##reddit-gd :Some Portland hobo probably found it a bus stop and bartered it for some Mad Dog 20/20 and a tug job from a crackwhore
05:08:20 :medos!~medos@unaffiliated/medos PRIVMSG ##reddit-gd :http://i.imgur.com/0veZZ.png
05:08:35 :medos!~medos@unaffiliated/medos PRIVMSG ##reddit-gd :after target
05:08:38 PING :rajaniemi.freenode.net
05:08:44 :medos!~medos@unaffiliated/medos PRIVMSG ##reddit-gd :after the file
05:08:51 :medos!~medos@unaffiliated/medos PRIVMSG ##reddit-gd :displaybrightnessconsole.exe
05:08:54 :medos!~medos@unaffiliated/medos PRIVMSG ##reddit-gd :you add a 20
05:08:57 :medos!~medos@unaffiliated/medos PRIVMSG ##reddit-gd :or 50
05:09:03 :medos!~medos@unaffiliated/medos PRIVMSG ##reddit-gd :or 100 or 80 or 21 or 37
05:09:36 :medos!~medos@unaffiliated/medos PRIVMSG ##reddit-gd :if it works that shortcut should adjust the brightness of your display (from 0 for lowest to 100 to highest)
05:09:59 :medos!~medos@unaffiliated/medos PRIVMSG ##reddit-gd :so you make 3 shortcuts (if it works) with something like 20 , 50 and 100
05:09:59 :EDSGD!~Thunderbi@cpe-75-83-30-231.socal.res.rr.com PRIVMSG ##reddit-gd :wtf
05:10:08 :medos!~medos@unaffiliated/medos PRIVMSG ##reddit-gd :and those should give you different brightness
05:10:09 :EDSGD!~Thunderbi@cpe-75-83-30-231.socal.res.rr.com PRIVMSG ##reddit-gd :can't find my brightness thing
05:10:16 :medos!~medos@unaffiliated/medos PRIVMSG ##reddit-gd :where?
05:10:24 :medos!~medos@unaffiliated/medos PRIVMSG ##reddit-gd :gblargh
05:10:39 :medos!~medos@unaffiliated/medos PRIVMSG ##reddit-gd :zkamca download fridge pal and give an awesome rating pleeeeease ^___^
05:10:53 :zkamca!~zakmac@c-24-21-113-121.hsd1.or.comcast.net PRIVMSG ##reddit-gd :Isn't it $5?
05:10:57 :medos!~medos@unaffiliated/medos PRIVMSG ##reddit-gd :no
05:11:04 :medos!~medos@unaffiliated/medos PRIVMSG ##reddit-gd :it's in-app purchase upgrade
05:11:06 PING :rajaniemi.freenode.net
05:13:34 PING :rajaniemi.freenode.net
05:16:02 PING :rajaniemi.freenode.net
05:18:30 PING :rajaniemi.freenode.net
05:19:32 :EDSGD!~Thunderbi@cpe-75-83-30-231.socal.res.rr.com PRIVMSG ##reddit-gd :wow can't believe its taking me a while to find a wallpaper
05:19:51 :EDSGD!~Thunderbi@cpe-75-83-30-231.socal.res.rr.com PRIVMSG ##reddit-gd :When was the official release of Fridge Pal?
05:20:58 PING :rajaniemi.freenode.net
05:22:41 :medos!~medos@unaffiliated/medos PRIVMSG ##reddit-gd :some friday ago
05:23:26 PING :rajaniemi.freenode.net
05:25:54 PING :rajaniemi.freenode.net
05:28:22 PING :rajaniemi.freenode.net
05:30:50 PING :rajaniemi.freenode.net
05:32:02 :medos!~medos@unaffiliated/medos PRIVMSG ##reddit-gd :EDSGD https://docs.google.com/spreadsheet/viewform?formkey=dFJnWDZQd0VpbURyUjlCXzluU1FyLWc6MQ
05:33:18 PING :rajaniemi.freenode.net
05:35:46 PING :rajaniemi.freenode.net
05:38:14 PING :rajaniemi.freenode.net
05:40:42 PING :rajaniemi.freenode.net
05:43:10 PING :rajaniemi.freenode.net
05:45:04 :EDSGD!~Thunderbi@cpe-75-83-30-231.socal.res.rr.com PRIVMSG ##reddit-gd :What's this medos?
05:45:33 :edodes!~edodes@unaffiliated/edodes PRIVMSG ##reddit-gd :medos: What time is it?!? How are you still awake?!?!?
05:45:38 PING :rajaniemi.freenode.net
05:48:01 :medos!~medos@unaffiliated/medos PRIVMSG ##reddit-gd :lol
05:48:05 :medos!~medos@unaffiliated/medos PRIVMSG ##reddit-gd :are you stalking me?
05:48:06 PING :rajaniemi.freenode.net
05:49:57 :edodes!~edodes@unaffiliated/edodes PRIVMSG ##reddit-gd :not really
05:50:09 :edodes!~edodes@unaffiliated/edodes PRIVMSG ##reddit-gd :I just can't believe you're here more often than I am
05:50:34 PING :rajaniemi.freenode.net
05:50:53 :EDSGD!~Thunderbi@cpe-75-83-30-231.socal.res.rr.com PRIVMSG ##reddit-gd :LOL
05:51:59 :EDSGD!~Thunderbi@cpe-75-83-30-231.socal.res.rr.com PRIVMSG ##reddit-gd :btw I'll take your quiz tomorrow
05:52:02 :EDSGD!~Thunderbi@cpe-75-83-30-231.socal.res.rr.com PRIVMSG ##reddit-gd :hella tired
05:52:21 :EDSGD!~Thunderbi@cpe-75-83-30-231.socal.res.rr.com PRIVMSG ##reddit-gd :surprisingly. I'm getting OLD
05:52:30 :EDSGD!~Thunderbi@cpe-75-83-30-231.socal.res.rr.com QUIT :Quit: EDSGD
05:53:02 PING :rajaniemi.freenode.net
05:55:30 PING :rajaniemi.freenode.net
05:57:58 PING :rajaniemi.freenode.net
06:00:26 PING :rajaniemi.freenode.net
06:02:54 PING :rajaniemi.freenode.net
06:05:22 PING :rajaniemi.freenode.net
06:07:50 PING :rajaniemi.freenode.net
06:09:22 :Matt3000!Matt@174.141.142.86 QUIT :Quit: Leaving
06:10:18 PING :rajaniemi.freenode.net
06:12:46 PING :rajaniemi.freenode.net
06:15:14 PING :rajaniemi.freenode.net
06:17:42 PING :rajaniemi.freenode.net
06:20:10 PING :rajaniemi.freenode.net
06:22:38 PING :rajaniemi.freenode.net
06:25:06 PING :rajaniemi.freenode.net
06:27:34 PING :rajaniemi.freenode.net
06:30:02 PING :rajaniemi.freenode.net
06:32:30 PING :rajaniemi.freenode.net
06:34:58 PING :rajaniemi.freenode.net
06:37:26 PING :rajaniemi.freenode.net
06:39:54 PING :rajaniemi.freenode.net
06:42:22 PING :rajaniemi.freenode.net
06:44:50 PING :rajaniemi.freenode.net
06:47:18 PING :rajaniemi.freenode.net
06:49:46 PING :rajaniemi.freenode.net
06:52:14 PING :rajaniemi.freenode.net
06:52:28 :lahwran!lahwran@unaffiliated/lahwran QUIT :*.net *.split
06:52:50 :acous_!uid658@gateway/web/irccloud.com/session JOIN ##reddit-gd
06:52:50 :acous!uid658@gateway/web/irccloud.com/x-axrlbpyiuyukuiui QUIT :Read error: Operation timed out
06:52:50 :acous_!uid658@gateway/web/irccloud.com/session NICK :acous
06:53:25 :acous!uid658@gateway/web/irccloud.com/session QUIT :Changing host
06:53:25 :acous!uid658@gateway/web/irccloud.com/x-gfwqnfzkdmcbsapj JOIN ##reddit-gd
06:54:42 PING :rajaniemi.freenode.net
06:57:10 PING :rajaniemi.freenode.net
06:59:38 PING :rajaniemi.freenode.net
07:02:06 PING :rajaniemi.freenode.net
07:04:34 PING :rajaniemi.freenode.net
07:07:02 PING :rajaniemi.freenode.net
07:09:30 PING :rajaniemi.freenode.net
07:10:08 :lahwran!lahwran@unaffiliated/lahwran JOIN ##reddit-gd
07:11:58 PING :rajaniemi.freenode.net
07:14:26 PING :rajaniemi.freenode.net
07:16:54 PING :rajaniemi.freenode.net
07:17:34 :edodes!~edodes@unaffiliated/edodes QUIT :Read error: Connection reset by peer
07:19:22 PING :rajaniemi.freenode.net
07:21:50 PING :rajaniemi.freenode.net
07:24:18 PING :rajaniemi.freenode.net
07:26:46 PING :rajaniemi.freenode.net
07:29:14 PING :rajaniemi.freenode.net
07:31:42 PING :rajaniemi.freenode.net
07:34:10 PING :rajaniemi.freenode.net
07:36:38 PING :rajaniemi.freenode.net
07:39:06 PING :rajaniemi.freenode.net
07:41:34 PING :rajaniemi.freenode.net
07:44:02 PING :rajaniemi.freenode.net
07:46:30 PING :rajaniemi.freenode.net
07:48:58 PING :rajaniemi.freenode.net
07:51:26 PING :rajaniemi.freenode.net
07:53:54 PING :rajaniemi.freenode.net
07:56:22 PING :rajaniemi.freenode.net
07:58:50 PING :rajaniemi.freenode.net
08:01:18 PING :rajaniemi.freenode.net
08:03:46 PING :rajaniemi.freenode.net
08:06:14 PING :rajaniemi.freenode.net
08:08:42 PING :rajaniemi.freenode.net
08:11:10 PING :rajaniemi.freenode.net
08:13:38 PING :rajaniemi.freenode.net
08:16:06 PING :rajaniemi.freenode.net
08:18:34 PING :rajaniemi.freenode.net
08:21:02 PING :rajaniemi.freenode.net
08:23:30 PING :rajaniemi.freenode.net
08:25:58 PING :rajaniemi.freenode.net
08:28:26 PING :rajaniemi.freenode.net
08:30:54 PING :rajaniemi.freenode.net
08:33:22 PING :rajaniemi.freenode.net
08:35:50 PING :rajaniemi.freenode.net
08:38:18 PING :rajaniemi.freenode.net
08:40:46 PING :rajaniemi.freenode.net
08:43:14 PING :rajaniemi.freenode.net
08:45:42 PING :rajaniemi.freenode.net
08:48:10 PING :rajaniemi.freenode.net
08:50:38 PING :rajaniemi.freenode.net
08:53:06 PING :rajaniemi.freenode.net
08:55:34 PING :rajaniemi.freenode.net
08:58:02 PING :rajaniemi.freenode.net
09:00:30 PING :rajaniemi.freenode.net
09:02:58 PING :rajaniemi.freenode.net
09:05:26 PING :rajaniemi.freenode.net
09:07:54 PING :rajaniemi.freenode.net
09:10:22 PING :rajaniemi.freenode.net
09:12:50 PING :rajaniemi.freenode.net
09:15:18 PING :rajaniemi.freenode.net
09:17:46 PING :rajaniemi.freenode.net
09:20:14 PING :rajaniemi.freenode.net
09:22:42 PING :rajaniemi.freenode.net
09:25:10 PING :rajaniemi.freenode.net
09:27:38 PING :rajaniemi.freenode.net
09:30:06 PING :rajaniemi.freenode.net
09:32:34 PING :rajaniemi.freenode.net
09:35:02 PING :rajaniemi.freenode.net
09:37:30 PING :rajaniemi.freenode.net
09:39:58 PING :rajaniemi.freenode.net
09:42:26 PING :rajaniemi.freenode.net
09:44:54 PING :rajaniemi.freenode.net
09:47:22 PING :rajaniemi.freenode.net
09:49:50 PING :rajaniemi.freenode.net
09:52:18 PING :rajaniemi.freenode.net
09:54:46 PING :rajaniemi.freenode.net
09:57:14 PING :rajaniemi.freenode.net
09:59:42 PING :rajaniemi.freenode.net
10:02:10 PING :rajaniemi.freenode.net
10:04:38 PING :rajaniemi.freenode.net
10:07:06 PING :rajaniemi.freenode.net
10:09:34 PING :rajaniemi.freenode.net
10:12:02 PING :rajaniemi.freenode.net
10:14:30 PING :rajaniemi.freenode.net
10:16:58 PING :rajaniemi.freenode.net
10:19:26 PING :rajaniemi.freenode.net
10:21:54 PING :rajaniemi.freenode.net
10:24:22 PING :rajaniemi.freenode.net
10:26:50 PING :rajaniemi.freenode.net
10:29:18 PING :rajaniemi.freenode.net
10:31:46 PING :rajaniemi.freenode.net
10:34:14 PING :rajaniemi.freenode.net
10:36:42 PING :rajaniemi.freenode.net
10:39:10 PING :rajaniemi.freenode.net
10:41:38 PING :rajaniemi.freenode.net
10:44:06 PING :rajaniemi.freenode.net
10:46:34 PING :rajaniemi.freenode.net
10:49:02 PING :rajaniemi.freenode.net
10:51:30 PING :rajaniemi.freenode.net
10:53:58 PING :rajaniemi.freenode.net
10:56:26 PING :rajaniemi.freenode.net
10:58:54 PING :rajaniemi.freenode.net
11:01:22 PING :rajaniemi.freenode.net
11:03:50 PING :rajaniemi.freenode.net
11:06:18 PING :rajaniemi.freenode.net
11:08:46 PING :rajaniemi.freenode.net
11:11:14 PING :rajaniemi.freenode.net
11:13:42 PING :rajaniemi.freenode.net
11:16:10 PING :rajaniemi.freenode.net
11:18:38 PING :rajaniemi.freenode.net
11:21:06 PING :rajaniemi.freenode.net
11:23:34 PING :rajaniemi.freenode.net
11:26:02 PING :rajaniemi.freenode.net
11:28:30 PING :rajaniemi.freenode.net
11:30:58 PING :rajaniemi.freenode.net
11:33:26 PING :rajaniemi.freenode.net
11:35:54 PING :rajaniemi.freenode.net
11:38:22 PING :rajaniemi.freenode.net
11:40:50 PING :rajaniemi.freenode.net
11:43:18 PING :rajaniemi.freenode.net
11:45:46 PING :rajaniemi.freenode.net
11:48:14 PING :rajaniemi.freenode.net
11:50:42 PING :rajaniemi.freenode.net
11:53:10 PING :rajaniemi.freenode.net
11:55:38 PING :rajaniemi.freenode.net
11:58:06 PING :rajaniemi.freenode.net
12:00:34 PING :rajaniemi.freenode.net
12:03:02 PING :rajaniemi.freenode.net
12:05:30 PING :rajaniemi.freenode.net
12:07:58 PING :rajaniemi.freenode.net
12:10:26 PING :rajaniemi.freenode.net
12:11:46 :medos!~medos@unaffiliated/medos QUIT :Read error: Connection reset by peer
12:12:54 PING :rajaniemi.freenode.net
12:15:22 PING :rajaniemi.freenode.net
12:17:50 PING :rajaniemi.freenode.net
12:20:18 PING :rajaniemi.freenode.net
12:22:46 PING :rajaniemi.freenode.net
12:25:14 PING :rajaniemi.freenode.net
12:27:42 PING :rajaniemi.freenode.net
12:30:10 PING :rajaniemi.freenode.net
12:32:38 PING :rajaniemi.freenode.net
12:35:06 PING :rajaniemi.freenode.net
12:37:34 PING :rajaniemi.freenode.net
12:40:02 PING :rajaniemi.freenode.net
12:42:30 PING :rajaniemi.freenode.net
12:44:58 PING :rajaniemi.freenode.net
12:47:26 PING :rajaniemi.freenode.net
12:49:54 PING :rajaniemi.freenode.net
12:52:22 PING :rajaniemi.freenode.net
12:54:50 PING :rajaniemi.freenode.net
12:57:18 PING :rajaniemi.freenode.net
12:59:46 PING :rajaniemi.freenode.net
13:02:14 PING :rajaniemi.freenode.net
13:04:42 PING :rajaniemi.freenode.net
13:07:10 PING :rajaniemi.freenode.net
13:09:38 PING :rajaniemi.freenode.net
13:12:06 PING :rajaniemi.freenode.net
13:14:34 PING :rajaniemi.freenode.net
13:17:02 PING :rajaniemi.freenode.net
13:19:30 PING :rajaniemi.freenode.net
13:21:58 PING :rajaniemi.freenode.net
13:24:26 PING :rajaniemi.freenode.net
13:26:54 PING :rajaniemi.freenode.net
13:29:22 PING :rajaniemi.freenode.net
13:31:50 PING :rajaniemi.freenode.net
13:34:18 PING :rajaniemi.freenode.net
13:36:46 PING :rajaniemi.freenode.net
13:39:14 PING :rajaniemi.freenode.net
13:41:42 PING :rajaniemi.freenode.net
13:44:10 PING :rajaniemi.freenode.net
13:46:38 PING :rajaniemi.freenode.net
13:49:06 PING :rajaniemi.freenode.net
13:51:34 PING :rajaniemi.freenode.net
13:54:02 PING :rajaniemi.freenode.net
13:56:30 PING :rajaniemi.freenode.net
13:58:58 PING :rajaniemi.freenode.net
14:01:26 PING :rajaniemi.freenode.net
14:03:54 PING :rajaniemi.freenode.net
14:06:22 PING :rajaniemi.freenode.net
14:08:50 PING :rajaniemi.freenode.net
14:11:18 PING :rajaniemi.freenode.net
14:13:46 PING :rajaniemi.freenode.net
14:16:14 PING :rajaniemi.freenode.net
14:18:42 PING :rajaniemi.freenode.net
14:21:10 PING :rajaniemi.freenode.net
14:23:38 PING :rajaniemi.freenode.net
14:26:06 PING :rajaniemi.freenode.net
14:28:34 PING :rajaniemi.freenode.net
14:31:02 PING :rajaniemi.freenode.net
14:33:30 PING :rajaniemi.freenode.net
14:35:58 PING :rajaniemi.freenode.net
14:38:26 PING :rajaniemi.freenode.net
14:40:54 PING :rajaniemi.freenode.net
14:43:22 PING :rajaniemi.freenode.net
14:45:50 PING :rajaniemi.freenode.net
14:48:18 PING :rajaniemi.freenode.net
14:50:46 PING :rajaniemi.freenode.net
14:53:14 PING :rajaniemi.freenode.net
14:55:42 PING :rajaniemi.freenode.net
14:58:10 PING :rajaniemi.freenode.net
15:00:38 PING :rajaniemi.freenode.net
15:03:06 PING :rajaniemi.freenode.net
15:05:34 PING :rajaniemi.freenode.net
15:08:02 PING :rajaniemi.freenode.net
15:10:30 PING :rajaniemi.freenode.net
15:12:58 PING :rajaniemi.freenode.net
15:15:26 PING :rajaniemi.freenode.net
15:17:23 :nazbot-pc!~nazbot@24-246-58-30.cable.teksavvy.com QUIT :
15:17:54 PING :rajaniemi.freenode.net
15:20:22 PING :rajaniemi.freenode.net
15:22:50 PING :rajaniemi.freenode.net
15:25:18 PING :rajaniemi.freenode.net
15:27:46 PING :rajaniemi.freenode.net
15:30:14 PING :rajaniemi.freenode.net
15:31:37 :TheWhisper!~TheWhispe@cpe-67-246-114-120.twcny.res.rr.com JOIN ##reddit-gd
15:31:37 :TheWhisper!~TheWhispe@cpe-67-246-114-120.twcny.res.rr.com QUIT :Changing host
15:31:37 :TheWhisper!~TheWhispe@unaffiliated/thewhisper JOIN ##reddit-gd
15:31:37 :ChanServ!ChanServ@services. MODE ##reddit-gd +o TheWhisper
15:32:42 PING :rajaniemi.freenode.net
15:35:10 PING :rajaniemi.freenode.net
15:37:38 PING :rajaniemi.freenode.net
15:40:06 PING :rajaniemi.freenode.net
15:42:34 PING :rajaniemi.freenode.net
15:45:02 PING :rajaniemi.freenode.net
15:47:30 PING :rajaniemi.freenode.net
15:49:58 PING :rajaniemi.freenode.net
15:51:27 :medos!~medos@p5B3DA801.dip.t-dialin.net JOIN ##reddit-gd
15:51:27 :medos!~medos@p5B3DA801.dip.t-dialin.net QUIT :Changing host
15:51:27 :medos!~medos@unaffiliated/medos JOIN ##reddit-gd
15:52:26 PING :rajaniemi.freenode.net
15:53:51 :EDSGD!~Thunderbi@cpe-75-83-30-231.socal.res.rr.com JOIN ##reddit-gd
15:53:52 :ChanServ!ChanServ@services. MODE ##reddit-gd +o EDSGD
15:54:54 PING :rajaniemi.freenode.net
15:56:59 :medos!~medos@unaffiliated/medos PRIVMSG ##reddit-gd :le
15:57:22 PING :rajaniemi.freenode.net
15:59:50 PING :rajaniemi.freenode.net
16:00:38 :EDSGD!~Thunderbi@cpe-75-83-30-231.socal.res.rr.com PRIVMSG ##reddit-gd :hm
16:00:51 :medos!~medos@unaffiliated/medos PRIVMSG ##reddit-gd :what's up?
16:01:11 :medos!~medos@unaffiliated/medos PRIVMSG ##reddit-gd :don't tell me your pc runs worse now :(
16:01:44 :EDSGD!~Thunderbi@cpe-75-83-30-231.socal.res.rr.com PRIVMSG ##reddit-gd :nO.
16:01:50 :EDSGD!~Thunderbi@cpe-75-83-30-231.socal.res.rr.com PRIVMSG ##reddit-gd :I fixed the problem.
16:02:13 :EDSGD!~Thunderbi@cpe-75-83-30-231.socal.res.rr.com PRIVMSG ##reddit-gd :Today I'm going to remove the dust bunnies and start backing up stuff then delete stuff
16:02:18 PING :rajaniemi.freenode.net
16:04:46 PING :rajaniemi.freenode.net
16:05:17 :medos!~medos@unaffiliated/medos PRIVMSG ##reddit-gd :hooray
16:05:20 :medos!~medos@unaffiliated/medos PRIVMSG ##reddit-gd :oh
16:05:22 :medos!~medos@unaffiliated/medos PRIVMSG ##reddit-gd :defrenzy
16:05:45 :medos!~medos@unaffiliated/medos PRIVMSG ##reddit-gd :http://www.sdsoftware.org/tag/fontfrenzy/ <- this will clean up your windows\fonts folder
16:07:14 PING :rajaniemi.freenode.net
16:09:42 PING :rajaniemi.freenode.net
16:10:28 :EDSGD!~Thunderbi@cpe-75-83-30-231.socal.res.rr.com PRIVMSG ##reddit-gd :Nice.
16:11:13 :EDSGD!~Thunderbi@cpe-75-83-30-231.socal.res.rr.com PRIVMSG ##reddit-gd :Hmmm
16:11:42 :EDSGD!~Thunderbi@cpe-75-83-30-231.socal.res.rr.com PRIVMSG ##reddit-gd :Hey do you know of a plugin for photoshop/ illustrator that lets you use web fonts 
16:11:43 :EDSGD!~Thunderbi@cpe-75-83-30-231.socal.res.rr.com PRIVMSG ##reddit-gd :???
16:12:10 PING :rajaniemi.freenode.net
16:12:26 :EDSGD!~Thunderbi@cpe-75-83-30-231.socal.res.rr.com PRIVMSG ##reddit-gd :I know there's that extensis web ink
16:14:01 :TheWhisper!~TheWhispe@unaffiliated/thewhisper PRIVMSG ##reddit-gd :edsgd, what happened to your compter?
16:14:38 PING :rajaniemi.freenode.net
16:14:42 :TheWhisper!~TheWhispe@unaffiliated/thewhisper PRIVMSG ##reddit-gd :and Medos, is there anyway to run two separate dropbox accounts on a computer?
16:15:11 :EDSGD!~Thunderbi@cpe-75-83-30-231.socal.res.rr.com PRIVMSG ##reddit-gd :Well I download a lot of crap and stuff so I started having the death loop when starting up.
16:16:05 :EDSGD!~Thunderbi@cpe-75-83-30-231.socal.res.rr.com PRIVMSG ##reddit-gd :So I ended up fixing that problem, but when I did that I started getting the "non genuine windows" crap
16:16:38 :TheWhisper!~TheWhispe@unaffiliated/thewhisper PRIVMSG ##reddit-gd :Lol
16:16:39 :EDSGD!~Thunderbi@cpe-75-83-30-231.socal.res.rr.com PRIVMSG ##reddit-gd :which sucked because I had a legal copy of it and I couldn't re-enter my serial number because I couldn't find my box.
16:17:04 :EDSGD!~Thunderbi@cpe-75-83-30-231.socal.res.rr.com PRIVMSG ##reddit-gd :So I looked into the removewat, which was wasn't working
16:17:05 :TheWhisper!~TheWhispe@unaffiliated/thewhisper PRIVMSG ##reddit-gd :What the fuck did you do that you removed your WGA
16:17:06 PING :rajaniemi.freenode.net
16:17:06 :TheWhisper!~TheWhispe@unaffiliated/thewhisper PRIVMSG ##reddit-gd :haha
16:17:12 :TheWhisper!~TheWhispe@unaffiliated/thewhisper PRIVMSG ##reddit-gd :OMG
16:17:13 :TheWhisper!~TheWhispe@unaffiliated/thewhisper PRIVMSG ##reddit-gd :MEDOS
16:17:25 :EDSGD!~Thunderbi@cpe-75-83-30-231.socal.res.rr.com PRIVMSG ##reddit-gd :and also the 7loader
16:17:30 :TheWhisper!~TheWhispe@unaffiliated/thewhisper PRIVMSG ##reddit-gd :http://i.imgur.com/KL9y7.png
16:17:31 :TheWhisper!~TheWhispe@unaffiliated/thewhisper PRIVMSG ##reddit-gd :omg
16:17:36 :TheWhisper!~TheWhispe@unaffiliated/thewhisper PRIVMSG ##reddit-gd :.tell medos http://i.imgur.com/KL9y7.png !!!!!!!!!!!!!!
16:17:36 :EDSGD!~Thunderbi@cpe-75-83-30-231.socal.res.rr.com PRIVMSG ##reddit-gd :or whatever that thing is called
16:17:40 :TheWhisper!~TheWhispe@unaffiliated/thewhisper PRIVMSG ##reddit-gd :7loader?
16:17:47 :EDSGD!~Thunderbi@cpe-75-83-30-231.socal.res.rr.com PRIVMSG ##reddit-gd :long story short I'm all good now
16:17:53 :EDSGD!~Thunderbi@cpe-75-83-30-231.socal.res.rr.com PRIVMSG ##reddit-gd ::D
16:18:09 :EDSGD!~Thunderbi@cpe-75-83-30-231.socal.res.rr.com PRIVMSG ##reddit-gd :LOL "Hot corner action"
16:19:07 :TheWhisper!~TheWhispe@unaffiliated/thewhisper PRIVMSG ##reddit-gd :It's like mouse corners on a Mac
16:19:10 :TheWhisper!~TheWhispe@unaffiliated/thewhisper PRIVMSG ##reddit-gd :lol
16:20:11 PING :rajaniemi.freenode.net
16:20:19 :TheWhisper!~TheWhispe@unaffiliated/thewhisper PRIVMSG ##reddit-gd :Ah that just made my day :D
16:21:16 :EDSGD!~Thunderbi@cpe-75-83-30-231.socal.res.rr.com PRIVMSG ##reddit-gd :I found them annoying
16:21:19 :EDSGD!~Thunderbi@cpe-75-83-30-231.socal.res.rr.com PRIVMSG ##reddit-gd :medos http://img.ffffound.com/static-data/assets/6/46f7936c7393e340ca4567021c5c179f5729bd20_m.gif
16:21:46 :TheWhisper!~TheWhispe@unaffiliated/thewhisper PRIVMSG ##reddit-gd :They're annoying except for when they're not :
16:21:47 :TheWhisper!~TheWhispe@unaffiliated/thewhisper PRIVMSG ##reddit-gd ::P
16:21:49 :TheWhisper!~TheWhispe@unaffiliated/thewhisper PRIVMSG ##reddit-gd :hm
16:21:56 :TheWhisper!~TheWhispe@unaffiliated/thewhisper PRIVMSG ##reddit-gd :I have to design this website for 1024x768
16:22:04 :TheWhisper!~TheWhispe@unaffiliated/thewhisper PRIVMSG ##reddit-gd :Should I design at double size?
16:22:39 PING :rajaniemi.freenode.net
16:23:13 :EDSGD!~Thunderbi@cpe-75-83-30-231.socal.res.rr.com PRIVMSG ##reddit-gd :I do makes it a bit easier for me
16:23:37 :EDSGD!~Thunderbi@cpe-75-83-30-231.socal.res.rr.com PRIVMSG ##reddit-gd :I just make a "trim area"
16:23:47 :EDSGD!~Thunderbi@cpe-75-83-30-231.socal.res.rr.com PRIVMSG ##reddit-gd :"live area"
16:23:50 :EDSGD!~Thunderbi@cpe-75-83-30-231.socal.res.rr.com PRIVMSG ##reddit-gd :box.
16:23:53 :TheWhisper!~TheWhispe@unaffiliated/thewhisper PRIVMSG ##reddit-gd :Do you know if there's a way to have 
16:23:54 :TheWhisper!~TheWhispe@unaffiliated/thewhisper PRIVMSG ##reddit-gd :a
16:24:04 :TheWhisper!~TheWhispe@unaffiliated/thewhisper PRIVMSG ##reddit-gd :to have 2 dropbox accounts
16:24:06 :TheWhisper!~TheWhispe@unaffiliated/thewhisper PRIVMSG ##reddit-gd :on one computer?
16:24:08 :EDSGD!~Thunderbi@cpe-75-83-30-231.socal.res.rr.com PRIVMSG ##reddit-gd :No.
16:24:14 :EDSGD!~Thunderbi@cpe-75-83-30-231.socal.res.rr.com PRIVMSG ##reddit-gd :Google drive
16:24:24 :EDSGD!~Thunderbi@cpe-75-83-30-231.socal.res.rr.com PRIVMSG ##reddit-gd :+ dropbbox
16:25:07 PING :rajaniemi.freenode.net
16:25:24 :TheWhisper!~TheWhispe@unaffiliated/thewhisper PRIVMSG ##reddit-gd :http://www.dropboxwiki.com/Dropboxen
16:26:27 :EDSGD!~Thunderbi@cpe-75-83-30-231.socal.res.rr.com PRIVMSG ##reddit-gd :interesting
16:27:35 PING :rajaniemi.freenode.net
16:28:28 :TheWhisper!~TheWhispe@unaffiliated/thewhisper PRIVMSG ##reddit-gd :http://semi-legitimate.com/blog/item/multiple-dropbox-instances-on-windows-7
16:28:30 :TheWhisper!~TheWhispe@unaffiliated/thewhisper PRIVMSG ##reddit-gd :interesting
16:30:03 PING :rajaniemi.freenode.net
16:30:13 :medos!~medos@unaffiliated/medos PRIVMSG ##reddit-gd :lelele user accounts
16:31:00 :medos!~medos@unaffiliated/medos PRIVMSG ##reddit-gd :https://dl.dropbox.com/u/22130024/le.png <- this made my day :p
16:32:00 :TheWhisper!~TheWhispe@unaffiliated/thewhisper PRIVMSG ##reddit-gd : link
16:32:23 :TheWhisper!~TheWhispe@unaffiliated/thewhisper PRIVMSG ##reddit-gd :Oh i see
16:32:25 :TheWhisper!~TheWhispe@unaffiliated/thewhisper PRIVMSG ##reddit-gd :http://dribbble.com/shots/740298-Fridge-Pal-App-Icon-with-making-of?list=debuts
16:32:31 PING :rajaniemi.freenode.net
16:32:51 :medos!~medos@unaffiliated/medos PRIVMSG ##reddit-gd :LE
16:33:13 :TheWhisper!~TheWhispe@unaffiliated/thewhisper PRIVMSG ##reddit-gd :LOL
16:33:15 :TheWhisper!~TheWhispe@unaffiliated/thewhisper PRIVMSG ##reddit-gd :xbox gamepad icon
16:33:26 :TheWhisper!~TheWhispe@unaffiliated/thewhisper PRIVMSG ##reddit-gd :http://i.imgur.com/x0qdw.png
16:33:27 :TheWhisper!~TheWhispe@unaffiliated/thewhisper PRIVMSG ##reddit-gd :okay
16:33:28 :TheWhisper!~TheWhispe@unaffiliated/thewhisper PRIVMSG ##reddit-gd :sure
16:33:33 :TheWhisper!~TheWhispe@unaffiliated/thewhisper PRIVMSG ##reddit-gd :that controller is totally going to work
16:33:37 :TheWhisper!~TheWhispe@unaffiliated/thewhisper PRIVMSG ##reddit-gd :with a broken wire
16:34:14 :medos!~medos@unaffiliated/medos PRIVMSG ##reddit-gd :you always complain
16:34:43 :TheWhisper!~TheWhispe@unaffiliated/thewhisper PRIVMSG ##reddit-gd :lol
16:34:53 :TheWhisper!~TheWhispe@unaffiliated/thewhisper PRIVMSG ##reddit-gd :It's a critique :P
16:34:59 PING :rajaniemi.freenode.net
16:35:02 :medos!~medos@unaffiliated/medos PRIVMSG ##reddit-gd :it is le dribbble where serious critiques are sparse and rare
16:36:24 :medos!~medos@unaffiliated/medos PRIVMSG ##reddit-gd :i even asked if my icon is crap and no one said anything :(
16:37:27 PING :rajaniemi.freenode.net
16:39:55 PING :rajaniemi.freenode.net
16:40:36 :EDSGD!~Thunderbi@cpe-75-83-30-231.socal.res.rr.com PRIVMSG ##reddit-gd :medos I told you why already
16:40:45 :EDSGD!~Thunderbi@cpe-75-83-30-231.socal.res.rr.com PRIVMSG ##reddit-gd :le unique snowflakes
16:42:17 :nazbot-pc!~nazbot@24-246-58-30.cable.teksavvy.com JOIN ##reddit-gd
16:42:23 PING :rajaniemi.freenode.net
16:42:55 :TheWhisper!~TheWhispe@unaffiliated/thewhisper PRIVMSG ##reddit-gd :http://i.imgur.com/heo9t.png
16:43:47 :EDSGD!~Thunderbi@cpe-75-83-30-231.socal.res.rr.com PRIVMSG ##reddit-gd :cool 
16:44:51 PING :rajaniemi.freenode.net
16:45:11 :Matt3000!Matt@174.141.142.86 JOIN ##reddit-gd
16:45:55 :EDSGD!~Thunderbi@cpe-75-83-30-231.socal.res.rr.com PRIVMSG ##reddit-gd :does anyone know  a good antivirus thing
16:46:07 :EDSGD!~Thunderbi@cpe-75-83-30-231.socal.res.rr.com PRIVMSG ##reddit-gd :since I can no longer use MSE
16:46:12 :EDSGD!~Thunderbi@cpe-75-83-30-231.socal.res.rr.com PRIVMSG ##reddit-gd :avast or avira?
16:46:21 :EDSGD!~Thunderbi@cpe-75-83-30-231.socal.res.rr.com PRIVMSG ##reddit-gd :or do both of em suck.
16:46:58 :TheWhisper!~TheWhispe@unaffiliated/thewhisper PRIVMSG ##reddit-gd :MSE
16:47:19 PING :rajaniemi.freenode.net
16:47:28 :EDSGD!~Thunderbi@cpe-75-83-30-231.socal.res.rr.com PRIVMSG ##reddit-gd :lol
16:47:34 :EDSGD!~Thunderbi@cpe-75-83-30-231.socal.res.rr.com PRIVMSG ##reddit-gd :I can't use it anymore
16:49:47 PING :rajaniemi.freenode.net
16:50:45 :TheWhisper!~TheWhispe@unaffiliated/thewhisper PRIVMSG ##reddit-gd :Oh, fuck this. 
16:50:50 :TheWhisper!~TheWhispe@unaffiliated/thewhisper PRIVMSG ##reddit-gd :I don't need to use a second user account
16:50:57 :TheWhisper!~TheWhispe@unaffiliated/thewhisper PRIVMSG ##reddit-gd :http://www.bustatech.com/run-multiple-dropbox-on-your-pc-at-the-same-time/
16:52:15 PING :rajaniemi.freenode.net
16:52:21 :EDSGD!~Thunderbi@cpe-75-83-30-231.socal.res.rr.com PRIVMSG ##reddit-gd :you just wanted to be cool for a minute
16:53:38 :EDSGD!~Thunderbi@cpe-75-83-30-231.socal.res.rr.com PRIVMSG ##reddit-gd :le I think Nexus font broke my suitcase
16:53:40 :EDSGD!~Thunderbi@cpe-75-83-30-231.socal.res.rr.com PRIVMSG ##reddit-gd ::(
16:54:43 PING :rajaniemi.freenode.net
16:57:11 PING :rajaniemi.freenode.net
16:59:39 PING :rajaniemi.freenode.net
17:02:07 PING :rajaniemi.freenode.net
17:04:35 PING :rajaniemi.freenode.net
17:07:03 PING :rajaniemi.freenode.net
17:09:31 PING :rajaniemi.freenode.net
17:10:42 :TheWhisper!~TheWhispe@unaffiliated/thewhisper PRIVMSG ##reddit-gd :Lol
17:10:46 :TheWhisper!~TheWhispe@unaffiliated/thewhisper PRIVMSG ##reddit-gd :How did it break it?
17:11:42 :medos!~medos@unaffiliated/medos PRIVMSG ##reddit-gd :suitcase?
17:11:59 PING :rajaniemi.freenode.net
17:14:26 :TheWhisper!~TheWhispe@unaffiliated/thewhisper PRIVMSG ##reddit-gd :http://i.imgur.com/uaIKA.png damn, i was accidentally so close to the right ratio :(
17:14:27 PING :rajaniemi.freenode.net
17:15:15 :Azra-el!~Azra-el@unaffiliated/azra-el JOIN ##reddit-gd
17:15:15 :ChanServ!ChanServ@services. MODE ##reddit-gd +o Azra-el
17:15:33 :EDSGD!~Thunderbi@cpe-75-83-30-231.socal.res.rr.com PRIVMSG ##reddit-gd :just saying
17:16:08 :EDSGD!~Thunderbi@cpe-75-83-30-231.socal.res.rr.com PRIVMSG ##reddit-gd :http://www.extensis.com/
17:16:55 PING :rajaniemi.freenode.net
17:19:23 PING :rajaniemi.freenode.net
17:21:51 PING :rajaniemi.freenode.net
17:24:19 PING :rajaniemi.freenode.net
17:26:47 PING :rajaniemi.freenode.net
17:28:36 :EDSGD!~Thunderbi@cpe-75-83-30-231.socal.res.rr.com QUIT :Quit: EDSGD
17:29:15 PING :rajaniemi.freenode.net
17:30:08 :EDSGD!~Thunderbi@cpe-75-83-30-231.socal.res.rr.com JOIN ##reddit-gd
17:30:08 :ChanServ!ChanServ@services. MODE ##reddit-gd +o EDSGD
17:31:43 PING :rajaniemi.freenode.net
17:34:10 :EDSGD!~Thunderbi@cpe-75-83-30-231.socal.res.rr.com QUIT :Remote host closed the connection
17:34:11 PING :rajaniemi.freenode.net
17:36:39 PING :rajaniemi.freenode.net
17:39:07 PING :rajaniemi.freenode.net
17:41:35 PING :rajaniemi.freenode.net
17:42:10 :EDSGD!~Thunderbi@cpe-75-83-30-231.socal.res.rr.com JOIN ##reddit-gd
17:42:10 :ChanServ!ChanServ@services. MODE ##reddit-gd +o EDSGD
17:44:03 PING :rajaniemi.freenode.net
17:46:31 PING :rajaniemi.freenode.net
17:48:33 :TheWhisper!~TheWhispe@unaffiliated/thewhisper PRIVMSG ##reddit-gd :http://i.imgur.com/Tgpl4.jpg lol wat
17:48:59 PING :rajaniemi.freenode.net
17:51:27 PING :rajaniemi.freenode.net
17:53:55 PING :rajaniemi.freenode.net
17:54:11 :EDSGD!~Thunderbi@cpe-75-83-30-231.socal.res.rr.com PRIVMSG ##reddit-gd :hahah
17:54:13 :EDSGD!~Thunderbi@cpe-75-83-30-231.socal.res.rr.com PRIVMSG ##reddit-gd :cool
17:54:21 :EDSGD!~Thunderbi@cpe-75-83-30-231.socal.res.rr.com PRIVMSG ##reddit-gd :Hope I get my cigar in the mail
17:54:21 :EDSGD!~Thunderbi@cpe-75-83-30-231.socal.res.rr.com PRIVMSG ##reddit-gd : :D
17:54:37 :EDSGD!~Thunderbi@cpe-75-83-30-231.socal.res.rr.com PRIVMSG ##reddit-gd :Hey TheWhisper what was the show that tickles all your liberal parts
17:54:38 :EDSGD!~Thunderbi@cpe-75-83-30-231.socal.res.rr.com PRIVMSG ##reddit-gd :???
17:54:44 :TheWhisper!~TheWhispe@unaffiliated/thewhisper PRIVMSG ##reddit-gd :The newsroom
17:54:47 :EDSGD!~Thunderbi@cpe-75-83-30-231.socal.res.rr.com PRIVMSG ##reddit-gd :I remember that you mentioned it once
17:54:52 :EDSGD!~Thunderbi@cpe-75-83-30-231.socal.res.rr.com PRIVMSG ##reddit-gd :awesome thanks
17:56:23 PING :rajaniemi.freenode.net
17:58:51 PING :rajaniemi.freenode.net
17:59:29 :EDSGD!~Thunderbi@cpe-75-83-30-231.socal.res.rr.com PRIVMSG ##reddit-gd :FUUUUCCCCKKK
17:59:35 :EDSGD!~Thunderbi@cpe-75-83-30-231.socal.res.rr.com PRIVMSG ##reddit-gd :My toilet is leaking 
17:59:38 :EDSGD!~Thunderbi@cpe-75-83-30-231.socal.res.rr.com PRIVMSG ##reddit-gd ::(
17:59:51 :EDSGD!~Thunderbi@cpe-75-83-30-231.socal.res.rr.com PRIVMSG ##reddit-gd :And I'm not much of a man to know how to fix one
17:59:54 :EDSGD!~Thunderbi@cpe-75-83-30-231.socal.res.rr.com PRIVMSG ##reddit-gd :::::(((((
18:01:19 PING :rajaniemi.freenode.net
18:03:47 PING :rajaniemi.freenode.net
18:06:15 PING :rajaniemi.freenode.net
18:08:43 PING :rajaniemi.freenode.net
18:11:11 PING :rajaniemi.freenode.net
18:12:12 :medos!~medos@unaffiliated/medos PRIVMSG ##reddit-gd :lol
18:12:31 :medos!~medos@unaffiliated/medos PRIVMSG ##reddit-gd :.g toilet leak lifeprotips
18:12:34 :nazbot-pc!~nazbot@24-246-58-30.cable.teksavvy.com PRIVMSG ##reddit-gd :hehe
18:13:26 :TheWhisper!~TheWhispe@unaffiliated/thewhisper PRIVMSG ##reddit-gd :lol
18:14:53 PING :rajaniemi.freenode.net
18:17:00 :EDSGD!~Thunderbi@cpe-75-83-30-231.socal.res.rr.com PRIVMSG ##reddit-gd :HAHAH thanks
18:17:02 :EDSGD!~Thunderbi@cpe-75-83-30-231.socal.res.rr.com PRIVMSG ##reddit-gd :xD
18:17:21 PING :rajaniemi.freenode.net
18:19:49 PING :rajaniemi.freenode.net
18:20:56 :medos!~medos@unaffiliated/medos PRIVMSG ##reddit-gd :WINNER
18:20:57 :medos!~medos@unaffiliated/medos PRIVMSG ##reddit-gd :http://i.imgur.com/ASmrJ.png
18:20:59 :medos!~medos@unaffiliated/medos PRIVMSG ##reddit-gd :of the day
18:21:32 :TheWhisper!~TheWhispe@unaffiliated/thewhisper PRIVMSG ##reddit-gd :http://i.imgur.com/jMZR2.png
18:21:34 :TheWhisper!~TheWhispe@unaffiliated/thewhisper PRIVMSG ##reddit-gd :-.-
18:21:53 :EDSGD!~Thunderbi@cpe-75-83-30-231.socal.res.rr.com PRIVMSG ##reddit-gd :yay congrats medos
18:22:00 :Carson!~carson@enat-152010252032.appstate.edu JOIN ##reddit-gd
18:22:17 PING :rajaniemi.freenode.net
18:24:40 :medos!~medos@unaffiliated/medos PRIVMSG ##reddit-gd :http://i.imgur.com/R53NO.png
18:24:45 PING :rajaniemi.freenode.net
18:26:07 :Carson!~carson@enat-152010252032.appstate.edu PRIVMSG ##reddit-gd :hello
18:27:13 PING :rajaniemi.freenode.net
18:27:38 :medos!~medos@unaffiliated/medos PRIVMSG ##reddit-gd :ʜɘllo
18:29:41 PING :rajaniemi.freenode.net
18:32:09 PING :rajaniemi.freenode.net
18:33:25 :TheWhisper!~TheWhispe@unaffiliated/thewhisper PRIVMSG ##reddit-gd :Text size for ipad?
18:33:29 :TheWhisper!~TheWhispe@unaffiliated/thewhisper PRIVMSG ##reddit-gd :14-16
18:33:30 :TheWhisper!~TheWhispe@unaffiliated/thewhisper PRIVMSG ##reddit-gd :?
18:33:56 :medos!~medos@unaffiliated/medos PRIVMSG ##reddit-gd :yards?
18:34:37 PING :rajaniemi.freenode.net
18:35:36 :TheWhisper!~TheWhispe@unaffiliated/thewhisper PRIVMSG ##reddit-gd :pt
18:35:40 :TheWhisper!~TheWhispe@unaffiliated/thewhisper PRIVMSG ##reddit-gd :or px
18:36:21 :medos!~medos@unaffiliated/medos PRIVMSG ##reddit-gd :.g ios default tableview text size
18:36:51 :medos!~medos@unaffiliated/medos PRIVMSG ##reddit-gd :.g default font size ios
18:38:56 PING :rajaniemi.freenode.net
18:41:24 PING :rajaniemi.freenode.net
18:43:52 PING :rajaniemi.freenode.net
18:43:54 :medos!~medos@unaffiliated/medos PRIVMSG ##reddit-gd :20
18:43:58 :medos!~medos@unaffiliated/medos PRIVMSG ##reddit-gd :i guess
18:46:20 PING :rajaniemi.freenode.net
18:48:48 PING :rajaniemi.freenode.net
18:51:16 PING :rajaniemi.freenode.net
18:53:44 PING :rajaniemi.freenode.net
18:56:12 PING :rajaniemi.freenode.net
18:58:40 PING :rajaniemi.freenode.net
19:01:08 PING :rajaniemi.freenode.net
19:03:36 PING :rajaniemi.freenode.net
19:05:21 :medos!~medos@unaffiliated/medos PRIVMSG ##reddit-gd :TheWhisper http://www.teehanlax.com/downloads/ipad-gui-psd-retina-display/
19:06:04 PING :rajaniemi.freenode.net
19:08:32 PING :rajaniemi.freenode.net
19:11:00 PING :rajaniemi.freenode.net
19:13:28 PING :rajaniemi.freenode.net
19:15:56 PING :rajaniemi.freenode.net
19:18:24 PING :rajaniemi.freenode.net
19:20:52 PING :rajaniemi.freenode.net
19:23:20 PING :rajaniemi.freenode.net
19:24:13 :Rachen!~Rachen@65.129.132.43 JOIN ##reddit-gd
19:25:48 PING :rajaniemi.freenode.net
19:28:16 PING :rajaniemi.freenode.net
19:30:44 PING :rajaniemi.freenode.net
19:33:12 PING :rajaniemi.freenode.net
19:35:40 PING :rajaniemi.freenode.net
19:38:08 PING :rajaniemi.freenode.net
19:40:36 PING :rajaniemi.freenode.net
19:43:04 PING :rajaniemi.freenode.net
19:45:32 PING :rajaniemi.freenode.net
19:45:50 :EDSGD!~Thunderbi@cpe-75-83-30-231.socal.res.rr.com QUIT :Quit: EDSGD
19:48:00 PING :rajaniemi.freenode.net
19:50:28 PING :rajaniemi.freenode.net
19:52:56 PING :rajaniemi.freenode.net
19:55:24 PING :rajaniemi.freenode.net
19:57:52 PING :rajaniemi.freenode.net
19:58:42 :Carson!~carson@enat-152010252032.appstate.edu QUIT :Read error: Connection reset by peer
19:58:51 :Carson!~carson@enat-152010252032.appstate.edu JOIN ##reddit-gd
20:00:20 PING :rajaniemi.freenode.net
20:02:48 PING :rajaniemi.freenode.net
20:03:38 :EDSGD!~Thunderbi@cpe-75-83-30-231.socal.res.rr.com JOIN ##reddit-gd
20:03:39 :ChanServ!ChanServ@services. MODE ##reddit-gd +o EDSGD
20:05:16 PING :rajaniemi.freenode.net
20:07:44 PING :rajaniemi.freenode.net
20:10:12 PING :rajaniemi.freenode.net
20:12:40 PING :rajaniemi.freenode.net
20:15:08 PING :rajaniemi.freenode.net
20:17:36 PING :rajaniemi.freenode.net
20:20:04 PING :rajaniemi.freenode.net
20:22:32 PING :rajaniemi.freenode.net
20:25:00 PING :rajaniemi.freenode.net
20:27:28 PING :rajaniemi.freenode.net
20:27:43 :Carson!~carson@enat-152010252032.appstate.edu QUIT :Remote host closed the connection
20:28:09 :Carson!~carson@enat-152010252032.appstate.edu JOIN ##reddit-gd
20:29:05 :EDSGD!~Thunderbi@cpe-75-83-30-231.socal.res.rr.com QUIT :Remote host closed the connection
20:29:56 PING :rajaniemi.freenode.net
20:32:24 PING :rajaniemi.freenode.net
20:33:06 :Carson!~carson@enat-152010252032.appstate.edu QUIT :Ping timeout: 264 seconds
20:34:52 PING :rajaniemi.freenode.net
20:37:20 PING :rajaniemi.freenode.net
20:39:48 PING :rajaniemi.freenode.net
20:42:16 PING :rajaniemi.freenode.net
20:44:44 PING :rajaniemi.freenode.net
20:47:12 PING :rajaniemi.freenode.net
20:47:48 :EDSGD!~Thunderbi@cpe-75-83-30-231.socal.res.rr.com JOIN ##reddit-gd
20:47:48 :ChanServ!ChanServ@services. MODE ##reddit-gd +o EDSGD
20:49:40 PING :rajaniemi.freenode.net
20:52:08 PING :rajaniemi.freenode.net
20:54:36 PING :rajaniemi.freenode.net
20:57:04 PING :rajaniemi.freenode.net
20:59:32 PING :rajaniemi.freenode.net
21:01:18 :edodes!~edodes@24-196-235-142.dhcp.gwnt.ga.charter.com JOIN ##reddit-gd
21:01:19 :edodes!~edodes@24-196-235-142.dhcp.gwnt.ga.charter.com QUIT :Changing host
21:01:19 :edodes!~edodes@unaffiliated/edodes JOIN ##reddit-gd
21:02:00 PING :rajaniemi.freenode.net
21:04:28 PING :rajaniemi.freenode.net
21:06:32 :Carson!~carson@enat-152010252032.appstate.edu JOIN ##reddit-gd
21:06:56 PING :rajaniemi.freenode.net
21:09:24 PING :rajaniemi.freenode.net
21:11:52 PING :rajaniemi.freenode.net
21:13:25 :EDSGD!~Thunderbi@cpe-75-83-30-231.socal.res.rr.com QUIT :Quit: EDSGD
21:14:20 PING :rajaniemi.freenode.net
21:16:48 PING :rajaniemi.freenode.net
21:19:16 PING :rajaniemi.freenode.net
21:21:44 PING :rajaniemi.freenode.net
21:24:12 PING :rajaniemi.freenode.net
21:26:40 PING :rajaniemi.freenode.net
21:27:10 :EDSGD!~Thunderbi@cpe-75-83-30-231.socal.res.rr.com JOIN ##reddit-gd
21:27:10 :ChanServ!ChanServ@services. MODE ##reddit-gd +o EDSGD
21:29:08 PING :rajaniemi.freenode.net
21:31:33 :EDSGD!~Thunderbi@cpe-75-83-30-231.socal.res.rr.com QUIT :Client Quit
21:31:36 PING :rajaniemi.freenode.net
21:34:04 PING :rajaniemi.freenode.net
21:36:32 PING :rajaniemi.freenode.net
21:39:00 PING :rajaniemi.freenode.net
21:41:28 PING :rajaniemi.freenode.net
21:43:56 PING :rajaniemi.freenode.net
21:45:14 :EDSGD!~Thunderbi@cpe-75-83-30-231.socal.res.rr.com JOIN ##reddit-gd
21:45:15 :ChanServ!ChanServ@services. MODE ##reddit-gd +o EDSGD
21:46:24 PING :rajaniemi.freenode.net
21:48:30 :EDSGD!~Thunderbi@cpe-75-83-30-231.socal.res.rr.com PRIVMSG ##reddit-gd :le
21:48:52 PING :rajaniemi.freenode.net
21:51:20 PING :rajaniemi.freenode.net
21:53:48 PING :rajaniemi.freenode.net
21:56:16 PING :rajaniemi.freenode.net
21:58:44 PING :rajaniemi.freenode.net
21:59:14 :TheWhisper!~TheWhispe@unaffiliated/thewhisper PRIVMSG ##reddit-gd :el
22:01:12 PING :rajaniemi.freenode.net
22:03:11 :Carson!~carson@enat-152010252032.appstate.edu QUIT :Remote host closed the connection
22:03:40 PING :rajaniemi.freenode.net
22:06:08 PING :rajaniemi.freenode.net
22:08:36 PING :rajaniemi.freenode.net
22:11:04 PING :rajaniemi.freenode.net
22:13:32 PING :rajaniemi.freenode.net
22:16:00 PING :rajaniemi.freenode.net
22:18:28 PING :rajaniemi.freenode.net
22:20:56 PING :rajaniemi.freenode.net
22:23:24 PING :rajaniemi.freenode.net
22:25:52 PING :rajaniemi.freenode.net
22:28:20 PING :rajaniemi.freenode.net
22:30:48 PING :rajaniemi.freenode.net
22:32:19 :thearrowflies_!~thearrowf@unaffiliated/thearrowflies NICK :thearrowflies
22:33:16 PING :rajaniemi.freenode.net
22:35:44 PING :rajaniemi.freenode.net
22:38:12 PING :rajaniemi.freenode.net
22:40:40 PING :rajaniemi.freenode.net
22:43:08 PING :rajaniemi.freenode.net
22:45:36 PING :rajaniemi.freenode.net
22:48:04 PING :rajaniemi.freenode.net
22:50:32 PING :rajaniemi.freenode.net
22:53:00 PING :rajaniemi.freenode.net
22:55:28 PING :rajaniemi.freenode.net
22:57:56 PING :rajaniemi.freenode.net
23:00:24 PING :rajaniemi.freenode.net
23:02:52 PING :rajaniemi.freenode.net
23:05:20 PING :rajaniemi.freenode.net
23:07:48 PING :rajaniemi.freenode.net
23:10:16 PING :rajaniemi.freenode.net
23:12:44 PING :rajaniemi.freenode.net
23:15:12 PING :rajaniemi.freenode.net
23:17:40 PING :rajaniemi.freenode.net
23:20:08 PING :rajaniemi.freenode.net
23:22:36 PING :rajaniemi.freenode.net
23:25:04 PING :rajaniemi.freenode.net
23:27:32 PING :rajaniemi.freenode.net
23:30:00 PING :rajaniemi.freenode.net
23:32:28 PING :rajaniemi.freenode.net
23:34:56 PING :rajaniemi.freenode.net
23:37:24 PING :rajaniemi.freenode.net
23:39:52 PING :rajaniemi.freenode.net
23:40:44 :TheWhisper!~TheWhispe@unaffiliated/thewhisper PRIVMSG ##reddit-gd :anyone here?
23:42:20 PING :rajaniemi.freenode.net
23:43:00 :Kocho!~Chris@c122-107-236-242.mckinn3.vic.optusnet.com.au JOIN ##reddit-gd
23:43:00 :Kocho!~Chris@c122-107-236-242.mckinn3.vic.optusnet.com.au QUIT :Changing host
23:43:00 :Kocho!~Chris@unaffiliated/kocho JOIN ##reddit-gd
23:43:08 :TheWhisper!~TheWhispe@unaffiliated/thewhisper PRIVMSG ##reddit-gd :kocho
23:43:11 :TheWhisper!~TheWhispe@unaffiliated/thewhisper PRIVMSG ##reddit-gd :brocho
23:43:17 :Kocho!~Chris@unaffiliated/kocho PRIVMSG ##reddit-gd :heyy
23:43:30 :TheWhisper!~TheWhispe@unaffiliated/thewhisper PRIVMSG ##reddit-gd :http://i.imgur.com/KbBNP.jpg
23:43:45 :TheWhisper!~TheWhispe@unaffiliated/thewhisper PRIVMSG ##reddit-gd :I really should have sketched it out better proportionally lol
23:44:48 PING :rajaniemi.freenode.net
23:45:33 :EDSGD!~Thunderbi@cpe-75-83-30-231.socal.res.rr.com PRIVMSG ##reddit-gd :More info please
23:45:33 :TheWhisper!~TheWhispe@unaffiliated/thewhisper PRIVMSG ##reddit-gd :http://modularscale.com/scale/?px1=16&px2=107&ra1=1.5&ra2=0
23:47:16 PING :rajaniemi.freenode.net
23:49:44 PING :rajaniemi.freenode.net
23:52:12 PING :rajaniemi.freenode.net
23:54:40 PING :rajaniemi.freenode.net
23:55:30 :TheWhisper!~TheWhispe@unaffiliated/thewhisper PRIVMSG ##reddit-gd :MORE INFO on what?
23:57:08 PING :rajaniemi.freenode.net
23:57:12 :TheWhisper!~TheWhispe@unaffiliated/thewhisper PRIVMSG ##reddit-gd :"Some men see things as they are and say why - I dream things that never were and say why not." 
23:57:22 :TheWhisper!~TheWhispe@unaffiliated/thewhisper PRIVMSG ##reddit-gd :That is a fucking awesome quote
23:59:36 PING :rajaniemi.freenode.net
