00:02:18 PING :rajaniemi.freenode.net
00:04:46 PING :rajaniemi.freenode.net
00:07:14 PING :rajaniemi.freenode.net
00:09:42 PING :rajaniemi.freenode.net
00:12:10 PING :rajaniemi.freenode.net
00:12:36 :nazbot-pc!~nazbot@24-246-58-30.cable.teksavvy.com JOIN ##reddit-gd
00:12:54 :nazbot-pc!~nazbot@24-246-58-30.cable.teksavvy.com QUIT :Client Quit
00:14:38 PING :rajaniemi.freenode.net
00:17:06 PING :rajaniemi.freenode.net
00:19:34 PING :rajaniemi.freenode.net
00:22:02 PING :rajaniemi.freenode.net
00:24:30 PING :rajaniemi.freenode.net
00:26:58 PING :rajaniemi.freenode.net
00:29:26 PING :rajaniemi.freenode.net
00:31:54 PING :rajaniemi.freenode.net
00:34:22 PING :rajaniemi.freenode.net
00:36:50 PING :rajaniemi.freenode.net
00:39:18 PING :rajaniemi.freenode.net
00:41:46 PING :rajaniemi.freenode.net
00:44:14 PING :rajaniemi.freenode.net
00:46:42 PING :rajaniemi.freenode.net
00:49:10 PING :rajaniemi.freenode.net
00:51:38 PING :rajaniemi.freenode.net
00:54:06 PING :rajaniemi.freenode.net
00:56:34 PING :rajaniemi.freenode.net
00:59:02 PING :rajaniemi.freenode.net
01:01:30 PING :rajaniemi.freenode.net
01:03:58 PING :rajaniemi.freenode.net
01:06:26 PING :rajaniemi.freenode.net
01:08:54 PING :rajaniemi.freenode.net
01:11:22 PING :rajaniemi.freenode.net
01:13:50 PING :rajaniemi.freenode.net
01:14:41 :Rachenlol!~Rachen@65.129.139.44 JOIN ##reddit-gd
01:16:18 PING :rajaniemi.freenode.net
01:18:46 PING :rajaniemi.freenode.net
01:19:15 :TheWhisper!~TheWhispe@unaffiliated/thewhisper PRIVMSG ##reddit-gd :hey rachenlol
01:19:28 :Rachenlol!~Rachen@65.129.139.44 PRIVMSG ##reddit-gd :hey
01:21:14 PING :rajaniemi.freenode.net
01:23:42 PING :rajaniemi.freenode.net
01:26:10 PING :rajaniemi.freenode.net
01:28:38 PING :rajaniemi.freenode.net
01:31:06 PING :rajaniemi.freenode.net
01:33:34 PING :rajaniemi.freenode.net
01:36:02 PING :rajaniemi.freenode.net
01:38:30 PING :rajaniemi.freenode.net
01:40:58 PING :rajaniemi.freenode.net
01:43:26 PING :rajaniemi.freenode.net
01:45:54 PING :rajaniemi.freenode.net
01:48:22 PING :rajaniemi.freenode.net
01:50:50 PING :rajaniemi.freenode.net
01:53:18 PING :rajaniemi.freenode.net
01:55:46 PING :rajaniemi.freenode.net
01:58:14 PING :rajaniemi.freenode.net
02:00:42 PING :rajaniemi.freenode.net
02:03:10 PING :rajaniemi.freenode.net
02:05:38 PING :rajaniemi.freenode.net
02:08:06 PING :rajaniemi.freenode.net
02:10:34 PING :rajaniemi.freenode.net
02:13:02 PING :rajaniemi.freenode.net
02:15:30 PING :rajaniemi.freenode.net
02:17:58 PING :rajaniemi.freenode.net
02:20:26 PING :rajaniemi.freenode.net
02:22:54 PING :rajaniemi.freenode.net
02:25:22 PING :rajaniemi.freenode.net
02:27:50 PING :rajaniemi.freenode.net
02:30:18 PING :rajaniemi.freenode.net
02:32:46 PING :rajaniemi.freenode.net
02:35:14 PING :rajaniemi.freenode.net
02:37:42 PING :rajaniemi.freenode.net
02:40:10 PING :rajaniemi.freenode.net
02:42:38 PING :rajaniemi.freenode.net
02:45:06 PING :rajaniemi.freenode.net
02:47:34 PING :rajaniemi.freenode.net
02:50:02 PING :rajaniemi.freenode.net
02:52:30 PING :rajaniemi.freenode.net
02:54:58 PING :rajaniemi.freenode.net
02:57:26 PING :rajaniemi.freenode.net
02:59:54 PING :rajaniemi.freenode.net
03:02:22 PING :rajaniemi.freenode.net
03:04:50 PING :rajaniemi.freenode.net
03:07:18 PING :rajaniemi.freenode.net
03:09:46 PING :rajaniemi.freenode.net
03:12:14 PING :rajaniemi.freenode.net
03:14:42 PING :rajaniemi.freenode.net
03:17:10 PING :rajaniemi.freenode.net
03:19:38 PING :rajaniemi.freenode.net
03:22:06 PING :rajaniemi.freenode.net
03:24:34 PING :rajaniemi.freenode.net
03:27:02 PING :rajaniemi.freenode.net
03:29:30 PING :rajaniemi.freenode.net
03:31:58 PING :rajaniemi.freenode.net
03:34:26 PING :rajaniemi.freenode.net
03:36:54 PING :rajaniemi.freenode.net
03:39:22 PING :rajaniemi.freenode.net
03:41:50 PING :rajaniemi.freenode.net
03:44:18 PING :rajaniemi.freenode.net
03:46:46 PING :rajaniemi.freenode.net
03:49:14 PING :rajaniemi.freenode.net
03:51:42 PING :rajaniemi.freenode.net
03:54:10 PING :rajaniemi.freenode.net
03:56:38 PING :rajaniemi.freenode.net
03:59:06 PING :rajaniemi.freenode.net
04:01:34 PING :rajaniemi.freenode.net
04:04:02 PING :rajaniemi.freenode.net
04:06:30 PING :rajaniemi.freenode.net
04:08:58 PING :rajaniemi.freenode.net
04:11:26 PING :rajaniemi.freenode.net
04:13:54 PING :rajaniemi.freenode.net
04:16:22 PING :rajaniemi.freenode.net
04:18:50 PING :rajaniemi.freenode.net
04:21:18 PING :rajaniemi.freenode.net
04:23:46 PING :rajaniemi.freenode.net
04:26:14 PING :rajaniemi.freenode.net
04:28:42 PING :rajaniemi.freenode.net
04:31:10 PING :rajaniemi.freenode.net
04:32:58 :zakmac!~zakmac@c-24-21-113-121.hsd1.or.comcast.net PRIVMSG ##reddit-gd :TheWhisper: which link will I like?
04:33:38 PING :rajaniemi.freenode.net
04:36:06 PING :rajaniemi.freenode.net
04:38:34 PING :rajaniemi.freenode.net
04:41:02 PING :rajaniemi.freenode.net
04:43:30 PING :rajaniemi.freenode.net
04:45:58 PING :rajaniemi.freenode.net
04:48:26 PING :rajaniemi.freenode.net
04:50:54 PING :rajaniemi.freenode.net
04:53:22 PING :rajaniemi.freenode.net
04:55:50 PING :rajaniemi.freenode.net
04:58:18 PING :rajaniemi.freenode.net
05:00:46 PING :rajaniemi.freenode.net
05:03:14 PING :rajaniemi.freenode.net
05:05:42 PING :rajaniemi.freenode.net
05:08:10 PING :rajaniemi.freenode.net
05:10:38 PING :rajaniemi.freenode.net
05:13:06 PING :rajaniemi.freenode.net
05:15:34 PING :rajaniemi.freenode.net
05:18:02 PING :rajaniemi.freenode.net
05:20:30 PING :rajaniemi.freenode.net
05:22:58 PING :rajaniemi.freenode.net
05:25:26 PING :rajaniemi.freenode.net
05:27:54 PING :rajaniemi.freenode.net
05:30:22 PING :rajaniemi.freenode.net
05:32:50 PING :rajaniemi.freenode.net
05:35:18 PING :rajaniemi.freenode.net
05:37:46 PING :rajaniemi.freenode.net
05:40:14 PING :rajaniemi.freenode.net
05:42:42 PING :rajaniemi.freenode.net
05:45:10 PING :rajaniemi.freenode.net
05:47:38 PING :rajaniemi.freenode.net
05:50:06 PING :rajaniemi.freenode.net
05:52:34 PING :rajaniemi.freenode.net
05:55:02 PING :rajaniemi.freenode.net
05:57:30 PING :rajaniemi.freenode.net
05:59:58 PING :rajaniemi.freenode.net
06:02:26 PING :rajaniemi.freenode.net
06:04:54 PING :rajaniemi.freenode.net
06:07:22 PING :rajaniemi.freenode.net
06:08:16 :EDSGD!~Thunderbi@cpe-75-83-30-231.socal.res.rr.com JOIN ##reddit-gd
06:08:17 :ChanServ!ChanServ@services. MODE ##reddit-gd +o EDSGD
06:08:35 :EDSGD!~Thunderbi@cpe-75-83-30-231.socal.res.rr.com PRIVMSG ##reddit-gd :hello
06:09:50 PING :rajaniemi.freenode.net
06:11:03 :zakmac!~zakmac@c-24-21-113-121.hsd1.or.comcast.net PRIVMSG ##reddit-gd :Yo
06:12:18 PING :rajaniemi.freenode.net
06:14:46 PING :rajaniemi.freenode.net
06:15:18 :EDSGD!~Thunderbi@cpe-75-83-30-231.socal.res.rr.com PRIVMSG ##reddit-gd :yay.
06:17:14 PING :rajaniemi.freenode.net
06:19:42 PING :rajaniemi.freenode.net
06:22:10 PING :rajaniemi.freenode.net
06:24:38 PING :rajaniemi.freenode.net
06:27:06 PING :rajaniemi.freenode.net
06:29:34 PING :rajaniemi.freenode.net
06:32:02 PING :rajaniemi.freenode.net
06:34:30 PING :rajaniemi.freenode.net
06:36:58 PING :rajaniemi.freenode.net
06:39:26 PING :rajaniemi.freenode.net
06:41:54 PING :rajaniemi.freenode.net
06:44:22 PING :rajaniemi.freenode.net
06:46:50 PING :rajaniemi.freenode.net
06:49:18 PING :rajaniemi.freenode.net
06:51:46 PING :rajaniemi.freenode.net
06:54:14 PING :rajaniemi.freenode.net
06:56:42 PING :rajaniemi.freenode.net
06:59:10 PING :rajaniemi.freenode.net
07:01:38 PING :rajaniemi.freenode.net
07:04:06 PING :rajaniemi.freenode.net
07:06:34 PING :rajaniemi.freenode.net
07:09:02 PING :rajaniemi.freenode.net
07:11:30 PING :rajaniemi.freenode.net
07:13:58 PING :rajaniemi.freenode.net
07:16:26 PING :rajaniemi.freenode.net
07:18:54 PING :rajaniemi.freenode.net
07:21:22 PING :rajaniemi.freenode.net
07:23:50 PING :rajaniemi.freenode.net
07:26:18 PING :rajaniemi.freenode.net
07:28:46 PING :rajaniemi.freenode.net
07:31:14 PING :rajaniemi.freenode.net
07:33:42 PING :rajaniemi.freenode.net
07:36:10 PING :rajaniemi.freenode.net
07:37:00 :thearrowflies_!~thearrowf@unaffiliated/thearrowflies QUIT :Read error: Connection reset by peer
07:37:23 :thearrowflies_!~thearrowf@209-6-41-37.c3-0.smr-ubr1.sbo-smr.ma.cable.rcn.com JOIN ##reddit-gd
07:37:23 :thearrowflies_!~thearrowf@209-6-41-37.c3-0.smr-ubr1.sbo-smr.ma.cable.rcn.com QUIT :Changing host
07:37:23 :thearrowflies_!~thearrowf@unaffiliated/thearrowflies JOIN ##reddit-gd
07:37:23 :ChanServ!ChanServ@services. MODE ##reddit-gd +o thearrowflies_
07:38:38 PING :rajaniemi.freenode.net
07:40:10 :EDSGD!~Thunderbi@cpe-75-83-30-231.socal.res.rr.com QUIT :Quit: EDSGD
07:41:06 PING :rajaniemi.freenode.net
07:43:34 PING :rajaniemi.freenode.net
07:46:02 PING :rajaniemi.freenode.net
07:48:30 PING :rajaniemi.freenode.net
07:50:58 PING :rajaniemi.freenode.net
07:53:26 PING :rajaniemi.freenode.net
07:55:54 PING :rajaniemi.freenode.net
07:58:22 PING :rajaniemi.freenode.net
08:00:50 PING :rajaniemi.freenode.net
08:03:18 PING :rajaniemi.freenode.net
08:05:46 PING :rajaniemi.freenode.net
08:08:14 PING :rajaniemi.freenode.net
08:10:42 PING :rajaniemi.freenode.net
08:13:10 PING :rajaniemi.freenode.net
08:15:38 PING :rajaniemi.freenode.net
08:18:06 PING :rajaniemi.freenode.net
08:20:34 PING :rajaniemi.freenode.net
08:23:02 PING :rajaniemi.freenode.net
08:25:30 PING :rajaniemi.freenode.net
08:27:58 PING :rajaniemi.freenode.net
08:30:26 PING :rajaniemi.freenode.net
08:32:54 PING :rajaniemi.freenode.net
08:35:22 PING :rajaniemi.freenode.net
08:37:50 PING :rajaniemi.freenode.net
08:40:18 PING :rajaniemi.freenode.net
08:42:46 PING :rajaniemi.freenode.net
08:45:14 PING :rajaniemi.freenode.net
08:47:42 PING :rajaniemi.freenode.net
08:50:10 PING :rajaniemi.freenode.net
08:52:38 PING :rajaniemi.freenode.net
08:55:06 PING :rajaniemi.freenode.net
08:57:34 PING :rajaniemi.freenode.net
09:00:02 PING :rajaniemi.freenode.net
09:00:12 :thearrowflies_!~thearrowf@unaffiliated/thearrowflies NICK :thearrowflies
09:02:30 PING :rajaniemi.freenode.net
09:04:58 PING :rajaniemi.freenode.net
09:07:26 PING :rajaniemi.freenode.net
09:09:54 PING :rajaniemi.freenode.net
09:12:22 PING :rajaniemi.freenode.net
09:14:50 PING :rajaniemi.freenode.net
09:17:18 PING :rajaniemi.freenode.net
09:19:46 PING :rajaniemi.freenode.net
09:22:14 PING :rajaniemi.freenode.net
09:24:42 PING :rajaniemi.freenode.net
09:27:10 PING :rajaniemi.freenode.net
09:29:38 PING :rajaniemi.freenode.net
09:32:06 PING :rajaniemi.freenode.net
09:34:34 PING :rajaniemi.freenode.net
09:37:02 PING :rajaniemi.freenode.net
09:39:30 PING :rajaniemi.freenode.net
09:41:58 PING :rajaniemi.freenode.net
09:44:14 :medos!~medos@p5B3DAE8F.dip.t-dialin.net JOIN ##reddit-gd
09:44:14 :medos!~medos@p5B3DAE8F.dip.t-dialin.net QUIT :Changing host
09:44:14 :medos!~medos@unaffiliated/medos JOIN ##reddit-gd
09:44:26 PING :rajaniemi.freenode.net
09:46:54 PING :rajaniemi.freenode.net
09:47:41 :medos!~medos@unaffiliated/medos PRIVMSG ##reddit-gd :wooooo
09:49:22 PING :rajaniemi.freenode.net
09:51:50 PING :rajaniemi.freenode.net
09:54:18 PING :rajaniemi.freenode.net
09:56:46 PING :rajaniemi.freenode.net
09:59:14 PING :rajaniemi.freenode.net
10:01:37 :medos!~medos@unaffiliated/medos PRIVMSG ##reddit-gd :http://www.tumblr.com/
10:01:42 PING :rajaniemi.freenode.net
10:01:55 :medos!~medos@unaffiliated/medos PRIVMSG ##reddit-gd :makes my head hurt
10:04:10 PING :rajaniemi.freenode.net
10:06:38 PING :rajaniemi.freenode.net
10:09:06 PING :rajaniemi.freenode.net
10:11:34 PING :rajaniemi.freenode.net
10:14:02 PING :rajaniemi.freenode.net
10:16:30 PING :rajaniemi.freenode.net
10:18:58 PING :rajaniemi.freenode.net
10:21:26 PING :rajaniemi.freenode.net
10:23:54 PING :rajaniemi.freenode.net
10:26:22 PING :rajaniemi.freenode.net
10:28:50 PING :rajaniemi.freenode.net
10:31:18 PING :rajaniemi.freenode.net
10:33:46 PING :rajaniemi.freenode.net
10:36:14 PING :rajaniemi.freenode.net
10:38:42 PING :rajaniemi.freenode.net
10:41:10 PING :rajaniemi.freenode.net
10:43:17 :Rachenlol!~Rachen@65.129.139.44 QUIT :Quit: - nbs-irc 2.39 - www.nbs-irc.net -
10:43:38 PING :rajaniemi.freenode.net
10:46:06 PING :rajaniemi.freenode.net
10:48:34 PING :rajaniemi.freenode.net
10:51:02 PING :rajaniemi.freenode.net
10:53:30 PING :rajaniemi.freenode.net
10:55:58 PING :rajaniemi.freenode.net
10:58:26 PING :rajaniemi.freenode.net
11:00:54 PING :rajaniemi.freenode.net
11:03:22 PING :rajaniemi.freenode.net
11:05:50 PING :rajaniemi.freenode.net
11:08:18 PING :rajaniemi.freenode.net
11:10:46 PING :rajaniemi.freenode.net
11:13:14 PING :rajaniemi.freenode.net
11:15:42 PING :rajaniemi.freenode.net
11:17:44 :medos!~medos@unaffiliated/medos PRIVMSG ##reddit-gd :nnoooooooooo
11:18:10 PING :rajaniemi.freenode.net
11:20:38 PING :rajaniemi.freenode.net
11:23:06 PING :rajaniemi.freenode.net
11:25:34 PING :rajaniemi.freenode.net
11:28:02 PING :rajaniemi.freenode.net
11:30:30 PING :rajaniemi.freenode.net
11:32:58 PING :rajaniemi.freenode.net
11:35:26 PING :rajaniemi.freenode.net
11:37:54 PING :rajaniemi.freenode.net
11:40:22 PING :rajaniemi.freenode.net
11:42:50 PING :rajaniemi.freenode.net
11:45:18 PING :rajaniemi.freenode.net
11:47:46 PING :rajaniemi.freenode.net
11:50:14 PING :rajaniemi.freenode.net
11:52:42 PING :rajaniemi.freenode.net
11:55:10 PING :rajaniemi.freenode.net
11:57:38 PING :rajaniemi.freenode.net
12:00:06 PING :rajaniemi.freenode.net
12:02:34 PING :rajaniemi.freenode.net
12:05:02 PING :rajaniemi.freenode.net
12:07:30 PING :rajaniemi.freenode.net
12:09:58 PING :rajaniemi.freenode.net
12:12:26 PING :rajaniemi.freenode.net
12:14:54 PING :rajaniemi.freenode.net
12:17:22 PING :rajaniemi.freenode.net
12:19:50 PING :rajaniemi.freenode.net
12:22:18 PING :rajaniemi.freenode.net
12:24:46 PING :rajaniemi.freenode.net
12:27:14 PING :rajaniemi.freenode.net
12:29:42 PING :rajaniemi.freenode.net
12:32:10 PING :rajaniemi.freenode.net
12:34:38 PING :rajaniemi.freenode.net
12:37:06 PING :rajaniemi.freenode.net
12:39:34 PING :rajaniemi.freenode.net
12:42:02 PING :rajaniemi.freenode.net
12:44:30 PING :rajaniemi.freenode.net
12:46:58 PING :rajaniemi.freenode.net
12:49:26 PING :rajaniemi.freenode.net
12:51:54 PING :rajaniemi.freenode.net
12:54:22 PING :rajaniemi.freenode.net
12:56:50 PING :rajaniemi.freenode.net
12:59:18 PING :rajaniemi.freenode.net
13:01:46 PING :rajaniemi.freenode.net
13:04:14 PING :rajaniemi.freenode.net
13:06:42 PING :rajaniemi.freenode.net
13:09:10 PING :rajaniemi.freenode.net
13:11:38 PING :rajaniemi.freenode.net
13:13:54 :medos!~medos@unaffiliated/medos PRIVMSG ##reddit-gd :?logo
13:14:00 :medos!~medos@unaffiliated/medos PRIVMSG ##reddit-gd :.rem logo http://i.imgur.com/OE411.png
13:15:06 :internetpolice!~medos@p5B3DAE9D.dip.t-dialin.net JOIN ##reddit-gd
13:15:06 :medos!~medos@unaffiliated/medos QUIT :Disconnected by services
13:15:35 :internetpolice!~medos@p5B3DAE9D.dip.t-dialin.net NICK :medos
13:15:36 :medos!~medos@p5B3DAE9D.dip.t-dialin.net QUIT :Changing host
13:15:36 :medos!~medos@unaffiliated/medos JOIN ##reddit-gd
13:16:34 PING :rajaniemi.freenode.net
13:19:02 PING :rajaniemi.freenode.net
13:21:30 PING :rajaniemi.freenode.net
13:23:58 PING :rajaniemi.freenode.net
13:26:26 PING :rajaniemi.freenode.net
13:27:57 :medos!~medos@unaffiliated/medos PRIVMSG ##reddit-gd :LOL
13:28:54 PING :rajaniemi.freenode.net
13:31:22 PING :rajaniemi.freenode.net
13:33:50 PING :rajaniemi.freenode.net
13:34:43 :medos!~medos@unaffiliated/medos QUIT :Disconnected by services
13:34:43 :internetpolice!~medos@p5B3DAE9D.dip.t-dialin.net JOIN ##reddit-gd
13:36:18 PING :rajaniemi.freenode.net
13:38:46 PING :rajaniemi.freenode.net
13:41:14 PING :rajaniemi.freenode.net
13:43:42 PING :rajaniemi.freenode.net
13:45:10 :internetpolice!~medos@p5B3DAE9D.dip.t-dialin.net PRIVMSG ##reddit-gd :?iphone
13:45:13 :internetpolice!~medos@p5B3DAE9D.dip.t-dialin.net PRIVMSG ##reddit-gd :?ios
13:47:24 PING :rajaniemi.freenode.net
13:49:52 PING :rajaniemi.freenode.net
13:52:20 PING :rajaniemi.freenode.net
13:54:48 PING :rajaniemi.freenode.net
13:57:16 PING :rajaniemi.freenode.net
13:59:44 PING :rajaniemi.freenode.net
14:02:12 PING :rajaniemi.freenode.net
14:04:40 PING :rajaniemi.freenode.net
14:07:08 PING :rajaniemi.freenode.net
14:09:36 PING :rajaniemi.freenode.net
14:12:04 PING :rajaniemi.freenode.net
14:14:32 PING :rajaniemi.freenode.net
14:16:38 :nazbot!~nazbot@24-246-58-30.cable.teksavvy.com JOIN ##reddit-gd
14:17:00 PING :rajaniemi.freenode.net
14:19:28 PING :rajaniemi.freenode.net
14:21:56 PING :rajaniemi.freenode.net
14:24:24 PING :rajaniemi.freenode.net
14:26:52 PING :rajaniemi.freenode.net
14:29:20 PING :rajaniemi.freenode.net
14:31:48 PING :rajaniemi.freenode.net
14:34:16 PING :rajaniemi.freenode.net
14:36:44 PING :rajaniemi.freenode.net
14:39:12 PING :rajaniemi.freenode.net
14:41:40 PING :rajaniemi.freenode.net
14:44:08 PING :rajaniemi.freenode.net
14:46:36 PING :rajaniemi.freenode.net
14:49:04 PING :rajaniemi.freenode.net
14:51:32 PING :rajaniemi.freenode.net
14:54:00 PING :rajaniemi.freenode.net
14:56:28 PING :rajaniemi.freenode.net
14:58:56 PING :rajaniemi.freenode.net
15:01:24 PING :rajaniemi.freenode.net
15:03:52 PING :rajaniemi.freenode.net
15:04:56 :TheWhisper!~TheWhispe@unaffiliated/thewhisper PRIVMSG ##reddit-gd :Internetpolice, where did you post that how to make a logo thing?
15:06:20 PING :rajaniemi.freenode.net
15:08:48 PING :rajaniemi.freenode.net
15:11:16 PING :rajaniemi.freenode.net
15:12:07 :TheWhisper!~TheWhispe@unaffiliated/thewhisper PRIVMSG ##reddit-gd :http://dribbble.com/shots/347197-Cake/attachments/16558 damn
15:12:55 :TheWhisper!~TheWhispe@unaffiliated/thewhisper PRIVMSG ##reddit-gd :"If I remember correctly people rarely look at the sidebar. :-P" haha
15:13:02 :TheWhisper!~TheWhispe@unaffiliated/thewhisper PRIVMSG ##reddit-gd :Also, nvm, I found the topic
15:13:17 :TheWhisper!~TheWhispe@unaffiliated/thewhisper PRIVMSG ##reddit-gd :LOL
15:13:19 :TheWhisper!~TheWhispe@unaffiliated/thewhisper PRIVMSG ##reddit-gd :wow
15:13:19 :TheWhisper!~TheWhispe@unaffiliated/thewhisper PRIVMSG ##reddit-gd :https://www.redditdonate.com/donate/89
15:13:20 :TheWhisper!~TheWhispe@unaffiliated/thewhisper PRIVMSG ##reddit-gd :Sad
15:13:27 :TheWhisper!~TheWhispe@unaffiliated/thewhisper PRIVMSG ##reddit-gd :Amount raised: $2
15:13:44 PING :rajaniemi.freenode.net
15:14:56 :edodes!~edodes@unaffiliated/edodes PRIVMSG ##reddit-gd :TheWhisper, link fo rthe logo thing?
15:14:59 :edodes!~edodes@unaffiliated/edodes PRIVMSG ##reddit-gd :for the*
15:15:04 :TheWhisper!~TheWhispe@unaffiliated/thewhisper PRIVMSG ##reddit-gd :http://www.reddit.com/r/graphic_design/comments/10zvmf/my_logo_design_was_chosen_what_do_i_need_to_know/
15:15:09 :edodes!~edodes@unaffiliated/edodes PRIVMSG ##reddit-gd :ty
15:15:33 :edodes!~edodes@unaffiliated/edodes PRIVMSG ##reddit-gd :was curious as to what you were referring too :)
15:16:12 PING :rajaniemi.freenode.net
15:16:39 :TheWhisper!~TheWhispe@unaffiliated/thewhisper PRIVMSG ##reddit-gd ::P
15:18:40 PING :rajaniemi.freenode.net
15:19:44 :TheWhisper!~TheWhispe@unaffiliated/thewhisper PRIVMSG ##reddit-gd :Shit, whoops. Just opened my PSD in Notepad lol
15:19:52 :TheWhisper!~TheWhispe@unaffiliated/thewhisper PRIVMSG ##reddit-gd :10 minutes of spinny wheel later...
15:21:08 PING :rajaniemi.freenode.net
15:23:36 PING :rajaniemi.freenode.net
15:26:04 PING :rajaniemi.freenode.net
15:28:32 PING :rajaniemi.freenode.net
15:31:00 PING :rajaniemi.freenode.net
15:33:28 PING :rajaniemi.freenode.net
15:35:56 PING :rajaniemi.freenode.net
15:38:24 PING :rajaniemi.freenode.net
15:39:45 :internetpolice!~medos@p5B3DAE9D.dip.t-dialin.net PRIVMSG ##reddit-gd :irony machinery
15:39:51 :internetpolice!~medos@p5B3DAE9D.dip.t-dialin.net PRIVMSG ##reddit-gd :hard @ work
15:40:52 PING :rajaniemi.freenode.net
15:43:20 PING :rajaniemi.freenode.net
15:45:48 PING :rajaniemi.freenode.net
15:48:16 PING :rajaniemi.freenode.net
15:50:44 PING :rajaniemi.freenode.net
15:53:12 PING :rajaniemi.freenode.net
15:55:40 PING :rajaniemi.freenode.net
15:58:08 PING :rajaniemi.freenode.net
16:00:36 PING :rajaniemi.freenode.net
16:03:04 PING :rajaniemi.freenode.net
16:04:23 :TheWhisper!~TheWhispe@unaffiliated/thewhisper PRIVMSG ##reddit-gd :?
16:05:32 PING :rajaniemi.freenode.net
16:08:00 PING :rajaniemi.freenode.net
16:08:23 :EDSGD!~Thunderbi@cpe-75-83-30-231.socal.res.rr.com JOIN ##reddit-gd
16:08:24 :ChanServ!ChanServ@services. MODE ##reddit-gd +o EDSGD
16:09:40 :internetpolice!~medos@p5B3DAE9D.dip.t-dialin.net PRIVMSG ##reddit-gd :.tell EDSGD lelele
16:09:43 :internetpolice!~medos@p5B3DAE9D.dip.t-dialin.net NICK :medos
16:09:44 :medos!~medos@p5B3DAE9D.dip.t-dialin.net QUIT :Changing host
16:09:44 :medos!~medos@unaffiliated/medos JOIN ##reddit-gd
16:10:46 :TheWhisper!~TheWhispe@unaffiliated/thewhisper PRIVMSG ##reddit-gd :Medos, irony machinery hard at work doing what?
16:10:48 :TheWhisper!~TheWhispe@unaffiliated/thewhisper PRIVMSG ##reddit-gd :.g wolfram
16:11:44 :medos!~medos@unaffiliated/medos PRIVMSG ##reddit-gd :.wolf ram
16:11:50 :medos!~medos@unaffiliated/medos PRIVMSG ##reddit-gd :.wa
16:11:57 :medos!~medos@unaffiliated/medos PRIVMSG ##reddit-gd :.wa 300 euro in usd
16:12:09 :medos!~medos@unaffiliated/medos PRIVMSG ##reddit-gd :.wa 300 eur in usd
16:12:16 :TheWhisper!~TheWhispe@unaffiliated/thewhisper PRIVMSG ##reddit-gd :Ha, that's funny. My browser URL field shortcut for searching Wolfram is wa too
16:12:38 :TheWhisper!~TheWhispe@unaffiliated/thewhisper PRIVMSG ##reddit-gd :Except mine works
16:12:52 :TheWhisper!~TheWhispe@unaffiliated/thewhisper PRIVMSG ##reddit-gd :http://i.imgur.com/q1Cbi.png
16:13:00 :medos!~medos@unaffiliated/medos PRIVMSG ##reddit-gd :cool
16:13:08 :TheWhisper!~TheWhispe@unaffiliated/thewhisper PRIVMSG ##reddit-gd :http://i.imgur.com/dDIdY.png
16:13:16 :medos!~medos@unaffiliated/medos PRIVMSG ##reddit-gd :copy paste
16:13:23 :medos!~medos@unaffiliated/medos PRIVMSG ##reddit-gd :the dollar amount
16:13:27 :medos!~medos@unaffiliated/medos PRIVMSG ##reddit-gd :in here pls
16:13:31 :TheWhisper!~TheWhispe@unaffiliated/thewhisper PRIVMSG ##reddit-gd :$390.9
16:13:42 :TheWhisper!~TheWhispe@unaffiliated/thewhisper PRIVMSG ##reddit-gd :.wa 300 euros to usd
16:13:44 :medos!~medos@unaffiliated/medos PRIVMSG ##reddit-gd :now logout and do it again
16:13:50 :medos!~medos@unaffiliated/medos PRIVMSG ##reddit-gd :genius
16:13:53 :TheWhisper!~TheWhispe@unaffiliated/thewhisper PRIVMSG ##reddit-gd :logout of what?
16:13:57 :medos!~medos@unaffiliated/medos PRIVMSG ##reddit-gd :wolfram
16:14:02 :TheWhisper!~TheWhispe@unaffiliated/thewhisper PRIVMSG ##reddit-gd :I'm not logged in
16:14:02 :TheWhisper!~TheWhispe@unaffiliated/thewhisper PRIVMSG ##reddit-gd :?
16:14:12 :TheWhisper!~TheWhispe@unaffiliated/thewhisper PRIVMSG ##reddit-gd :http://i.imgur.com/f14RK.png
16:14:40 :EDSGD!~Thunderbi@cpe-75-83-30-231.socal.res.rr.com PRIVMSG ##reddit-gd :.g M film
16:14:57 :medos!~medos@unaffiliated/medos PRIVMSG ##reddit-gd :why do you have a settings bar ? :P
16:15:28 :TheWhisper!~TheWhispe@unaffiliated/thewhisper PRIVMSG ##reddit-gd :I dunno
16:15:39 :TheWhisper!~TheWhispe@unaffiliated/thewhisper PRIVMSG ##reddit-gd :'lol
16:15:40 :TheWhisper!~TheWhispe@unaffiliated/thewhisper PRIVMSG ##reddit-gd :http://i.imgur.com/NaxA2.png
16:15:43 :TheWhisper!~TheWhispe@unaffiliated/thewhisper PRIVMSG ##reddit-gd :That's why, apparently
16:16:43 :medos!~medos@unaffiliated/medos PRIVMSG ##reddit-gd :lemme guess
16:16:47 :medos!~medos@unaffiliated/medos PRIVMSG ##reddit-gd :you have noscript running?
16:17:15 PING :rajaniemi.freenode.net
16:17:19 :TheWhisper!~TheWhispe@unaffiliated/thewhisper PRIVMSG ##reddit-gd :Yes, but not for wa
16:17:25 :TheWhisper!~TheWhispe@unaffiliated/thewhisper PRIVMSG ##reddit-gd :It's only blocking sharethis.com on wa
16:17:43 :TheWhisper!~TheWhispe@unaffiliated/thewhisper PRIVMSG ##reddit-gd :http://i.imgur.com/og99M.png
16:18:00 :medos!~medos@unaffiliated/medos PRIVMSG ##reddit-gd :turn noscript off
16:18:03 :medos!~medos@unaffiliated/medos PRIVMSG ##reddit-gd :f5 wolfram
16:18:07 :medos!~medos@unaffiliated/medos PRIVMSG ##reddit-gd :copy paste text
16:18:54 :TheWhisper!~TheWhispe@unaffiliated/thewhisper PRIVMSG ##reddit-gd :http://i.imgur.com/ZkqPt.png
16:18:57 :TheWhisper!~TheWhispe@unaffiliated/thewhisper PRIVMSG ##reddit-gd :Like that?
16:19:04 :medos!~medos@unaffiliated/medos PRIVMSG ##reddit-gd :no
16:19:09 :medos!~medos@unaffiliated/medos PRIVMSG ##reddit-gd :use a browser without plugins
16:19:13 :medos!~medos@unaffiliated/medos PRIVMSG ##reddit-gd :go private session
16:19:18 :medos!~medos@unaffiliated/medos PRIVMSG ##reddit-gd :then open wa again
16:19:33 :TheWhisper!~TheWhispe@unaffiliated/thewhisper PRIVMSG ##reddit-gd :What are we trying to figure out?
16:19:43 PING :rajaniemi.freenode.net
16:20:04 :medos!~medos@unaffiliated/medos PRIVMSG ##reddit-gd :i'm trying to explain to you why the bot can not under any circumstance pull results from WA
16:20:21 :medos!~medos@unaffiliated/medos PRIVMSG ##reddit-gd :you're supposed to go no-plugin wolfram alpha
16:20:30 :medos!~medos@unaffiliated/medos PRIVMSG ##reddit-gd :copy paste the result of 300 eur in usd
16:20:41 :TheWhisper!~TheWhispe@unaffiliated/thewhisper PRIVMSG ##reddit-gd :http://i.imgur.com/Y3yD0.png
16:20:46 :TheWhisper!~TheWhispe@unaffiliated/thewhisper PRIVMSG ##reddit-gd :Oh yeah
16:20:49 :TheWhisper!~TheWhispe@unaffiliated/thewhisper PRIVMSG ##reddit-gd :That stupid thing they have
16:21:12 :medos!~medos@unaffiliated/medos PRIVMSG ##reddit-gd :it's not stupid
16:21:19 :TheWhisper!~TheWhispe@unaffiliated/thewhisper PRIVMSG ##reddit-gd :Well, for them it's not.
16:21:25 :medos!~medos@unaffiliated/medos PRIVMSG ##reddit-gd :it's you not accounting for the lowest common denominator
16:21:28 :TheWhisper!~TheWhispe@unaffiliated/thewhisper PRIVMSG ##reddit-gd :Lol
16:21:29 :medos!~medos@unaffiliated/medos PRIVMSG ##reddit-gd :like always
16:21:31 :TheWhisper!~TheWhispe@unaffiliated/thewhisper PRIVMSG ##reddit-gd :It's not the LCD
16:21:33 :medos!~medos@unaffiliated/medos PRIVMSG ##reddit-gd :erryday
16:21:37 :TheWhisper!~TheWhispe@unaffiliated/thewhisper PRIVMSG ##reddit-gd :It's them 1) trying to get registered users
16:21:50 :TheWhisper!~TheWhispe@unaffiliated/thewhisper PRIVMSG ##reddit-gd :and 2) making it so if people want to use data from WA in their sites/bots/etc
16:21:52 :TheWhisper!~TheWhispe@unaffiliated/thewhisper PRIVMSG ##reddit-gd :they need to register
16:21:59 :TheWhisper!~TheWhispe@unaffiliated/thewhisper PRIVMSG ##reddit-gd :Completely makes sense for WA to have it
16:22:11 PING :rajaniemi.freenode.net
16:22:12 :TheWhisper!~TheWhispe@unaffiliated/thewhisper PRIVMSG ##reddit-gd :Annoying (though only slightly) for users
16:22:21 :TheWhisper!~TheWhispe@unaffiliated/thewhisper PRIVMSG ##reddit-gd :It's not by any means a LCD thing in my opinion
16:22:29 :TheWhisper!~TheWhispe@unaffiliated/thewhisper PRIVMSG ##reddit-gd :Unless we're counting scrapers as LCD
16:22:41 :medos!~medos@unaffiliated/medos PRIVMSG ##reddit-gd :no
16:22:55 :medos!~medos@unaffiliated/medos PRIVMSG ##reddit-gd :(18:12:39) (@TheWhisper): Ha, that's funny. My browser URL field shortcut for searching Wolfram is wa too
16:22:55 :medos!~medos@unaffiliated/medos PRIVMSG ##reddit-gd :(18:12:40) (Awesomius): medos: no results
16:22:55 :medos!~medos@unaffiliated/medos PRIVMSG ##reddit-gd :(18:13:01) (@TheWhisper): Except mine works
16:23:02 :medos!~medos@unaffiliated/medos PRIVMSG ##reddit-gd :that was all really
16:23:13 :TheWhisper!~TheWhispe@unaffiliated/thewhisper PRIVMSG ##reddit-gd :Lol
16:23:17 :medos!~medos@unaffiliated/medos PRIVMSG ##reddit-gd :yours works because you are using plugins
16:23:27 :medos!~medos@unaffiliated/medos PRIVMSG ##reddit-gd :bot aint got no noscript
16:23:36 :TheWhisper!~TheWhispe@unaffiliated/thewhisper PRIVMSG ##reddit-gd :Why don't you have the bot get the image link
16:23:37 :TheWhisper!~TheWhispe@unaffiliated/thewhisper PRIVMSG ##reddit-gd :http://www4b.wolframalpha.com/Calculate/MSP/MSP141971a3ace3hd6de9e6000002c1db40h83fbd9e9?MSPStoreType=image/gif&s=63&w=132&h=18
16:24:02 :medos!~medos@unaffiliated/medos PRIVMSG ##reddit-gd :because it's probably using a deprecated api call and would work if it's updated
16:24:05 :TheWhisper!~TheWhispe@unaffiliated/thewhisper PRIVMSG ##reddit-gd :I'm not sure if that's uniquely keyed to my cookies though
16:24:31 :TheWhisper!~TheWhispe@unaffiliated/thewhisper PRIVMSG ##reddit-gd :http://products.wolframalpha.com/api/
16:24:39 PING :rajaniemi.freenode.net
16:24:56 :medos!~medos@unaffiliated/medos PRIVMSG ##reddit-gd :so someone could sign up
16:25:04 :medos!~medos@unaffiliated/medos PRIVMSG ##reddit-gd :and have the bot be usable 2000 times this month
16:26:22 :medos!~medos@unaffiliated/medos PRIVMSG ##reddit-gd :.weather
16:26:28 :medos!~medos@unaffiliated/medos PRIVMSG ##reddit-gd :hm
16:27:05 :TheWhisper!~TheWhispe@unaffiliated/thewhisper PRIVMSG ##reddit-gd :.weather 25930
16:27:21 :TheWhisper!~TheWhispe@unaffiliated/thewhisper PRIVMSG ##reddit-gd :.weather 90210
16:27:28 :medos!~medos@unaffiliated/medos PRIVMSG ##reddit-gd :it's borked
16:27:36 :TheWhisper!~TheWhispe@unaffiliated/thewhisper PRIVMSG ##reddit-gd :Seems like it
16:28:46 :medos!~medos@unaffiliated/medos PRIVMSG ##reddit-gd :http://i.imgur.com/P8s5Q.png
16:28:58 PING :rajaniemi.freenode.net
16:30:05 :TheWhisper!~TheWhispe@unaffiliated/thewhisper PRIVMSG ##reddit-gd :What does the last.fm module do?
16:30:56 :medos!~medos@unaffiliated/medos PRIVMSG ##reddit-gd :not do anything
16:31:10 :TheWhisper!~TheWhispe@unaffiliated/thewhisper PRIVMSG ##reddit-gd :What was it supposed to do?
16:31:26 PING :rajaniemi.freenode.net
16:31:37 :medos!~medos@unaffiliated/medos PRIVMSG ##reddit-gd :.g skybot lastfm.py
16:32:14 :medos!~medos@unaffiliated/medos PRIVMSG ##reddit-gd :https://github.com/stoneLeaf/aimable/commit/b939a94be7b02da9abf7a978f2b4587abdca8b8c
16:32:41 :TheWhisper!~TheWhispe@unaffiliated/thewhisper PRIVMSG ##reddit-gd :Ah, cool
16:33:54 PING :rajaniemi.freenode.net
16:36:22 PING :rajaniemi.freenode.net
16:38:50 PING :rajaniemi.freenode.net
16:41:18 PING :rajaniemi.freenode.net
16:43:46 PING :rajaniemi.freenode.net
16:46:14 PING :rajaniemi.freenode.net
16:47:20 :zakmac!~zakmac@c-24-21-113-121.hsd1.or.comcast.net QUIT :Quit: zakmac
16:48:42 PING :rajaniemi.freenode.net
16:51:10 PING :rajaniemi.freenode.net
16:52:11 :TheWhisper!~TheWhispe@unaffiliated/thewhisper PRIVMSG ##reddit-gd :.g 23 / 15
16:52:15 :TheWhisper!~TheWhispe@unaffiliated/thewhisper PRIVMSG ##reddit-gd :helpful
16:54:15 PING :rajaniemi.freenode.net
16:56:43 PING :rajaniemi.freenode.net
16:57:27 :nazbot!~nazbot@24-246-58-30.cable.teksavvy.com QUIT :Quit: nazbot
16:59:11 PING :rajaniemi.freenode.net
17:01:39 PING :rajaniemi.freenode.net
17:04:07 PING :rajaniemi.freenode.net
17:06:35 PING :rajaniemi.freenode.net
17:09:03 PING :rajaniemi.freenode.net
17:11:31 PING :rajaniemi.freenode.net
17:13:59 PING :rajaniemi.freenode.net
17:16:27 PING :rajaniemi.freenode.net
17:18:55 PING :rajaniemi.freenode.net
17:21:23 PING :rajaniemi.freenode.net
17:23:51 PING :rajaniemi.freenode.net
17:26:19 PING :rajaniemi.freenode.net
17:28:47 PING :rajaniemi.freenode.net
17:31:15 PING :rajaniemi.freenode.net
17:33:43 PING :rajaniemi.freenode.net
17:36:11 PING :rajaniemi.freenode.net
17:38:39 PING :rajaniemi.freenode.net
17:41:07 PING :rajaniemi.freenode.net
17:43:35 PING :rajaniemi.freenode.net
17:45:29 :TheWhisper!~TheWhispe@unaffiliated/thewhisper PRIVMSG ##reddit-gd :.g photoshop + copy gradient stops
17:47:54 PING :rajaniemi.freenode.net
17:50:22 PING :rajaniemi.freenode.net
17:52:50 PING :rajaniemi.freenode.net
17:55:18 PING :rajaniemi.freenode.net
17:57:46 PING :rajaniemi.freenode.net
18:00:14 PING :rajaniemi.freenode.net
18:02:42 PING :rajaniemi.freenode.net
18:05:10 PING :rajaniemi.freenode.net
18:07:38 PING :rajaniemi.freenode.net
18:07:40 :Carson!~carson@enat-152010252032.appstate.edu JOIN ##reddit-gd
18:08:59 :medos!~medos@unaffiliated/medos PRIVMSG ##reddit-gd :le
18:10:06 PING :rajaniemi.freenode.net
18:12:34 PING :rajaniemi.freenode.net
18:15:02 PING :rajaniemi.freenode.net
18:17:30 PING :rajaniemi.freenode.net
18:19:58 PING :rajaniemi.freenode.net
18:22:26 PING :rajaniemi.freenode.net
18:24:54 PING :rajaniemi.freenode.net
18:26:50 :Carson!~carson@enat-152010252032.appstate.edu QUIT :Remote host closed the connection
18:27:22 PING :rajaniemi.freenode.net
18:28:40 :EDSGD!~Thunderbi@cpe-75-83-30-231.socal.res.rr.com PRIVMSG ##reddit-gd :Damn I  can't install siwapp
18:28:49 :EDSGD!~Thunderbi@cpe-75-83-30-231.socal.res.rr.com PRIVMSG ##reddit-gd :so I can try it out.
18:29:50 PING :rajaniemi.freenode.net
18:30:28 :Carson!~carson@enat-152010252032.appstate.edu JOIN ##reddit-gd
18:32:18 PING :rajaniemi.freenode.net
18:34:46 PING :rajaniemi.freenode.net
18:37:14 PING :rajaniemi.freenode.net
18:39:42 PING :rajaniemi.freenode.net
18:42:10 PING :rajaniemi.freenode.net
18:42:35 :Carson!~carson@enat-152010252032.appstate.edu QUIT :Remote host closed the connection
18:44:38 PING :rajaniemi.freenode.net
18:47:06 PING :rajaniemi.freenode.net
18:47:18 :TheWhisper!~TheWhispe@unaffiliated/thewhisper PRIVMSG ##reddit-gd :.g siwapp
18:47:24 :TheWhisper!~TheWhispe@unaffiliated/thewhisper PRIVMSG ##reddit-gd :Edsgd, why not?
18:49:34 PING :rajaniemi.freenode.net
18:52:02 PING :rajaniemi.freenode.net
18:54:30 PING :rajaniemi.freenode.net
18:56:01 :EDSGD!~Thunderbi@cpe-75-83-30-231.socal.res.rr.com PRIVMSG ##reddit-gd :I'm trying to install it locally and its a bitch
18:56:18 :EDSGD!~Thunderbi@cpe-75-83-30-231.socal.res.rr.com PRIVMSG ##reddit-gd :I've done exactly as their instructions said.
18:56:54 :EDSGD!~Thunderbi@cpe-75-83-30-231.socal.res.rr.com PRIVMSG ##reddit-gd :And I keep getting the stupid error saying that I can't connect to the database.
18:56:58 PING :rajaniemi.freenode.net
18:57:52 :EDSGD!~Thunderbi@cpe-75-83-30-231.socal.res.rr.com PRIVMSG ##reddit-gd :I know everything thing is correct because I installed wordpress just to make sure that it is working.
18:57:59 :TheWhisper!~TheWhispe@unaffiliated/thewhisper PRIVMSG ##reddit-gd :Apparently my parents are going to France this week and they're leaving in like 2 hours
18:58:05 :TheWhisper!~TheWhispe@unaffiliated/thewhisper PRIVMSG ##reddit-gd :And they just called to tell me that haha
18:58:11 :EDSGD!~Thunderbi@cpe-75-83-30-231.socal.res.rr.com PRIVMSG ##reddit-gd :LOL
18:58:13 :TheWhisper!~TheWhispe@unaffiliated/thewhisper PRIVMSG ##reddit-gd :Hm
18:58:51 :TheWhisper!~TheWhispe@unaffiliated/thewhisper PRIVMSG ##reddit-gd :You're following their install guide?
18:58:59 :EDSGD!~Thunderbi@cpe-75-83-30-231.socal.res.rr.com PRIVMSG ##reddit-gd :yup.
18:59:26 PING :rajaniemi.freenode.net
18:59:33 :TheWhisper!~TheWhispe@unaffiliated/thewhisper PRIVMSG ##reddit-gd :What's the exact error?
19:00:34 :EDSGD!~Thunderbi@cpe-75-83-30-231.socal.res.rr.com PRIVMSG ##reddit-gd :"can't connect to database
19:01:54 PING :rajaniemi.freenode.net
19:01:59 :TheWhisper!~TheWhispe@unaffiliated/thewhisper PRIVMSG ##reddit-gd :Try reinstalling it?
19:02:17 :EDSGD!~Thunderbi@cpe-75-83-30-231.socal.res.rr.com PRIVMSG ##reddit-gd :I have.
19:02:20 :TheWhisper!~TheWhispe@unaffiliated/thewhisper PRIVMSG ##reddit-gd :http://dev.siwapp.org/projects/siwapp/wiki/roughInstallGuide
19:02:24 :TheWhisper!~TheWhispe@unaffiliated/thewhisper PRIVMSG ##reddit-gd :is that the guide you used
19:02:26 :EDSGD!~Thunderbi@cpe-75-83-30-231.socal.res.rr.com PRIVMSG ##reddit-gd :A whole bunch of times.
19:02:44 :EDSGD!~Thunderbi@cpe-75-83-30-231.socal.res.rr.com PRIVMSG ##reddit-gd :yeah.
19:02:49 :EDSGD!~Thunderbi@cpe-75-83-30-231.socal.res.rr.com PRIVMSG ##reddit-gd :I gave up.
19:02:53 :TheWhisper!~TheWhispe@unaffiliated/thewhisper PRIVMSG ##reddit-gd :Lol
19:02:59 :EDSGD!~Thunderbi@cpe-75-83-30-231.socal.res.rr.com PRIVMSG ##reddit-gd :I might use .g simple invoices
19:02:59 :TheWhisper!~TheWhispe@unaffiliated/thewhisper PRIVMSG ##reddit-gd :Try posting on the forums
19:03:09 :EDSGD!~Thunderbi@cpe-75-83-30-231.socal.res.rr.com PRIVMSG ##reddit-gd :or quickbooks 
19:03:12 :EDSGD!~Thunderbi@cpe-75-83-30-231.socal.res.rr.com PRIVMSG ##reddit-gd ::)
19:03:20 :TheWhisper!~TheWhispe@unaffiliated/thewhisper PRIVMSG ##reddit-gd :lol
19:04:22 PING :rajaniemi.freenode.net
19:05:46 :EDSGD!~Thunderbi@cpe-75-83-30-231.socal.res.rr.com PRIVMSG ##reddit-gd :LOL
19:06:01 :EDSGD!~Thunderbi@cpe-75-83-30-231.socal.res.rr.com PRIVMSG ##reddit-gd :Poor people are evil according to 12 angry men
19:06:02 :EDSGD!~Thunderbi@cpe-75-83-30-231.socal.res.rr.com PRIVMSG ##reddit-gd ::p
19:06:06 :medos!~medos@unaffiliated/medos PRIVMSG ##reddit-gd :looks horrible
19:06:17 :TheWhisper!~TheWhispe@unaffiliated/thewhisper PRIVMSG ##reddit-gd :What does?
19:06:20 :EDSGD!~Thunderbi@cpe-75-83-30-231.socal.res.rr.com PRIVMSG ##reddit-gd :poor people?
19:06:24 :medos!~medos@unaffiliated/medos PRIVMSG ##reddit-gd :wait
19:06:26 :TheWhisper!~TheWhispe@unaffiliated/thewhisper PRIVMSG ##reddit-gd ::p?
19:06:31 :TheWhisper!~TheWhispe@unaffiliated/thewhisper PRIVMSG ##reddit-gd :The website I haven't shown you?
19:06:34 :medos!~medos@unaffiliated/medos PRIVMSG ##reddit-gd :EDSGD are you hosting this thing locally?
19:06:39 :EDSGD!~Thunderbi@cpe-75-83-30-231.socal.res.rr.com PRIVMSG ##reddit-gd :yes.
19:06:48 :EDSGD!~Thunderbi@cpe-75-83-30-231.socal.res.rr.com PRIVMSG ##reddit-gd :Why would I do it on the web?
19:06:50 PING :rajaniemi.freenode.net
19:08:02 :medos!~medos@unaffiliated/medos PRIVMSG ##reddit-gd :on your pc?
19:08:11 :EDSGD!~Thunderbi@cpe-75-83-30-231.socal.res.rr.com PRIVMSG ##reddit-gd :yup.
19:08:48 :medos!~medos@unaffiliated/medos PRIVMSG ##reddit-gd :don't complain about performance problems when you host that thing on your pc :P
19:08:56 :medos!~medos@unaffiliated/medos PRIVMSG ##reddit-gd :should at least have a secondary yadayada
19:09:06 :EDSGD!~Thunderbi@cpe-75-83-30-231.socal.res.rr.com PRIVMSG ##reddit-gd :I wont.
19:09:09 :medos!~medos@unaffiliated/medos PRIVMSG ##reddit-gd :file/web/database server laptop
19:09:10 :EDSGD!~Thunderbi@cpe-75-83-30-231.socal.res.rr.com PRIVMSG ##reddit-gd ::p
19:09:12 :medos!~medos@unaffiliated/medos PRIVMSG ##reddit-gd :pc
19:09:14 :medos!~medos@unaffiliated/medos PRIVMSG ##reddit-gd :yeah
19:09:18 PING :rajaniemi.freenode.net
19:09:30 :medos!~medos@unaffiliated/medos PRIVMSG ##reddit-gd :you're the guy who wanted to send files to clients by emailing them your ip
19:09:32 :TheWhisper!~TheWhispe@unaffiliated/thewhisper PRIVMSG ##reddit-gd :lol
19:09:34 :TheWhisper!~TheWhispe@unaffiliated/thewhisper PRIVMSG ##reddit-gd :LOL
19:09:41 :TheWhisper!~TheWhispe@unaffiliated/thewhisper PRIVMSG ##reddit-gd :?edsgd
19:10:02 :medos!~medos@unaffiliated/medos PRIVMSG ##reddit-gd :well he did want to start a webserver
19:10:06 :medos!~medos@unaffiliated/medos PRIVMSG ##reddit-gd :but mang
19:10:11 :medos!~medos@unaffiliated/medos PRIVMSG ##reddit-gd :goes to bed client can't access files
19:10:27 :EDSGD!~Thunderbi@cpe-75-83-30-231.socal.res.rr.com PRIVMSG ##reddit-gd :This is just for personal use. 
19:10:29 :TheWhisper!~TheWhispe@unaffiliated/thewhisper PRIVMSG ##reddit-gd :gives client access to pc
19:10:32 :TheWhisper!~TheWhispe@unaffiliated/thewhisper PRIVMSG ##reddit-gd :client fucks up everything
19:11:46 PING :rajaniemi.freenode.net
19:14:14 PING :rajaniemi.freenode.net
19:14:49 :TheWhisper!~TheWhispe@unaffiliated/thewhisper PRIVMSG ##reddit-gd :edsgd wanna see the site
19:14:55 :EDSGD!~Thunderbi@cpe-75-83-30-231.socal.res.rr.com PRIVMSG ##reddit-gd :live?
19:14:59 :TheWhisper!~TheWhispe@unaffiliated/thewhisper PRIVMSG ##reddit-gd :I think I have it pretty much fini
19:15:02 :TheWhisper!~TheWhispe@unaffiliated/thewhisper PRIVMSG ##reddit-gd :No lol :(
19:15:06 :TheWhisper!~TheWhispe@unaffiliated/thewhisper PRIVMSG ##reddit-gd :Not until next weekend
19:15:21 :EDSGD!~Thunderbi@cpe-75-83-30-231.socal.res.rr.com PRIVMSG ##reddit-gd :sure.
19:15:45 :medos!~medos@unaffiliated/medos PRIVMSG ##reddit-gd ::P
19:16:03 :TheWhisper!~TheWhispe@unaffiliated/thewhisper PRIVMSG ##reddit-gd :Sec, accidentally clicked save for web and now it's loading that with my huge image.
19:16:25 :TheWhisper!~TheWhispe@unaffiliated/thewhisper PRIVMSG ##reddit-gd :There, resized it first
19:16:42 PING :rajaniemi.freenode.net
19:19:10 PING :rajaniemi.freenode.net
19:20:27 :TheWhisper!~TheWhispe@unaffiliated/thewhisper PRIVMSG ##reddit-gd :https://www.dropbox.com/s/6q0tk27ma40h08b/TFW_StoryPage_1.png
19:20:32 :TheWhisper!~TheWhispe@unaffiliated/thewhisper PRIVMSG ##reddit-gd :and https://www.dropbox.com/s/buyf909c95zl64r/TFW_StoryPage_2.png
19:21:38 PING :rajaniemi.freenode.net
19:22:26 :TheWhisper!~TheWhispe@unaffiliated/thewhisper PRIVMSG ##reddit-gd :Also, Medos, you're not allowed to look ;)
19:24:06 PING :rajaniemi.freenode.net
19:26:34 PING :rajaniemi.freenode.net
19:28:53 :medos!~medos@unaffiliated/medos PRIVMSG ##reddit-gd :i wont
19:29:02 PING :rajaniemi.freenode.net
19:31:30 PING :rajaniemi.freenode.net
19:32:05 :TheWhisper!~TheWhispe@unaffiliated/thewhisper PRIVMSG ##reddit-gd :k
19:32:13 :TheWhisper!~TheWhispe@unaffiliated/thewhisper PRIVMSG ##reddit-gd :I guess EDSGD is just speechless
19:32:15 :TheWhisper!~TheWhispe@unaffiliated/thewhisper PRIVMSG ##reddit-gd :cuz it's so pro
19:32:18 :TheWhisper!~TheWhispe@unaffiliated/thewhisper PRIVMSG ##reddit-gd ::(
19:32:28 :EDSGD!~Thunderbi@cpe-75-83-30-231.socal.res.rr.com PRIVMSG ##reddit-gd :LOL
19:32:49 :EDSGD!~Thunderbi@cpe-75-83-30-231.socal.res.rr.com PRIVMSG ##reddit-gd :Sorry I'm trying to figure out quickbooks.
19:32:50 :EDSGD!~Thunderbi@cpe-75-83-30-231.socal.res.rr.com PRIVMSG ##reddit-gd ::p
19:33:06 :EDSGD!~Thunderbi@cpe-75-83-30-231.socal.res.rr.com PRIVMSG ##reddit-gd :I;m getting the hang of it :D
19:33:58 PING :rajaniemi.freenode.net
19:34:04 :EDSGD!~Thunderbi@cpe-75-83-30-231.socal.res.rr.com PRIVMSG ##reddit-gd :Search terms is barely visible.
19:34:44 :EDSGD!~Thunderbi@cpe-75-83-30-231.socal.res.rr.com PRIVMSG ##reddit-gd :eehhhh
19:34:51 :EDSGD!~Thunderbi@cpe-75-83-30-231.socal.res.rr.com PRIVMSG ##reddit-gd :sorry working on stuff atm
19:35:37 :TheWhisper!~TheWhispe@unaffiliated/thewhisper PRIVMSG ##reddit-gd :lol
19:35:47 :TheWhisper!~TheWhispe@unaffiliated/thewhisper PRIVMSG ##reddit-gd :Are you seriously using quickbooks
19:36:11 :TheWhisper!~TheWhispe@unaffiliated/thewhisper PRIVMSG ##reddit-gd :Oh, nevermind. I thought quickbooks = quicken
19:36:26 PING :rajaniemi.freenode.net
19:36:32 :TheWhisper!~TheWhispe@unaffiliated/thewhisper PRIVMSG ##reddit-gd :http://bjango.com/mac/skalapreview/ is sick looking
19:38:54 PING :rajaniemi.freenode.net
19:41:22 PING :rajaniemi.freenode.net
19:43:50 PING :rajaniemi.freenode.net
19:46:18 PING :rajaniemi.freenode.net
19:48:46 PING :rajaniemi.freenode.net
19:49:11 :medos!~medos@unaffiliated/medos PRIVMSG ##reddit-gd :is it D:
19:51:14 PING :rajaniemi.freenode.net
19:51:38 :TheWhisper!~TheWhispe@unaffiliated/thewhisper PRIVMSG ##reddit-gd :?
19:53:42 PING :rajaniemi.freenode.net
19:56:02 :TheWhisper!~TheWhispe@unaffiliated/thewhisper PRIVMSG ##reddit-gd :http://i.imgur.com/awztp.png lol
19:56:10 PING :rajaniemi.freenode.net
19:58:38 PING :rajaniemi.freenode.net
20:01:06 PING :rajaniemi.freenode.net
20:03:34 PING :rajaniemi.freenode.net
20:06:02 PING :rajaniemi.freenode.net
20:07:26 :EDSGD!~Thunderbi@cpe-75-83-30-231.socal.res.rr.com PRIVMSG ##reddit-gd :LOL
20:07:55 :EDSGD!~Thunderbi@cpe-75-83-30-231.socal.res.rr.com PRIVMSG ##reddit-gd :Just noticed that Malcolm in the Middle does a similar episode to 12 angry men. :p
20:08:30 PING :rajaniemi.freenode.net
20:10:58 PING :rajaniemi.freenode.net
20:13:26 PING :rajaniemi.freenode.net
20:15:50 :EDSGD!~Thunderbi@cpe-75-83-30-231.socal.res.rr.com PRIVMSG ##reddit-gd :Ok. So I've killed 12 Angry Men and Resident Evil Damnation 
20:15:54 PING :rajaniemi.freenode.net
20:15:58 :EDSGD!~Thunderbi@cpe-75-83-30-231.socal.res.rr.com PRIVMSG ##reddit-gd :which other movie should I watch?
20:18:22 PING :rajaniemi.freenode.net
20:19:36 :medos!~medos@unaffiliated/medos PRIVMSG ##reddit-gd :isn't it afternoony
20:19:40 :medos!~medos@unaffiliated/medos PRIVMSG ##reddit-gd :?
20:19:59 :medos!~medos@unaffiliated/medos PRIVMSG ##reddit-gd :lol
20:20:11 :EDSGD!~Thunderbi@cpe-75-83-30-231.socal.res.rr.com PRIVMSG ##reddit-gd :thats not a movie
20:20:50 PING :rajaniemi.freenode.net
20:22:55 :medos!~medos@unaffiliated/medos PRIVMSG ##reddit-gd :.imdb afternoony
20:23:01 :medos!~medos@unaffiliated/medos PRIVMSG ##reddit-gd :nope
20:23:39 :EDSGD!~Thunderbi@cpe-75-83-30-231.socal.res.rr.com PRIVMSG ##reddit-gd :medos have you seen this gem? http://www.youtube.com/watch?v=OJYCdCqf1Lw
20:23:49 :medos!~medos@unaffiliated/medos PRIVMSG ##reddit-gd :.gis no
20:24:53 :TheWhisper!~TheWhispe@unaffiliated/thewhisper PRIVMSG ##reddit-gd :Edsgd, don't you have stuff to do?
20:24:58 :EDSGD!~Thunderbi@cpe-75-83-30-231.socal.res.rr.com PRIVMSG ##reddit-gd :I do.
20:25:16 :EDSGD!~Thunderbi@cpe-75-83-30-231.socal.res.rr.com PRIVMSG ##reddit-gd :I'm working, but have a something at the side.
20:25:31 :EDSGD!~Thunderbi@cpe-75-83-30-231.socal.res.rr.com PRIVMSG ##reddit-gd :No. My weekends for three months is being indoors.
20:25:33 :EDSGD!~Thunderbi@cpe-75-83-30-231.socal.res.rr.com PRIVMSG ##reddit-gd ::(
20:25:58 :EDSGD!~Thunderbi@cpe-75-83-30-231.socal.res.rr.com PRIVMSG ##reddit-gd :^lol
20:26:23 PING :rajaniemi.freenode.net
20:28:51 PING :rajaniemi.freenode.net
20:31:19 PING :rajaniemi.freenode.net
20:33:47 PING :rajaniemi.freenode.net
20:36:15 PING :rajaniemi.freenode.net
20:38:43 PING :rajaniemi.freenode.net
20:41:11 PING :rajaniemi.freenode.net
20:41:38 :EDSGD!~Thunderbi@cpe-75-83-30-231.socal.res.rr.com QUIT :Remote host closed the connection
20:43:39 PING :rajaniemi.freenode.net
20:43:56 :EDSGD!~Thunderbi@cpe-75-83-30-231.socal.res.rr.com JOIN ##reddit-gd
20:44:00 :ChanServ!ChanServ@services. MODE ##reddit-gd +o EDSGD
20:44:04 :medos!~medos@unaffiliated/medos PRIVMSG ##reddit-gd :.g viper services
20:44:59 :EDSGD!~Thunderbi@cpe-75-83-30-231.socal.res.rr.com PRIVMSG ##reddit-gd :YES/
20:45:05 :EDSGD!~Thunderbi@cpe-75-83-30-231.socal.res.rr.com PRIVMSG ##reddit-gd :Finished doing my invoiced.
20:45:10 :EDSGD!~Thunderbi@cpe-75-83-30-231.socal.res.rr.com PRIVMSG ##reddit-gd :*invoice
20:45:11 :EDSGD!~Thunderbi@cpe-75-83-30-231.socal.res.rr.com PRIVMSG ##reddit-gd ::D
20:45:22 :EDSGD!~Thunderbi@cpe-75-83-30-231.socal.res.rr.com PRIVMSG ##reddit-gd :Using this .g simple invoice
20:45:50 :EDSGD!~Thunderbi@cpe-75-83-30-231.socal.res.rr.com PRIVMSG ##reddit-gd :gets the job done. Sucks that I have to go into that php my admin to edit crap :(
20:46:07 PING :rajaniemi.freenode.net
20:48:35 PING :rajaniemi.freenode.net
20:51:03 PING :rajaniemi.freenode.net
20:53:31 PING :rajaniemi.freenode.net
20:55:59 PING :rajaniemi.freenode.net
20:58:27 PING :rajaniemi.freenode.net
21:00:55 PING :rajaniemi.freenode.net
21:02:06 :Carson!~carson@enat-152010252032.appstate.edu JOIN ##reddit-gd
21:02:28 :Carson!~carson@enat-152010252032.appstate.edu PRIVMSG ##reddit-gd :hiya
21:02:36 :EDSGD!~Thunderbi@cpe-75-83-30-231.socal.res.rr.com PRIVMSG ##reddit-gd :hello
21:03:23 PING :rajaniemi.freenode.net
21:04:47 :Carson!~carson@enat-152010252032.appstate.edu PRIVMSG ##reddit-gd :what is everyone up to today?
21:05:51 PING :rajaniemi.freenode.net
21:07:23 :EDSGD!~Thunderbi@cpe-75-83-30-231.socal.res.rr.com PRIVMSG ##reddit-gd :Skimming through a monster list of fonts.
21:08:04 :medos!~medos@unaffiliated/medos PRIVMSG ##reddit-gd :skimming through exporting files and storyboarding and making a weather app and making an app icon for something else and making
21:08:19 PING :rajaniemi.freenode.net
21:08:21 :medos!~medos@unaffiliated/medos PRIVMSG ##reddit-gd :exporting files for that accession thing
21:08:38 :medos!~medos@unaffiliated/medos PRIVMSG ##reddit-gd :OH
21:08:57 :medos!~medos@unaffiliated/medos PRIVMSG ##reddit-gd :giving techsupport
21:08:59 :medos!~medos@unaffiliated/medos PRIVMSG ##reddit-gd :too
21:09:13 :medos!~medos@unaffiliated/medos PRIVMSG ##reddit-gd :what are you up to Carson ?
21:09:59 :Carson!~carson@enat-152010252032.appstate.edu PRIVMSG ##reddit-gd :working on that paper, and I just finished a plate of rice and beans
21:10:47 PING :rajaniemi.freenode.net
21:13:04 :TheWhisper!~TheWhispe@unaffiliated/thewhisper PRIVMSG ##reddit-gd :R&B
21:13:08 :TheWhisper!~TheWhispe@unaffiliated/thewhisper PRIVMSG ##reddit-gd :.y r&beans
21:13:11 :TheWhisper!~TheWhispe@unaffiliated/thewhisper PRIVMSG ##reddit-gd :;(
21:15:43 PING :rajaniemi.freenode.net
21:16:06 :medos!~medos@unaffiliated/medos QUIT :Quit: <<
21:18:11 PING :rajaniemi.freenode.net
21:20:39 PING :rajaniemi.freenode.net
21:23:07 PING :rajaniemi.freenode.net
21:24:13 :Rachen!~Rachen@65.129.139.44 JOIN ##reddit-gd
21:25:35 PING :rajaniemi.freenode.net
21:28:03 PING :rajaniemi.freenode.net
21:30:31 PING :rajaniemi.freenode.net
21:32:31 :Carson!~carson@enat-152010252032.appstate.edu QUIT :Remote host closed the connection
21:32:59 PING :rajaniemi.freenode.net
21:35:27 PING :rajaniemi.freenode.net
21:37:55 PING :rajaniemi.freenode.net
21:40:23 PING :rajaniemi.freenode.net
21:42:51 PING :rajaniemi.freenode.net
21:45:19 PING :rajaniemi.freenode.net
21:47:47 PING :rajaniemi.freenode.net
21:50:15 PING :rajaniemi.freenode.net
21:52:43 PING :rajaniemi.freenode.net
21:54:38 :EDSGD!~Thunderbi@cpe-75-83-30-231.socal.res.rr.com PRIVMSG ##reddit-gd :Working on uh resumay
21:55:11 PING :rajaniemi.freenode.net
21:57:39 PING :rajaniemi.freenode.net
21:57:54 :TheWhisper!~TheWhispe@unaffiliated/thewhisper PRIVMSG ##reddit-gd :Whose?
21:58:04 :EDSGD!~Thunderbi@cpe-75-83-30-231.socal.res.rr.com PRIVMSG ##reddit-gd :Mines.
21:58:09 :TheWhisper!~TheWhispe@unaffiliated/thewhisper PRIVMSG ##reddit-gd :Cools
21:58:13 :TheWhisper!~TheWhispe@unaffiliated/thewhisper PRIVMSG ##reddit-gd :Look at my site first plz
21:58:24 :EDSGD!~Thunderbi@cpe-75-83-30-231.socal.res.rr.com PRIVMSG ##reddit-gd :Dude.
21:58:30 :EDSGD!~Thunderbi@cpe-75-83-30-231.socal.res.rr.com PRIVMSG ##reddit-gd :My stuff first :D
21:58:48 :TheWhisper!~TheWhispe@unaffiliated/thewhisper PRIVMSG ##reddit-gd :My stuff takes 2 minutes to look at :(
22:00:07 PING :rajaniemi.freenode.net
22:01:46 :TheWhisper!~TheWhispe@unaffiliated/thewhisper PRIVMSG ##reddit-gd :http://detroit.cbslocal.com/2012/10/06/enter-at-your-own-risk-police-union-says-war-like-detroit-is-unsafe-for-visitors/ lol
22:02:35 PING :rajaniemi.freenode.net
22:05:03 PING :rajaniemi.freenode.net
22:06:19 :TheWhisper!~TheWhispe@unaffiliated/thewhisper PRIVMSG ##reddit-gd :hey
22:06:26 :TheWhisper!~TheWhispe@unaffiliated/thewhisper PRIVMSG ##reddit-gd :edsgd i just had a really good idea for an app
22:06:49 :EDSGD!~Thunderbi@cpe-75-83-30-231.socal.res.rr.com PRIVMSG ##reddit-gd :g2g
22:06:52 :EDSGD!~Thunderbi@cpe-75-83-30-231.socal.res.rr.com PRIVMSG ##reddit-gd :do a .tell
22:07:02 :EDSGD!~Thunderbi@cpe-75-83-30-231.socal.res.rr.com PRIVMSG ##reddit-gd :ccccats app?
22:07:03 :TheWhisper!~TheWhispe@unaffiliated/thewhisper PRIVMSG ##reddit-gd :no
22:07:05 :TheWhisper!~TheWhispe@unaffiliated/thewhisper PRIVMSG ##reddit-gd :micro investing
22:07:06 :TheWhisper!~TheWhispe@unaffiliated/thewhisper PRIVMSG ##reddit-gd :like flattr
22:07:12 :TheWhisper!~TheWhispe@unaffiliated/thewhisper PRIVMSG ##reddit-gd :but for investing in privately held companies
22:07:17 :EDSGD!~Thunderbi@cpe-75-83-30-231.socal.res.rr.com PRIVMSG ##reddit-gd :man g2g
22:07:20 :EDSGD!~Thunderbi@cpe-75-83-30-231.socal.res.rr.com PRIVMSG ##reddit-gd :sorry :(
22:07:21 :TheWhisper!~TheWhispe@unaffiliated/thewhisper PRIVMSG ##reddit-gd ::(
22:07:31 PING :rajaniemi.freenode.net
22:09:59 PING :rajaniemi.freenode.net
22:12:27 PING :rajaniemi.freenode.net
22:14:55 PING :rajaniemi.freenode.net
22:16:49 :Carson!~carson@enat-152010252032.appstate.edu JOIN ##reddit-gd
22:17:23 PING :rajaniemi.freenode.net
22:17:45 :TheWhisper!~TheWhispe@unaffiliated/thewhisper PRIVMSG ##reddit-gd :LOL
22:17:47 :TheWhisper!~TheWhispe@unaffiliated/thewhisper PRIVMSG ##reddit-gd :Carson
22:17:49 :TheWhisper!~TheWhispe@unaffiliated/thewhisper PRIVMSG ##reddit-gd :check this out
22:17:58 :TheWhisper!~TheWhispe@unaffiliated/thewhisper PRIVMSG ##reddit-gd :http://i.imgur.com/YX5tl.png
22:18:15 :TheWhisper!~TheWhispe@unaffiliated/thewhisper PRIVMSG ##reddit-gd :And fixed it :P
22:18:52 :TheWhisper!~TheWhispe@unaffiliated/thewhisper PRIVMSG ##reddit-gd :Rachen, what've you been up to lately?
22:19:06 :Carson!~carson@enat-152010252032.appstate.edu PRIVMSG ##reddit-gd :odd
22:19:51 PING :rajaniemi.freenode.net
22:20:14 :TheWhisper!~TheWhispe@unaffiliated/thewhisper PRIVMSG ##reddit-gd :Carson, it was cuz I was blocking their cdn with noscript
22:21:53 :TheWhisper!~TheWhispe@unaffiliated/thewhisper PRIVMSG ##reddit-gd :Damn, apparently microinvesting already exists
22:22:19 PING :rajaniemi.freenode.net
22:22:37 :Carson!~carson@enat-152010252032.appstate.edu QUIT :Remote host closed the connection
22:24:47 PING :rajaniemi.freenode.net
22:27:15 PING :rajaniemi.freenode.net
22:29:43 PING :rajaniemi.freenode.net
22:32:08 :EDSGD!~Thunderbi@cpe-75-83-30-231.socal.res.rr.com PRIVMSG ##reddit-gd :Do you think an Objective/ summary is ok to put on a resume?
22:32:11 PING :rajaniemi.freenode.net
22:32:24 :EDSGD!~Thunderbi@cpe-75-83-30-231.socal.res.rr.com PRIVMSG ##reddit-gd :I think its retarded since its obvious I'm looking for work. 
22:32:27 :EDSGD!~Thunderbi@cpe-75-83-30-231.socal.res.rr.com PRIVMSG ##reddit-gd :Thoughts?
22:33:20 :TheWhisper!~TheWhispe@unaffiliated/thewhisper PRIVMSG ##reddit-gd :Sorry, no time to take to minutes to even read what you just asked :)
22:33:21 :TheWhisper!~TheWhispe@unaffiliated/thewhisper PRIVMSG ##reddit-gd :*two
22:33:27 :EDSGD!~Thunderbi@cpe-75-83-30-231.socal.res.rr.com PRIVMSG ##reddit-gd :LOL
22:33:35 :EDSGD!~Thunderbi@cpe-75-83-30-231.socal.res.rr.com PRIVMSG ##reddit-gd :Heading out now. :p
22:34:39 PING :rajaniemi.freenode.net
22:37:07 PING :rajaniemi.freenode.net
22:39:35 PING :rajaniemi.freenode.net
22:42:03 PING :rajaniemi.freenode.net
22:44:31 PING :rajaniemi.freenode.net
22:45:18 :TheWhisper!~TheWhispe@unaffiliated/thewhisper PRIVMSG ##reddit-gd :wow
22:45:22 :TheWhisper!~TheWhispe@unaffiliated/thewhisper PRIVMSG ##reddit-gd :Just measured my pulse twice
22:45:24 :TheWhisper!~TheWhispe@unaffiliated/thewhisper PRIVMSG ##reddit-gd :84 first time
22:45:26 :TheWhisper!~TheWhispe@unaffiliated/thewhisper PRIVMSG ##reddit-gd :and 72 the second
22:45:32 :TheWhisper!~TheWhispe@unaffiliated/thewhisper PRIVMSG ##reddit-gd :I think I may have fucked one of them up lol
22:46:13 :Carson!~carson@wnat-152010251122.appstate.edu JOIN ##reddit-gd
22:46:23 :TheWhisper!~TheWhispe@unaffiliated/thewhisper PRIVMSG ##reddit-gd :70...
22:46:39 :TheWhisper!~TheWhispe@unaffiliated/thewhisper PRIVMSG ##reddit-gd :Well, heck, if my resting heart rate is 70, I ain't complaining
22:46:59 PING :rajaniemi.freenode.net
22:49:27 PING :rajaniemi.freenode.net
22:50:22 :Carson!~carson@wnat-152010251122.appstate.edu QUIT :Remote host closed the connection
22:50:48 :TheWhisper!~TheWhispe@unaffiliated/thewhisper PRIVMSG ##reddit-gd :.g irfanview open image size
22:53:09 PING :rajaniemi.freenode.net
22:53:43 :TheWhisper!~TheWhispe@unaffiliated/thewhisper PRIVMSG ##reddit-gd :Oh, duh
22:55:26 :Carson!~carson@wnat-152010251122.appstate.edu JOIN ##reddit-gd
22:55:37 PING :rajaniemi.freenode.net
22:56:50 :TheWhisper!~TheWhispe@unaffiliated/thewhisper PRIVMSG ##reddit-gd :.g bjango actions
22:58:49 :Carson!~carson@wnat-152010251122.appstate.edu QUIT :Remote host closed the connection
22:59:19 PING :rajaniemi.freenode.net
23:00:12 :TheWhisper!~TheWhispe@unaffiliated/thewhisper PRIVMSG ##reddit-gd :.g install photoshop cs6 panels
23:00:19 :TheWhisper!~TheWhispe@unaffiliated/thewhisper PRIVMSG ##reddit-gd :.g google
23:02:24 PING :rajaniemi.freenode.net
23:03:46 :Carson!~carson@wnat-152010251122.appstate.edu JOIN ##reddit-gd
23:04:13 :TheWhisper!~TheWhispe@unaffiliated/thewhisper PRIVMSG ##reddit-gd :.g photoshop scripts install
23:04:20 :TheWhisper!~TheWhispe@unaffiliated/thewhisper PRIVMSG ##reddit-gd :gr
23:04:22 :TheWhisper!~TheWhispe@unaffiliated/thewhisper PRIVMSG ##reddit-gd :so not helpful
23:06:43 PING :rajaniemi.freenode.net
23:07:21 :Carson!~carson@wnat-152010251122.appstate.edu QUIT :Remote host closed the connection
23:09:11 PING :rajaniemi.freenode.net
23:10:43 :medos!~medos@p5B3DAE9D.dip.t-dialin.net JOIN ##reddit-gd
23:10:44 :medos!~medos@p5B3DAE9D.dip.t-dialin.net QUIT :Changing host
23:10:44 :medos!~medos@unaffiliated/medos JOIN ##reddit-gd
23:11:15 :TheWhisper!~TheWhispe@unaffiliated/thewhisper PRIVMSG ##reddit-gd :Oh, hey, glad you're here. I have a question (that I've tried googling a bunch) and I can't figure it out.
23:11:26 :TheWhisper!~TheWhispe@unaffiliated/thewhisper PRIVMSG ##reddit-gd :It's about Bjango's tools 
23:11:39 PING :rajaniemi.freenode.net
23:11:42 :TheWhisper!~TheWhispe@unaffiliated/thewhisper PRIVMSG ##reddit-gd :"To install the Bjango Tools panel, copy the entire Bjango Tools folder to your Plug-ins/Panels/ folder and restart Photoshop."
23:11:50 :TheWhisper!~TheWhispe@unaffiliated/thewhisper PRIVMSG ##reddit-gd :I don't have the folder, so I tried adding it and dropping his thing in.
23:11:55 :TheWhisper!~TheWhispe@unaffiliated/thewhisper PRIVMSG ##reddit-gd :Still doesn't show up
23:12:18 :Carson!~carson@wnat-152010251122.appstate.edu JOIN ##reddit-gd
23:12:31 :TheWhisper!~TheWhispe@unaffiliated/thewhisper PRIVMSG ##reddit-gd :Lemme know if you know what's wrong
23:13:15 :medos!~medos@unaffiliated/medos PRIVMSG ##reddit-gd :GAH
23:13:22 :TheWhisper!~TheWhispe@unaffiliated/thewhisper PRIVMSG ##reddit-gd :Lol
23:13:28 :medos!~medos@unaffiliated/medos PRIVMSG ##reddit-gd :i thought i left long enough for you to fail and try someway else to find help
23:13:30 :medos!~medos@unaffiliated/medos PRIVMSG ##reddit-gd :alas
23:13:32 :medos!~medos@unaffiliated/medos PRIVMSG ##reddit-gd :not long enough
23:13:39 :medos!~medos@unaffiliated/medos PRIVMSG ##reddit-gd ::'(
23:13:41 :TheWhisper!~TheWhispe@unaffiliated/thewhisper PRIVMSG ##reddit-gd :"(that I've tried googling a bunch"
23:13:51 :TheWhisper!~TheWhispe@unaffiliated/thewhisper PRIVMSG ##reddit-gd :I've already looked around
23:13:54 :TheWhisper!~TheWhispe@unaffiliated/thewhisper PRIVMSG ##reddit-gd :tried adding it in myself
23:13:54 :TheWhisper!~TheWhispe@unaffiliated/thewhisper PRIVMSG ##reddit-gd :etc
23:13:56 :medos!~medos@unaffiliated/medos PRIVMSG ##reddit-gd :do you remember your email address?
23:14:07 PING :rajaniemi.freenode.net
23:14:09 :medos!~medos@unaffiliated/medos PRIVMSG ##reddit-gd :are you a little creative with names?
23:14:12 :medos!~medos@unaffiliated/medos PRIVMSG ##reddit-gd :www.twitter.com
23:14:16 :medos!~medos@unaffiliated/medos PRIVMSG ##reddit-gd :.g twitter bjango
23:14:23 :TheWhisper!~TheWhispe@unaffiliated/thewhisper PRIVMSG ##reddit-gd :I don't have twitter
23:14:36 :medos!~medos@unaffiliated/medos PRIVMSG ##reddit-gd :with an email and creativity in names
23:14:38 :medos!~medos@unaffiliated/medos PRIVMSG ##reddit-gd :that can change
23:14:43 :TheWhisper!~TheWhispe@unaffiliated/thewhisper PRIVMSG ##reddit-gd :lol
23:14:43 :medos!~medos@unaffiliated/medos PRIVMSG ##reddit-gd :gogo
23:14:46 :Carson!~carson@wnat-152010251122.appstate.edu QUIT :Remote host closed the connection
23:14:53 :TheWhisper!~TheWhispe@unaffiliated/thewhisper PRIVMSG ##reddit-gd :Also, his thing isn't even a zxp
23:14:59 :TheWhisper!~TheWhispe@unaffiliated/thewhisper PRIVMSG ##reddit-gd :and his folders are all called .app
23:15:06 :TheWhisper!~TheWhispe@unaffiliated/thewhisper PRIVMSG ##reddit-gd :I'm not on a mac BROJANGO
23:15:17 :medos!~medos@unaffiliated/medos PRIVMSG ##reddit-gd :mh
23:15:20 :medos!~medos@unaffiliated/medos PRIVMSG ##reddit-gd :k
23:16:35 PING :rajaniemi.freenode.net
23:16:53 :medos!~medos@unaffiliated/medos PRIVMSG ##reddit-gd :http://bjango.com/images/articles/actions/actions13.jpg
23:17:34 :TheWhisper!~TheWhispe@unaffiliated/thewhisper PRIVMSG ##reddit-gd :### Bjango Tools
23:17:34 :TheWhisper!~TheWhispe@unaffiliated/thewhisper PRIVMSG ##reddit-gd :A Photoshop panel that includes the most frequently used tools for interface and icon designers, spread out for quick access, plus buttons for turning pixel snapping on and off. Please note that you'll need to have Bjango Actions 1.4 installed for the buttons to work. To install the Bjango Tools panel, copy the entire Bjango Tools folder to your Plug-ins/Panels/ folder and restart Photoshop. The panel can be opened by choosing Window 
23:17:34 :TheWhisper!~TheWhispe@unaffiliated/thewhisper PRIVMSG ##reddit-gd : Extensions  Bjango Tools.
23:17:40 :TheWhisper!~TheWhispe@unaffiliated/thewhisper PRIVMSG ##reddit-gd :Not his actions
23:17:42 :TheWhisper!~TheWhispe@unaffiliated/thewhisper PRIVMSG ##reddit-gd :The panel
23:17:57 :TheWhisper!~TheWhispe@unaffiliated/thewhisper PRIVMSG ##reddit-gd :unless
23:17:59 :TheWhisper!~TheWhispe@unaffiliated/thewhisper PRIVMSG ##reddit-gd :hm
23:18:33 :medos!~medos@unaffiliated/medos PRIVMSG ##reddit-gd :OH DERPY DERP
23:19:00 :TheWhisper!~TheWhispe@unaffiliated/thewhisper PRIVMSG ##reddit-gd :Yeah, I see
23:19:03 PING :rajaniemi.freenode.net
23:19:05 :TheWhisper!~TheWhispe@unaffiliated/thewhisper PRIVMSG ##reddit-gd :I don't really need the panel anyway
23:19:09 :TheWhisper!~TheWhispe@unaffiliated/thewhisper PRIVMSG ##reddit-gd :Button mode is cool though
23:19:09 :medos!~medos@unaffiliated/medos PRIVMSG ##reddit-gd :.y twitter sign up tutorial
23:19:14 :medos!~medos@unaffiliated/medos PRIVMSG ##reddit-gd :^
23:19:16 :medos!~medos@unaffiliated/medos PRIVMSG ##reddit-gd :watch that
23:20:42 :TheWhisper!~TheWhispe@unaffiliated/thewhisper PRIVMSG ##reddit-gd :flash crahed
23:20:44 :TheWhisper!~TheWhispe@unaffiliated/thewhisper PRIVMSG ##reddit-gd :crashed
23:21:20 :nazbot!~nazbot@24-246-58-30.cable.teksavvy.com JOIN ##reddit-gd
23:21:31 PING :rajaniemi.freenode.net
23:21:35 :Carson!~carson@enat-152010252032.appstate.edu JOIN ##reddit-gd
23:22:05 :TheWhisper!~TheWhispe@unaffiliated/thewhisper PRIVMSG ##reddit-gd :wow some little fuck took my name
23:22:10 :TheWhisper!~TheWhispe@unaffiliated/thewhisper PRIVMSG ##reddit-gd :gonna have to beat them down
23:22:23 :Carson!~carson@enat-152010252032.appstate.edu QUIT :Remote host closed the connection
23:23:44 :TheWhisper!~TheWhispe@unaffiliated/thewhisper PRIVMSG ##reddit-gd :Okay, made a tweeter
23:23:59 PING :rajaniemi.freenode.net
23:24:35 :medos!~medos@unaffiliated/medos PRIVMSG ##reddit-gd :now you tweet
23:24:37 :TheWhisper!~TheWhispe@unaffiliated/thewhisper PRIVMSG ##reddit-gd :What's your account, medos? I wanna follow at least 940 people on my first day
23:24:46 :TheWhisper!~TheWhispe@unaffiliated/thewhisper PRIVMSG ##reddit-gd :So that I can be like a normal tweeterer
23:24:49 :TheWhisper!~TheWhispe@unaffiliated/thewhisper PRIVMSG ##reddit-gd :by tomorrow
23:25:07 :medos!~medos@unaffiliated/medos PRIVMSG ##reddit-gd :@bjango hi
23:25:09 :medos!~medos@unaffiliated/medos PRIVMSG ##reddit-gd :http://i.imgur.com/0l1ck.png
23:25:37 :medos!~medos@unaffiliated/medos PRIVMSG ##reddit-gd :i just installed them
23:25:37 :medos!~medos@unaffiliated/medos PRIVMSG ##reddit-gd :http://i.imgur.com/XLHDG.png
23:26:27 PING :rajaniemi.freenode.net
23:26:28 :TheWhisper!~TheWhispe@unaffiliated/thewhisper PRIVMSG ##reddit-gd :http://i.imgur.com/P4tyx.png AdobePatchFiles is the only item in there for me
23:26:28 :medos!~medos@unaffiliated/medos PRIVMSG ##reddit-gd :now next time you have a derpy question tweet
23:26:28 :TheWhisper!~TheWhispe@unaffiliated/thewhisper PRIVMSG ##reddit-gd :lol
23:27:07 :medos!~medos@unaffiliated/medos PRIVMSG ##reddit-gd :nvm really
23:27:15 :medos!~medos@unaffiliated/medos PRIVMSG ##reddit-gd :i kinda showed you the tree structure
23:27:17 :medos!~medos@unaffiliated/medos PRIVMSG ##reddit-gd :to show you
23:27:26 :medos!~medos@unaffiliated/medos PRIVMSG ##reddit-gd :whereeeee approximately that folder should be located
23:27:32 :medos!~medos@unaffiliated/medos PRIVMSG ##reddit-gd :going from your Photoshop.exe
23:27:38 :medos!~medos@unaffiliated/medos PRIVMSG ##reddit-gd :if that's not possible to do
23:27:43 :medos!~medos@unaffiliated/medos PRIVMSG ##reddit-gd :i don't know what to do ;(
23:28:16 :medos!~medos@unaffiliated/medos PRIVMSG ##reddit-gd :my twitter is TW_SAYS
23:28:21 :medos!~medos@unaffiliated/medos PRIVMSG ##reddit-gd :lelele
23:28:45 :TheWhisper!~TheWhispe@unaffiliated/thewhisper PRIVMSG ##reddit-gd :Tried installing it in: C:\Program Files\Common Files\Adobe\Adobe Photoshop CS6 (64 Bit)\Plug-ins\Panels
23:28:47 :TheWhisper!~TheWhispe@unaffiliated/thewhisper PRIVMSG ##reddit-gd :doesn't work
23:28:48 :TheWhisper!~TheWhispe@unaffiliated/thewhisper PRIVMSG ##reddit-gd :gr
23:28:55 PING :rajaniemi.freenode.net
23:28:55 :medos!~medos@unaffiliated/medos PRIVMSG ##reddit-gd :dude
23:29:07 :TheWhisper!~TheWhispe@unaffiliated/thewhisper PRIVMSG ##reddit-gd :what
23:29:10 :medos!~medos@unaffiliated/medos PRIVMSG ##reddit-gd :what's your problem with right clicking your Photoshop shortcut
23:29:22 :medos!~medos@unaffiliated/medos PRIVMSG ##reddit-gd :choosing propahtees
23:29:32 :medos!~medos@unaffiliated/medos PRIVMSG ##reddit-gd :then clicking open link location
23:29:36 :medos!~medos@unaffiliated/medos PRIVMSG ##reddit-gd :or open folder or some shizzle
23:29:46 :medos!~medos@unaffiliated/medos PRIVMSG ##reddit-gd :how the hell do you start photoshop.exe without knowing where it is
23:29:52 :TheWhisper!~TheWhispe@unaffiliated/thewhisper PRIVMSG ##reddit-gd :because
23:29:53 :TheWhisper!~TheWhispe@unaffiliated/thewhisper PRIVMSG ##reddit-gd :wait
23:29:54 :TheWhisper!~TheWhispe@unaffiliated/thewhisper PRIVMSG ##reddit-gd :what the fuck
23:30:33 :TheWhisper!~TheWhispe@unaffiliated/thewhisper PRIVMSG ##reddit-gd :what http://i.imgur.com/TFIW6.png
23:30:35 :TheWhisper!~TheWhispe@unaffiliated/thewhisper PRIVMSG ##reddit-gd :lol
23:31:02 :TheWhisper!~TheWhispe@unaffiliated/thewhisper PRIVMSG ##reddit-gd :Okay, I see
23:31:13 :TheWhisper!~TheWhispe@unaffiliated/thewhisper PRIVMSG ##reddit-gd :My everything is just fucking sucking
23:31:23 PING :rajaniemi.freenode.net
23:31:28 :medos!~medos@unaffiliated/medos PRIVMSG ##reddit-gd :http://i.imgur.com/5CDKI.png
23:32:05 :nazbot!~nazbot@24-246-58-30.cable.teksavvy.com QUIT :Quit: nazbot
23:32:10 :TheWhisper!~TheWhispe@unaffiliated/thewhisper PRIVMSG ##reddit-gd :Yeah, I got it
23:32:13 :medos!~medos@unaffiliated/medos PRIVMSG ##reddit-gd :http://i.imgur.com/GhmM2.png
23:32:18 :TheWhisper!~TheWhispe@unaffiliated/thewhisper PRIVMSG ##reddit-gd :I just couldn't find that location
23:32:24 :TheWhisper!~TheWhispe@unaffiliated/thewhisper PRIVMSG ##reddit-gd :because everything wasn't indexing it
23:32:35 :medos!~medos@unaffiliated/medos PRIVMSG ##reddit-gd :lol
23:32:55 :medos!~medos@unaffiliated/medos PRIVMSG ##reddit-gd :...
23:33:51 PING :rajaniemi.freenode.net
23:33:58 :medos!~medos@unaffiliated/medos PRIVMSG ##reddit-gd :i want 20 minutes of my life back
23:34:01 :medos!~medos@unaffiliated/medos PRIVMSG ##reddit-gd ::(
23:34:27 :TheWhisper!~TheWhispe@unaffiliated/thewhisper PRIVMSG ##reddit-gd :k
23:34:31 :medos!~medos@unaffiliated/medos PRIVMSG ##reddit-gd :http://i.imgur.com/6qSPv.png
23:34:34 :TheWhisper!~TheWhispe@unaffiliated/thewhisper PRIVMSG ##reddit-gd :./ignore me for 20 minutes :P
23:34:40 :medos!~medos@unaffiliated/medos PRIVMSG ##reddit-gd :no
23:34:43 :medos!~medos@unaffiliated/medos PRIVMSG ##reddit-gd :you're going to
23:34:46 :medos!~medos@unaffiliated/medos PRIVMSG ##reddit-gd :hm
23:35:26 :TheWhisper!~TheWhispe@unaffiliated/thewhisper PRIVMSG ##reddit-gd :Going to what?
23:36:19 PING :rajaniemi.freenode.net
23:37:16 :medos!~medos@unaffiliated/medos PRIVMSG ##reddit-gd :work with what you got
23:37:18 :medos!~medos@unaffiliated/medos PRIVMSG ##reddit-gd :no fixing
23:37:21 :medos!~medos@unaffiliated/medos PRIVMSG ##reddit-gd :no improvement
23:37:26 :medos!~medos@unaffiliated/medos PRIVMSG ##reddit-gd :if something is weird
23:37:29 :medos!~medos@unaffiliated/medos PRIVMSG ##reddit-gd :deal with it
23:38:47 PING :rajaniemi.freenode.net
23:39:01 :TheWhisper!~TheWhispe@unaffiliated/thewhisper PRIVMSG ##reddit-gd :Huh?
23:39:10 :TheWhisper!~TheWhispe@unaffiliated/thewhisper PRIVMSG ##reddit-gd :Oh
23:39:12 :TheWhisper!~TheWhispe@unaffiliated/thewhisper PRIVMSG ##reddit-gd :Okay, cool
23:41:06 :medos!~medos@unaffiliated/medos PRIVMSG ##reddit-gd :is there a way to use twitter on blackberry?
23:41:07 :medos!~medos@unaffiliated/medos PRIVMSG ##reddit-gd :if so
23:41:15 PING :rajaniemi.freenode.net
23:41:15 :medos!~medos@unaffiliated/medos PRIVMSG ##reddit-gd :use your blackberry to ask people
23:42:28 :TheWhisper!~TheWhispe@unaffiliated/thewhisper PRIVMSG ##reddit-gd :Probably
23:42:38 :TheWhisper!~TheWhispe@unaffiliated/thewhisper PRIVMSG ##reddit-gd :But why would I use my Blackberry, when I can use my computer?
23:43:08 :medos!~medos@unaffiliated/medos PRIVMSG ##reddit-gd :separation
23:43:24 :medos!~medos@unaffiliated/medos PRIVMSG ##reddit-gd :separate your questions from what you do
23:43:28 :TheWhisper!~TheWhispe@unaffiliated/thewhisper PRIVMSG ##reddit-gd :Lol
23:43:29 :medos!~medos@unaffiliated/medos PRIVMSG ##reddit-gd :you said you need organization
23:43:29 :TheWhisper!~TheWhispe@unaffiliated/thewhisper PRIVMSG ##reddit-gd :Okay
23:43:37 :medos!~medos@unaffiliated/medos PRIVMSG ##reddit-gd :tweeting via bb working on pc
23:43:43 PING :rajaniemi.freenode.net
23:43:45 :medos!~medos@unaffiliated/medos PRIVMSG ##reddit-gd :is organization
23:44:12 :TheWhisper!~TheWhispe@unaffiliated/thewhisper PRIVMSG ##reddit-gd :I can't wait to be rid of my BB
23:45:12 :TheWhisper!~TheWhispe@unaffiliated/thewhisper PRIVMSG ##reddit-gd :Whoa
23:45:20 :TheWhisper!~TheWhispe@unaffiliated/thewhisper PRIVMSG ##reddit-gd :Apparently MSFT is making their own smartphone?
23:45:37 :TheWhisper!~TheWhispe@unaffiliated/thewhisper PRIVMSG ##reddit-gd :Not just licensing their OS to others, but actually making one themselves
23:46:01 :medos!~medos@unaffiliated/medos PRIVMSG ##reddit-gd :.g microsoft nokia
23:46:39 :TheWhisper!~TheWhispe@unaffiliated/thewhisper PRIVMSG ##reddit-gd :http://www.bgr.com/2012/10/02/microsoft-surface-phone-release-date-windows-phone-8/ <-
23:46:46 :TheWhisper!~TheWhispe@unaffiliated/thewhisper PRIVMSG ##reddit-gd :Not Nokia or HTC
23:48:02 PING :rajaniemi.freenode.net
23:49:25 :nazbot!~nazbot@24-246-58-30.cable.teksavvy.com JOIN ##reddit-gd
23:50:30 PING :rajaniemi.freenode.net
23:52:58 PING :rajaniemi.freenode.net
23:55:26 PING :rajaniemi.freenode.net
23:57:54 PING :rajaniemi.freenode.net
