00:01:37 PING :rajaniemi.freenode.net
00:04:05 PING :rajaniemi.freenode.net
00:06:33 PING :rajaniemi.freenode.net
00:09:01 PING :rajaniemi.freenode.net
00:11:29 PING :rajaniemi.freenode.net
00:11:52 :TheWhisper!~TheWhispe@unaffiliated/thewhisper PRIVMSG ##reddit-gd :we deliver = reviled ew
00:13:57 PING :rajaniemi.freenode.net
00:15:29 :medos!~medos@unaffiliated/medos PRIVMSG ##reddit-gd :raed ho
00:16:25 PING :rajaniemi.freenode.net
00:18:53 PING :rajaniemi.freenode.net
00:21:21 PING :rajaniemi.freenode.net
00:23:49 PING :rajaniemi.freenode.net
00:26:17 PING :rajaniemi.freenode.net
00:28:45 PING :rajaniemi.freenode.net
00:31:13 PING :rajaniemi.freenode.net
00:33:41 PING :rajaniemi.freenode.net
00:36:09 PING :rajaniemi.freenode.net
00:38:37 PING :rajaniemi.freenode.net
00:41:05 PING :rajaniemi.freenode.net
00:43:33 PING :rajaniemi.freenode.net
00:46:01 PING :rajaniemi.freenode.net
00:48:29 PING :rajaniemi.freenode.net
00:50:57 PING :rajaniemi.freenode.net
00:53:25 PING :rajaniemi.freenode.net
00:55:53 PING :rajaniemi.freenode.net
00:58:21 PING :rajaniemi.freenode.net
01:00:49 PING :rajaniemi.freenode.net
01:03:17 PING :rajaniemi.freenode.net
01:05:45 PING :rajaniemi.freenode.net
01:07:37 :EDSGD!~Thunderbi@cpe-75-83-30-231.socal.res.rr.com JOIN ##reddit-gd
01:07:37 :ChanServ!ChanServ@services. MODE ##reddit-gd +o EDSGD
01:08:13 PING :rajaniemi.freenode.net
01:10:22 :shutterxflash!637267bb@gateway/web/freenode/ip.99.114.103.187 PRIVMSG ##reddit-gd :ahhh
01:10:25 :shutterxflash!637267bb@gateway/web/freenode/ip.99.114.103.187 PRIVMSG ##reddit-gd :ohhhh
01:10:33 :shutterxflash!637267bb@gateway/web/freenode/ip.99.114.103.187 PRIVMSG ##reddit-gd :hope everyone is still here lol
01:10:41 PING :rajaniemi.freenode.net
01:10:41 :shutterxflash!637267bb@gateway/web/freenode/ip.99.114.103.187 PRIVMSG ##reddit-gd :my client is looking to spend $50
01:10:47 :shutterxflash!637267bb@gateway/web/freenode/ip.99.114.103.187 PRIVMSG ##reddit-gd :she just wants the type refined
01:13:09 PING :rajaniemi.freenode.net
01:13:52 :medos!~medos@unaffiliated/medos PRIVMSG ##reddit-gd :hm
01:14:11 :medos!~medos@unaffiliated/medos PRIVMSG ##reddit-gd :Most people are always here. :-P
01:15:37 PING :rajaniemi.freenode.net
01:16:22 :medos!~medos@unaffiliated/medos PRIVMSG ##reddit-gd :There's www.reddit.com/r/forhire and www.reddit.com/r/designjobs
01:16:42 :medos!~medos@unaffiliated/medos PRIVMSG ##reddit-gd :You might find someone if you make a new post there.
01:18:05 PING :rajaniemi.freenode.net
01:19:02 :shutterxflash!637267bb@gateway/web/freenode/ip.99.114.103.187 PRIVMSG ##reddit-gd :ohhh okay
01:19:04 :shutterxflash!637267bb@gateway/web/freenode/ip.99.114.103.187 PRIVMSG ##reddit-gd ::/
01:19:44 :medos!~medos@unaffiliated/medos PRIVMSG ##reddit-gd :Do you have any specific information?
01:20:33 PING :rajaniemi.freenode.net
01:20:51 :edodes!~edodes@unaffiliated/edodes PRIVMSG ##reddit-gd :question: is an e-mail agreement "in writing" or should I send a pdf contract and have them sign and send it back?
01:20:53 :medos!~medos@unaffiliated/medos PRIVMSG ##reddit-gd :"touching up" is a bit general, there are too many fonts styles to just guess.
01:21:05 :edodes!~edodes@unaffiliated/edodes PRIVMSG ##reddit-gd :hey medos
01:21:13 :edodes!~edodes@unaffiliated/edodes PRIVMSG ##reddit-gd :when do you sleep?
01:21:50 :medos!~medos@unaffiliated/medos PRIVMSG ##reddit-gd :edodes http://www.smashingmagazine.com/2012/08/15/free-download-useful-legal-documents-for-designers-pdf/
01:21:54 :medos!~medos@unaffiliated/medos PRIVMSG ##reddit-gd :Sometimes?
01:22:19 :edodes!~edodes@unaffiliated/edodes PRIVMSG ##reddit-gd :thanks for the link!
01:22:27 :edodes!~edodes@unaffiliated/edodes PRIVMSG ##reddit-gd :I'm convinced you're a robot
01:22:30 :edodes!~edodes@unaffiliated/edodes PRIVMSG ##reddit-gd :that just needs to recharge
01:22:33 :medos!~medos@unaffiliated/medos PRIVMSG ##reddit-gd :Thanks for making use of it.
01:23:01 PING :rajaniemi.freenode.net
01:24:09 :medos!~medos@unaffiliated/medos PRIVMSG ##reddit-gd :shutterxflash if you know what font & text & color & alignment the new logo should have I could tell you my email and i'll see what i can do
01:25:29 PING :rajaniemi.freenode.net
01:26:58 :edodes!~edodes@unaffiliated/edodes PRIVMSG ##reddit-gd :medos: Have you used Docracy before for digital signatures?
01:27:56 :edodes!~edodes@unaffiliated/edodes PRIVMSG ##reddit-gd :nvm read something wrong...
01:27:57 PING :rajaniemi.freenode.net
01:29:23 :edodes!~edodes@unaffiliated/edodes PRIVMSG ##reddit-gd :or did I?!?!
01:30:06 :EDSGD!~Thunderbi@cpe-75-83-30-231.socal.res.rr.com PRIVMSG ##reddit-gd :Hello.
01:30:12 :edodes!~edodes@unaffiliated/edodes PRIVMSG ##reddit-gd :hey
01:30:15 :edodes!~edodes@unaffiliated/edodes PRIVMSG ##reddit-gd :helloy
01:30:25 PING :rajaniemi.freenode.net
01:30:43 :medos!~medos@unaffiliated/medos PRIVMSG ##reddit-gd :edodes http://www.alistapart.com/topics/process/business/
01:31:13 :edodes!~edodes@unaffiliated/edodes PRIVMSG ##reddit-gd :I jsut want to be done with the family favors @.@
01:31:16 :edodes!~edodes@unaffiliated/edodes PRIVMSG ##reddit-gd :just*
01:31:26 :edodes!~edodes@unaffiliated/edodes PRIVMSG ##reddit-gd :I swear my keyboard hates that word
01:32:53 PING :rajaniemi.freenode.net
01:33:10 :edodes!~edodes@unaffiliated/edodes PRIVMSG ##reddit-gd :o I like this one
01:33:11 :edodes!~edodes@unaffiliated/edodes PRIVMSG ##reddit-gd :http://www.alistapart.com/articles/agreements-equal-expectations/
01:34:24 :medos!~medos@unaffiliated/medos PRIVMSG ##reddit-gd :3 minutes
01:34:26 :medos!~medos@unaffiliated/medos PRIVMSG ##reddit-gd :fast reader
01:34:34 :edodes!~edodes@unaffiliated/edodes PRIVMSG ##reddit-gd :haven't finished yet...
01:34:56 :edodes!~edodes@unaffiliated/edodes PRIVMSG ##reddit-gd :just pointing out I like it xD
01:35:14 :edodes!~edodes@unaffiliated/edodes PRIVMSG ##reddit-gd :Still reading about the differences between an MSA & SOW
01:35:21 PING :rajaniemi.freenode.net
01:36:41 :medos!~medos@unaffiliated/medos PRIVMSG ##reddit-gd :yup
01:36:53 :medos!~medos@unaffiliated/medos PRIVMSG ##reddit-gd :soon you'll have no excuse for client problems anymore
01:36:54 :medos!~medos@unaffiliated/medos PRIVMSG ##reddit-gd ::p
01:36:59 :edodes!~edodes@unaffiliated/edodes PRIVMSG ##reddit-gd :lol
01:37:36 :edodes!~edodes@unaffiliated/edodes PRIVMSG ##reddit-gd :seeing as I don't ever want to do this for a living I'm hoping to just get their stuff done and then buy a nice x-mas present heh
01:37:49 PING :rajaniemi.freenode.net
01:38:52 :edodes!~edodes@unaffiliated/edodes PRIVMSG ##reddit-gd :hmm
01:39:03 :edodes!~edodes@unaffiliated/edodes PRIVMSG ##reddit-gd :reading about the PSA... seems a bit much...
01:39:33 :edodes!~edodes@unaffiliated/edodes PRIVMSG ##reddit-gd :Next, the PSA provides an overview of the history of our company, talks about our differentiators, and includes bios of our people.
01:39:43 :edodes!~edodes@unaffiliated/edodes PRIVMSG ##reddit-gd :course I guess it's different for their large company...
01:40:17 PING :rajaniemi.freenode.net
01:42:45 PING :rajaniemi.freenode.net
01:42:48 :edodes!~edodes@unaffiliated/edodes PRIVMSG ##reddit-gd :"Bucket those hours"
01:42:52 :edodes!~edodes@unaffiliated/edodes PRIVMSG ##reddit-gd :learned THAT the hard way
01:43:08 :shutterxflash!637267bb@gateway/web/freenode/ip.99.114.103.187 PRIVMSG ##reddit-gd :hahaha lol
01:43:18 :shutterxflash!637267bb@gateway/web/freenode/ip.99.114.103.187 PRIVMSG ##reddit-gd :well, the types need to be changed
01:43:30 :shutterxflash!637267bb@gateway/web/freenode/ip.99.114.103.187 PRIVMSG ##reddit-gd :and starbursts added on the text
01:43:33 :shutterxflash!637267bb@gateway/web/freenode/ip.99.114.103.187 PRIVMSG ##reddit-gd :that's it really.
01:44:50 :medos!~medos@unaffiliated/medos PRIVMSG ##reddit-gd :i have about 10,000 fonts or more in my library
01:45:03 :medos!~medos@unaffiliated/medos PRIVMSG ##reddit-gd :and i wouldn't know where to place those starbursts
01:45:03 :edodes!~edodes@unaffiliated/edodes PRIVMSG ##reddit-gd :that freezes my computer @.@
01:45:13 PING :rajaniemi.freenode.net
01:45:31 :shutterxflash!637267bb@gateway/web/freenode/ip.99.114.103.187 PRIVMSG ##reddit-gd :haha, oh no, the two fonts have already been picked out.
01:45:55 :shutterxflash!637267bb@gateway/web/freenode/ip.99.114.103.187 PRIVMSG ##reddit-gd :and starbursts, they want applied just in small spots
01:46:03 :shutterxflash!637267bb@gateway/web/freenode/ip.99.114.103.187 PRIVMSG ##reddit-gd :honestly, i wouldn't put the starbursts on the text
01:46:07 :shutterxflash!637267bb@gateway/web/freenode/ip.99.114.103.187 PRIVMSG ##reddit-gd :especially it being white
01:46:40 :edodes!~edodes@unaffiliated/edodes PRIVMSG ##reddit-gd :http://www.alistapart.com/articles/pricing-strategy-for-creatives/ <-- somehow managed to do exactly this, this time around
01:46:53 :edodes!~edodes@unaffiliated/edodes PRIVMSG ##reddit-gd :specifically the different pricing options
01:46:58 :edodes!~edodes@unaffiliated/edodes PRIVMSG ##reddit-gd :yay I'm learnign so much medos
01:47:01 :edodes!~edodes@unaffiliated/edodes PRIVMSG ##reddit-gd :learning*
01:47:41 PING :rajaniemi.freenode.net
01:48:42 :medos!~medos@unaffiliated/medos PRIVMSG ##reddit-gd :shutterxflash mail me the logo psd, the font files, a png/jpg file of the logo where you clearly mark the spots where those starbursts are supposed to go and roughly circle their supposed size, then you add the colors for those fonts ( http://en.wikipedia.org/wiki/List_of_colors < snag them from here) and the actual text that's supposed to go there
01:49:20 :medos!~medos@unaffiliated/medos PRIVMSG ##reddit-gd :you mail all of that to michael.buck@live.de
01:49:28 :medos!~medos@unaffiliated/medos PRIVMSG ##reddit-gd :i should have it done in an hour or so
01:49:40 :medos!~medos@unaffiliated/medos PRIVMSG ##reddit-gd :then you donate those 50 bux to https://www.redditdonate.com/donate/89
01:50:09 PING :rajaniemi.freenode.net
01:50:50 :medos!~medos@unaffiliated/medos PRIVMSG ##reddit-gd :(when i'm done)
01:50:56 :medos!~medos@unaffiliated/medos PRIVMSG ##reddit-gd :obviously
01:51:05 :medos!~medos@unaffiliated/medos PRIVMSG ##reddit-gd :if you don't pay you cheated a charity out of money ;)
01:52:37 PING :rajaniemi.freenode.net
01:52:53 :medos!~medos@unaffiliated/medos PRIVMSG ##reddit-gd :if it's two fonts
01:52:59 :medos!~medos@unaffiliated/medos PRIVMSG ##reddit-gd :specify which is supposed to go where
01:53:02 :shutterxflash!637267bb@gateway/web/freenode/ip.99.114.103.187 PRIVMSG ##reddit-gd :haha, sickkkk
01:53:05 :shutterxflash!637267bb@gateway/web/freenode/ip.99.114.103.187 PRIVMSG ##reddit-gd ::)
01:53:10 :medos!~medos@unaffiliated/medos PRIVMSG ##reddit-gd :and tell me if it's supposed to have a stroke like the old one had
01:53:21 :shutterxflash!637267bb@gateway/web/freenode/ip.99.114.103.187 PRIVMSG ##reddit-gd :will email you in twenty
01:53:28 :shutterxflash!637267bb@gateway/web/freenode/ip.99.114.103.187 PRIVMSG ##reddit-gd :and yes, it is.
01:54:32 :medos!~medos@unaffiliated/medos PRIVMSG ##reddit-gd :http://i.imgur.com/wby9b.png <-
01:54:45 :medos!~medos@unaffiliated/medos PRIVMSG ##reddit-gd :need both of those for each piece of text
01:55:05 PING :rajaniemi.freenode.net
01:57:33 PING :rajaniemi.freenode.net
02:00:01 PING :rajaniemi.freenode.net
02:00:30 :shutterxflash!637267bb@gateway/web/freenode/ip.99.114.103.187 PRIVMSG ##reddit-gd :right right got itl.
02:01:01 :edodes!~edodes@unaffiliated/edodes PRIVMSG ##reddit-gd :medos: rememeber the "favor logo" I did?
02:01:50 :medos!~medos@unaffiliated/medos PRIVMSG ##reddit-gd :Nope, never seen it.
02:02:03 :medos!~medos@unaffiliated/medos PRIVMSG ##reddit-gd :You did talk about it though.
02:02:14 :edodes!~edodes@unaffiliated/edodes PRIVMSG ##reddit-gd :well I got paid/finished it whatever
02:02:18 :edodes!~edodes@unaffiliated/edodes PRIVMSG ##reddit-gd :got a call a few days ago
02:02:24 :edodes!~edodes@unaffiliated/edodes PRIVMSG ##reddit-gd :she couldn't figure out how to change the colors
02:02:29 PING :rajaniemi.freenode.net
02:02:36 :edodes!~edodes@unaffiliated/edodes PRIVMSG ##reddit-gd :felt so good to say "sorry, can't help you"
02:02:55 :edodes!~edodes@unaffiliated/edodes PRIVMSG ##reddit-gd :that's the gist of it anyways
02:04:57 PING :rajaniemi.freenode.net
02:06:54 :medos!~medos@unaffiliated/medos PRIVMSG ##reddit-gd :could've offered tutoring
02:07:08 :edodes!~edodes@unaffiliated/edodes PRIVMSG ##reddit-gd :She didn't have illustrator
02:07:09 :medos!~medos@unaffiliated/medos PRIVMSG ##reddit-gd :hourly rate and go
02:07:13 :edodes!~edodes@unaffiliated/edodes PRIVMSG ##reddit-gd :lol
02:07:25 PING :rajaniemi.freenode.net
02:07:26 :edodes!~edodes@unaffiliated/edodes PRIVMSG ##reddit-gd :no I was happy to be done. Told her to try googling it
02:08:50 :edodes!~edodes@unaffiliated/edodes PRIVMSG ##reddit-gd :I also have no clue how to tutor anyone, so it'd be kind of a moot point
02:09:00 :edodes!~edodes@unaffiliated/edodes PRIVMSG ##reddit-gd :I probably just used that word wrong
02:09:53 PING :rajaniemi.freenode.net
02:12:21 PING :rajaniemi.freenode.net
02:14:49 PING :rajaniemi.freenode.net
02:16:01 :EDSGD!~Thunderbi@cpe-75-83-30-231.socal.res.rr.com PRIVMSG ##reddit-gd :Did someone say tutoring? 
02:16:15 :medos!~medos@unaffiliated/medos PRIVMSG ##reddit-gd :edsgdoring
02:16:23 :edodes!~edodes@unaffiliated/edodes PRIVMSG ##reddit-gd :why? you offering? xD
02:16:38 :EDSGD!~Thunderbi@cpe-75-83-30-231.socal.res.rr.com PRIVMSG ##reddit-gd :No. I'm done for now.
02:16:40 :EDSGD!~Thunderbi@cpe-75-83-30-231.socal.res.rr.com PRIVMSG ##reddit-gd ::D
02:17:17 PING :rajaniemi.freenode.net
02:18:13 :medos!~medos@unaffiliated/medos PRIVMSG ##reddit-gd :i tutored too
02:18:17 :medos!~medos@unaffiliated/medos PRIVMSG ##reddit-gd :booooo
02:18:35 :EDSGD!~Thunderbi@cpe-75-83-30-231.socal.res.rr.com PRIVMSG ##reddit-gd :Cool
02:18:41 :EDSGD!~Thunderbi@cpe-75-83-30-231.socal.res.rr.com PRIVMSG ##reddit-gd :I bet you were awesome
02:18:48 :EDSGD!~Thunderbi@cpe-75-83-30-231.socal.res.rr.com PRIVMSG ##reddit-gd :AAA
02:19:44 :medos!~medos@unaffiliated/medos PRIVMSG ##reddit-gd :http://www.reddit.com/r/graphic_design/comments/109nb5/need_help_to_achieve_a_gradient_outer_glow_effect/c6bl73g
02:19:45 PING :rajaniemi.freenode.net
02:19:53 :medos!~medos@unaffiliated/medos PRIVMSG ##reddit-gd :people didn't like my toolbar placement ;(
02:21:07 :edodes!~edodes@unaffiliated/edodes PRIVMSG ##reddit-gd :to each their own
02:22:13 PING :rajaniemi.freenode.net
02:22:17 :edodes!~edodes@unaffiliated/edodes PRIVMSG ##reddit-gd :tutored as in past tense?
02:22:51 :medos!~medos@unaffiliated/medos PRIVMSG ##reddit-gd :i made a tutorial to tutor one guy on reddit for a specific effect
02:22:54 :medos!~medos@unaffiliated/medos PRIVMSG ##reddit-gd :that's it
02:23:01 :medos!~medos@unaffiliated/medos PRIVMSG ##reddit-gd :EDSGD will have to tutor again soon
02:23:02 :medos!~medos@unaffiliated/medos PRIVMSG ##reddit-gd ::P
02:23:41 :EDSGD!~Thunderbi@cpe-75-83-30-231.socal.res.rr.com PRIVMSG ##reddit-gd :In a week.
02:23:54 :EDSGD!~Thunderbi@cpe-75-83-30-231.socal.res.rr.com PRIVMSG ##reddit-gd :I enjoy, but ugh... sometimes I swear.
02:24:07 :edodes!~edodes@unaffiliated/edodes PRIVMSG ##reddit-gd :sorry we're dumb?
02:24:07 :EDSGD!~Thunderbi@cpe-75-83-30-231.socal.res.rr.com PRIVMSG ##reddit-gd :No I don
02:24:16 :EDSGD!~Thunderbi@cpe-75-83-30-231.socal.res.rr.com PRIVMSG ##reddit-gd :'t bitch in person.
02:24:20 :EDSGD!~Thunderbi@cpe-75-83-30-231.socal.res.rr.com PRIVMSG ##reddit-gd :No I'm patient.
02:24:21 :edodes!~edodes@unaffiliated/edodes PRIVMSG ##reddit-gd :xD
02:24:23 :EDSGD!~Thunderbi@cpe-75-83-30-231.socal.res.rr.com PRIVMSG ##reddit-gd ::p
02:24:30 :EDSGD!~Thunderbi@cpe-75-83-30-231.socal.res.rr.com PRIVMSG ##reddit-gd :Really Patient.
02:24:36 :edodes!~edodes@unaffiliated/edodes PRIVMSG ##reddit-gd :yeah I'd strangle someone
02:24:40 :edodes!~edodes@unaffiliated/edodes PRIVMSG ##reddit-gd :I'm not cut out for it lol
02:24:41 PING :rajaniemi.freenode.net
02:24:48 :EDSGD!~Thunderbi@cpe-75-83-30-231.socal.res.rr.com PRIVMSG ##reddit-gd :I just don't seem like am when I discuss it here :D
02:25:58 :medos!~medos@unaffiliated/medos PRIVMSG ##reddit-gd :EDSGD more cat gifs on ffffound
02:26:00 :medos!~medos@unaffiliated/medos PRIVMSG ##reddit-gd ::p
02:26:03 :medos!~medos@unaffiliated/medos PRIVMSG ##reddit-gd :enjoy your evening
02:26:04 :medos!~medos@unaffiliated/medos PRIVMSG ##reddit-gd :haha
02:26:28 :EDSGD!~Thunderbi@cpe-75-83-30-231.socal.res.rr.com PRIVMSG ##reddit-gd :ffffound is extremely annoying now.
02:26:32 :medos!~medos@unaffiliated/medos PRIVMSG ##reddit-gd :http://ffffound.com/image/4a606af36e72db65e0786e99eac453adbeca5299
02:26:33 :medos!~medos@unaffiliated/medos PRIVMSG ##reddit-gd :haha
02:26:34 :EDSGD!~Thunderbi@cpe-75-83-30-231.socal.res.rr.com PRIVMSG ##reddit-gd :I remember back when it was cool.
02:27:09 PING :rajaniemi.freenode.net
02:27:16 :medos!~medos@unaffiliated/medos PRIVMSG ##reddit-gd :u so hipster
02:29:37 PING :rajaniemi.freenode.net
02:32:05 PING :rajaniemi.freenode.net
02:32:51 :EDSGD!~Thunderbi@cpe-75-83-30-231.socal.res.rr.com PRIVMSG ##reddit-gd :LOL
02:32:52 :EDSGD!~Thunderbi@cpe-75-83-30-231.socal.res.rr.com PRIVMSG ##reddit-gd ::p
02:34:33 PING :rajaniemi.freenode.net
02:37:01 PING :rajaniemi.freenode.net
02:40:00 :zakmac!~zakmac@c-76-105-254-226.hsd1.or.comcast.net QUIT :Quit: zakmac
02:40:06 PING :rajaniemi.freenode.net
02:41:41 :medos!~medos@unaffiliated/medos PRIVMSG ##reddit-gd :even yayhooray is dead
02:41:45 :medos!~medos@unaffiliated/medos PRIVMSG ##reddit-gd :so no community left
02:41:46 :medos!~medos@unaffiliated/medos PRIVMSG ##reddit-gd :sorry
02:41:56 :EDSGD!~Thunderbi@cpe-75-83-30-231.socal.res.rr.com PRIVMSG ##reddit-gd :I remember that site
02:41:59 :EDSGD!~Thunderbi@cpe-75-83-30-231.socal.res.rr.com PRIVMSG ##reddit-gd ::)
02:42:34 PING :rajaniemi.freenode.net
02:45:02 PING :rajaniemi.freenode.net
02:47:30 PING :rajaniemi.freenode.net
02:47:56 :medos!~medos@unaffiliated/medos PRIVMSG ##reddit-gd :http://i.imgur.com/byQhB.png ?
02:49:09 :medos!~medos@unaffiliated/medos PRIVMSG ##reddit-gd :mh
02:49:48 :EDSGD!~Thunderbi@cpe-75-83-30-231.socal.res.rr.com PRIVMSG ##reddit-gd :Too generic? 
02:49:53 :EDSGD!~Thunderbi@cpe-75-83-30-231.socal.res.rr.com PRIVMSG ##reddit-gd :what is this practice?
02:49:54 :EDSGD!~Thunderbi@cpe-75-83-30-231.socal.res.rr.com PRIVMSG ##reddit-gd :http://kogibbq.com/
02:49:58 PING :rajaniemi.freenode.net
02:50:08 :EDSGD!~Thunderbi@cpe-75-83-30-231.socal.res.rr.com PRIVMSG ##reddit-gd :http://cdn.bulbagarden.net/upload/7/71/099Kingler.png
02:50:36 :EDSGD!~Thunderbi@cpe-75-83-30-231.socal.res.rr.com PRIVMSG ##reddit-gd :http://images1.wikia.nocookie.net/__cb20090125144139/avatar/images/9/9e/FireNationEmblem.png
02:50:40 :EDSGD!~Thunderbi@cpe-75-83-30-231.socal.res.rr.com PRIVMSG ##reddit-gd :idk comes to mind
02:51:49 :medos!~medos@unaffiliated/medos PRIVMSG ##reddit-gd :yup
02:51:52 :medos!~medos@unaffiliated/medos PRIVMSG ##reddit-gd :that's my major problem
02:52:01 :medos!~medos@unaffiliated/medos PRIVMSG ##reddit-gd :it's still (again) the crab guild guy
02:52:14 :medos!~medos@unaffiliated/medos PRIVMSG ##reddit-gd :http://i.imgur.com/GwH86.png remember this? :p
02:52:26 PING :rajaniemi.freenode.net
02:52:38 :EDSGD!~Thunderbi@cpe-75-83-30-231.socal.res.rr.com PRIVMSG ##reddit-gd :no :(
02:52:46 :medos!~medos@unaffiliated/medos PRIVMSG ##reddit-gd :k
02:52:52 :EDSGD!~Thunderbi@cpe-75-83-30-231.socal.res.rr.com PRIVMSG ##reddit-gd :Also the *devil from the powerpuff girls
02:52:55 :EDSGD!~Thunderbi@cpe-75-83-30-231.socal.res.rr.com PRIVMSG ##reddit-gd :xD
02:53:47 :medos!~medos@unaffiliated/medos PRIVMSG ##reddit-gd :color: red
02:53:50 :medos!~medos@unaffiliated/medos PRIVMSG ##reddit-gd :shape: crab
02:54:00 :EDSGD!~Thunderbi@cpe-75-83-30-231.socal.res.rr.com PRIVMSG ##reddit-gd := many things
02:54:05 :medos!~medos@unaffiliated/medos PRIVMSG ##reddit-gd :how to not make it look like a crab
02:54:54 PING :rajaniemi.freenode.net
02:56:58 :medos!~medos@unaffiliated/medos PRIVMSG ##reddit-gd :http://i.imgur.com/Ys5Pi.png :p
02:57:20 :medos!~medos@unaffiliated/medos PRIVMSG ##reddit-gd :just twenty more i guess
02:57:22 PING :rajaniemi.freenode.net
02:59:35 :edodes!~edodes@unaffiliated/edodes PRIVMSG ##reddit-gd :I'm so glad I'm not you
02:59:50 PING :rajaniemi.freenode.net
02:59:51 :edodes!~edodes@unaffiliated/edodes PRIVMSG ##reddit-gd :that many would drive me insane
03:01:03 :medos!~medos@unaffiliated/medos PRIVMSG ##reddit-gd :http://i.minus.com/i9ULQeaLtx7L9.png
03:01:07 :medos!~medos@unaffiliated/medos PRIVMSG ##reddit-gd :^ month ago
03:02:18 PING :rajaniemi.freenode.net
03:04:46 PING :rajaniemi.freenode.net
03:06:42 :EDSGD!~Thunderbi@cpe-75-83-30-231.socal.res.rr.com PRIVMSG ##reddit-gd :YAY
03:07:14 PING :rajaniemi.freenode.net
03:08:15 :EDSGD!~Thunderbi@cpe-75-83-30-231.socal.res.rr.com PRIVMSG ##reddit-gd :Hey medos 
03:08:24 :medos!~medos@unaffiliated/medos PRIVMSG ##reddit-gd :Hey EDSGD
03:08:33 :EDSGD!~Thunderbi@cpe-75-83-30-231.socal.res.rr.com PRIVMSG ##reddit-gd :LOL some packaging stuff for my LP http://i.imgur.com/2IIiO.png
03:08:35 :EDSGD!~Thunderbi@cpe-75-83-30-231.socal.res.rr.com PRIVMSG ##reddit-gd :;p
03:08:36 :EDSGD!~Thunderbi@cpe-75-83-30-231.socal.res.rr.com PRIVMSG ##reddit-gd :hahah
03:08:48 :EDSGD!~Thunderbi@cpe-75-83-30-231.socal.res.rr.com PRIVMSG ##reddit-gd :*le
03:09:05 :EDSGD!~Thunderbi@cpe-75-83-30-231.socal.res.rr.com PRIVMSG ##reddit-gd :This me just having PHUN
03:09:39 :medos!~medos@unaffiliated/medos PRIVMSG ##reddit-gd :looks like you're thanking yourself
03:09:42 PING :rajaniemi.freenode.net
03:09:50 :EDSGD!~Thunderbi@cpe-75-83-30-231.socal.res.rr.com PRIVMSG ##reddit-gd :xD
03:09:53 :EDSGD!~Thunderbi@cpe-75-83-30-231.socal.res.rr.com PRIVMSG ##reddit-gd :Thank you
03:09:57 :EDSGD!~Thunderbi@cpe-75-83-30-231.socal.res.rr.com PRIVMSG ##reddit-gd :LOL
03:10:07 :EDSGD!~Thunderbi@cpe-75-83-30-231.socal.res.rr.com PRIVMSG ##reddit-gd :Thanking me for doing it.
03:11:38 :EDSGD!~Thunderbi@cpe-75-83-30-231.socal.res.rr.com PRIVMSG ##reddit-gd :Oh btw
03:12:10 PING :rajaniemi.freenode.net
03:12:36 :EDSGD!~Thunderbi@cpe-75-83-30-231.socal.res.rr.com PRIVMSG ##reddit-gd :.tell medos http://indesignsecrets.com/unlimited-apps-with-new-version-of-adobe-digital-publishing-solution-dps-rock.php
03:13:37 :medos!~medos@unaffiliated/medos PRIVMSG ##reddit-gd :naaaaay
03:13:51 :EDSGD!~Thunderbi@cpe-75-83-30-231.socal.res.rr.com PRIVMSG ##reddit-gd :That's what I said/
03:14:29 :EDSGD!~Thunderbi@cpe-75-83-30-231.socal.res.rr.com PRIVMSG ##reddit-gd :Should I build "Cooler Pal" with that?
03:15:08 :medos!~medos@unaffiliated/medos PRIVMSG ##reddit-gd :Could've done that before already.
03:15:52 PING :rajaniemi.freenode.net
03:15:56 :medos!~medos@unaffiliated/medos PRIVMSG ##reddit-gd :.tell EDSGD http://www.adobe.com/products/flex.html
03:16:35 :EDSGD!~Thunderbi@cpe-75-83-30-231.socal.res.rr.com PRIVMSG ##reddit-gd :I forgot about that :p
03:16:54 :medos!~medos@unaffiliated/medos PRIVMSG ##reddit-gd :YAAAY APPS
03:16:57 :medos!~medos@unaffiliated/medos PRIVMSG ##reddit-gd :A year ago.
03:17:03 :medos!~medos@unaffiliated/medos PRIVMSG ##reddit-gd ::P
03:18:57 PING :rajaniemi.freenode.net
03:20:01 :medos!~medos@unaffiliated/medos PRIVMSG ##reddit-gd :shutterxflash !
03:20:09 :medos!~medos@unaffiliated/medos PRIVMSG ##reddit-gd :did you mean 20 minutes or twenty hours?
03:20:12 :medos!~medos@unaffiliated/medos PRIVMSG ##reddit-gd :i'll take a nap soon
03:20:24 :medos!~medos@unaffiliated/medos PRIVMSG ##reddit-gd :so the whole thing might take a little longer
03:21:25 PING :rajaniemi.freenode.net
03:21:34 :shutterxflash!637267bb@gateway/web/freenode/ip.99.114.103.187 PRIVMSG ##reddit-gd :oh wow, so sorry.
03:21:39 :shutterxflash!637267bb@gateway/web/freenode/ip.99.114.103.187 PRIVMSG ##reddit-gd :i got sidetracked.
03:21:43 :shutterxflash!637267bb@gateway/web/freenode/ip.99.114.103.187 PRIVMSG ##reddit-gd :eep sending now.
03:21:46 :shutterxflash!637267bb@gateway/web/freenode/ip.99.114.103.187 PRIVMSG ##reddit-gd :my bad.
03:22:04 :medos!~medos@unaffiliated/medos PRIVMSG ##reddit-gd :lol
03:22:35 :medos!~medos@unaffiliated/medos PRIVMSG ##reddit-gd :if you really just discovered reddit
03:22:57 :medos!~medos@unaffiliated/medos PRIVMSG ##reddit-gd :it's obvious that you got sidetracked
03:23:09 :medos!~medos@unaffiliated/medos PRIVMSG ##reddit-gd :.u eep
03:25:44 PING :rajaniemi.freenode.net
03:28:12 PING :rajaniemi.freenode.net
03:30:09 :medos!~medos@unaffiliated/medos PRIVMSG ##reddit-gd :That's awesome, i haven't heard that term in years.
03:30:23 :shutterxflash!637267bb@gateway/web/freenode/ip.99.114.103.187 PRIVMSG ##reddit-gd :hahahah
03:30:30 :shutterxflash!637267bb@gateway/web/freenode/ip.99.114.103.187 PRIVMSG ##reddit-gd :sorry
03:30:38 :medos!~medos@unaffiliated/medos PRIVMSG ##reddit-gd :no i thought it's actually funny
03:30:42 :shutterxflash!637267bb@gateway/web/freenode/ip.99.114.103.187 PRIVMSG ##reddit-gd :which would you recommend for sending?
03:30:47 :shutterxflash!637267bb@gateway/web/freenode/ip.99.114.103.187 PRIVMSG ##reddit-gd :sendspace?
03:30:54 :medos!~medos@unaffiliated/medos PRIVMSG ##reddit-gd :how big is that thing?
03:31:01 :shutterxflash!637267bb@gateway/web/freenode/ip.99.114.103.187 PRIVMSG ##reddit-gd :120mb
03:31:17 PING :rajaniemi.freenode.net
03:31:33 :medos!~medos@unaffiliated/medos PRIVMSG ##reddit-gd :http://jumpshare.com/
03:31:54 :medos!~medos@unaffiliated/medos PRIVMSG ##reddit-gd :dang
03:31:57 :medos!~medos@unaffiliated/medos PRIVMSG ##reddit-gd :100mb file limit
03:32:34 :shutterxflash!637267bb@gateway/web/freenode/ip.99.114.103.187 PRIVMSG ##reddit-gd :hahah
03:32:35 :shutterxflash!637267bb@gateway/web/freenode/ip.99.114.103.187 PRIVMSG ##reddit-gd :yeahh
03:32:39 :shutterxflash!637267bb@gateway/web/freenode/ip.99.114.103.187 PRIVMSG ##reddit-gd :was just typing that up
03:32:47 :shutterxflash!637267bb@gateway/web/freenode/ip.99.114.103.187 PRIVMSG ##reddit-gd :i think sendspace should be goood
03:33:01 :shutterxflash!637267bb@gateway/web/freenode/ip.99.114.103.187 PRIVMSG ##reddit-gd :anyone remember drop.io? rip
03:33:20 :medos!~medos@unaffiliated/medos PRIVMSG ##reddit-gd :do you use dropbox?
03:33:42 :medos!~medos@unaffiliated/medos PRIVMSG ##reddit-gd :or google drive?
03:33:44 :shutterxflash!637267bb@gateway/web/freenode/ip.99.114.103.187 PRIVMSG ##reddit-gd :negative
03:33:45 PING :rajaniemi.freenode.net
03:34:11 :medos!~medos@unaffiliated/medos PRIVMSG ##reddit-gd :dropbox double-acts as cloud backup and sharing and filehosting thingie
03:34:58 :medos!~medos@unaffiliated/medos PRIVMSG ##reddit-gd :if you sign up through this link: http://db.tt/5epv8x1
03:35:02 :medos!~medos@unaffiliated/medos PRIVMSG ##reddit-gd :i'll get extra space
03:35:06 :medos!~medos@unaffiliated/medos PRIVMSG ##reddit-gd :and you too :P
03:35:17 :shutterxflash!637267bb@gateway/web/freenode/ip.99.114.103.187 PRIVMSG ##reddit-gd :ha, well i just did sendspace
03:35:20 :shutterxflash!637267bb@gateway/web/freenode/ip.99.114.103.187 PRIVMSG ##reddit-gd ::/
03:35:32 :medos!~medos@unaffiliated/medos PRIVMSG ##reddit-gd :yup sendspace is fine too
03:35:32 :shutterxflash!637267bb@gateway/web/freenode/ip.99.114.103.187 PRIVMSG ##reddit-gd :but if you want, i'll get you more space for sure, if its a problem
03:35:34 :medos!~medos@unaffiliated/medos PRIVMSG ##reddit-gd :just in general
03:35:39 :shutterxflash!637267bb@gateway/web/freenode/ip.99.114.103.187 PRIVMSG ##reddit-gd :alright rad
03:35:55 :medos!~medos@unaffiliated/medos PRIVMSG ##reddit-gd :i have yet to find someone who does not like dropbox
03:36:13 PING :rajaniemi.freenode.net
03:36:26 :medos!~medos@unaffiliated/medos PRIVMSG ##reddit-gd :major advantage really only comes into play when you install the desktop app
03:36:34 :medos!~medos@unaffiliated/medos PRIVMSG ##reddit-gd :then you have a folder on your hard drive that auto uploads
03:37:22 :shutterxflash!637267bb@gateway/web/freenode/ip.99.114.103.187 PRIVMSG ##reddit-gd :you do graphic design?
03:37:28 :shutterxflash!637267bb@gateway/web/freenode/ip.99.114.103.187 PRIVMSG ##reddit-gd :well, inititally
03:37:29 :shutterxflash!637267bb@gateway/web/freenode/ip.99.114.103.187 PRIVMSG ##reddit-gd :ha
03:37:32 :shutterxflash!637267bb@gateway/web/freenode/ip.99.114.103.187 PRIVMSG ##reddit-gd :*initially
03:37:54 :medos!~medos@unaffiliated/medos PRIVMSG ##reddit-gd :sometimes
03:38:03 :medos!~medos@unaffiliated/medos PRIVMSG ##reddit-gd :more talk than do as a freelancer
03:38:41 PING :rajaniemi.freenode.net
03:38:55 :medos!~medos@unaffiliated/medos PRIVMSG ##reddit-gd ::P
03:41:09 PING :rajaniemi.freenode.net
03:43:37 PING :rajaniemi.freenode.net
03:43:47 :EDSGD!~Thunderbi@cpe-75-83-30-231.socal.res.rr.com PRIVMSG ##reddit-gd :PSD files are a pain in the ass when they are huge
03:44:18 :shutterxflash!637267bb@gateway/web/freenode/ip.99.114.103.187 QUIT :Quit: Page closed
03:45:08 :medos!~medos@unaffiliated/medos PRIVMSG ##reddit-gd :oh noes
03:45:12 :medos!~medos@unaffiliated/medos PRIVMSG ##reddit-gd :http://i.imgur.com/eHr23.png hooray
03:46:05 PING :rajaniemi.freenode.net
03:46:08 :EDSGD!~Thunderbi@cpe-75-83-30-231.socal.res.rr.com PRIVMSG ##reddit-gd :What exactly am I looking at?
03:46:35 :EDSGD!~Thunderbi@cpe-75-83-30-231.socal.res.rr.com PRIVMSG ##reddit-gd :I see a green arrow with three digits so hooraaayyy
03:46:47 :medos!~medos@unaffiliated/medos PRIVMSG ##reddit-gd :fridge pal went from rank 9xx to 6xx
03:46:49 :medos!~medos@unaffiliated/medos PRIVMSG ##reddit-gd :in a day
03:46:56 :EDSGD!~Thunderbi@cpe-75-83-30-231.socal.res.rr.com PRIVMSG ##reddit-gd :yay
03:47:56 :edodes!~edodes@unaffiliated/edodes QUIT :Read error: Connection reset by peer
03:48:21 :edodes!~edodes@24-196-235-142.dhcp.gwnt.ga.charter.com JOIN ##reddit-gd
03:48:21 :edodes!~edodes@24-196-235-142.dhcp.gwnt.ga.charter.com QUIT :Changing host
03:48:21 :edodes!~edodes@unaffiliated/edodes JOIN ##reddit-gd
03:48:33 PING :rajaniemi.freenode.net
03:51:01 PING :rajaniemi.freenode.net
03:53:29 PING :rajaniemi.freenode.net
03:55:57 PING :rajaniemi.freenode.net
03:58:25 PING :rajaniemi.freenode.net
04:00:53 PING :rajaniemi.freenode.net
04:03:21 PING :rajaniemi.freenode.net
04:05:49 PING :rajaniemi.freenode.net
04:08:17 PING :rajaniemi.freenode.net
04:10:38 :medos!~medos@unaffiliated/medos PRIVMSG ##reddit-gd :.tell EDSGD https://dl.dropbox.com/u/22130024/tomorrow-on-ffffound.gif
04:10:46 :medos!~medos@unaffiliated/medos PRIVMSG ##reddit-gd :lelele
04:13:13 PING :rajaniemi.freenode.net
04:15:41 PING :rajaniemi.freenode.net
04:18:09 PING :rajaniemi.freenode.net
04:19:55 :medos!~medos@unaffiliated/medos PRIVMSG ##reddit-gd :GOSH
04:20:22 :medos!~medos@unaffiliated/medos PRIVMSG ##reddit-gd :huuuuuuge illustrator document changing one color causes all
04:20:29 :medos!~medos@unaffiliated/medos PRIVMSG ##reddit-gd :effects to re-render
04:20:30 :medos!~medos@unaffiliated/medos PRIVMSG ##reddit-gd :;[
04:20:37 PING :rajaniemi.freenode.net
04:21:42 :Carson!~carson@enat-152010252032.appstate.edu JOIN ##reddit-gd
04:23:05 PING :rajaniemi.freenode.net
04:25:33 PING :rajaniemi.freenode.net
04:26:54 :Carson!~carson@enat-152010252032.appstate.edu QUIT :Ping timeout: 240 seconds
04:28:01 PING :rajaniemi.freenode.net
04:30:29 PING :rajaniemi.freenode.net
04:32:57 PING :rajaniemi.freenode.net
04:35:25 PING :rajaniemi.freenode.net
04:37:53 PING :rajaniemi.freenode.net
04:38:37 :medos!~medos@unaffiliated/medos PRIVMSG ##reddit-gd :http://www.youtube.com/watch?v=VShmtsLhkQg
04:38:45 :medos!~medos@unaffiliated/medos PRIVMSG ##reddit-gd :funfun
04:40:58 PING :rajaniemi.freenode.net
04:43:26 PING :rajaniemi.freenode.net
04:45:54 PING :rajaniemi.freenode.net
04:48:22 PING :rajaniemi.freenode.net
04:50:50 PING :rajaniemi.freenode.net
04:53:18 PING :rajaniemi.freenode.net
04:55:46 PING :rajaniemi.freenode.net
04:58:14 PING :rajaniemi.freenode.net
05:00:42 PING :rajaniemi.freenode.net
05:03:10 PING :rajaniemi.freenode.net
05:05:38 PING :rajaniemi.freenode.net
05:08:06 PING :rajaniemi.freenode.net
05:08:47 :zakmac!~zakmac@c-24-21-113-121.hsd1.or.comcast.net JOIN ##reddit-gd
05:08:47 :ChanServ!ChanServ@services. MODE ##reddit-gd +o zakmac
05:10:34 PING :rajaniemi.freenode.net
05:13:02 PING :rajaniemi.freenode.net
05:15:30 PING :rajaniemi.freenode.net
05:17:58 PING :rajaniemi.freenode.net
05:20:26 PING :rajaniemi.freenode.net
05:22:54 PING :rajaniemi.freenode.net
05:23:53 :TheWhisper!~TheWhispe@unaffiliated/thewhisper PRIVMSG ##reddit-gd :hmmm
05:23:56 :TheWhisper!~TheWhispe@unaffiliated/thewhisper PRIVMSG ##reddit-gd :cook sausages
05:23:57 :TheWhisper!~TheWhispe@unaffiliated/thewhisper PRIVMSG ##reddit-gd :or go to sleep
05:24:04 :zakmac!~zakmac@c-24-21-113-121.hsd1.or.comcast.net PRIVMSG ##reddit-gd :Sausages
05:24:08 :zakmac!~zakmac@c-24-21-113-121.hsd1.or.comcast.net PRIVMSG ##reddit-gd :Always
05:24:40 :TheWhisper!~TheWhispe@unaffiliated/thewhisper PRIVMSG ##reddit-gd :hm
05:24:44 :TheWhisper!~TheWhispe@unaffiliated/thewhisper PRIVMSG ##reddit-gd :true
05:25:22 PING :rajaniemi.freenode.net
05:27:50 PING :rajaniemi.freenode.net
05:28:17 :EDSGD!~Thunderbi@cpe-75-83-30-231.socal.res.rr.com QUIT :Quit: EDSGD
05:28:45 :TheWhisper!~TheWhispe@unaffiliated/thewhisper PRIVMSG ##reddit-gd :okay
05:28:49 :TheWhisper!~TheWhispe@unaffiliated/thewhisper PRIVMSG ##reddit-gd :time go to sausage
05:28:50 :TheWhisper!~TheWhispe@unaffiliated/thewhisper PRIVMSG ##reddit-gd :to go
05:30:18 PING :rajaniemi.freenode.net
05:32:46 PING :rajaniemi.freenode.net
05:35:14 PING :rajaniemi.freenode.net
05:37:42 PING :rajaniemi.freenode.net
05:40:10 PING :rajaniemi.freenode.net
05:42:38 PING :rajaniemi.freenode.net
05:45:06 PING :rajaniemi.freenode.net
05:47:34 PING :rajaniemi.freenode.net
05:50:02 PING :rajaniemi.freenode.net
05:50:35 :TheWhisper!~TheWhispe@unaffiliated/thewhisper PRIVMSG ##reddit-gd :yummm
05:50:39 :TheWhisper!~TheWhispe@unaffiliated/thewhisper PRIVMSG ##reddit-gd :some chorizo
05:50:43 :TheWhisper!~TheWhispe@unaffiliated/thewhisper PRIVMSG ##reddit-gd :and then some italian sausages
05:50:48 :TheWhisper!~TheWhispe@unaffiliated/thewhisper PRIVMSG ##reddit-gd :a little bit of olive oil
05:50:53 :TheWhisper!~TheWhispe@unaffiliated/thewhisper PRIVMSG ##reddit-gd :some crushed garlic
05:50:56 :TheWhisper!~TheWhispe@unaffiliated/thewhisper PRIVMSG ##reddit-gd :ymmmm
05:52:30 PING :rajaniemi.freenode.net
05:52:48 :TheWhisper!~TheWhispe@unaffiliated/thewhisper PRIVMSG ##reddit-gd :zakmac what are you eatin
05:53:18 :zakmac!~zakmac@c-24-21-113-121.hsd1.or.comcast.net PRIVMSG ##reddit-gd :Nothing atm
05:53:39 :TheWhisper!~TheWhispe@unaffiliated/thewhisper PRIVMSG ##reddit-gd :wow
05:53:44 :TheWhisper!~TheWhispe@unaffiliated/thewhisper PRIVMSG ##reddit-gd :just
05:53:45 :TheWhisper!~TheWhispe@unaffiliated/thewhisper PRIVMSG ##reddit-gd :wow
05:54:06 :TheWhisper!~TheWhispe@unaffiliated/thewhisper PRIVMSG ##reddit-gd :disappointing
05:54:58 PING :rajaniemi.freenode.net
05:57:26 PING :rajaniemi.freenode.net
05:59:54 PING :rajaniemi.freenode.net
06:01:08 :zakmac!~zakmac@c-24-21-113-121.hsd1.or.comcast.net PRIVMSG ##reddit-gd :Busy, busy as shit man
06:01:27 :zakmac!~zakmac@c-24-21-113-121.hsd1.or.comcast.net PRIVMSG ##reddit-gd :Working on this damn fuel nanny. I want a working site by next weekend if I can
06:02:22 PING :rajaniemi.freenode.net
06:04:50 PING :rajaniemi.freenode.net
06:05:25 :TheWhisper!~TheWhispe@unaffiliated/thewhisper PRIVMSG ##reddit-gd :lemme see
06:06:20 :zakmac!~zakmac@c-24-21-113-121.hsd1.or.comcast.net PRIVMSG ##reddit-gd :fuelnanny.com is the current status. My local copy is more full-featured but not much
06:06:40 :zakmac!~zakmac@c-24-21-113-121.hsd1.or.comcast.net PRIVMSG ##reddit-gd :I also just bought gassy for the short url service I plan on running on the domain
06:06:44 :zakmac!~zakmac@c-24-21-113-121.hsd1.or.comcast.net PRIVMSG ##reddit-gd :gas.sy
06:07:08 :TheWhisper!~TheWhispe@unaffiliated/thewhisper PRIVMSG ##reddit-gd :um
06:07:13 :TheWhisper!~TheWhispe@unaffiliated/thewhisper PRIVMSG ##reddit-gd :are you also doing design for it?
06:07:18 PING :rajaniemi.freenode.net
06:07:27 :zakmac!~zakmac@c-24-21-113-121.hsd1.or.comcast.net PRIVMSG ##reddit-gd :Ex: gas.sy/gDw351a or something to link to your specific route that you planned (with your car info set if you chose a vehicle)
06:07:44 :zakmac!~zakmac@c-24-21-113-121.hsd1.or.comcast.net PRIVMSG ##reddit-gd :Yeah, but function is my main priority right now
06:07:48 :TheWhisper!~TheWhispe@unaffiliated/thewhisper PRIVMSG ##reddit-gd :okay :p
06:08:03 :TheWhisper!~TheWhispe@unaffiliated/thewhisper PRIVMSG ##reddit-gd :23.501111111111111111111111111111111111111111111111111111 hours
06:08:04 :TheWhisper!~TheWhispe@unaffiliated/thewhisper PRIVMSG ##reddit-gd :lol
06:08:26 :TheWhisper!~TheWhispe@unaffiliated/thewhisper PRIVMSG ##reddit-gd :I think we can cut it down to maybe 2-3 decimal places, eh?
06:09:06 :zakmac!~zakmac@c-24-21-113-121.hsd1.or.comcast.net PRIVMSG ##reddit-gd :When I get to it that'll end up "X days, X hours, X minutes"
06:09:46 PING :rajaniemi.freenode.net
06:12:14 PING :rajaniemi.freenode.net
06:14:42 PING :rajaniemi.freenode.net
06:17:10 PING :rajaniemi.freenode.net
06:19:38 PING :rajaniemi.freenode.net
06:22:06 PING :rajaniemi.freenode.net
06:24:34 PING :rajaniemi.freenode.net
06:27:02 PING :rajaniemi.freenode.net
06:29:30 PING :rajaniemi.freenode.net
06:31:58 PING :rajaniemi.freenode.net
06:34:26 PING :rajaniemi.freenode.net
06:36:54 PING :rajaniemi.freenode.net
06:39:22 PING :rajaniemi.freenode.net
06:41:50 PING :rajaniemi.freenode.net
06:44:18 PING :rajaniemi.freenode.net
06:46:46 PING :rajaniemi.freenode.net
06:49:14 PING :rajaniemi.freenode.net
06:51:42 PING :rajaniemi.freenode.net
06:54:10 PING :rajaniemi.freenode.net
06:56:38 PING :rajaniemi.freenode.net
06:59:06 PING :rajaniemi.freenode.net
07:01:34 PING :rajaniemi.freenode.net
07:04:02 PING :rajaniemi.freenode.net
07:06:30 PING :rajaniemi.freenode.net
07:08:58 PING :rajaniemi.freenode.net
07:11:26 PING :rajaniemi.freenode.net
07:13:54 PING :rajaniemi.freenode.net
07:16:22 PING :rajaniemi.freenode.net
07:18:50 PING :rajaniemi.freenode.net
07:21:18 PING :rajaniemi.freenode.net
07:23:46 PING :rajaniemi.freenode.net
07:24:15 :TheWhisper!~TheWhispe@unaffiliated/thewhisper PRIVMSG ##reddit-gd :yo yo yo
07:24:18 :TheWhisper!~TheWhispe@unaffiliated/thewhisper PRIVMSG ##reddit-gd :they call me grillex
07:24:20 :TheWhisper!~TheWhispe@unaffiliated/thewhisper PRIVMSG ##reddit-gd :night
07:26:14 PING :rajaniemi.freenode.net
07:28:42 PING :rajaniemi.freenode.net
07:31:10 PING :rajaniemi.freenode.net
07:33:38 PING :rajaniemi.freenode.net
07:36:06 PING :rajaniemi.freenode.net
07:38:34 PING :rajaniemi.freenode.net
07:41:02 PING :rajaniemi.freenode.net
07:43:30 PING :rajaniemi.freenode.net
07:45:58 PING :rajaniemi.freenode.net
07:48:26 PING :rajaniemi.freenode.net
07:50:54 PING :rajaniemi.freenode.net
07:53:22 PING :rajaniemi.freenode.net
07:55:50 PING :rajaniemi.freenode.net
07:58:18 PING :rajaniemi.freenode.net
08:00:46 PING :rajaniemi.freenode.net
08:03:14 PING :rajaniemi.freenode.net
08:05:42 PING :rajaniemi.freenode.net
08:08:10 PING :rajaniemi.freenode.net
08:10:38 PING :rajaniemi.freenode.net
08:13:06 PING :rajaniemi.freenode.net
08:15:34 PING :rajaniemi.freenode.net
08:18:02 PING :rajaniemi.freenode.net
08:20:30 PING :rajaniemi.freenode.net
08:22:58 PING :rajaniemi.freenode.net
08:25:26 PING :rajaniemi.freenode.net
08:27:54 PING :rajaniemi.freenode.net
08:30:22 PING :rajaniemi.freenode.net
08:32:50 PING :rajaniemi.freenode.net
08:35:18 PING :rajaniemi.freenode.net
08:37:46 PING :rajaniemi.freenode.net
08:40:14 PING :rajaniemi.freenode.net
08:42:42 PING :rajaniemi.freenode.net
08:45:10 PING :rajaniemi.freenode.net
08:47:38 PING :rajaniemi.freenode.net
08:50:06 PING :rajaniemi.freenode.net
08:52:34 PING :rajaniemi.freenode.net
08:55:02 PING :rajaniemi.freenode.net
08:57:30 PING :rajaniemi.freenode.net
08:59:58 PING :rajaniemi.freenode.net
09:02:26 PING :rajaniemi.freenode.net
09:04:54 PING :rajaniemi.freenode.net
09:07:22 PING :rajaniemi.freenode.net
09:09:50 PING :rajaniemi.freenode.net
09:12:18 PING :rajaniemi.freenode.net
09:14:46 PING :rajaniemi.freenode.net
09:17:14 PING :rajaniemi.freenode.net
09:19:42 PING :rajaniemi.freenode.net
09:22:10 PING :rajaniemi.freenode.net
09:24:38 PING :rajaniemi.freenode.net
09:27:06 PING :rajaniemi.freenode.net
09:29:34 PING :rajaniemi.freenode.net
09:32:02 PING :rajaniemi.freenode.net
09:34:30 PING :rajaniemi.freenode.net
09:36:58 PING :rajaniemi.freenode.net
09:39:26 PING :rajaniemi.freenode.net
09:41:54 PING :rajaniemi.freenode.net
09:44:22 PING :rajaniemi.freenode.net
09:46:50 PING :rajaniemi.freenode.net
09:49:18 PING :rajaniemi.freenode.net
09:51:46 PING :rajaniemi.freenode.net
09:54:14 PING :rajaniemi.freenode.net
09:56:42 PING :rajaniemi.freenode.net
09:59:10 PING :rajaniemi.freenode.net
10:01:38 PING :rajaniemi.freenode.net
10:04:06 PING :rajaniemi.freenode.net
10:06:34 PING :rajaniemi.freenode.net
10:09:02 PING :rajaniemi.freenode.net
10:11:30 PING :rajaniemi.freenode.net
10:13:58 PING :rajaniemi.freenode.net
10:16:26 PING :rajaniemi.freenode.net
10:16:36 :medos!~medos@unaffiliated/medos QUIT :Read error: Connection reset by peer
10:18:54 PING :rajaniemi.freenode.net
10:21:22 PING :rajaniemi.freenode.net
10:23:50 PING :rajaniemi.freenode.net
10:26:18 PING :rajaniemi.freenode.net
10:28:46 PING :rajaniemi.freenode.net
10:31:14 PING :rajaniemi.freenode.net
10:33:42 PING :rajaniemi.freenode.net
10:36:10 PING :rajaniemi.freenode.net
10:38:38 PING :rajaniemi.freenode.net
10:38:40 :zakmac!~zakmac@c-24-21-113-121.hsd1.or.comcast.net PRIVMSG ##reddit-gd :http://fuelnanny.com/
10:41:06 PING :rajaniemi.freenode.net
10:43:34 PING :rajaniemi.freenode.net
10:46:02 PING :rajaniemi.freenode.net
10:48:30 PING :rajaniemi.freenode.net
10:50:58 PING :rajaniemi.freenode.net
10:53:26 PING :rajaniemi.freenode.net
10:55:54 PING :rajaniemi.freenode.net
10:58:22 PING :rajaniemi.freenode.net
11:00:50 PING :rajaniemi.freenode.net
11:03:18 PING :rajaniemi.freenode.net
11:05:46 PING :rajaniemi.freenode.net
11:08:14 PING :rajaniemi.freenode.net
11:10:42 PING :rajaniemi.freenode.net
11:13:10 PING :rajaniemi.freenode.net
11:15:38 PING :rajaniemi.freenode.net
11:18:06 PING :rajaniemi.freenode.net
11:20:34 PING :rajaniemi.freenode.net
11:23:02 PING :rajaniemi.freenode.net
11:25:30 PING :rajaniemi.freenode.net
11:27:58 PING :rajaniemi.freenode.net
11:30:26 PING :rajaniemi.freenode.net
11:32:54 PING :rajaniemi.freenode.net
11:35:22 PING :rajaniemi.freenode.net
11:37:50 PING :rajaniemi.freenode.net
11:40:18 PING :rajaniemi.freenode.net
11:42:46 PING :rajaniemi.freenode.net
11:45:14 PING :rajaniemi.freenode.net
11:47:42 PING :rajaniemi.freenode.net
11:50:10 PING :rajaniemi.freenode.net
11:52:38 PING :rajaniemi.freenode.net
11:55:06 PING :rajaniemi.freenode.net
11:57:34 PING :rajaniemi.freenode.net
12:00:02 PING :rajaniemi.freenode.net
12:02:30 PING :rajaniemi.freenode.net
12:04:58 PING :rajaniemi.freenode.net
12:07:26 PING :rajaniemi.freenode.net
12:09:54 PING :rajaniemi.freenode.net
12:12:22 PING :rajaniemi.freenode.net
12:14:50 PING :rajaniemi.freenode.net
12:17:18 PING :rajaniemi.freenode.net
12:19:46 PING :rajaniemi.freenode.net
12:22:14 PING :rajaniemi.freenode.net
12:24:42 PING :rajaniemi.freenode.net
12:27:10 PING :rajaniemi.freenode.net
12:29:38 PING :rajaniemi.freenode.net
12:32:06 PING :rajaniemi.freenode.net
12:34:34 PING :rajaniemi.freenode.net
12:37:02 PING :rajaniemi.freenode.net
12:39:30 PING :rajaniemi.freenode.net
12:41:58 PING :rajaniemi.freenode.net
12:44:26 PING :rajaniemi.freenode.net
12:46:54 PING :rajaniemi.freenode.net
12:49:22 PING :rajaniemi.freenode.net
12:51:50 PING :rajaniemi.freenode.net
12:54:18 PING :rajaniemi.freenode.net
12:56:46 PING :rajaniemi.freenode.net
12:59:14 PING :rajaniemi.freenode.net
13:01:42 PING :rajaniemi.freenode.net
13:04:10 PING :rajaniemi.freenode.net
13:06:38 PING :rajaniemi.freenode.net
13:09:06 PING :rajaniemi.freenode.net
13:11:34 PING :rajaniemi.freenode.net
13:14:02 PING :rajaniemi.freenode.net
13:16:30 PING :rajaniemi.freenode.net
13:18:58 PING :rajaniemi.freenode.net
13:21:26 PING :rajaniemi.freenode.net
13:23:54 PING :rajaniemi.freenode.net
13:26:22 PING :rajaniemi.freenode.net
13:28:50 PING :rajaniemi.freenode.net
13:31:18 PING :rajaniemi.freenode.net
13:33:46 PING :rajaniemi.freenode.net
13:36:14 PING :rajaniemi.freenode.net
13:38:42 PING :rajaniemi.freenode.net
13:41:10 PING :rajaniemi.freenode.net
13:43:38 PING :rajaniemi.freenode.net
13:45:50 :Sat!Sat@5ac15c3e.bb.sky.com JOIN ##reddit-gd
13:46:06 PING :rajaniemi.freenode.net
13:48:34 PING :rajaniemi.freenode.net
13:51:02 PING :rajaniemi.freenode.net
13:53:30 PING :rajaniemi.freenode.net
13:55:58 PING :rajaniemi.freenode.net
13:58:26 PING :rajaniemi.freenode.net
14:00:54 PING :rajaniemi.freenode.net
14:02:18 :Carson!~carson@enat-152010252032.appstate.edu JOIN ##reddit-gd
14:03:22 PING :rajaniemi.freenode.net
14:03:45 :Carson_!~carson@enat-152010252032.appstate.edu JOIN ##reddit-gd
14:03:45 :Carson!~carson@enat-152010252032.appstate.edu QUIT :Read error: Connection reset by peer
14:05:50 PING :rajaniemi.freenode.net
14:08:18 PING :rajaniemi.freenode.net
14:08:19 :Carson!~carson@enat-152010252032.appstate.edu JOIN ##reddit-gd
14:08:19 :Carson_!~carson@enat-152010252032.appstate.edu QUIT :Read error: Connection reset by peer
14:10:46 PING :rajaniemi.freenode.net
14:11:30 :Carson!~carson@enat-152010252032.appstate.edu QUIT :Remote host closed the connection
14:13:14 PING :rajaniemi.freenode.net
14:15:42 PING :rajaniemi.freenode.net
14:18:10 PING :rajaniemi.freenode.net
14:20:38 PING :rajaniemi.freenode.net
14:23:06 PING :rajaniemi.freenode.net
14:25:34 PING :rajaniemi.freenode.net
14:28:02 PING :rajaniemi.freenode.net
14:30:30 PING :rajaniemi.freenode.net
14:32:58 PING :rajaniemi.freenode.net
14:35:26 PING :rajaniemi.freenode.net
14:35:39 :medos!~medos@p5B3D9810.dip.t-dialin.net JOIN ##reddit-gd
14:35:40 :medos!~medos@p5B3D9810.dip.t-dialin.net QUIT :Changing host
14:35:40 :medos!~medos@unaffiliated/medos JOIN ##reddit-gd
14:37:54 PING :rajaniemi.freenode.net
14:40:22 PING :rajaniemi.freenode.net
14:40:48 :medos!~medos@unaffiliated/medos PRIVMSG ##reddit-gd :https://docs.google.com/spreadsheet/viewform?formkey=dFJnWDZQd0VpbURyUjlCXzluU1FyLWc6MQ
14:40:51 :medos!~medos@unaffiliated/medos PRIVMSG ##reddit-gd :gogo
14:42:50 PING :rajaniemi.freenode.net
14:45:18 PING :rajaniemi.freenode.net
14:48:22 PING :rajaniemi.freenode.net
14:50:51 PING :rajaniemi.freenode.net
14:53:19 PING :rajaniemi.freenode.net
14:55:47 PING :rajaniemi.freenode.net
14:58:15 PING :rajaniemi.freenode.net
15:00:43 PING :rajaniemi.freenode.net
15:03:11 PING :rajaniemi.freenode.net
15:05:39 PING :rajaniemi.freenode.net
15:08:07 PING :rajaniemi.freenode.net
15:10:35 PING :rajaniemi.freenode.net
15:13:03 PING :rajaniemi.freenode.net
15:15:31 PING :rajaniemi.freenode.net
15:17:59 PING :rajaniemi.freenode.net
15:20:27 PING :rajaniemi.freenode.net
15:22:55 PING :rajaniemi.freenode.net
15:25:23 PING :rajaniemi.freenode.net
15:26:31 :Sat!Sat@5ac15c3e.bb.sky.com PRIVMSG ##reddit-gd :done
15:27:51 PING :rajaniemi.freenode.net
15:28:41 :Sat!Sat@5ac15c3e.bb.sky.com PRIVMSG ##reddit-gd :your quiz?
15:30:19 PING :rajaniemi.freenode.net
15:32:47 PING :rajaniemi.freenode.net
15:35:15 PING :rajaniemi.freenode.net
15:37:43 PING :rajaniemi.freenode.net
15:40:11 PING :rajaniemi.freenode.net
15:40:55 :medos!~medos@unaffiliated/medos PRIVMSG ##reddit-gd :yup
15:41:02 :medos!~medos@unaffiliated/medos PRIVMSG ##reddit-gd :it's wip still
15:42:39 PING :rajaniemi.freenode.net
15:45:07 PING :rajaniemi.freenode.net
15:47:35 PING :rajaniemi.freenode.net
15:50:03 PING :rajaniemi.freenode.net
15:52:31 PING :rajaniemi.freenode.net
15:54:59 PING :rajaniemi.freenode.net
15:55:04 :medos!~medos@unaffiliated/medos PRIVMSG ##reddit-gd :Sat http://i.imgur.com/80XRi.png
15:55:06 :medos!~medos@unaffiliated/medos PRIVMSG ##reddit-gd :;)
15:57:27 PING :rajaniemi.freenode.net
15:59:49 :zakmac!~zakmac@c-24-21-113-121.hsd1.or.comcast.net PRIVMSG ##reddit-gd :These regular expressions will literally kill me
15:59:55 PING :rajaniemi.freenode.net
16:00:20 :zakmac!~zakmac@c-24-21-113-121.hsd1.or.comcast.net PRIVMSG ##reddit-gd :medos: fuelnanny.com - current status
16:00:37 :medos!~medos@unaffiliated/medos PRIVMSG ##reddit-gd :unclickable!
16:01:04 :medos!~medos@unaffiliated/medos PRIVMSG ##reddit-gd :http://i.imgur.com/gqiRU.png
16:02:23 PING :rajaniemi.freenode.net
16:02:29 :medos!~medos@unaffiliated/medos PRIVMSG ##reddit-gd :huuuuuuuge step forward
16:02:30 :medos!~medos@unaffiliated/medos PRIVMSG ##reddit-gd :<3
16:04:51 PING :rajaniemi.freenode.net
16:05:28 :medos!~medos@unaffiliated/medos PRIVMSG ##reddit-gd :but a little bit too biggie
16:05:41 :medos!~medos@unaffiliated/medos PRIVMSG ##reddit-gd :browserdata should be the same as before
16:05:48 :zakmac!~zakmac@c-24-21-113-121.hsd1.or.comcast.net PRIVMSG ##reddit-gd :I've been up all night, design isn't near final just more usable
16:07:09 :medos!~medos@unaffiliated/medos PRIVMSG ##reddit-gd :http://i.imgur.com/ziQcz.png
16:07:19 PING :rajaniemi.freenode.net
16:07:25 :medos!~medos@unaffiliated/medos PRIVMSG ##reddit-gd :yeah, i would critique the looks if you'd asked me to but as it stands i know it's wip :)
16:08:28 :zakmac!~zakmac@c-24-21-113-121.hsd1.or.comcast.net PRIVMSG ##reddit-gd :Working right now on this… http://imgur.com/a/DQc9T
16:08:52 :zakmac!~zakmac@c-24-21-113-121.hsd1.or.comcast.net PRIVMSG ##reddit-gd :I have it reading the full 34,000 card db right now so its almost good to go in terms of displaying info
16:09:13 :zakmac!~zakmac@c-24-21-113-121.hsd1.or.comcast.net PRIVMSG ##reddit-gd :(pay attention to the urls up top as the data is filtered in the images)
16:09:47 PING :rajaniemi.freenode.net
16:10:13 :medos!~medos@unaffiliated/medos PRIVMSG ##reddit-gd :ugh
16:10:19 :medos!~medos@unaffiliated/medos PRIVMSG ##reddit-gd :does not look fun
16:10:31 :medos!~medos@unaffiliated/medos PRIVMSG ##reddit-gd :but looks A+ ok for SEO
16:10:53 :medos!~medos@unaffiliated/medos PRIVMSG ##reddit-gd :*does not look fun to set up and code and arrange and filter
16:11:11 :zakmac!~zakmac@c-24-21-113-121.hsd1.or.comcast.net PRIVMSG ##reddit-gd :Yeah, sad part is that's not the main function of the site at all, but oh well at least it'll work nicely
16:11:27 :zakmac!~zakmac@c-24-21-113-121.hsd1.or.comcast.net PRIVMSG ##reddit-gd :Code's not too bad. Though I'm horrible. One sec
16:12:15 PING :rajaniemi.freenode.net
16:13:52 :zakmac!~zakmac@c-24-21-113-121.hsd1.or.comcast.net PRIVMSG ##reddit-gd :http://pastebin.com/wfZ3xWcc
16:14:43 PING :rajaniemi.freenode.net
16:16:37 :EDSGD!~Thunderbi@cpe-75-83-30-231.socal.res.rr.com JOIN ##reddit-gd
16:16:38 :ChanServ!ChanServ@services. MODE ##reddit-gd +o EDSGD
16:16:50 :EDSGD!~Thunderbi@cpe-75-83-30-231.socal.res.rr.com PRIVMSG ##reddit-gd :yo homebois
16:17:43 :EDSGD!~Thunderbi@cpe-75-83-30-231.socal.res.rr.com PRIVMSG ##reddit-gd :.tell medos unsubscribe from ffffound
16:20:16 PING :rajaniemi.freenode.net
16:21:39 :medos!~medos@unaffiliated/medos PRIVMSG ##reddit-gd :zakmac that looks relatively easy to grasp
16:21:50 :medos!~medos@unaffiliated/medos PRIVMSG ##reddit-gd :i would never be able to code it from scratch though :P
16:21:56 :zakmac!~zakmac@c-24-21-113-121.hsd1.or.comcast.net PRIVMSG ##reddit-gd :The php? Yeah its super basic, nothing major being accomplished
16:22:14 :zakmac!~zakmac@c-24-21-113-121.hsd1.or.comcast.net PRIVMSG ##reddit-gd :~40% is modified from googling stack overflow answers
16:22:20 :zakmac!~zakmac@c-24-21-113-121.hsd1.or.comcast.net PRIVMSG ##reddit-gd :No warranties AT ALL
16:22:54 :zakmac!~zakmac@c-24-21-113-121.hsd1.or.comcast.net PRIVMSG ##reddit-gd :2009	Lamborghini	Murcielago	10.9000 MPG city
16:23:58 PING :rajaniemi.freenode.net
16:24:08 :medos!~medos@unaffiliated/medos PRIVMSG ##reddit-gd :haha
16:25:47 :zakmac!~zakmac@c-24-21-113-121.hsd1.or.comcast.net PRIVMSG ##reddit-gd :Alright it's now bright and sunny out and I need to sleep. Later all
16:26:14 :medos!~medos@unaffiliated/medos PRIVMSG ##reddit-gd :good night man
16:26:26 PING :rajaniemi.freenode.net
16:26:26 :medos!~medos@unaffiliated/medos PRIVMSG ##reddit-gd :you'll be done next week at this speed
16:28:54 PING :rajaniemi.freenode.net
16:30:21 :zakmac!~zakmac@c-24-21-113-121.hsd1.or.comcast.net PRIVMSG ##reddit-gd :Oh, by the way, medos: you should notice now it doesn't drag you across the ocean if you're outside the US. Instead it just randomizes two points
16:30:34 :medos!~medos@unaffiliated/medos PRIVMSG ##reddit-gd :yeah
16:31:22 PING :rajaniemi.freenode.net
16:33:50 PING :rajaniemi.freenode.net
16:36:18 PING :rajaniemi.freenode.net
16:38:46 PING :rajaniemi.freenode.net
16:40:40 :EDSGD!~Thunderbi@cpe-75-83-30-231.socal.res.rr.com PRIVMSG ##reddit-gd :hmmm I don't like how nexus fonts works.
16:41:14 PING :rajaniemi.freenode.net
16:42:51 :medos!~medos@unaffiliated/medos PRIVMSG ##reddit-gd :why
16:43:42 PING :rajaniemi.freenode.net
16:44:56 :EDSGD!~Thunderbi@cpe-75-83-30-231.socal.res.rr.com PRIVMSG ##reddit-gd :Too much clicking for me, how it installs fonts, have to have a folder for the fonts.
16:46:10 PING :rajaniemi.freenode.net
16:47:26 :medos!~medos@unaffiliated/medos PRIVMSG ##reddit-gd :EDSGD how much space do you have on yer current dropbox?
16:48:02 :EDSGD!~Thunderbi@cpe-75-83-30-231.socal.res.rr.com PRIVMSG ##reddit-gd :20%
16:48:38 PING :rajaniemi.freenode.net
16:51:06 PING :rajaniemi.freenode.net
16:51:36 :Matt3000!Matt@174.141.142.86 JOIN ##reddit-gd
16:53:34 PING :rajaniemi.freenode.net
16:56:02 PING :rajaniemi.freenode.net
16:58:30 PING :rajaniemi.freenode.net
17:00:58 PING :rajaniemi.freenode.net
17:03:26 PING :rajaniemi.freenode.net
17:05:54 PING :rajaniemi.freenode.net
17:08:22 PING :rajaniemi.freenode.net
17:10:50 PING :rajaniemi.freenode.net
17:13:18 PING :rajaniemi.freenode.net
17:15:46 PING :rajaniemi.freenode.net
17:17:35 :EDSGD!~Thunderbi@cpe-75-83-30-231.socal.res.rr.com PRIVMSG ##reddit-gd :hello matt3000 
17:17:40 :EDSGD!~Thunderbi@cpe-75-83-30-231.socal.res.rr.com PRIVMSG ##reddit-gd :haven't seen you here.
17:17:42 :EDSGD!~Thunderbi@cpe-75-83-30-231.socal.res.rr.com PRIVMSG ##reddit-gd ::D
17:18:14 PING :rajaniemi.freenode.net
17:20:42 PING :rajaniemi.freenode.net
17:23:10 PING :rajaniemi.freenode.net
17:25:38 PING :rajaniemi.freenode.net
17:27:44 :EDSGD!~Thunderbi@cpe-75-83-30-231.socal.res.rr.com PRIVMSG ##reddit-gd :http://www.washingtonpost.com/business/apple-loses-german-patent-case-against-samsung-motorola-over-touch-screen-devices/2012/09/21/56dad0ae-03ef-11e2-9132-f2750cd65f97_story.html
17:28:06 PING :rajaniemi.freenode.net
17:30:34 PING :rajaniemi.freenode.net
17:33:02 PING :rajaniemi.freenode.net
17:35:30 PING :rajaniemi.freenode.net
17:37:58 PING :rajaniemi.freenode.net
17:40:26 PING :rajaniemi.freenode.net
17:42:54 PING :rajaniemi.freenode.net
17:45:22 PING :rajaniemi.freenode.net
17:46:18 :medos!~medos@unaffiliated/medos PRIVMSG ##reddit-gd :yup
17:47:50 PING :rajaniemi.freenode.net
17:50:18 PING :rajaniemi.freenode.net
17:52:46 PING :rajaniemi.freenode.net
17:55:14 PING :rajaniemi.freenode.net
17:57:42 PING :rajaniemi.freenode.net
18:00:10 PING :rajaniemi.freenode.net
18:02:38 PING :rajaniemi.freenode.net
18:05:06 PING :rajaniemi.freenode.net
18:07:34 PING :rajaniemi.freenode.net
18:10:02 PING :rajaniemi.freenode.net
18:12:30 PING :rajaniemi.freenode.net
18:14:58 PING :rajaniemi.freenode.net
18:17:26 PING :rajaniemi.freenode.net
18:19:54 PING :rajaniemi.freenode.net
18:20:18 :TheWhisper!~TheWhispe@unaffiliated/thewhisper PRIVMSG ##reddit-gd :c2c is so fucking good
18:21:25 :EDSGD!~Thunderbi@cpe-75-83-30-231.socal.res.rr.com PRIVMSG ##reddit-gd :what's c2c 
18:22:22 PING :rajaniemi.freenode.net
18:22:30 :TheWhisper!~TheWhispe@unaffiliated/thewhisper PRIVMSG ##reddit-gd :http://www.youtube.com/watch?v=h30ynJrNE_4&feature=plcp
18:22:36 :TheWhisper!~TheWhispe@unaffiliated/thewhisper PRIVMSG ##reddit-gd :http://www.youtube.com/watch?v=-IO0FZIotRI&feature=plcp
18:23:00 :EDSGD!~Thunderbi@cpe-75-83-30-231.socal.res.rr.com QUIT :Quit: EDSGD
18:23:04 :Carson!~carson@enat-152010252032.appstate.edu JOIN ##reddit-gd
18:23:19 :EDSGD!~Thunderbi@cpe-75-83-30-231.socal.res.rr.com JOIN ##reddit-gd
18:23:20 :ChanServ!ChanServ@services. MODE ##reddit-gd +o EDSGD
18:23:38 :EDSGD!~Thunderbi@cpe-75-83-30-231.socal.res.rr.com PRIVMSG ##reddit-gd :I don't like it.
18:23:46 :EDSGD!~Thunderbi@cpe-75-83-30-231.socal.res.rr.com PRIVMSG ##reddit-gd :By the way, I got the webdesign gig :D
18:23:50 :Carson!~carson@enat-152010252032.appstate.edu PRIVMSG ##reddit-gd :hello
18:23:55 :TheWhisper!~TheWhispe@unaffiliated/thewhisper PRIVMSG ##reddit-gd :http://www.fastcodesign.com/1670833/printing-new-tunes-for-the-fisher-price-record-player
18:23:56 :EDSGD!~Thunderbi@cpe-75-83-30-231.socal.res.rr.com PRIVMSG ##reddit-gd :Hello Carson
18:23:57 :TheWhisper!~TheWhispe@unaffiliated/thewhisper PRIVMSG ##reddit-gd :nice
18:24:50 PING :rajaniemi.freenode.net
18:24:58 :EDSGD!~Thunderbi@cpe-75-83-30-231.socal.res.rr.com PRIVMSG ##reddit-gd :That website is still difficult to look at/
18:25:01 :TheWhisper!~TheWhispe@unaffiliated/thewhisper PRIVMSG ##reddit-gd :yup
18:26:09 :EDSGD!~Thunderbi@cpe-75-83-30-231.socal.res.rr.com PRIVMSG ##reddit-gd :xD Wow. checked my reddit account and I'm receiving a bit of karma for saying "DAE pee in the shower? "
18:26:11 :EDSGD!~Thunderbi@cpe-75-83-30-231.socal.res.rr.com PRIVMSG ##reddit-gd :lol
18:27:18 PING :rajaniemi.freenode.net
18:28:51 :medos!~medos@unaffiliated/medos PRIVMSG ##reddit-gd :oh dear
18:29:47 PING :rajaniemi.freenode.net
18:30:18 :TheWhisper!~TheWhispe@unaffiliated/thewhisper PRIVMSG ##reddit-gd :http://www.behance.net/gallery/ID-Web-For-Gaming-Media/5093205
18:31:48 :EDSGD!~Thunderbi@cpe-75-83-30-231.socal.res.rr.com PRIVMSG ##reddit-gd :Nice.
18:31:55 :EDSGD!~Thunderbi@cpe-75-83-30-231.socal.res.rr.com PRIVMSG ##reddit-gd :Thanks TheWhisper
18:32:05 :EDSGD!~Thunderbi@cpe-75-83-30-231.socal.res.rr.com PRIVMSG ##reddit-gd :this solved a problem that I had a while ago :D
18:32:10 :medos!~medos@unaffiliated/medos PRIVMSG ##reddit-gd :http://i.imgur.com/7NVJV.jpg
18:32:11 :EDSGD!~Thunderbi@cpe-75-83-30-231.socal.res.rr.com PRIVMSG ##reddit-gd :Thank you.
18:32:14 PING :rajaniemi.freenode.net
18:32:17 :TheWhisper!~TheWhispe@unaffiliated/thewhisper PRIVMSG ##reddit-gd :whatp roblem?
18:32:20 :TheWhisper!~TheWhispe@unaffiliated/thewhisper PRIVMSG ##reddit-gd :*What problem?
18:32:29 :EDSGD!~Thunderbi@cpe-75-83-30-231.socal.res.rr.com PRIVMSG ##reddit-gd :An I identity I was doing.
18:32:36 :TheWhisper!~TheWhispe@unaffiliated/thewhisper PRIVMSG ##reddit-gd :?
18:32:40 :EDSGD!~Thunderbi@cpe-75-83-30-231.socal.res.rr.com PRIVMSG ##reddit-gd :I was making some folder
18:32:45 :medos!~medos@unaffiliated/medos PRIVMSG ##reddit-gd :lol
18:32:50 :EDSGD!~Thunderbi@cpe-75-83-30-231.socal.res.rr.com PRIVMSG ##reddit-gd :and looking at this solved it. 
18:33:04 :EDSGD!~Thunderbi@cpe-75-83-30-231.socal.res.rr.com PRIVMSG ##reddit-gd :I wanted my folder to be special.
18:33:05 :EDSGD!~Thunderbi@cpe-75-83-30-231.socal.res.rr.com PRIVMSG ##reddit-gd :http://behance.vo.llnwd.net/profiles/83760/projects/5093205/1a6923ff4cafebc3b00d0eb9f3163828.jpg
18:33:17 :EDSGD!~Thunderbi@cpe-75-83-30-231.socal.res.rr.com PRIVMSG ##reddit-gd :Won't be doing something like that ^^ thogh
18:33:29 :TheWhisper!~TheWhispe@unaffiliated/thewhisper PRIVMSG ##reddit-gd :ah
18:34:28 :TheWhisper!~TheWhispe@unaffiliated/thewhisper PRIVMSG ##reddit-gd :http://dribbble.com/shots/168468-Form-steps-v2
18:34:36 :EDSGD!~Thunderbi@cpe-75-83-30-231.socal.res.rr.com PRIVMSG ##reddit-gd :I like how the did their guidelines
18:34:43 PING :rajaniemi.freenode.net
18:34:59 :EDSGD!~Thunderbi@cpe-75-83-30-231.socal.res.rr.com PRIVMSG ##reddit-gd :EEEEWWWWW
18:35:07 :TheWhisper!~TheWhispe@unaffiliated/thewhisper PRIVMSG ##reddit-gd :http://dribbble.com/shots/738816-Taking-Other-People-s-Land-by-Force?list=popular&offset=1 this is awesome
18:35:13 :EDSGD!~Thunderbi@cpe-75-83-30-231.socal.res.rr.com PRIVMSG ##reddit-gd :G2g have to go to my fucking saturday class now
18:35:31 :medos!~medos@unaffiliated/medos PRIVMSG ##reddit-gd :http://dribbble.com/shots/729801-Football-to-Rugby-in-8-Seconds
18:35:34 :medos!~medos@unaffiliated/medos PRIVMSG ##reddit-gd :good luck
18:35:37 :EDSGD!~Thunderbi@cpe-75-83-30-231.socal.res.rr.com PRIVMSG ##reddit-gd :TheWhisper I remember you saying GIF's were stupid
18:35:46 :medos!~medos@unaffiliated/medos PRIVMSG ##reddit-gd :no
18:35:49 :EDSGD!~Thunderbi@cpe-75-83-30-231.socal.res.rr.com PRIVMSG ##reddit-gd :Wish I had medos IRC skills
18:35:51 :medos!~medos@unaffiliated/medos PRIVMSG ##reddit-gd :dribbble is all about the gifs now
18:35:54 :EDSGD!~Thunderbi@cpe-75-83-30-231.socal.res.rr.com PRIVMSG ##reddit-gd :too look for that 
18:35:58 :medos!~medos@unaffiliated/medos PRIVMSG ##reddit-gd :like
18:36:00 :TheWhisper!~TheWhispe@unaffiliated/thewhisper PRIVMSG ##reddit-gd :Lol
18:36:03 :medos!~medos@unaffiliated/medos PRIVMSG ##reddit-gd :ffffound
18:36:10 :TheWhisper!~TheWhispe@unaffiliated/thewhisper PRIVMSG ##reddit-gd :lol
18:36:10 :TheWhisper!~TheWhispe@unaffiliated/thewhisper PRIVMSG ##reddit-gd :http://dribbble.com/shots/738781-Hello?list=popular&offset=0
18:36:14 :TheWhisper!~TheWhispe@unaffiliated/thewhisper PRIVMSG ##reddit-gd :wood texture
18:36:15 :TheWhisper!~TheWhispe@unaffiliated/thewhisper PRIVMSG ##reddit-gd :on a sticker
18:36:18 :TheWhisper!~TheWhispe@unaffiliated/thewhisper PRIVMSG ##reddit-gd :what
18:36:25 :EDSGD!~Thunderbi@cpe-75-83-30-231.socal.res.rr.com PRIVMSG ##reddit-gd :Look for the sentence where TheWhisper says gifs are stupid
18:36:51 :TheWhisper!~TheWhispe@unaffiliated/thewhisper PRIVMSG ##reddit-gd :"yeah, we made this sticker out of 1mm pine bark to protect the environment"
18:37:10 PING :rajaniemi.freenode.net
18:37:27 :TheWhisper!~TheWhispe@unaffiliated/thewhisper PRIVMSG ##reddit-gd :whoa
18:37:30 :TheWhisper!~TheWhispe@unaffiliated/thewhisper PRIVMSG ##reddit-gd :http://letmefont.com/ intriguing
18:37:35 :TheWhisper!~TheWhispe@unaffiliated/thewhisper PRIVMSG ##reddit-gd :you can enter text
18:37:39 :TheWhisper!~TheWhispe@unaffiliated/thewhisper PRIVMSG ##reddit-gd :and download an eps
18:37:42 :TheWhisper!~TheWhispe@unaffiliated/thewhisper PRIVMSG ##reddit-gd :of just that text
18:37:56 :TheWhisper!~TheWhispe@unaffiliated/thewhisper PRIVMSG ##reddit-gd :would be such a bitch to work with
18:37:58 :medos!~medos@unaffiliated/medos PRIVMSG ##reddit-gd :wheee
18:37:59 :TheWhisper!~TheWhispe@unaffiliated/thewhisper PRIVMSG ##reddit-gd :but interesting concept
18:38:30 :EDSGD!~Thunderbi@cpe-75-83-30-231.socal.res.rr.com PRIVMSG ##reddit-gd :LOL FUTURAMA
18:38:39 :EDSGD!~Thunderbi@cpe-75-83-30-231.socal.res.rr.com PRIVMSG ##reddit-gd :"Good news everyone"
18:39:38 PING :rajaniemi.freenode.net
18:42:03 :medos!~medos@unaffiliated/medos PRIVMSG ##reddit-gd :i thought that's actually news
18:42:06 PING :rajaniemi.freenode.net
18:42:12 :medos!~medos@unaffiliated/medos PRIVMSG ##reddit-gd :turns out it's just subreddit link posting
18:42:52 :EDSGD!~Thunderbi@cpe-75-83-30-231.socal.res.rr.com PRIVMSG ##reddit-gd :later
18:44:34 PING :rajaniemi.freenode.net
18:44:40 :Carson!~carson@enat-152010252032.appstate.edu QUIT :Remote host closed the connection
18:46:38 :medos!~medos@unaffiliated/medos PRIVMSG ##reddit-gd :http://i.imgur.com/py9sI.jpg ! OMG :O
18:46:57 :medos!~medos@unaffiliated/medos PRIVMSG ##reddit-gd :http://www.mishes.com/resources/new-twitter-free-template <- useful
18:47:02 PING :rajaniemi.freenode.net
18:47:17 :medos!~medos@unaffiliated/medos PRIVMSG ##reddit-gd :http://i.imgur.com/nPe69.gif
18:47:18 :medos!~medos@unaffiliated/medos PRIVMSG ##reddit-gd :whoa
18:48:23 :EDSGD!~Thunderbi@cpe-75-83-30-231.socal.res.rr.com PRIVMSG ##reddit-gd :Good thing I haven't left yet :p
18:48:30 :EDSGD!~Thunderbi@cpe-75-83-30-231.socal.res.rr.com PRIVMSG ##reddit-gd :Later.
18:48:30 :medos!~medos@unaffiliated/medos PRIVMSG ##reddit-gd :yeah
18:48:33 :EDSGD!~Thunderbi@cpe-75-83-30-231.socal.res.rr.com PRIVMSG ##reddit-gd :lol
18:48:34 :medos!~medos@unaffiliated/medos PRIVMSG ##reddit-gd :i'm reposting r/design
18:48:37 :EDSGD!~Thunderbi@cpe-75-83-30-231.socal.res.rr.com PRIVMSG ##reddit-gd :gonna be late.
18:48:41 :medos!~medos@unaffiliated/medos PRIVMSG ##reddit-gd :in case you don't know that subreddit
18:48:45 :medos!~medos@unaffiliated/medos PRIVMSG ##reddit-gd :have fun man
18:48:46 :EDSGD!~Thunderbi@cpe-75-83-30-231.socal.res.rr.com PRIVMSG ##reddit-gd :I do.
18:48:50 :medos!~medos@unaffiliated/medos PRIVMSG ##reddit-gd :can't be!
18:48:51 :EDSGD!~Thunderbi@cpe-75-83-30-231.socal.res.rr.com PRIVMSG ##reddit-gd :later.
18:48:57 :EDSGD!~Thunderbi@cpe-75-83-30-231.socal.res.rr.com PRIVMSG ##reddit-gd :yes I know of it.
18:49:05 :EDSGD!~Thunderbi@cpe-75-83-30-231.socal.res.rr.com PRIVMSG ##reddit-gd ::D
18:49:06 :EDSGD!~Thunderbi@cpe-75-83-30-231.socal.res.rr.com PRIVMSG ##reddit-gd :later.
18:49:30 PING :rajaniemi.freenode.net
18:51:58 PING :rajaniemi.freenode.net
18:54:26 PING :rajaniemi.freenode.net
18:55:28 :medos!~medos@unaffiliated/medos PRIVMSG ##reddit-gd :http://dribbble.com/mordecai
18:56:54 PING :rajaniemi.freenode.net
18:59:22 PING :rajaniemi.freenode.net
19:01:50 PING :rajaniemi.freenode.net
19:03:11 :TheWhisper!~TheWhispe@unaffiliated/thewhisper PRIVMSG ##reddit-gd :time to work out
19:04:18 PING :rajaniemi.freenode.net
19:06:46 PING :rajaniemi.freenode.net
19:09:14 PING :rajaniemi.freenode.net
19:11:42 PING :rajaniemi.freenode.net
19:14:10 PING :rajaniemi.freenode.net
19:14:45 :TheWhisper!~TheWhispe@unaffiliated/thewhisper PRIVMSG ##reddit-gd :wow
19:14:48 :TheWhisper!~TheWhispe@unaffiliated/thewhisper PRIVMSG ##reddit-gd :what is this mordecai shit
19:15:16 :TheWhisper!~TheWhispe@unaffiliated/thewhisper PRIVMSG ##reddit-gd :http://i.imgur.com/bGUyY.png
19:15:25 :TheWhisper!~TheWhispe@unaffiliated/thewhisper PRIVMSG ##reddit-gd :http://society6.com/Mordecaisaboy
19:16:38 PING :rajaniemi.freenode.net
19:17:17 :TheWhisper!~TheWhispe@unaffiliated/thewhisper PRIVMSG ##reddit-gd :http://gear.hipstamatic.com/combo/lens/watts/film/bigup lol
19:19:06 PING :rajaniemi.freenode.net
19:21:34 PING :rajaniemi.freenode.net
19:24:02 PING :rajaniemi.freenode.net
19:26:30 PING :rajaniemi.freenode.net
19:28:58 PING :rajaniemi.freenode.net
19:29:35 :medos!~medos@unaffiliated/medos PRIVMSG ##reddit-gd :?psd
19:32:03 PING :rajaniemi.freenode.net
19:34:31 PING :rajaniemi.freenode.net
19:36:59 PING :rajaniemi.freenode.net
19:39:27 PING :rajaniemi.freenode.net
19:41:55 PING :rajaniemi.freenode.net
19:44:23 PING :rajaniemi.freenode.net
19:46:51 PING :rajaniemi.freenode.net
19:49:19 PING :rajaniemi.freenode.net
19:51:47 PING :rajaniemi.freenode.net
19:54:15 PING :rajaniemi.freenode.net
19:55:39 :medos!~medos@unaffiliated/medos PRIVMSG ##reddit-gd :.tell EDSGD https://dl.dropbox.com/u/22130024/LELELELE.png
19:57:57 PING :rajaniemi.freenode.net
20:00:25 PING :rajaniemi.freenode.net
20:01:05 :medos!~medos@unaffiliated/medos PRIVMSG ##reddit-gd :TheWhisper http://www.youtube.com/watch?v=onogFmYcIfE&hd=1
20:03:30 PING :rajaniemi.freenode.net
20:04:33 :medos!~medos@unaffiliated/medos PRIVMSG ##reddit-gd :you might know most of that set though
20:04:37 :medos!~medos@unaffiliated/medos PRIVMSG ##reddit-gd ::P
20:04:44 :medos!~medos@unaffiliated/medos PRIVMSG ##reddit-gd :http://www.youtube.com/watch?v=yJiteong9gM <- second recommendation
20:07:12 PING :rajaniemi.freenode.net
20:09:40 PING :rajaniemi.freenode.net
20:12:08 PING :rajaniemi.freenode.net
20:14:36 PING :rajaniemi.freenode.net
20:17:04 PING :rajaniemi.freenode.net
20:19:32 PING :rajaniemi.freenode.net
20:22:00 PING :rajaniemi.freenode.net
20:24:28 PING :rajaniemi.freenode.net
20:26:56 PING :rajaniemi.freenode.net
20:27:41 :medos!~medos@unaffiliated/medos PRIVMSG ##reddit-gd :http://www.youtube.com/watch?v=-c98zdd_ROg <- last one
20:28:24 :TheWhisper!~TheWhispe@unaffiliated/thewhisper PRIVMSG ##reddit-gd :lol medos what's that fuck this shizzle thing
20:28:26 :TheWhisper!~TheWhispe@unaffiliated/thewhisper PRIVMSG ##reddit-gd :that looks cool
20:30:01 PING :rajaniemi.freenode.net
20:32:29 PING :rajaniemi.freenode.net
20:34:57 PING :rajaniemi.freenode.net
20:37:25 PING :rajaniemi.freenode.net
20:39:53 PING :rajaniemi.freenode.net
20:42:21 PING :rajaniemi.freenode.net
20:44:49 PING :rajaniemi.freenode.net
20:47:17 PING :rajaniemi.freenode.net
20:49:45 PING :rajaniemi.freenode.net
20:52:13 PING :rajaniemi.freenode.net
20:54:41 PING :rajaniemi.freenode.net
20:57:09 PING :rajaniemi.freenode.net
20:59:37 PING :rajaniemi.freenode.net
21:02:05 PING :rajaniemi.freenode.net
21:04:33 PING :rajaniemi.freenode.net
21:07:01 PING :rajaniemi.freenode.net
21:09:29 PING :rajaniemi.freenode.net
21:11:55 :MrLime!b0fa5052@gateway/web/freenode/ip.176.250.80.82 JOIN ##reddit-gd
21:11:57 PING :rajaniemi.freenode.net
21:14:25 PING :rajaniemi.freenode.net
21:14:37 :TheWhisper!~TheWhispe@unaffiliated/thewhisper PRIVMSG ##reddit-gd :hey mrlime
21:16:53 PING :rajaniemi.freenode.net
21:17:42 :Carson!~carson@enat-152010252032.appstate.edu JOIN ##reddit-gd
21:19:21 PING :rajaniemi.freenode.net
21:21:49 PING :rajaniemi.freenode.net
21:24:17 PING :rajaniemi.freenode.net
21:26:45 PING :rajaniemi.freenode.net
21:29:13 PING :rajaniemi.freenode.net
21:31:41 PING :rajaniemi.freenode.net
21:34:09 PING :rajaniemi.freenode.net
21:36:37 PING :rajaniemi.freenode.net
21:38:53 :MrLime!b0fa5052@gateway/web/freenode/ip.176.250.80.82 QUIT :Quit: Page closed
21:39:05 PING :rajaniemi.freenode.net
21:39:57 :medos!~medos@unaffiliated/medos PRIVMSG ##reddit-gd :you scared him away!
21:41:33 PING :rajaniemi.freenode.net
21:44:01 PING :rajaniemi.freenode.net
21:44:18 :Carson!~carson@enat-152010252032.appstate.edu PRIVMSG ##reddit-gd :howdy
21:44:31 :medos!~medos@unaffiliated/medos PRIVMSG ##reddit-gd :http://i.imgur.com/ZXc3N.png
21:44:33 :medos!~medos@unaffiliated/medos PRIVMSG ##reddit-gd :hey
21:44:51 :Carson!~carson@enat-152010252032.appstate.edu PRIVMSG ##reddit-gd :what is everyone up to today?
21:45:10 :medos!~medos@unaffiliated/medos PRIVMSG ##reddit-gd :software crashes
21:45:17 :Carson!~carson@enat-152010252032.appstate.edu PRIVMSG ##reddit-gd :fun
21:45:29 :medos!~medos@unaffiliated/medos PRIVMSG ##reddit-gd :TheWhisper discovered a guy on r/wtf who had a papercut into an infection
21:45:37 :medos!~medos@unaffiliated/medos PRIVMSG ##reddit-gd :*that turned into
21:45:49 :medos!~medos@unaffiliated/medos PRIVMSG ##reddit-gd :other than that, not much
21:46:29 PING :rajaniemi.freenode.net
21:47:00 :Carson!~carson@enat-152010252032.appstate.edu PRIVMSG ##reddit-gd :I'm doing some homework 
21:47:15 :Carson!~carson@enat-152010252032.appstate.edu PRIVMSG ##reddit-gd :I'm trying to figure out what my paper topic will be :/
21:47:17 :Carson!~carson@enat-152010252032.appstate.edu PRIVMSG ##reddit-gd :fun stuff 
21:48:12 :EDSGD_!a126dbdf@gateway/web/freenode/ip.161.38.219.223 JOIN ##reddit-gd
21:48:20 :EDSGD_!a126dbdf@gateway/web/freenode/ip.161.38.219.223 PRIVMSG ##reddit-gd :Hey guys
21:48:30 :EDSGD_!a126dbdf@gateway/web/freenode/ip.161.38.219.223 PRIVMSG ##reddit-gd :Finished my LP
21:48:35 :EDSGD_!a126dbdf@gateway/web/freenode/ip.161.38.219.223 PRIVMSG ##reddit-gd :medos is proud of me.
21:48:36 :EDSGD_!a126dbdf@gateway/web/freenode/ip.161.38.219.223 PRIVMSG ##reddit-gd ::D
21:48:57 PING :rajaniemi.freenode.net
21:49:35 :EDSGD_!a126dbdf@gateway/web/freenode/ip.161.38.219.223 PRIVMSG ##reddit-gd :wtf http://25.media.tumblr.com/tumblr_mam0dyg8b21rdkdfso4_r1_1280.jpg
21:49:36 :EDSGD_!a126dbdf@gateway/web/freenode/ip.161.38.219.223 PRIVMSG ##reddit-gd :ahhaha
21:49:45 :EDSGD_!a126dbdf@gateway/web/freenode/ip.161.38.219.223 PRIVMSG ##reddit-gd :<3 the randomness 
21:50:43 :EDSGD_!a126dbdf@gateway/web/freenode/ip.161.38.219.223 PRIVMSG ##reddit-gd :hey pick challenge 6 man. I really want to do it! :0
21:51:25 PING :rajaniemi.freenode.net
21:52:23 :medos!~medos@unaffiliated/medos PRIVMSG ##reddit-gd :Carson you are free to choose and have no idea what to do?
21:52:38 :medos!~medos@unaffiliated/medos PRIVMSG ##reddit-gd :EDSGD_ i thought about making a vector challenge this time but no idea yet
21:53:16 :EDSGD_!a126dbdf@gateway/web/freenode/ip.161.38.219.223 PRIVMSG ##reddit-gd :make a super detailed app icon that is dribbble worthy :3
21:53:36 :Carson!~carson@enat-152010252032.appstate.edu PRIVMSG ##reddit-gd :yeah pretty much, we are supposed to compare/contrast two theories of creativity from different disciplines 
21:53:53 PING :rajaniemi.freenode.net
21:55:35 :medos!~medos@unaffiliated/medos PRIVMSG ##reddit-gd :http://www.youtube.com/watch?v=VShmtsLhkQg @ Carson
21:56:25 :medos!~medos@unaffiliated/medos PRIVMSG ##reddit-gd :from http://99u.com/articles/7225/10-(More)-Amazing-Videos-About-the-Creative-Process
21:57:05 :EDSGD_!a126dbdf@gateway/web/freenode/ip.161.38.219.223 PRIVMSG ##reddit-gd :Hey medos link them to EDSGD please
21:57:06 :EDSGD_!a126dbdf@gateway/web/freenode/ip.161.38.219.223 PRIVMSG ##reddit-gd ::D
21:57:14 :EDSGD_!a126dbdf@gateway/web/freenode/ip.161.38.219.223 PRIVMSG ##reddit-gd :going to get off soon.
21:57:16 :medos!~medos@unaffiliated/medos PRIVMSG ##reddit-gd :.tell EDSGD scroll up
21:57:19 :medos!~medos@unaffiliated/medos PRIVMSG ##reddit-gd :thank you
21:57:23 :EDSGD_!a126dbdf@gateway/web/freenode/ip.161.38.219.223 PRIVMSG ##reddit-gd :please
21:57:27 :EDSGD_!a126dbdf@gateway/web/freenode/ip.161.38.219.223 PRIVMSG ##reddit-gd :HAHAHAHA
21:57:38 :EDSGD_!a126dbdf@gateway/web/freenode/ip.161.38.219.223 PRIVMSG ##reddit-gd :Lp
21:57:40 :EDSGD_!a126dbdf@gateway/web/freenode/ip.161.38.219.223 PRIVMSG ##reddit-gd :Later
21:57:44 :medos!~medos@unaffiliated/medos PRIVMSG ##reddit-gd :bye
21:57:55 :EDSGD_!a126dbdf@gateway/web/freenode/ip.161.38.219.223 QUIT :Quit: Page closed
21:57:56 :Carson!~carson@enat-152010252032.appstate.edu PRIVMSG ##reddit-gd :I think I'm supposed to pick something like  physics v. psychology, or dance v. business
21:59:26 PING :rajaniemi.freenode.net
21:59:31 :Carson!~carson@enat-152010252032.appstate.edu PRIVMSG ##reddit-gd :but those sound like a pain
21:59:34 :medos!~medos@unaffiliated/medos PRIVMSG ##reddit-gd :at least two of those videos
21:59:39 :medos!~medos@unaffiliated/medos PRIVMSG ##reddit-gd :are related to business
21:59:46 :medos!~medos@unaffiliated/medos PRIVMSG ##reddit-gd :psychology could be counted as funny
22:00:22 :medos!~medos@unaffiliated/medos PRIVMSG ##reddit-gd :design could be counted anyway
22:00:32 :medos!~medos@unaffiliated/medos PRIVMSG ##reddit-gd :so i guess all 10 of those are relevant to your assignment
22:01:28 :Carson!~carson@enat-152010252032.appstate.edu PRIVMSG ##reddit-gd :thanks  i'll be back in a minute
22:01:29 :Carson!~carson@enat-152010252032.appstate.edu QUIT :Remote host closed the connection
22:01:54 PING :rajaniemi.freenode.net
22:01:56 :Carson!~carson@enat-152010252032.appstate.edu JOIN ##reddit-gd
22:04:22 PING :rajaniemi.freenode.net
22:06:14 :Carson!~carson@enat-152010252032.appstate.edu QUIT :Ping timeout: 240 seconds
22:06:50 PING :rajaniemi.freenode.net
22:09:18 PING :rajaniemi.freenode.net
22:09:47 :Carson!~carson@enat-152010252032.appstate.edu JOIN ##reddit-gd
22:10:48 :medos!~medos@unaffiliated/medos PRIVMSG ##reddit-gd :horrible wifi?
22:11:46 PING :rajaniemi.freenode.net
22:12:10 :Carson!~carson@enat-152010252032.appstate.edu PRIVMSG ##reddit-gd :no just moving location
22:12:27 :Carson!~carson@enat-152010252032.appstate.edu PRIVMSG ##reddit-gd :but most of the time I have terrible wifi at my apartment
22:14:14 PING :rajaniemi.freenode.net
22:15:41 :Carson!~carson@enat-152010252032.appstate.edu PRIVMSG ##reddit-gd :i'm thinking about doing something able industrial design
22:16:26 :Carson!~carson@enat-152010252032.appstate.edu PRIVMSG ##reddit-gd :about*
22:16:42 PING :rajaniemi.freenode.net
22:16:42 :medos!~medos@unaffiliated/medos PRIVMSG ##reddit-gd :let me guess
22:16:44 :medos!~medos@unaffiliated/medos PRIVMSG ##reddit-gd :Dieter Rams
22:18:01 :Carson!~carson@enat-152010252032.appstate.edu PRIVMSG ##reddit-gd :yeah that would be a good example 
22:19:10 PING :rajaniemi.freenode.net
22:19:19 :Carson!~carson@enat-152010252032.appstate.edu PRIVMSG ##reddit-gd :i have no idea what how this paper is supposed to work really :/ 
22:19:22 :Carson!~carson@enat-152010252032.appstate.edu PRIVMSG ##reddit-gd :lame paper 
22:20:14 :Carson!~carson@enat-152010252032.appstate.edu PRIVMSG ##reddit-gd :I could compare/contrast fine arts with industrial design
22:20:40 :medos!~medos@unaffiliated/medos PRIVMSG ##reddit-gd :you make it sound like that assignment is very vague
22:21:24 :Carson!~carson@enat-152010252032.appstate.edu PRIVMSG ##reddit-gd :it is
22:21:38 PING :rajaniemi.freenode.net
22:22:14 :Carson!~carson@enat-152010252032.appstate.edu PRIVMSG ##reddit-gd :I can come up with a topic, but I guess I just have trouble coming up with thesis and main points 
22:22:59 :Carson!~carson@enat-152010252032.appstate.edu PRIVMSG ##reddit-gd :i'm ranting over here
22:24:06 PING :rajaniemi.freenode.net
22:26:34 PING :rajaniemi.freenode.net
22:26:47 :medos!~medos@unaffiliated/medos PRIVMSG ##reddit-gd :http://i.imgur.com/z3gwj.png
22:27:36 :medos!~medos@unaffiliated/medos PRIVMSG ##reddit-gd :*for
22:27:37 :medos!~medos@unaffiliated/medos PRIVMSG ##reddit-gd :even
22:27:38 :medos!~medos@unaffiliated/medos PRIVMSG ##reddit-gd :meh
22:28:16 :Carson!~carson@enat-152010252032.appstate.edu PRIVMSG ##reddit-gd :haha 
22:29:02 PING :rajaniemi.freenode.net
22:30:33 :TheWhisper!~TheWhispe@unaffiliated/thewhisper PRIVMSG ##reddit-gd :Carson
22:30:34 :TheWhisper!~TheWhispe@unaffiliated/thewhisper PRIVMSG ##reddit-gd :do
22:30:46 :TheWhisper!~TheWhispe@unaffiliated/thewhisper PRIVMSG ##reddit-gd :Assigned essay questions vs freeform essay assignments
22:30:52 :Carson!~carson@enat-152010252032.appstate.edu PRIVMSG ##reddit-gd :haha
22:31:11 :Carson!~carson@enat-152010252032.appstate.edu PRIVMSG ##reddit-gd :that's very creative of you 
22:31:30 PING :rajaniemi.freenode.net
22:31:31 :Carson!~carson@enat-152010252032.appstate.edu PRIVMSG ##reddit-gd :but I need "academic sources"
22:31:54 :TheWhisper!~TheWhispe@unaffiliated/thewhisper PRIVMSG ##reddit-gd :um
22:32:12 :TheWhisper!~TheWhispe@unaffiliated/thewhisper PRIVMSG ##reddit-gd :analog vs digital technologies
22:32:13 :TheWhisper!~TheWhispe@unaffiliated/thewhisper PRIVMSG ##reddit-gd :;)
22:33:22 :Carson!~carson@enat-152010252032.appstate.edu PRIVMSG ##reddit-gd :hmm that doesn't sound bad 
22:33:58 PING :rajaniemi.freenode.net
22:36:26 PING :rajaniemi.freenode.net
22:38:54 PING :rajaniemi.freenode.net
22:39:35 :TheWhisper!~TheWhispe@unaffiliated/thewhisper QUIT :Quit: Leaving ()
22:41:22 PING :rajaniemi.freenode.net
22:43:50 PING :rajaniemi.freenode.net
22:46:18 PING :rajaniemi.freenode.net
22:48:46 PING :rajaniemi.freenode.net
22:51:14 PING :rajaniemi.freenode.net
22:53:42 PING :rajaniemi.freenode.net
22:55:13 :Carson!~carson@enat-152010252032.appstate.edu PRIVMSG ##reddit-gd :well thanks for the help, I think I've decided on fine arts v. industrial design
22:56:10 PING :rajaniemi.freenode.net
22:57:33 :zakmac!~zakmac@c-24-21-113-121.hsd1.or.comcast.net QUIT :Read error: Connection reset by peer
22:57:39 :zkamca!~zakmac@c-24-21-113-121.hsd1.or.comcast.net JOIN ##reddit-gd
22:57:39 :ChanServ!ChanServ@services. MODE ##reddit-gd +o zkamca
22:58:30 :Carson!~carson@enat-152010252032.appstate.edu PRIVMSG ##reddit-gd :because I can talk about Da Vinci 
22:58:31 :Carson!~carson@enat-152010252032.appstate.edu PRIVMSG ##reddit-gd ::)
22:58:38 PING :rajaniemi.freenode.net
23:01:06 PING :rajaniemi.freenode.net
23:03:34 PING :rajaniemi.freenode.net
23:06:02 PING :rajaniemi.freenode.net
23:08:30 PING :rajaniemi.freenode.net
23:10:58 PING :rajaniemi.freenode.net
23:13:26 PING :rajaniemi.freenode.net
23:15:54 PING :rajaniemi.freenode.net
23:18:22 PING :rajaniemi.freenode.net
23:19:47 :Carson!~carson@enat-152010252032.appstate.edu QUIT :Remote host closed the connection
23:20:50 PING :rajaniemi.freenode.net
23:23:18 PING :rajaniemi.freenode.net
23:25:46 PING :rajaniemi.freenode.net
23:28:14 PING :rajaniemi.freenode.net
23:30:42 PING :rajaniemi.freenode.net
23:33:10 PING :rajaniemi.freenode.net
23:35:38 PING :rajaniemi.freenode.net
23:38:06 PING :rajaniemi.freenode.net
23:40:34 PING :rajaniemi.freenode.net
23:43:02 PING :rajaniemi.freenode.net
23:44:38 :Carson!~carson@enat-152010252032.appstate.edu JOIN ##reddit-gd
23:45:30 PING :rajaniemi.freenode.net
23:45:38 :EDSGD!~Thunderbi@cpe-75-83-30-231.socal.res.rr.com PRIVMSG ##reddit-gd :Time to scroll up/
23:46:06 :medos!~medos@unaffiliated/medos PRIVMSG ##reddit-gd :lol
23:47:58 PING :rajaniemi.freenode.net
23:50:26 PING :rajaniemi.freenode.net
23:50:59 :medos!~medos@unaffiliated/medos PRIVMSG ##reddit-gd :.tell EDSGD don't forget to scroll down again
23:53:31 PING :rajaniemi.freenode.net
23:55:15 :EDSGD!~Thunderbi@cpe-75-83-30-231.socal.res.rr.com PRIVMSG ##reddit-gd :I won't be back in a bit. Going to restart comp.
23:55:18 :EDSGD!~Thunderbi@cpe-75-83-30-231.socal.res.rr.com QUIT :Quit: EDSGD
23:57:50 PING :rajaniemi.freenode.net
