17:49:04 <Sat> .goggle irc bot
17:49:10 <Sat> .gis
17:49:18 <Sat> .google
17:49:27 <Sat> .g <irc bot>
17:49:51 <Sat> .allah
17:49:57 <Sat> .babel
17:50:09 <Sat> .babel <hi what's up>
17:50:18 <Sat> .bam
17:50:51 <Sat> .bam [pepsi] <coke is awesome>
17:50:59 <Sat> .bam <wewe>
17:51:19 <Sat> .medos
17:51:24 <Sat> .thewhisper
17:51:26 <Sat> .
17:51:31 <Sat> .drama
17:51:51 <Sat> .explain photoshop
17:51:58 <Sat> .explain <photoshop>
17:52:09 <Sat> .explain
17:55:56 <Sat> .dice
17:56:10 <Sat> .dice d20
17:56:16 <Sat> .dice 1-100
17:56:22 <Sat> .dice d100
17:56:35 <Sat> .dice d1337
17:56:45 <Sat> .dice d1337
17:57:26 <Sat> .tell
17:57:41 <Sat> .suggest
17:57:58 <Sat> .wolframalpha
17:58:07 <Sat> .validate
17:58:13 <Sat> .tag
17:58:22 <Sat> ?
17:58:26 <Sat> ?awesomius
17:58:33 <Sat> .awsomius
17:58:44 <Sat> .weather
17:58:57 <Sat> .weather <londonM
17:59:04 <Sat> .weather <london>
17:59:23 <Sat> .weather <london> []
17:59:41 <Sat> .weather <London> [dontsave]
17:59:52 <Sat> .urban
18:00:05 <Sat> .showtells
18:00:25 <Sat> .snopes
18:00:57 <Sat> ?awesomius
18:01:14 <Sat> ?sat
18:01:58 <Sat>  ?awesomius
18:02:03 <Sat> ?help
18:02:08 <Sat> .tell
18:02:14 <Sat> .?awesomius
18:02:30 <Sat> .help
18:02:35 <Sat> .hash
18:02:46 <Sat> .has <hi my name is>
18:03:03 <Sat> .hash <hi my name is>
18:03:12 <Sat> .obluque
18:03:16 <Sat> .oblique
18:03:26 <Sat> .profile
18:03:39 <Sat> .profile medos
