17:34:39 :sendak.freenode.net 001 Awesomius :Welcome to the freenode Internet Relay Chat Network Awesomius
17:34:39 :sendak.freenode.net 002 Awesomius :Your host is sendak.freenode.net[193.219.128.49/6667], running version ircd-seven-1.1.3
17:34:39 :sendak.freenode.net 003 Awesomius :This server was created Mon Nov 28 2011 at 00:37:27 EET
17:34:39 :sendak.freenode.net 004 Awesomius sendak.freenode.net ircd-seven-1.1.3 DOQRSZaghilopswz CFILMPQbcefgijklmnopqrstvz bkloveqjfI
17:34:39 :sendak.freenode.net 005 Awesomius CHANTYPES=# EXCEPTS INVEX CHANMODES=eIbq,k,flj,CFLMPQcgimnprstz CHANLIMIT=#:120 PREFIX=(ov)@+ MAXLIST=bqeI:100 MODES=4 NETWORK=freenode KNOCK STATUSMSG=@+ CALLERID=g :are supported by this server
17:34:39 :sendak.freenode.net 005 Awesomius CASEMAPPING=rfc1459 CHARSET=ascii NICKLEN=16 CHANNELLEN=50 TOPICLEN=390 ETRACE CPRIVMSG CNOTICE DEAF=D MONITOR=100 FNC TARGMAX=NAMES:1,LIST:1,KICK:1,WHOIS:1,PRIVMSG:4,NOTICE:4,ACCEPT:,MONITOR: :are supported by this server
17:34:39 :sendak.freenode.net 005 Awesomius EXTBAN=$,arx WHOX CLIENTVER=3.0 SAFELIST ELIST=CTU :are supported by this server
17:34:39 :sendak.freenode.net 251 Awesomius :There are 233 users and 79733 invisible on 32 servers
17:34:39 :sendak.freenode.net 252 Awesomius 54 :IRC Operators online
17:34:39 :sendak.freenode.net 253 Awesomius 9 :unknown connection(s)
17:34:39 :sendak.freenode.net 254 Awesomius 37450 :channels formed
17:34:39 :sendak.freenode.net 255 Awesomius :I have 2758 clients and 1 servers
17:34:39 :sendak.freenode.net 265 Awesomius 2758 6876 :Current local users 2758, max 6876
17:34:39 :sendak.freenode.net 266 Awesomius 79966 83501 :Current global users 79966, max 83501
17:34:39 :sendak.freenode.net 250 Awesomius :Highest connection count: 6877 (6876 clients) (1324103 connections received)
17:34:39 :sendak.freenode.net 375 Awesomius :- sendak.freenode.net Message of the Day - 
17:34:39 :sendak.freenode.net 372 Awesomius :- Welcome to sendak.freenode.net in Vilnius, Lithuania, EU.
17:34:39 :sendak.freenode.net 372 Awesomius :- Thanks to Microlink Lietuva (http://www.microlink.lt) for providing this
17:34:39 :sendak.freenode.net 372 Awesomius :- server!
17:34:39 :sendak.freenode.net 372 Awesomius :-  
17:34:39 :sendak.freenode.net 372 Awesomius :- SENDAK, MAURICE [1928-2012].  The author of Seven Little
17:34:39 :sendak.freenode.net 372 Awesomius :- Monsters and Where the Wild Things Are, Maurice Sendak was
17:34:39 :sendak.freenode.net 372 Awesomius :- born in Brooklyn, NY, US, to a family of poor Polish
17:34:39 :sendak.freenode.net 372 Awesomius :- immigrants who moved to the US before World War II.  He
17:34:39 :sendak.freenode.net 372 Awesomius :- became an illustrator while in high school.
17:34:39 :sendak.freenode.net 372 Awesomius :-  
17:34:39 :sendak.freenode.net 372 Awesomius :- You're using freenode, a service of Peer-Directed Projects
17:34:39 :sendak.freenode.net 372 Awesomius :- Center Ltd (http://freenode.net/pdpc.shtml).
17:34:39 :sendak.freenode.net 372 Awesomius :-  
17:34:39 :sendak.freenode.net 372 Awesomius :- By connecting to freenode you indicate that you have read
17:34:39 :sendak.freenode.net 372 Awesomius :- and agree to adhere to our policies and procedures as per
17:34:39 :sendak.freenode.net 372 Awesomius :- the website (http://freenode.net). We would like to remind
17:34:39 :sendak.freenode.net 372 Awesomius :- you that unauthorized public logging of channels on the
17:34:39 :sendak.freenode.net 372 Awesomius :- network is prohibited. Public channel logging should only
17:34:39 :sendak.freenode.net 372 Awesomius :- take place where the channel owner(s) has requested this
17:34:39 :sendak.freenode.net 372 Awesomius :- and users of the channel are all made aware (if you are
17:34:39 :sendak.freenode.net 372 Awesomius :- publically logging your channel, you may wish to keep a
17:34:39 :sendak.freenode.net 372 Awesomius :- notice in topic and perhaps as a on-join message).
17:34:39 :sendak.freenode.net 372 Awesomius :-  
17:34:39 :sendak.freenode.net 372 Awesomius :- freenode runs an open proxy scanner. Your use of the network
17:34:39 :sendak.freenode.net 372 Awesomius :- indicates your acceptance of this policy. For details on
17:34:39 :sendak.freenode.net 372 Awesomius :- freenode network policy, please take a look at our policy
17:34:39 :sendak.freenode.net 372 Awesomius :- page (http://freenode.net/policy.shtml). Thank you for using
17:34:39 :sendak.freenode.net 372 Awesomius :- the network!
17:34:39 :sendak.freenode.net 372 Awesomius :-  
17:34:39 :sendak.freenode.net 372 Awesomius :- Don't forget to check out these other Peer-Directed Projects:
17:34:39 :sendak.freenode.net 372 Awesomius :- FOSSCON [http://www.fosscon.org] and fossevents 
17:34:39 :sendak.freenode.net 372 Awesomius :- [http://www.fossevents.org], and soon we'll repeat last years 
17:34:39 :sendak.freenode.net 372 Awesomius :- success with Picnics for Geeks across the globe, more info at 
17:34:39 :sendak.freenode.net 372 Awesomius :- [http://geeknic.org]
17:34:39 :sendak.freenode.net 372 Awesomius :-  
17:34:39 :sendak.freenode.net 372 Awesomius :- freenode is a service of Peer-Directed Projects Center Ltd,
17:34:39 :sendak.freenode.net 372 Awesomius :- a not for profit organisation registered in England and Wales.
17:34:39 :sendak.freenode.net 372 Awesomius :-  
17:34:39 :sendak.freenode.net 372 Awesomius :- If you support the work we do and wish to donate to the PDPC, 
17:34:39 :sendak.freenode.net 372 Awesomius :- you may do so over at http://freenode.net/pdpc_donations.shtml
17:34:39 :sendak.freenode.net 372 Awesomius :-  
17:34:39 :sendak.freenode.net 372 Awesomius :- Thank you for using freenode!
17:34:39 :sendak.freenode.net 372 Awesomius :-  
17:34:39 :sendak.freenode.net 372 Awesomius :- ***************************************************************
17:34:39 :sendak.freenode.net 372 Awesomius :- Please read http://blog.freenode.net/2010/11/be-safe-out-there/
17:34:39 :sendak.freenode.net 372 Awesomius :- ***************************************************************
17:34:39 :sendak.freenode.net 376 Awesomius :End of /MOTD command.
17:34:45 :sendak.freenode.net 332 Awesomius ##reddit-gd :Welcome to the official www.reddit.com/r/graphic_design  chatroom — the one place where your opinon can't get smashed by arrows ⬆ ⬇ || http://rgdchallenges.tumblr.com/ [WEEK 5: https://dl.dropbox.com/u/22130024/week5.zip - Participants: arrow, medos ]
17:34:45 :sendak.freenode.net 333 Awesomius ##reddit-gd thearrowflies!~thearrowf@unaffiliated/thearrowflies 1346847662
17:34:45 :sendak.freenode.net 353 Awesomius @ ##reddit-gd :Awesomius @Azra-el temporalD marshmallow internetpolice nazbot2 @TheWhisper @ChanServ lahwran acous
17:34:45 :sendak.freenode.net 366 Awesomius ##reddit-gd :End of /NAMES list.
17:34:46 :sendak.freenode.net 396 Awesomius unaffiliated/azra-el/bot/awesomius :is now your hidden host (set by services.)
22:58:14 :sendak.freenode.net 332 Awesomius ##reddit-gd :Welcome to the official www.reddit.com/r/graphic_design  chatroom — the one place where your opinon can't get smashed by arrows ⬆ ⬇ || http://rgdchallenges.tumblr.com/ [WEEK 5: https://dl.dropbox.com/u/22130024/week5.zip - Participants: arrow, medos ]
22:58:14 :sendak.freenode.net 333 Awesomius ##reddit-gd thearrowflies!~thearrowf@unaffiliated/thearrowflies 1346847662
22:58:14 :sendak.freenode.net 353 Awesomius @ ##reddit-gd :Awesomius EDSGD Kocho @thearrowafks @ArrowBot @Azra-el nazbot2 @TheWhisper @ChanServ lahwran acous
22:58:14 :sendak.freenode.net 366 Awesomius ##reddit-gd :End of /NAMES list.
