16:36:53 :wolfe.freenode.net 001 Awesomius :Welcome to the freenode Internet Relay Chat Network Awesomius
16:36:53 :wolfe.freenode.net 002 Awesomius :Your host is wolfe.freenode.net[89.16.176.16/6667], running version ircd-seven-1.1.3
16:36:53 :wolfe.freenode.net 003 Awesomius :This server was created Sun Nov 20 2011 at 13:26:13 GMT
16:36:53 :wolfe.freenode.net 004 Awesomius wolfe.freenode.net ircd-seven-1.1.3 DOQRSZaghilopswz CFILMPQbcefgijklmnopqrstvz bkloveqjfI
16:36:53 :wolfe.freenode.net 005 Awesomius CHANTYPES=# EXCEPTS INVEX CHANMODES=eIbq,k,flj,CFLMPQcgimnprstz CHANLIMIT=#:120 PREFIX=(ov)@+ MAXLIST=bqeI:100 MODES=4 NETWORK=freenode KNOCK STATUSMSG=@+ CALLERID=g :are supported by this server
16:36:53 :wolfe.freenode.net 005 Awesomius CASEMAPPING=rfc1459 CHARSET=ascii NICKLEN=16 CHANNELLEN=50 TOPICLEN=390 ETRACE CPRIVMSG CNOTICE DEAF=D MONITOR=100 FNC TARGMAX=NAMES:1,LIST:1,KICK:1,WHOIS:1,PRIVMSG:4,NOTICE:4,ACCEPT:,MONITOR: :are supported by this server
16:36:53 :wolfe.freenode.net 005 Awesomius EXTBAN=$,arx WHOX CLIENTVER=3.0 SAFELIST ELIST=CTU :are supported by this server
16:36:53 :wolfe.freenode.net 251 Awesomius :There are 233 users and 79328 invisible on 32 servers
16:36:53 :wolfe.freenode.net 252 Awesomius 54 :IRC Operators online
16:36:53 :wolfe.freenode.net 253 Awesomius 27 :unknown connection(s)
16:36:53 :wolfe.freenode.net 254 Awesomius 37444 :channels formed
16:36:53 :wolfe.freenode.net 255 Awesomius :I have 4838 clients and 2 servers
16:36:53 :wolfe.freenode.net 265 Awesomius 4838 7713 :Current local users 4838, max 7713
16:36:53 :wolfe.freenode.net 266 Awesomius 79561 83501 :Current global users 79561, max 83501
16:36:53 :wolfe.freenode.net 250 Awesomius :Highest connection count: 7714 (7713 clients) (2942023 connections received)
16:36:53 :wolfe.freenode.net 375 Awesomius :- wolfe.freenode.net Message of the Day - 
16:36:53 :wolfe.freenode.net 372 Awesomius :- Welcome to wolfe.freenode.net in Manchester, England, Uk!  Thanks to
16:36:53 :wolfe.freenode.net 372 Awesomius :- Bytemark Computer Consulting Ltd.  (www.bytemark.co.uk) for sponsoring
16:36:53 :wolfe.freenode.net 372 Awesomius :- this server!
16:36:53 :wolfe.freenode.net 372 Awesomius :-  
16:36:53 :wolfe.freenode.net 372 Awesomius :- WOLFE, GENE [1931-].  Prolific writer of short stories and
16:36:53 :wolfe.freenode.net 372 Awesomius :- novels. His best-known work is the multi-volume novel The
16:36:53 :wolfe.freenode.net 372 Awesomius :- Book of the New Sun. He has won multiple awards including
16:36:53 :wolfe.freenode.net 372 Awesomius :- the Nebula Award, the World Fantasy Award, The Campell
16:36:53 :wolfe.freenode.net 372 Awesomius :- Memorial Award and the Locus Award. He was awarded the World
16:36:53 :wolfe.freenode.net 372 Awesomius :- Fantasy Award for lifetime achievement in 1996.
16:36:53 :wolfe.freenode.net 372 Awesomius :-  
16:36:53 :wolfe.freenode.net 372 Awesomius :- You're using freenode, a service of Peer-Directed Projects
16:36:53 :wolfe.freenode.net 372 Awesomius :- Center Ltd (http://freenode.net/pdpc.shtml).
16:36:53 :wolfe.freenode.net 372 Awesomius :-  
16:36:53 :wolfe.freenode.net 372 Awesomius :- By connecting to freenode you indicate that you have read
16:36:53 :wolfe.freenode.net 372 Awesomius :- and agree to adhere to our policies and procedures as per
16:36:53 :wolfe.freenode.net 372 Awesomius :- the website (http://freenode.net). We would like to remind
16:36:53 :wolfe.freenode.net 372 Awesomius :- you that unauthorized public logging of channels on the
16:36:53 :wolfe.freenode.net 372 Awesomius :- network is prohibited. Public channel logging should only
16:36:53 :wolfe.freenode.net 372 Awesomius :- take place where the channel owner(s) has requested this
16:36:53 :wolfe.freenode.net 372 Awesomius :- and users of the channel are all made aware (if you are
16:36:53 :wolfe.freenode.net 372 Awesomius :- publically logging your channel, you may wish to keep a
16:36:53 :wolfe.freenode.net 372 Awesomius :- notice in topic and perhaps as a on-join message).
16:36:53 :wolfe.freenode.net 372 Awesomius :-  
16:36:53 :wolfe.freenode.net 372 Awesomius :- freenode runs an open proxy scanner. Your use of the network
16:36:53 :wolfe.freenode.net 372 Awesomius :- indicates your acceptance of this policy. For details on
16:36:53 :wolfe.freenode.net 372 Awesomius :- freenode network policy, please take a look at our policy
16:36:53 :wolfe.freenode.net 372 Awesomius :- page (http://freenode.net/policy.shtml). Thank you for using
16:36:53 :wolfe.freenode.net 372 Awesomius :- the network!
16:36:53 :wolfe.freenode.net 372 Awesomius :-  
16:36:53 :wolfe.freenode.net 372 Awesomius :- Don't forget to check out these other Peer-Directed Projects:
16:36:53 :wolfe.freenode.net 372 Awesomius :- FOSSCON [http://www.fosscon.org] and fossevents 
16:36:53 :wolfe.freenode.net 372 Awesomius :- [http://www.fossevents.org], and soon we'll repeat last years 
16:36:53 :wolfe.freenode.net 372 Awesomius :- success with Picnics for Geeks across the globe, more info at 
16:36:53 :wolfe.freenode.net 372 Awesomius :- [http://geeknic.org]
16:36:53 :wolfe.freenode.net 372 Awesomius :-  
16:36:53 :wolfe.freenode.net 372 Awesomius :- freenode is a service of Peer-Directed Projects Center Ltd,
16:36:53 :wolfe.freenode.net 372 Awesomius :- a not for profit organisation registered in England and Wales.
16:36:53 :wolfe.freenode.net 372 Awesomius :-  
16:36:53 :wolfe.freenode.net 372 Awesomius :- If you support the work we do and wish to donate to the PDPC, 
16:36:53 :wolfe.freenode.net 372 Awesomius :- you may do so over at http://freenode.net/pdpc_donations.shtml
16:36:53 :wolfe.freenode.net 372 Awesomius :-  
16:36:53 :wolfe.freenode.net 372 Awesomius :- Thank you for using freenode!
16:36:53 :wolfe.freenode.net 372 Awesomius :-  
16:36:53 :wolfe.freenode.net 372 Awesomius :- ***************************************************************
16:36:53 :wolfe.freenode.net 372 Awesomius :- Please read http://blog.freenode.net/2010/11/be-safe-out-there/
16:36:53 :wolfe.freenode.net 372 Awesomius :- ***************************************************************
16:36:53 :wolfe.freenode.net 376 Awesomius :End of /MOTD command.
16:36:59 :wolfe.freenode.net 353 Awesomius @ #redditgdtest :Awesomius @Azra-el
16:36:59 :wolfe.freenode.net 366 Awesomius #redditgdtest :End of /NAMES list.
